19:23:05 INFO  : Registering command handlers for SDK TCF services
19:23:06 INFO  : Launching XSCT server: xsct.bat -interactive C:\Prj\xilinxPrj\MicroblazePrj\Prj1Hello\Prj\Prj1Hello\Prj1Hello.sdk\temp_xsdb_launch_script.tcl
19:23:08 INFO  : XSCT server has started successfully.
19:23:08 INFO  : Successfully done setting XSCT server connection channel  
19:23:08 INFO  : Successfully done setting SDK workspace  
19:23:08 INFO  : Processing command line option -hwspec C:/Prj/xilinxPrj/MicroblazePrj/Prj1Hello/Prj/Prj1Hello/Prj1Hello.sdk/Prj1Hello_wrapper.hdf.
19:25:45 INFO  : Connected to target on host '127.0.0.1' and port '3121'.
19:25:50 INFO  : 'targets -set -filter {jtag_cable_name =~ "Digilent Nexys4DDR 210292645550A" && level==0} -index 0' command is executed.
19:25:52 INFO  : FPGA configured successfully with bitstream "C:/Prj/xilinxPrj/MicroblazePrj/Prj1Hello/Prj/Prj1Hello/Prj1Hello.sdk/Prj1Hello_wrapper_hw_platform_0/download.bit"
19:26:27 INFO  : 'targets -set -filter {jtag_cable_name =~ "Digilent Nexys4DDR 210292645550A" && level==0} -index 0' command is executed.
19:26:27 INFO  : 'fpga -state' command is executed.
19:26:27 INFO  : Connected to target on host '127.0.0.1' and port '3121'.
19:26:27 INFO  : Jtag cable 'Digilent Nexys4DDR 210292645550A' is selected.
19:26:27 INFO  : 'jtag frequency' command is executed.
19:26:27 INFO  : Context for processor 'microblaze_0' is selected.
19:26:27 INFO  : Hardware design information is loaded from 'C:/Prj/xilinxPrj/MicroblazePrj/Prj1Hello/Prj/Prj1Hello/Prj1Hello.sdk/Prj1Hello_wrapper_hw_platform_0/system.hdf'.
19:26:27 INFO  : Context for processor 'microblaze_0' is selected.
19:26:27 INFO  : Processor reset is completed for 'microblaze_0'.
19:26:27 INFO  : Context for processor 'microblaze_0' is selected.
19:26:27 INFO  : The application 'C:/Prj/xilinxPrj/MicroblazePrj/Prj1Hello/Prj/Prj1Hello/Prj1Hello.sdk/hello/Debug/hello.elf' is downloaded to processor 'microblaze_0'.
19:26:27 INFO  : ----------------XSDB Script----------------
connect -url tcp:127.0.0.1:3121
targets -set -nocase -filter {name =~ "microblaze*#0" && bscan=="USER2"  && jtag_cable_name =~ "Digilent Nexys4DDR 210292645550A"} -index 0
loadhw C:/Prj/xilinxPrj/MicroblazePrj/Prj1Hello/Prj/Prj1Hello/Prj1Hello.sdk/Prj1Hello_wrapper_hw_platform_0/system.hdf
targets -set -nocase -filter {name =~ "microblaze*#0" && bscan=="USER2"  && jtag_cable_name =~ "Digilent Nexys4DDR 210292645550A"} -index 0
rst -processor
targets -set -nocase -filter {name =~ "microblaze*#0" && bscan=="USER2"  && jtag_cable_name =~ "Digilent Nexys4DDR 210292645550A"} -index 0
dow C:/Prj/xilinxPrj/MicroblazePrj/Prj1Hello/Prj/Prj1Hello/Prj1Hello.sdk/hello/Debug/hello.elf
----------------End of Script----------------

19:26:27 INFO  : Memory regions updated for context MicroBlaze #0
19:26:27 INFO  : Memory regions updated for context MicroBlaze Debug Module at USER2
19:26:28 INFO  : Context for processor 'microblaze_0' is selected.
19:26:28 INFO  : 'con' command is executed.
19:26:28 INFO  : ----------------XSDB Script (After Launch)----------------
targets -set -nocase -filter {name =~ "microblaze*#0" && bscan=="USER2"  && jtag_cable_name =~ "Digilent Nexys4DDR 210292645550A"} -index 0
con
----------------End of Script----------------

19:26:28 INFO  : Launch script is exported to file 'C:\Prj\xilinxPrj\MicroblazePrj\Prj1Hello\Prj\Prj1Hello\Prj1Hello.sdk\.sdk\launch_scripts\xilinx_c-c++_application_(system_debugger)\system_debugger_using_debug_hello.elf_on_local.tcl'
19:29:12 INFO  : Disconnected from the channel tcfchan#1.
19:29:14 INFO  : 'targets -set -filter {jtag_cable_name =~ "Digilent Nexys4DDR 210292645550A" && level==0} -index 0' command is executed.
19:29:14 INFO  : 'fpga -state' command is executed.
19:29:14 INFO  : Connected to target on host '127.0.0.1' and port '3121'.
19:29:14 INFO  : Jtag cable 'Digilent Nexys4DDR 210292645550A' is selected.
19:29:14 INFO  : 'jtag frequency' command is executed.
19:29:14 INFO  : Context for processor 'microblaze_0' is selected.
19:29:14 INFO  : Hardware design information is loaded from 'C:/Prj/xilinxPrj/MicroblazePrj/Prj1Hello/Prj/Prj1Hello/Prj1Hello.sdk/Prj1Hello_wrapper_hw_platform_0/system.hdf'.
19:29:14 INFO  : Context for processor 'microblaze_0' is selected.
19:29:14 INFO  : Processor reset is completed for 'microblaze_0'.
19:29:14 INFO  : Context for processor 'microblaze_0' is selected.
19:29:14 INFO  : The application 'C:/Prj/xilinxPrj/MicroblazePrj/Prj1Hello/Prj/Prj1Hello/Prj1Hello.sdk/hello/Debug/hello.elf' is downloaded to processor 'microblaze_0'.
19:29:14 INFO  : ----------------XSDB Script----------------
connect -url tcp:127.0.0.1:3121
targets -set -nocase -filter {name =~ "microblaze*#0" && bscan=="USER2"  && jtag_cable_name =~ "Digilent Nexys4DDR 210292645550A"} -index 0
loadhw C:/Prj/xilinxPrj/MicroblazePrj/Prj1Hello/Prj/Prj1Hello/Prj1Hello.sdk/Prj1Hello_wrapper_hw_platform_0/system.hdf
targets -set -nocase -filter {name =~ "microblaze*#0" && bscan=="USER2"  && jtag_cable_name =~ "Digilent Nexys4DDR 210292645550A"} -index 0
rst -processor
targets -set -nocase -filter {name =~ "microblaze*#0" && bscan=="USER2"  && jtag_cable_name =~ "Digilent Nexys4DDR 210292645550A"} -index 0
dow C:/Prj/xilinxPrj/MicroblazePrj/Prj1Hello/Prj/Prj1Hello/Prj1Hello.sdk/hello/Debug/hello.elf
----------------End of Script----------------

19:29:14 INFO  : Memory regions updated for context MicroBlaze #0
19:29:14 INFO  : Memory regions updated for context MicroBlaze Debug Module at USER2
19:29:14 INFO  : Context for processor 'microblaze_0' is selected.
19:29:14 INFO  : 'con' command is executed.
19:29:14 INFO  : ----------------XSDB Script (After Launch)----------------
targets -set -nocase -filter {name =~ "microblaze*#0" && bscan=="USER2"  && jtag_cable_name =~ "Digilent Nexys4DDR 210292645550A"} -index 0
con
----------------End of Script----------------

19:29:14 INFO  : Launch script is exported to file 'C:\Prj\xilinxPrj\MicroblazePrj\Prj1Hello\Prj\Prj1Hello\Prj1Hello.sdk\.sdk\launch_scripts\xilinx_c-c++_application_(system_debugger)\system_debugger_using_debug_hello.elf_on_local.tcl'
19:34:05 INFO  : Disconnected from the channel tcfchan#2.
19:34:06 INFO  : 'targets -set -filter {jtag_cable_name =~ "Digilent Nexys4DDR 210292645550A" && level==0} -index 0' command is executed.
19:34:06 INFO  : 'fpga -state' command is executed.
19:34:06 INFO  : Connected to target on host '127.0.0.1' and port '3121'.
19:34:06 INFO  : Jtag cable 'Digilent Nexys4DDR 210292645550A' is selected.
19:34:06 INFO  : 'jtag frequency' command is executed.
19:34:06 INFO  : Context for processor 'microblaze_0' is selected.
19:34:07 INFO  : Hardware design information is loaded from 'C:/Prj/xilinxPrj/MicroblazePrj/Prj1Hello/Prj/Prj1Hello/Prj1Hello.sdk/Prj1Hello_wrapper_hw_platform_0/system.hdf'.
19:34:07 INFO  : Context for processor 'microblaze_0' is selected.
19:34:07 INFO  : Processor reset is completed for 'microblaze_0'.
19:34:07 INFO  : Context for processor 'microblaze_0' is selected.
19:34:07 INFO  : The application 'C:/Prj/xilinxPrj/MicroblazePrj/Prj1Hello/Prj/Prj1Hello/Prj1Hello.sdk/hello/Debug/hello.elf' is downloaded to processor 'microblaze_0'.
19:34:07 INFO  : ----------------XSDB Script----------------
connect -url tcp:127.0.0.1:3121
targets -set -nocase -filter {name =~ "microblaze*#0" && bscan=="USER2"  && jtag_cable_name =~ "Digilent Nexys4DDR 210292645550A"} -index 0
loadhw C:/Prj/xilinxPrj/MicroblazePrj/Prj1Hello/Prj/Prj1Hello/Prj1Hello.sdk/Prj1Hello_wrapper_hw_platform_0/system.hdf
targets -set -nocase -filter {name =~ "microblaze*#0" && bscan=="USER2"  && jtag_cable_name =~ "Digilent Nexys4DDR 210292645550A"} -index 0
rst -processor
targets -set -nocase -filter {name =~ "microblaze*#0" && bscan=="USER2"  && jtag_cable_name =~ "Digilent Nexys4DDR 210292645550A"} -index 0
dow C:/Prj/xilinxPrj/MicroblazePrj/Prj1Hello/Prj/Prj1Hello/Prj1Hello.sdk/hello/Debug/hello.elf
----------------End of Script----------------

19:34:07 INFO  : Memory regions updated for context MicroBlaze #0
19:34:07 INFO  : Memory regions updated for context MicroBlaze Debug Module at USER2
19:34:07 INFO  : Context for processor 'microblaze_0' is selected.
19:34:07 INFO  : 'con' command is executed.
19:34:07 INFO  : ----------------XSDB Script (After Launch)----------------
targets -set -nocase -filter {name =~ "microblaze*#0" && bscan=="USER2"  && jtag_cable_name =~ "Digilent Nexys4DDR 210292645550A"} -index 0
con
----------------End of Script----------------

19:34:07 INFO  : Launch script is exported to file 'C:\Prj\xilinxPrj\MicroblazePrj\Prj1Hello\Prj\Prj1Hello\Prj1Hello.sdk\.sdk\launch_scripts\xilinx_c-c++_application_(system_debugger)\system_debugger_using_debug_hello.elf_on_local.tcl'
19:36:29 INFO  : Disconnected from the channel tcfchan#3.
19:36:30 INFO  : 'targets -set -filter {jtag_cable_name =~ "Digilent Nexys4DDR 210292645550A" && level==0} -index 0' command is executed.
19:36:30 INFO  : 'fpga -state' command is executed.
19:36:30 INFO  : Connected to target on host '127.0.0.1' and port '3121'.
19:36:31 INFO  : Jtag cable 'Digilent Nexys4DDR 210292645550A' is selected.
19:36:31 INFO  : 'jtag frequency' command is executed.
19:36:31 INFO  : Context for processor 'microblaze_0' is selected.
19:36:31 INFO  : Hardware design information is loaded from 'C:/Prj/xilinxPrj/MicroblazePrj/Prj1Hello/Prj/Prj1Hello/Prj1Hello.sdk/Prj1Hello_wrapper_hw_platform_0/system.hdf'.
19:36:31 INFO  : Context for processor 'microblaze_0' is selected.
19:36:31 INFO  : Processor reset is completed for 'microblaze_0'.
19:36:31 INFO  : Context for processor 'microblaze_0' is selected.
19:36:31 INFO  : The application 'C:/Prj/xilinxPrj/MicroblazePrj/Prj1Hello/Prj/Prj1Hello/Prj1Hello.sdk/hello/Debug/hello.elf' is downloaded to processor 'microblaze_0'.
19:36:31 INFO  : ----------------XSDB Script----------------
connect -url tcp:127.0.0.1:3121
targets -set -nocase -filter {name =~ "microblaze*#0" && bscan=="USER2"  && jtag_cable_name =~ "Digilent Nexys4DDR 210292645550A"} -index 0
loadhw C:/Prj/xilinxPrj/MicroblazePrj/Prj1Hello/Prj/Prj1Hello/Prj1Hello.sdk/Prj1Hello_wrapper_hw_platform_0/system.hdf
targets -set -nocase -filter {name =~ "microblaze*#0" && bscan=="USER2"  && jtag_cable_name =~ "Digilent Nexys4DDR 210292645550A"} -index 0
rst -processor
targets -set -nocase -filter {name =~ "microblaze*#0" && bscan=="USER2"  && jtag_cable_name =~ "Digilent Nexys4DDR 210292645550A"} -index 0
dow C:/Prj/xilinxPrj/MicroblazePrj/Prj1Hello/Prj/Prj1Hello/Prj1Hello.sdk/hello/Debug/hello.elf
----------------End of Script----------------

19:36:31 INFO  : Memory regions updated for context MicroBlaze #0
19:36:31 INFO  : Memory regions updated for context MicroBlaze Debug Module at USER2
19:36:31 INFO  : Context for processor 'microblaze_0' is selected.
19:36:31 INFO  : 'con' command is executed.
19:36:31 INFO  : ----------------XSDB Script (After Launch)----------------
targets -set -nocase -filter {name =~ "microblaze*#0" && bscan=="USER2"  && jtag_cable_name =~ "Digilent Nexys4DDR 210292645550A"} -index 0
con
----------------End of Script----------------

19:36:31 INFO  : Launch script is exported to file 'C:\Prj\xilinxPrj\MicroblazePrj\Prj1Hello\Prj\Prj1Hello\Prj1Hello.sdk\.sdk\launch_scripts\xilinx_c-c++_application_(system_debugger)\system_debugger_using_debug_hello.elf_on_local.tcl'
19:39:00 INFO  : Disconnected from the channel tcfchan#4.
13:21:08 INFO  : Registering command handlers for SDK TCF services
13:21:08 INFO  : Launching XSCT server: xsct.bat -interactive C:\Prj\xilinxPrj\MicroblazePrj\Prj1Hello\Prj\Prj1Hello\Prj1Hello.sdk\temp_xsdb_launch_script.tcl
13:21:11 INFO  : XSCT server has started successfully.
13:21:11 INFO  : Successfully done setting XSCT server connection channel  
13:21:11 INFO  : Successfully done setting SDK workspace  
13:21:11 INFO  : Processing command line option -hwspec C:/Prj/xilinxPrj/MicroblazePrj/Prj1Hello/Prj/Prj1Hello/Prj1Hello.sdk/Prj1Hello_wrapper.hdf.
13:21:11 INFO  : Checking for hwspec changes in the project Prj1Hello_wrapper_hw_platform_0.
13:24:08 INFO  : Registering command handlers for SDK TCF services
13:25:50 INFO  : Registering command handlers for SDK TCF services
