Copyright 1986-2016 Xilinx, Inc. All Rights Reserved.
---------------------------------------------------------------------------------------------------------------------------------------
| Tool Version : Vivado v.2016.4 (win64) Build 1733598 Wed Dec 14 22:35:39 MST 2016
| Date         : Sun Aug 12 11:17:42 2018
| Host         : WRFA1EF running 64-bit Service Pack 1  (build 7601)
| Command      : report_utilization -file mb_ddr_mig_7series_0_0_utilization_synth.rpt -pb mb_ddr_mig_7series_0_0_utilization_synth.pb
| Design       : mb_ddr_mig_7series_0_0
| Device       : 7a100tcsg324-1
| Design State : Synthesized
---------------------------------------------------------------------------------------------------------------------------------------

Utilization Design Information

Table of Contents
-----------------
1. Slice Logic
1.1 Summary of Registers by Type
2. Memory
3. DSP
4. IO and GT Specific
5. Clocking
6. Specific Feature
7. Primitives
8. Black Boxes
9. Instantiated Netlists

1. Slice Logic
--------------

+----------------------------+------+-------+-----------+-------+
|          Site Type         | Used | Fixed | Available | Util% |
+----------------------------+------+-------+-----------+-------+
| Slice LUTs*                | 5868 |     0 |     63400 |  9.26 |
|   LUT as Logic             | 5143 |     0 |     63400 |  8.11 |
|   LUT as Memory            |  725 |     0 |     19000 |  3.82 |
|     LUT as Distributed RAM |  512 |     0 |           |       |
|     LUT as Shift Register  |  213 |     0 |           |       |
| Slice Registers            | 5002 |     2 |    126800 |  3.94 |
|   Register as Flip Flop    | 4990 |     2 |    126800 |  3.94 |
|   Register as Latch        |    0 |     0 |    126800 |  0.00 |
|   Register as AND/OR       |   12 |     0 |    126800 | <0.01 |
| F7 Muxes                   |   12 |     0 |     31700 |  0.04 |
| F8 Muxes                   |    0 |     0 |     15850 |  0.00 |
+----------------------------+------+-------+-----------+-------+
* Warning! The Final LUT count, after physical optimizations and full implementation, is typically lower. Run opt_design after synthesis, if not already completed, for a more realistic count.


1.1 Summary of Registers by Type
--------------------------------

+-------+--------------+-------------+--------------+
| Total | Clock Enable | Synchronous | Asynchronous |
+-------+--------------+-------------+--------------+
| 12    |            _ |           - |            - |
| 0     |            _ |           - |          Set |
| 0     |            _ |           - |        Reset |
| 0     |            _ |         Set |            - |
| 0     |            _ |       Reset |            - |
| 0     |          Yes |           - |            - |
| 70    |          Yes |           - |          Set |
| 1     |          Yes |           - |        Reset |
| 112   |          Yes |         Set |            - |
| 4807  |          Yes |       Reset |            - |
+-------+--------------+-------------+--------------+


2. Memory
---------

+----------------+------+-------+-----------+-------+
|    Site Type   | Used | Fixed | Available | Util% |
+----------------+------+-------+-----------+-------+
| Block RAM Tile |    0 |     0 |       135 |  0.00 |
|   RAMB36/FIFO* |    0 |     0 |       135 |  0.00 |
|   RAMB18       |    0 |     0 |       270 |  0.00 |
+----------------+------+-------+-----------+-------+
* Note: Each Block RAM Tile only has one FIFO logic available and therefore can accommodate only one FIFO36E1 or one FIFO18E1. However, if a FIFO18E1 occupies a Block RAM Tile, that tile can still accommodate a RAMB18E1


3. DSP
------

+-----------+------+-------+-----------+-------+
| Site Type | Used | Fixed | Available | Util% |
+-----------+------+-------+-----------+-------+
| DSPs      |    0 |     0 |       240 |  0.00 |
+-----------+------+-------+-----------+-------+


4. IO and GT Specific
---------------------

+-----------------------------+------+-------+-----------+-------+
|          Site Type          | Used | Fixed | Available | Util% |
+-----------------------------+------+-------+-----------+-------+
| Bonded IOB                  |   46 |    46 |       210 | 21.90 |
|   IOB Master Pads           |   22 |       |           |       |
|   IOB Slave Pads            |   23 |       |           |       |
| Bonded IPADs                |    0 |     0 |         2 |  0.00 |
| PHY_CONTROL                 |    1 |     1 |         6 | 16.67 |
| PHASER_REF                  |    1 |     1 |         6 | 16.67 |
| OUT_FIFO                    |    4 |     4 |        24 | 16.67 |
| IN_FIFO                     |    2 |     2 |        24 |  8.33 |
| IDELAYCTRL                  |    1 |     0 |         6 | 16.67 |
| IBUFDS                      |    0 |     0 |       202 |  0.00 |
| PHASER_OUT/PHASER_OUT_PHY   |    4 |     4 |        24 | 16.67 |
|   PHASER_OUT_PHY only       |    4 |     4 |           |       |
| PHASER_IN/PHASER_IN_PHY     |    2 |     2 |        24 |  8.33 |
|   PHASER_IN_PHY only        |    2 |     2 |           |       |
| IDELAYE2/IDELAYE2_FINEDELAY |   16 |    16 |       300 |  5.33 |
|   IDELAYE2 only             |   16 |    16 |           |       |
| ILOGIC                      |   16 |    16 |       210 |  7.62 |
|   ISERDES                   |   16 |    16 |           |       |
| OLOGIC                      |   45 |    45 |       210 | 21.43 |
|   OUTFF_ODDR_Register       |    3 |     3 |           |       |
|   TFF_ODDR_Register         |    2 |     2 |           |       |
|   OSERDES                   |   42 |    42 |           |       |
+-----------------------------+------+-------+-----------+-------+


5. Clocking
-----------

+------------+------+-------+-----------+-------+
|  Site Type | Used | Fixed | Available | Util% |
+------------+------+-------+-----------+-------+
| BUFGCTRL   |    8 |     0 |        32 | 25.00 |
| BUFIO      |    0 |     0 |        24 |  0.00 |
| MMCME2_ADV |    1 |     1 |         6 | 16.67 |
| PLLE2_ADV  |    1 |     1 |         6 | 16.67 |
| BUFMRCE    |    0 |     0 |        12 |  0.00 |
| BUFHCE     |    1 |     0 |        96 |  1.04 |
| BUFR       |    0 |     0 |        24 |  0.00 |
+------------+------+-------+-----------+-------+


6. Specific Feature
-------------------

+-------------+------+-------+-----------+--------+
|  Site Type  | Used | Fixed | Available |  Util% |
+-------------+------+-------+-----------+--------+
| BSCANE2     |    0 |     0 |         4 |   0.00 |
| CAPTUREE2   |    0 |     0 |         1 |   0.00 |
| DNA_PORT    |    0 |     0 |         1 |   0.00 |
| EFUSE_USR   |    0 |     0 |         1 |   0.00 |
| FRAME_ECCE2 |    0 |     0 |         1 |   0.00 |
| ICAPE2      |    0 |     0 |         2 |   0.00 |
| PCIE_2_1    |    0 |     0 |         1 |   0.00 |
| STARTUPE2   |    0 |     0 |         1 |   0.00 |
| XADC        |    1 |     0 |         1 | 100.00 |
+-------------+------+-------+-----------+--------+


7. Primitives
-------------

+--------------------------+------+---------------------+
|         Ref Name         | Used | Functional Category |
+--------------------------+------+---------------------+
| FDRE                     | 4807 |        Flop & Latch |
| LUT6                     | 1615 |                 LUT |
| LUT5                     | 1611 |                 LUT |
| LUT4                     | 1077 |                 LUT |
| LUT3                     |  885 |                 LUT |
| RAMD32                   |  768 |  Distributed Memory |
| LUT2                     |  511 |                 LUT |
| LUT1                     |  429 |                 LUT |
| RAMS32                   |  256 |  Distributed Memory |
| SRLC32E                  |  195 |  Distributed Memory |
| CARRY4                   |  168 |          CarryLogic |
| FDSE                     |  112 |        Flop & Latch |
| FDPE                     |   70 |        Flop & Latch |
| OSERDESE2                |   42 |                  IO |
| OBUF                     |   22 |                  IO |
| SRL16E                   |   18 |  Distributed Memory |
| OBUFT                    |   18 |                  IO |
| ISERDESE2                |   16 |                  IO |
| IDELAYE2                 |   16 |                  IO |
| IBUF_INTERMDISABLE       |   16 |                  IO |
| MUXF7                    |   12 |               MuxFx |
| AND2B1L                  |   10 |              Others |
| BUFG                     |    8 |               Clock |
| ODDR                     |    5 |                  IO |
| PHASER_OUT_PHY           |    4 |                  IO |
| OUT_FIFO                 |    4 |                  IO |
| OBUFTDS                  |    4 |                  IO |
| IBUFDS_INTERMDISABLE_INT |    4 |                  IO |
| INV                      |    3 |                 LUT |
| PHASER_IN_PHY            |    2 |                  IO |
| OR2L                     |    2 |              Others |
| OBUFDS                   |    2 |                  IO |
| IN_FIFO                  |    2 |                  IO |
| XADC                     |    1 |              Others |
| PLLE2_ADV                |    1 |               Clock |
| PHY_CONTROL              |    1 |                  IO |
| PHASER_REF               |    1 |                  IO |
| MMCME2_ADV               |    1 |               Clock |
| IDELAYCTRL               |    1 |                  IO |
| FDCE                     |    1 |        Flop & Latch |
| BUFH                     |    1 |               Clock |
+--------------------------+------+---------------------+


8. Black Boxes
--------------

+----------+------+
| Ref Name | Used |
+----------+------+


9. Instantiated Netlists
------------------------

+----------+------+
| Ref Name | Used |
+----------+------+


