
*** Running vivado
    with args -log Mb_GpioRead_microblaze_0_0.vds -m64 -product Vivado -mode batch -messageDb vivado.pb -notrace -source Mb_GpioRead_microblaze_0_0.tcl


****** Vivado v2016.4 (64-bit)
  **** SW Build 1733598 on Wed Dec 14 22:35:39 MST 2016
  **** IP Build 1731160 on Wed Dec 14 23:47:21 MST 2016
    ** Copyright 1986-2016 Xilinx, Inc. All Rights Reserved.

source Mb_GpioRead_microblaze_0_0.tcl -notrace
Starting RTL Elaboration : Time (s): cpu = 00:00:12 ; elapsed = 00:00:16 . Memory (MB): peak = 303.949 ; gain = 93.473
INFO: [Synth 8-638] synthesizing module 'Mb_GpioRead_microblaze_0_0' [c:/Prj/xilinxPrj/MicroblazePrj/Prj2AXIGpio/Prj/MBAXIGpio/Mb_GpioRead/Mb_GpioRead.srcs/sources_1/bd/Mb_GpioRead/ip/Mb_GpioRead_microblaze_0_0/synth/Mb_GpioRead_microblaze_0_0.vhd:190]
INFO: [Synth 8-256] done synthesizing module 'Mb_GpioRead_microblaze_0_0' (63#1) [c:/Prj/xilinxPrj/MicroblazePrj/Prj2AXIGpio/Prj/MBAXIGpio/Mb_GpioRead/Mb_GpioRead.srcs/sources_1/bd/Mb_GpioRead/ip/Mb_GpioRead_microblaze_0_0/synth/Mb_GpioRead_microblaze_0_0.vhd:190]
Finished RTL Elaboration : Time (s): cpu = 00:00:31 ; elapsed = 00:00:35 . Memory (MB): peak = 501.723 ; gain = 291.246
Finished RTL Optimization Phase 1 : Time (s): cpu = 00:00:32 ; elapsed = 00:00:37 . Memory (MB): peak = 501.723 ; gain = 291.246
INFO: [Device 21-403] Loading part xc7a100tcsg324-1
Constraint Validation Runtime : Time (s): cpu = 00:00:01 ; elapsed = 00:00:00.702 . Memory (MB): peak = 750.227 ; gain = 0.961
Finished Constraint Validation : Time (s): cpu = 00:00:55 ; elapsed = 00:01:01 . Memory (MB): peak = 750.227 ; gain = 539.750
Finished Loading Part and Timing Information : Time (s): cpu = 00:00:55 ; elapsed = 00:01:01 . Memory (MB): peak = 750.227 ; gain = 539.750
Finished applying 'set_property' XDC Constraints : Time (s): cpu = 00:00:55 ; elapsed = 00:01:01 . Memory (MB): peak = 750.227 ; gain = 539.750
Finished RTL Optimization Phase 2 : Time (s): cpu = 00:01:03 ; elapsed = 00:01:09 . Memory (MB): peak = 750.227 ; gain = 539.750
Finished Cross Boundary and Area Optimization : Time (s): cpu = 00:01:31 ; elapsed = 00:01:37 . Memory (MB): peak = 750.227 ; gain = 539.750
Finished Applying XDC Timing Constraints : Time (s): cpu = 00:01:40 ; elapsed = 00:01:46 . Memory (MB): peak = 750.227 ; gain = 539.750
Finished Timing Optimization : Time (s): cpu = 00:01:42 ; elapsed = 00:01:49 . Memory (MB): peak = 750.227 ; gain = 539.750
Finished Technology Mapping : Time (s): cpu = 00:01:46 ; elapsed = 00:01:52 . Memory (MB): peak = 750.227 ; gain = 539.750
Finished IO Insertion : Time (s): cpu = 00:01:46 ; elapsed = 00:01:53 . Memory (MB): peak = 750.227 ; gain = 539.750
Finished Renaming Generated Instances : Time (s): cpu = 00:01:46 ; elapsed = 00:01:53 . Memory (MB): peak = 750.227 ; gain = 539.750
Finished Rebuilding User Hierarchy : Time (s): cpu = 00:01:47 ; elapsed = 00:01:53 . Memory (MB): peak = 750.227 ; gain = 539.750
Finished Renaming Generated Ports : Time (s): cpu = 00:01:47 ; elapsed = 00:01:53 . Memory (MB): peak = 750.227 ; gain = 539.750
Finished Handling Custom Attributes : Time (s): cpu = 00:01:47 ; elapsed = 00:01:54 . Memory (MB): peak = 750.227 ; gain = 539.750
Finished Renaming Generated Nets : Time (s): cpu = 00:01:47 ; elapsed = 00:01:54 . Memory (MB): peak = 750.227 ; gain = 539.750

Report Cell Usage: 
+------+-----------+------+
|      |Cell       |Count |
+------+-----------+------+
|1     |AND2B1L    |     4|
|2     |CARRY4     |     1|
|3     |LUT1       |    29|
|4     |LUT2       |    90|
|5     |LUT3       |   334|
|6     |LUT4       |   225|
|7     |LUT5       |   298|
|8     |LUT6       |   450|
|9     |LUT6_2     |    64|
|10    |MULT_AND   |     1|
|11    |MUXCY_L    |   170|
|12    |MUXF7      |   116|
|13    |RAM32M     |    16|
|14    |RAM32X1D   |    32|
|15    |RAMB36E1   |     2|
|16    |RAMB36E1_1 |     8|
|17    |SRL16E     |   162|
|18    |SRLC16E    |     8|
|19    |XORCY      |    94|
|20    |FDCE       |   143|
|21    |FDE        |    32|
|22    |FDR        |   123|
|23    |FDRE       |  1721|
|24    |FDS        |     1|
|25    |FDSE       |    60|
+------+-----------+------+
Finished Writing Synthesis Report : Time (s): cpu = 00:01:47 ; elapsed = 00:01:54 . Memory (MB): peak = 750.227 ; gain = 539.750
synth_design: Time (s): cpu = 00:01:49 ; elapsed = 00:01:53 . Memory (MB): peak = 1149.363 ; gain = 929.723
