
*** Running vivado
    with args -log mb_ddr_rst_clk_wiz_1_100M_0.vds -m64 -product Vivado -mode batch -messageDb vivado.pb -notrace -source mb_ddr_rst_clk_wiz_1_100M_0.tcl


****** Vivado v2016.4 (64-bit)
  **** SW Build 1733598 on Wed Dec 14 22:35:39 MST 2016
  **** IP Build 1731160 on Wed Dec 14 23:47:21 MST 2016
    ** Copyright 1986-2016 Xilinx, Inc. All Rights Reserved.

source mb_ddr_rst_clk_wiz_1_100M_0.tcl -notrace
Starting RTL Elaboration : Time (s): cpu = 00:00:11 ; elapsed = 00:00:14 . Memory (MB): peak = 316.707 ; gain = 105.914
INFO: [Synth 8-638] synthesizing module 'mb_ddr_rst_clk_wiz_1_100M_0' [c:/Prj/xilinxPrj/MicroblazePrj/Prj3Ddr2/Prj/mc_ddr2/mc_ddr2.srcs/sources_1/bd/mb_ddr/ip/mb_ddr_rst_clk_wiz_1_100M_0/synth/mb_ddr_rst_clk_wiz_1_100M_0.vhd:71]
INFO: [Synth 8-638] synthesizing module 'proc_sys_reset' [c:/Prj/xilinxPrj/MicroblazePrj/Prj3Ddr2/Prj/mc_ddr2/mc_ddr2.srcs/sources_1/bd/mb_ddr/ipshared/04b4/hdl/proc_sys_reset_v5_0_vh_rfs.vhd:1323]
INFO: [Synth 8-638] synthesizing module 'lpf' [c:/Prj/xilinxPrj/MicroblazePrj/Prj3Ddr2/Prj/mc_ddr2/mc_ddr2.srcs/sources_1/bd/mb_ddr/ipshared/04b4/hdl/proc_sys_reset_v5_0_vh_rfs.vhd:816]
INFO: [Synth 8-638] synthesizing module 'SRL16' [C:/ToolSoftWare/Xilinx/Vivado/2016.4/scripts/rt/data/unisim_comp.v:43312]
INFO: [Synth 8-256] done synthesizing module 'SRL16' (1#1) [C:/ToolSoftWare/Xilinx/Vivado/2016.4/scripts/rt/data/unisim_comp.v:43312]
INFO: [Synth 8-638] synthesizing module 'cdc_sync' [c:/Prj/xilinxPrj/MicroblazePrj/Prj3Ddr2/Prj/mc_ddr2/mc_ddr2.srcs/sources_1/bd/mb_ddr/ipshared/52cb/hdl/lib_cdc_v1_0_rfs.vhd:106]
INFO: [Synth 8-256] done synthesizing module 'cdc_sync' (2#1) [c:/Prj/xilinxPrj/MicroblazePrj/Prj3Ddr2/Prj/mc_ddr2/mc_ddr2.srcs/sources_1/bd/mb_ddr/ipshared/52cb/hdl/lib_cdc_v1_0_rfs.vhd:106]
INFO: [Synth 8-256] done synthesizing module 'lpf' (3#1) [c:/Prj/xilinxPrj/MicroblazePrj/Prj3Ddr2/Prj/mc_ddr2/mc_ddr2.srcs/sources_1/bd/mb_ddr/ipshared/04b4/hdl/proc_sys_reset_v5_0_vh_rfs.vhd:816]
INFO: [Synth 8-638] synthesizing module 'sequence_psr' [c:/Prj/xilinxPrj/MicroblazePrj/Prj3Ddr2/Prj/mc_ddr2/mc_ddr2.srcs/sources_1/bd/mb_ddr/ipshared/04b4/hdl/proc_sys_reset_v5_0_vh_rfs.vhd:301]
INFO: [Synth 8-638] synthesizing module 'upcnt_n' [c:/Prj/xilinxPrj/MicroblazePrj/Prj3Ddr2/Prj/mc_ddr2/mc_ddr2.srcs/sources_1/bd/mb_ddr/ipshared/04b4/hdl/proc_sys_reset_v5_0_vh_rfs.vhd:125]
INFO: [Synth 8-256] done synthesizing module 'upcnt_n' (4#1) [c:/Prj/xilinxPrj/MicroblazePrj/Prj3Ddr2/Prj/mc_ddr2/mc_ddr2.srcs/sources_1/bd/mb_ddr/ipshared/04b4/hdl/proc_sys_reset_v5_0_vh_rfs.vhd:125]
INFO: [Synth 8-256] done synthesizing module 'sequence_psr' (5#1) [c:/Prj/xilinxPrj/MicroblazePrj/Prj3Ddr2/Prj/mc_ddr2/mc_ddr2.srcs/sources_1/bd/mb_ddr/ipshared/04b4/hdl/proc_sys_reset_v5_0_vh_rfs.vhd:301]
INFO: [Synth 8-256] done synthesizing module 'proc_sys_reset' (6#1) [c:/Prj/xilinxPrj/MicroblazePrj/Prj3Ddr2/Prj/mc_ddr2/mc_ddr2.srcs/sources_1/bd/mb_ddr/ipshared/04b4/hdl/proc_sys_reset_v5_0_vh_rfs.vhd:1323]
INFO: [Synth 8-256] done synthesizing module 'mb_ddr_rst_clk_wiz_1_100M_0' (7#1) [c:/Prj/xilinxPrj/MicroblazePrj/Prj3Ddr2/Prj/mc_ddr2/mc_ddr2.srcs/sources_1/bd/mb_ddr/ip/mb_ddr_rst_clk_wiz_1_100M_0/synth/mb_ddr_rst_clk_wiz_1_100M_0.vhd:71]
Finished RTL Elaboration : Time (s): cpu = 00:00:14 ; elapsed = 00:00:17 . Memory (MB): peak = 355.141 ; gain = 144.348
Finished RTL Optimization Phase 1 : Time (s): cpu = 00:00:14 ; elapsed = 00:00:17 . Memory (MB): peak = 355.141 ; gain = 144.348
INFO: [Device 21-403] Loading part xc7a100tcsg324-1
Constraint Validation Runtime : Time (s): cpu = 00:00:00 ; elapsed = 00:00:00.016 . Memory (MB): peak = 664.516 ; gain = 0.000
Finished Constraint Validation : Time (s): cpu = 00:00:31 ; elapsed = 00:00:36 . Memory (MB): peak = 664.516 ; gain = 453.723
Finished Loading Part and Timing Information : Time (s): cpu = 00:00:31 ; elapsed = 00:00:36 . Memory (MB): peak = 664.516 ; gain = 453.723
Finished applying 'set_property' XDC Constraints : Time (s): cpu = 00:00:31 ; elapsed = 00:00:36 . Memory (MB): peak = 664.516 ; gain = 453.723
Finished RTL Optimization Phase 2 : Time (s): cpu = 00:00:32 ; elapsed = 00:00:36 . Memory (MB): peak = 664.516 ; gain = 453.723
Finished Cross Boundary and Area Optimization : Time (s): cpu = 00:00:32 ; elapsed = 00:00:37 . Memory (MB): peak = 664.516 ; gain = 453.723
Finished Applying XDC Timing Constraints : Time (s): cpu = 00:00:50 ; elapsed = 00:00:55 . Memory (MB): peak = 664.516 ; gain = 453.723
Finished Timing Optimization : Time (s): cpu = 00:00:50 ; elapsed = 00:00:55 . Memory (MB): peak = 664.516 ; gain = 453.723
Finished Technology Mapping : Time (s): cpu = 00:00:50 ; elapsed = 00:00:55 . Memory (MB): peak = 664.516 ; gain = 453.723
Finished IO Insertion : Time (s): cpu = 00:00:51 ; elapsed = 00:00:56 . Memory (MB): peak = 664.516 ; gain = 453.723
Finished Renaming Generated Instances : Time (s): cpu = 00:00:51 ; elapsed = 00:00:56 . Memory (MB): peak = 664.516 ; gain = 453.723
Finished Rebuilding User Hierarchy : Time (s): cpu = 00:00:51 ; elapsed = 00:00:56 . Memory (MB): peak = 664.516 ; gain = 453.723
Finished Renaming Generated Ports : Time (s): cpu = 00:00:51 ; elapsed = 00:00:56 . Memory (MB): peak = 664.516 ; gain = 453.723
Finished Handling Custom Attributes : Time (s): cpu = 00:00:51 ; elapsed = 00:00:56 . Memory (MB): peak = 664.516 ; gain = 453.723
Finished Renaming Generated Nets : Time (s): cpu = 00:00:51 ; elapsed = 00:00:56 . Memory (MB): peak = 664.516 ; gain = 453.723

Report Cell Usage: 
+------+------+------+
|      |Cell  |Count |
+------+------+------+
|1     |LUT1  |     5|
|2     |LUT2  |     9|
|3     |LUT3  |     1|
|4     |LUT4  |     6|
|5     |LUT5  |     3|
|6     |LUT6  |     1|
|7     |SRL16 |     1|
|8     |FDR   |     8|
|9     |FDRE  |    28|
|10    |FDSE  |     4|
+------+------+------+
Finished Writing Synthesis Report : Time (s): cpu = 00:00:51 ; elapsed = 00:00:56 . Memory (MB): peak = 664.516 ; gain = 453.723
synth_design: Time (s): cpu = 00:00:49 ; elapsed = 00:00:52 . Memory (MB): peak = 664.516 ; gain = 426.867
