
*** Running vivado
    with args -log mb_sys_gpio_lmb_bram_0.vds -m64 -product Vivado -mode batch -messageDb vivado.pb -notrace -source mb_sys_gpio_lmb_bram_0.tcl


****** Vivado v2016.4 (64-bit)
  **** SW Build 1733598 on Wed Dec 14 22:35:39 MST 2016
  **** IP Build 1731160 on Wed Dec 14 23:47:21 MST 2016
    ** Copyright 1986-2016 Xilinx, Inc. All Rights Reserved.

source mb_sys_gpio_lmb_bram_0.tcl -notrace
Starting RTL Elaboration : Time (s): cpu = 00:00:12 ; elapsed = 00:00:16 . Memory (MB): peak = 297.461 ; gain = 86.941
INFO: [Synth 8-638] synthesizing module 'mb_sys_gpio_lmb_bram_0' [c:/Prj/xilinxPrj/MicroblazePrj/Prj2AXIGpio/Prj/MBAXIGpio/MB_AXIGpio/MB_AXIGpio.srcs/sources_1/bd/mb_sys_gpio/ip/mb_sys_gpio_lmb_bram_0/synth/mb_sys_gpio_lmb_bram_0.vhd:78]
INFO: [Synth 8-256] done synthesizing module 'mb_sys_gpio_lmb_bram_0' (11#1) [c:/Prj/xilinxPrj/MicroblazePrj/Prj2AXIGpio/Prj/MBAXIGpio/MB_AXIGpio/MB_AXIGpio.srcs/sources_1/bd/mb_sys_gpio/ip/mb_sys_gpio_lmb_bram_0/synth/mb_sys_gpio_lmb_bram_0.vhd:78]
Finished RTL Elaboration : Time (s): cpu = 00:01:27 ; elapsed = 00:01:35 . Memory (MB): peak = 497.328 ; gain = 286.809
Finished RTL Optimization Phase 1 : Time (s): cpu = 00:01:27 ; elapsed = 00:01:36 . Memory (MB): peak = 497.328 ; gain = 286.809
INFO: [Device 21-403] Loading part xc7a100tcsg324-1
Constraint Validation Runtime : Time (s): cpu = 00:00:00 ; elapsed = 00:00:00.031 . Memory (MB): peak = 616.781 ; gain = 0.000
Finished Constraint Validation : Time (s): cpu = 00:01:40 ; elapsed = 00:01:50 . Memory (MB): peak = 616.781 ; gain = 406.262
Finished Loading Part and Timing Information : Time (s): cpu = 00:01:41 ; elapsed = 00:01:50 . Memory (MB): peak = 616.781 ; gain = 406.262
Finished applying 'set_property' XDC Constraints : Time (s): cpu = 00:01:41 ; elapsed = 00:01:50 . Memory (MB): peak = 616.781 ; gain = 406.262
Finished RTL Optimization Phase 2 : Time (s): cpu = 00:01:41 ; elapsed = 00:01:50 . Memory (MB): peak = 616.781 ; gain = 406.262
Finished Cross Boundary and Area Optimization : Time (s): cpu = 00:01:41 ; elapsed = 00:01:50 . Memory (MB): peak = 616.781 ; gain = 406.262
Finished Applying XDC Timing Constraints : Time (s): cpu = 00:01:52 ; elapsed = 00:02:01 . Memory (MB): peak = 616.781 ; gain = 406.262
Finished Timing Optimization : Time (s): cpu = 00:01:52 ; elapsed = 00:02:01 . Memory (MB): peak = 616.781 ; gain = 406.262
Finished Technology Mapping : Time (s): cpu = 00:01:52 ; elapsed = 00:02:01 . Memory (MB): peak = 616.781 ; gain = 406.262
Finished IO Insertion : Time (s): cpu = 00:01:52 ; elapsed = 00:02:02 . Memory (MB): peak = 616.781 ; gain = 406.262
Finished Renaming Generated Instances : Time (s): cpu = 00:01:52 ; elapsed = 00:02:02 . Memory (MB): peak = 616.781 ; gain = 406.262
Finished Rebuilding User Hierarchy : Time (s): cpu = 00:01:52 ; elapsed = 00:02:02 . Memory (MB): peak = 616.781 ; gain = 406.262
Finished Renaming Generated Ports : Time (s): cpu = 00:01:52 ; elapsed = 00:02:02 . Memory (MB): peak = 616.781 ; gain = 406.262
Finished Handling Custom Attributes : Time (s): cpu = 00:01:53 ; elapsed = 00:02:02 . Memory (MB): peak = 616.781 ; gain = 406.262
Finished Renaming Generated Nets : Time (s): cpu = 00:01:53 ; elapsed = 00:02:02 . Memory (MB): peak = 616.781 ; gain = 406.262

Report Cell Usage: 
+------+---------+------+
|      |Cell     |Count |
+------+---------+------+
|1     |RAMB36E1 |     8|
+------+---------+------+
Finished Writing Synthesis Report : Time (s): cpu = 00:01:53 ; elapsed = 00:02:02 . Memory (MB): peak = 616.781 ; gain = 406.262
synth_design: Time (s): cpu = 00:01:51 ; elapsed = 00:01:58 . Memory (MB): peak = 643.066 ; gain = 425.043
