14:13:01 INFO  : Registering command handlers for SDK TCF services
14:13:01 INFO  : Launching XSCT server: xsct.bat -interactive C:\Prj\xilinxPrj\MicroblazePrj\Prj4Interrupt\Prj\mb_interrupt\mb_interrupt.sdk\temp_xsdb_launch_script.tcl
14:13:03 INFO  : XSCT server has started successfully.
14:13:03 INFO  : Successfully done setting XSCT server connection channel  
14:13:03 INFO  : Successfully done setting SDK workspace  
14:13:03 INFO  : Processing command line option -hwspec C:/Prj/xilinxPrj/MicroblazePrj/Prj4Interrupt/Prj/mb_interrupt/mb_interrupt.sdk/mb_interrupt_wrapper.hdf.
14:13:56 INFO  : Example project hello_bsp_xintc_example_1 has been created successfully.
14:14:19 INFO  : 'targets -set -filter {jtag_cable_name =~ "Digilent Nexys4DDR 210292645550A" && level==0} -index 0' command is executed.
14:14:19 INFO  : 'fpga -state' command is executed.
14:14:19 INFO  : Connected to target on host '127.0.0.1' and port '3121'.
14:14:20 INFO  : Jtag cable 'Digilent Nexys4DDR 210292645550A' is selected.
14:14:20 INFO  : 'jtag frequency' command is executed.
14:14:20 INFO  : Context for processor 'microblaze_0' is selected.
14:14:20 INFO  : Hardware design information is loaded from 'C:/Prj/xilinxPrj/MicroblazePrj/Prj4Interrupt/Prj/mb_interrupt/mb_interrupt.sdk/mb_interrupt_wrapper_hw_platform_0/system.hdf'.
14:14:20 INFO  : Context for processor 'microblaze_0' is selected.
14:14:20 INFO  : Processor reset is completed for 'microblaze_0'.
14:14:20 INFO  : Context for processor 'microblaze_0' is selected.
14:14:20 INFO  : The application 'C:/Prj/xilinxPrj/MicroblazePrj/Prj4Interrupt/Prj/mb_interrupt/mb_interrupt.sdk/hello_bsp_xintc_example_1/Debug/hello_bsp_xintc_example_1.elf' is downloaded to processor 'microblaze_0'.
14:14:20 INFO  : ----------------XSDB Script----------------
connect -url tcp:127.0.0.1:3121
targets -set -nocase -filter {name =~ "microblaze*#0" && bscan=="USER2"  && jtag_cable_name =~ "Digilent Nexys4DDR 210292645550A"} -index 0
loadhw C:/Prj/xilinxPrj/MicroblazePrj/Prj4Interrupt/Prj/mb_interrupt/mb_interrupt.sdk/mb_interrupt_wrapper_hw_platform_0/system.hdf
targets -set -nocase -filter {name =~ "microblaze*#0" && bscan=="USER2"  && jtag_cable_name =~ "Digilent Nexys4DDR 210292645550A"} -index 0
rst -processor
targets -set -nocase -filter {name =~ "microblaze*#0" && bscan=="USER2"  && jtag_cable_name =~ "Digilent Nexys4DDR 210292645550A"} -index 0
dow C:/Prj/xilinxPrj/MicroblazePrj/Prj4Interrupt/Prj/mb_interrupt/mb_interrupt.sdk/hello_bsp_xintc_example_1/Debug/hello_bsp_xintc_example_1.elf
----------------End of Script----------------

14:14:21 INFO  : Memory regions updated for context MicroBlaze #0
14:14:21 INFO  : Memory regions updated for context MicroBlaze Debug Module at USER2
14:14:21 INFO  : Context for processor 'microblaze_0' is selected.
14:14:21 INFO  : 'con' command is executed.
14:14:21 INFO  : ----------------XSDB Script (After Launch)----------------
targets -set -nocase -filter {name =~ "microblaze*#0" && bscan=="USER2"  && jtag_cable_name =~ "Digilent Nexys4DDR 210292645550A"} -index 0
con
----------------End of Script----------------

14:14:21 INFO  : Launch script is exported to file 'C:\Prj\xilinxPrj\MicroblazePrj\Prj4Interrupt\Prj\mb_interrupt\mb_interrupt.sdk\.sdk\launch_scripts\xilinx_c-c++_application_(system_debugger)\system_debugger_using_debug_hello_bsp_xintc_example_1.elf_on_local.tcl'
14:15:00 INFO  : Disconnected from the channel tcfchan#1.
14:15:01 INFO  : 'targets -set -filter {jtag_cable_name =~ "Digilent Nexys4DDR 210292645550A" && level==0} -index 0' command is executed.
14:15:01 INFO  : 'fpga -state' command is executed.
14:15:01 INFO  : Connected to target on host '127.0.0.1' and port '3121'.
14:15:01 INFO  : Jtag cable 'Digilent Nexys4DDR 210292645550A' is selected.
14:15:01 INFO  : 'jtag frequency' command is executed.
14:15:01 INFO  : Context for processor 'microblaze_0' is selected.
14:15:02 INFO  : Hardware design information is loaded from 'C:/Prj/xilinxPrj/MicroblazePrj/Prj4Interrupt/Prj/mb_interrupt/mb_interrupt.sdk/mb_interrupt_wrapper_hw_platform_0/system.hdf'.
14:15:02 INFO  : Context for processor 'microblaze_0' is selected.
14:15:02 INFO  : Processor reset is completed for 'microblaze_0'.
14:15:02 INFO  : Context for processor 'microblaze_0' is selected.
14:15:02 INFO  : The application 'C:/Prj/xilinxPrj/MicroblazePrj/Prj4Interrupt/Prj/mb_interrupt/mb_interrupt.sdk/hello_bsp_xintc_example_1/Debug/hello_bsp_xintc_example_1.elf' is downloaded to processor 'microblaze_0'.
14:15:02 INFO  : ----------------XSDB Script----------------
connect -url tcp:127.0.0.1:3121
targets -set -nocase -filter {name =~ "microblaze*#0" && bscan=="USER2"  && jtag_cable_name =~ "Digilent Nexys4DDR 210292645550A"} -index 0
loadhw C:/Prj/xilinxPrj/MicroblazePrj/Prj4Interrupt/Prj/mb_interrupt/mb_interrupt.sdk/mb_interrupt_wrapper_hw_platform_0/system.hdf
targets -set -nocase -filter {name =~ "microblaze*#0" && bscan=="USER2"  && jtag_cable_name =~ "Digilent Nexys4DDR 210292645550A"} -index 0
rst -processor
targets -set -nocase -filter {name =~ "microblaze*#0" && bscan=="USER2"  && jtag_cable_name =~ "Digilent Nexys4DDR 210292645550A"} -index 0
dow C:/Prj/xilinxPrj/MicroblazePrj/Prj4Interrupt/Prj/mb_interrupt/mb_interrupt.sdk/hello_bsp_xintc_example_1/Debug/hello_bsp_xintc_example_1.elf
----------------End of Script----------------

14:15:02 INFO  : Memory regions updated for context MicroBlaze #0
14:15:02 INFO  : Memory regions updated for context MicroBlaze Debug Module at USER2
14:15:02 INFO  : Context for processor 'microblaze_0' is selected.
14:15:02 INFO  : 'con' command is executed.
14:15:02 INFO  : ----------------XSDB Script (After Launch)----------------
targets -set -nocase -filter {name =~ "microblaze*#0" && bscan=="USER2"  && jtag_cable_name =~ "Digilent Nexys4DDR 210292645550A"} -index 0
con
----------------End of Script----------------

14:15:02 INFO  : Launch script is exported to file 'C:\Prj\xilinxPrj\MicroblazePrj\Prj4Interrupt\Prj\mb_interrupt\mb_interrupt.sdk\.sdk\launch_scripts\xilinx_c-c++_application_(system_debugger)\system_debugger_using_debug_hello_bsp_xintc_example_1.elf_on_local.tcl'
14:15:22 INFO  : Example project hello_bsp_xgpio_intr_tapp_example_1 has been created successfully.
14:15:29 INFO  : Disconnected from the channel tcfchan#2.
14:15:30 INFO  : 'targets -set -filter {jtag_cable_name =~ "Digilent Nexys4DDR 210292645550A" && level==0} -index 0' command is executed.
14:15:30 INFO  : 'fpga -state' command is executed.
14:15:30 INFO  : Connected to target on host '127.0.0.1' and port '3121'.
14:15:30 INFO  : Jtag cable 'Digilent Nexys4DDR 210292645550A' is selected.
14:15:30 INFO  : 'jtag frequency' command is executed.
14:15:30 INFO  : Context for processor 'microblaze_0' is selected.
14:15:30 INFO  : Hardware design information is loaded from 'C:/Prj/xilinxPrj/MicroblazePrj/Prj4Interrupt/Prj/mb_interrupt/mb_interrupt.sdk/mb_interrupt_wrapper_hw_platform_0/system.hdf'.
14:15:31 INFO  : Context for processor 'microblaze_0' is selected.
14:15:31 INFO  : Processor reset is completed for 'microblaze_0'.
14:15:31 INFO  : Context for processor 'microblaze_0' is selected.
14:15:31 INFO  : The application 'C:/Prj/xilinxPrj/MicroblazePrj/Prj4Interrupt/Prj/mb_interrupt/mb_interrupt.sdk/hello_bsp_xintc_example_1/Debug/hello_bsp_xintc_example_1.elf' is downloaded to processor 'microblaze_0'.
14:15:31 INFO  : ----------------XSDB Script----------------
connect -url tcp:127.0.0.1:3121
targets -set -nocase -filter {name =~ "microblaze*#0" && bscan=="USER2"  && jtag_cable_name =~ "Digilent Nexys4DDR 210292645550A"} -index 0
loadhw C:/Prj/xilinxPrj/MicroblazePrj/Prj4Interrupt/Prj/mb_interrupt/mb_interrupt.sdk/mb_interrupt_wrapper_hw_platform_0/system.hdf
targets -set -nocase -filter {name =~ "microblaze*#0" && bscan=="USER2"  && jtag_cable_name =~ "Digilent Nexys4DDR 210292645550A"} -index 0
rst -processor
targets -set -nocase -filter {name =~ "microblaze*#0" && bscan=="USER2"  && jtag_cable_name =~ "Digilent Nexys4DDR 210292645550A"} -index 0
dow C:/Prj/xilinxPrj/MicroblazePrj/Prj4Interrupt/Prj/mb_interrupt/mb_interrupt.sdk/hello_bsp_xintc_example_1/Debug/hello_bsp_xintc_example_1.elf
----------------End of Script----------------

14:15:31 INFO  : Memory regions updated for context MicroBlaze #0
14:15:31 INFO  : Memory regions updated for context MicroBlaze Debug Module at USER2
14:15:31 INFO  : Context for processor 'microblaze_0' is selected.
14:15:31 INFO  : 'con' command is executed.
14:15:31 INFO  : ----------------XSDB Script (After Launch)----------------
targets -set -nocase -filter {name =~ "microblaze*#0" && bscan=="USER2"  && jtag_cable_name =~ "Digilent Nexys4DDR 210292645550A"} -index 0
con
----------------End of Script----------------

14:15:31 INFO  : Launch script is exported to file 'C:\Prj\xilinxPrj\MicroblazePrj\Prj4Interrupt\Prj\mb_interrupt\mb_interrupt.sdk\.sdk\launch_scripts\xilinx_c-c++_application_(system_debugger)\system_debugger_using_debug_hello_bsp_xintc_example_1.elf_on_local.tcl'
14:17:00 INFO  : Disconnected from the channel tcfchan#3.
14:17:02 INFO  : 'targets -set -filter {jtag_cable_name =~ "Digilent Nexys4DDR 210292645550A" && level==0} -index 0' command is executed.
14:17:02 INFO  : 'fpga -state' command is executed.
14:17:02 INFO  : Connected to target on host '127.0.0.1' and port '3121'.
14:17:02 INFO  : Jtag cable 'Digilent Nexys4DDR 210292645550A' is selected.
14:17:02 INFO  : 'jtag frequency' command is executed.
14:17:02 INFO  : Context for processor 'microblaze_0' is selected.
14:17:02 INFO  : Hardware design information is loaded from 'C:/Prj/xilinxPrj/MicroblazePrj/Prj4Interrupt/Prj/mb_interrupt/mb_interrupt.sdk/mb_interrupt_wrapper_hw_platform_0/system.hdf'.
14:17:02 INFO  : Context for processor 'microblaze_0' is selected.
14:17:02 INFO  : Processor reset is completed for 'microblaze_0'.
14:17:02 INFO  : Context for processor 'microblaze_0' is selected.
14:17:02 INFO  : The application 'C:/Prj/xilinxPrj/MicroblazePrj/Prj4Interrupt/Prj/mb_interrupt/mb_interrupt.sdk/hello/Debug/hello.elf' is downloaded to processor 'microblaze_0'.
14:17:02 INFO  : ----------------XSDB Script----------------
connect -url tcp:127.0.0.1:3121
targets -set -nocase -filter {name =~ "microblaze*#0" && bscan=="USER2"  && jtag_cable_name =~ "Digilent Nexys4DDR 210292645550A"} -index 0
loadhw C:/Prj/xilinxPrj/MicroblazePrj/Prj4Interrupt/Prj/mb_interrupt/mb_interrupt.sdk/mb_interrupt_wrapper_hw_platform_0/system.hdf
targets -set -nocase -filter {name =~ "microblaze*#0" && bscan=="USER2"  && jtag_cable_name =~ "Digilent Nexys4DDR 210292645550A"} -index 0
rst -processor
targets -set -nocase -filter {name =~ "microblaze*#0" && bscan=="USER2"  && jtag_cable_name =~ "Digilent Nexys4DDR 210292645550A"} -index 0
dow C:/Prj/xilinxPrj/MicroblazePrj/Prj4Interrupt/Prj/mb_interrupt/mb_interrupt.sdk/hello/Debug/hello.elf
----------------End of Script----------------

14:17:02 INFO  : Memory regions updated for context MicroBlaze #0
14:17:02 INFO  : Memory regions updated for context MicroBlaze Debug Module at USER2
14:17:02 INFO  : Context for processor 'microblaze_0' is selected.
14:17:02 INFO  : 'con' command is executed.
14:17:02 INFO  : ----------------XSDB Script (After Launch)----------------
targets -set -nocase -filter {name =~ "microblaze*#0" && bscan=="USER2"  && jtag_cable_name =~ "Digilent Nexys4DDR 210292645550A"} -index 0
con
----------------End of Script----------------

14:17:02 INFO  : Launch script is exported to file 'C:\Prj\xilinxPrj\MicroblazePrj\Prj4Interrupt\Prj\mb_interrupt\mb_interrupt.sdk\.sdk\launch_scripts\xilinx_c-c++_application_(system_debugger)\system_debugger_using_debug_hello.elf_on_local.tcl'
14:17:14 INFO  : Disconnected from the channel tcfchan#4.
14:17:15 INFO  : 'targets -set -filter {jtag_cable_name =~ "Digilent Nexys4DDR 210292645550A" && level==0} -index 0' command is executed.
14:17:16 INFO  : 'fpga -state' command is executed.
14:17:16 INFO  : Connected to target on host '127.0.0.1' and port '3121'.
14:17:16 INFO  : Jtag cable 'Digilent Nexys4DDR 210292645550A' is selected.
14:17:16 INFO  : 'jtag frequency' command is executed.
14:17:16 INFO  : Context for processor 'microblaze_0' is selected.
14:17:16 INFO  : Hardware design information is loaded from 'C:/Prj/xilinxPrj/MicroblazePrj/Prj4Interrupt/Prj/mb_interrupt/mb_interrupt.sdk/mb_interrupt_wrapper_hw_platform_0/system.hdf'.
14:17:16 INFO  : Context for processor 'microblaze_0' is selected.
14:17:16 INFO  : Processor reset is completed for 'microblaze_0'.
14:17:16 INFO  : Context for processor 'microblaze_0' is selected.
14:17:16 INFO  : The application 'C:/Prj/xilinxPrj/MicroblazePrj/Prj4Interrupt/Prj/mb_interrupt/mb_interrupt.sdk/hello_bsp_xgpio_intr_tapp_example_1/Debug/hello_bsp_xgpio_intr_tapp_example_1.elf' is downloaded to processor 'microblaze_0'.
14:17:16 INFO  : ----------------XSDB Script----------------
connect -url tcp:127.0.0.1:3121
targets -set -nocase -filter {name =~ "microblaze*#0" && bscan=="USER2"  && jtag_cable_name =~ "Digilent Nexys4DDR 210292645550A"} -index 0
loadhw C:/Prj/xilinxPrj/MicroblazePrj/Prj4Interrupt/Prj/mb_interrupt/mb_interrupt.sdk/mb_interrupt_wrapper_hw_platform_0/system.hdf
targets -set -nocase -filter {name =~ "microblaze*#0" && bscan=="USER2"  && jtag_cable_name =~ "Digilent Nexys4DDR 210292645550A"} -index 0
rst -processor
targets -set -nocase -filter {name =~ "microblaze*#0" && bscan=="USER2"  && jtag_cable_name =~ "Digilent Nexys4DDR 210292645550A"} -index 0
dow C:/Prj/xilinxPrj/MicroblazePrj/Prj4Interrupt/Prj/mb_interrupt/mb_interrupt.sdk/hello_bsp_xgpio_intr_tapp_example_1/Debug/hello_bsp_xgpio_intr_tapp_example_1.elf
----------------End of Script----------------

14:17:16 INFO  : Memory regions updated for context MicroBlaze #0
14:17:16 INFO  : Memory regions updated for context MicroBlaze Debug Module at USER2
14:17:16 INFO  : Context for processor 'microblaze_0' is selected.
14:17:16 INFO  : 'con' command is executed.
14:17:16 INFO  : ----------------XSDB Script (After Launch)----------------
targets -set -nocase -filter {name =~ "microblaze*#0" && bscan=="USER2"  && jtag_cable_name =~ "Digilent Nexys4DDR 210292645550A"} -index 0
con
----------------End of Script----------------

14:17:16 INFO  : Launch script is exported to file 'C:\Prj\xilinxPrj\MicroblazePrj\Prj4Interrupt\Prj\mb_interrupt\mb_interrupt.sdk\.sdk\launch_scripts\xilinx_c-c++_application_(system_debugger)\system_debugger_using_debug_hello_bsp_xgpio_intr_tapp_example_1.elf_on_local.tcl'
14:18:38 INFO  : Disconnected from the channel tcfchan#5.
14:18:39 INFO  : 'targets -set -filter {jtag_cable_name =~ "Digilent Nexys4DDR 210292645550A" && level==0} -index 0' command is executed.
14:18:39 INFO  : 'fpga -state' command is executed.
14:18:39 INFO  : Connected to target on host '127.0.0.1' and port '3121'.
14:18:39 INFO  : Jtag cable 'Digilent Nexys4DDR 210292645550A' is selected.
14:18:39 INFO  : 'jtag frequency' command is executed.
14:18:39 INFO  : Context for processor 'microblaze_0' is selected.
14:18:39 INFO  : Hardware design information is loaded from 'C:/Prj/xilinxPrj/MicroblazePrj/Prj4Interrupt/Prj/mb_interrupt/mb_interrupt.sdk/mb_interrupt_wrapper_hw_platform_0/system.hdf'.
14:18:39 INFO  : Context for processor 'microblaze_0' is selected.
14:18:39 INFO  : Processor reset is completed for 'microblaze_0'.
14:18:39 INFO  : Context for processor 'microblaze_0' is selected.
14:18:40 INFO  : The application 'C:/Prj/xilinxPrj/MicroblazePrj/Prj4Interrupt/Prj/mb_interrupt/mb_interrupt.sdk/hello_bsp_xgpio_intr_tapp_example_1/Debug/hello_bsp_xgpio_intr_tapp_example_1.elf' is downloaded to processor 'microblaze_0'.
14:18:40 INFO  : ----------------XSDB Script----------------
connect -url tcp:127.0.0.1:3121
targets -set -nocase -filter {name =~ "microblaze*#0" && bscan=="USER2"  && jtag_cable_name =~ "Digilent Nexys4DDR 210292645550A"} -index 0
loadhw C:/Prj/xilinxPrj/MicroblazePrj/Prj4Interrupt/Prj/mb_interrupt/mb_interrupt.sdk/mb_interrupt_wrapper_hw_platform_0/system.hdf
targets -set -nocase -filter {name =~ "microblaze*#0" && bscan=="USER2"  && jtag_cable_name =~ "Digilent Nexys4DDR 210292645550A"} -index 0
rst -processor
targets -set -nocase -filter {name =~ "microblaze*#0" && bscan=="USER2"  && jtag_cable_name =~ "Digilent Nexys4DDR 210292645550A"} -index 0
dow C:/Prj/xilinxPrj/MicroblazePrj/Prj4Interrupt/Prj/mb_interrupt/mb_interrupt.sdk/hello_bsp_xgpio_intr_tapp_example_1/Debug/hello_bsp_xgpio_intr_tapp_example_1.elf
----------------End of Script----------------

14:18:40 INFO  : Memory regions updated for context MicroBlaze #0
14:18:40 INFO  : Memory regions updated for context MicroBlaze Debug Module at USER2
14:18:40 INFO  : Context for processor 'microblaze_0' is selected.
14:18:40 INFO  : 'con' command is executed.
14:18:40 INFO  : ----------------XSDB Script (After Launch)----------------
targets -set -nocase -filter {name =~ "microblaze*#0" && bscan=="USER2"  && jtag_cable_name =~ "Digilent Nexys4DDR 210292645550A"} -index 0
con
----------------End of Script----------------

14:18:40 INFO  : Launch script is exported to file 'C:\Prj\xilinxPrj\MicroblazePrj\Prj4Interrupt\Prj\mb_interrupt\mb_interrupt.sdk\.sdk\launch_scripts\xilinx_c-c++_application_(system_debugger)\system_debugger_using_debug_hello_bsp_xgpio_intr_tapp_example_1.elf_on_local.tcl'
14:20:43 INFO  : Disconnected from the channel tcfchan#6.
14:20:44 INFO  : 'targets -set -filter {jtag_cable_name =~ "Digilent Nexys4DDR 210292645550A" && level==0} -index 0' command is executed.
14:20:44 INFO  : 'fpga -state' command is executed.
14:20:44 INFO  : Connected to target on host '127.0.0.1' and port '3121'.
14:20:44 INFO  : Jtag cable 'Digilent Nexys4DDR 210292645550A' is selected.
14:20:44 INFO  : 'jtag frequency' command is executed.
14:20:44 INFO  : Context for processor 'microblaze_0' is selected.
14:20:44 INFO  : Hardware design information is loaded from 'C:/Prj/xilinxPrj/MicroblazePrj/Prj4Interrupt/Prj/mb_interrupt/mb_interrupt.sdk/mb_interrupt_wrapper_hw_platform_0/system.hdf'.
14:20:44 INFO  : Context for processor 'microblaze_0' is selected.
14:20:44 INFO  : Processor reset is completed for 'microblaze_0'.
14:20:44 INFO  : Context for processor 'microblaze_0' is selected.
14:20:45 INFO  : The application 'C:/Prj/xilinxPrj/MicroblazePrj/Prj4Interrupt/Prj/mb_interrupt/mb_interrupt.sdk/hello_bsp_xgpio_intr_tapp_example_1/Debug/hello_bsp_xgpio_intr_tapp_example_1.elf' is downloaded to processor 'microblaze_0'.
14:20:45 INFO  : ----------------XSDB Script----------------
connect -url tcp:127.0.0.1:3121
targets -set -nocase -filter {name =~ "microblaze*#0" && bscan=="USER2"  && jtag_cable_name =~ "Digilent Nexys4DDR 210292645550A"} -index 0
loadhw C:/Prj/xilinxPrj/MicroblazePrj/Prj4Interrupt/Prj/mb_interrupt/mb_interrupt.sdk/mb_interrupt_wrapper_hw_platform_0/system.hdf
targets -set -nocase -filter {name =~ "microblaze*#0" && bscan=="USER2"  && jtag_cable_name =~ "Digilent Nexys4DDR 210292645550A"} -index 0
rst -processor
targets -set -nocase -filter {name =~ "microblaze*#0" && bscan=="USER2"  && jtag_cable_name =~ "Digilent Nexys4DDR 210292645550A"} -index 0
dow C:/Prj/xilinxPrj/MicroblazePrj/Prj4Interrupt/Prj/mb_interrupt/mb_interrupt.sdk/hello_bsp_xgpio_intr_tapp_example_1/Debug/hello_bsp_xgpio_intr_tapp_example_1.elf
----------------End of Script----------------

14:20:45 INFO  : Memory regions updated for context MicroBlaze #0
14:20:45 INFO  : Memory regions updated for context MicroBlaze Debug Module at USER2
14:20:45 INFO  : Context for processor 'microblaze_0' is selected.
14:20:45 INFO  : 'con' command is executed.
14:20:45 INFO  : ----------------XSDB Script (After Launch)----------------
targets -set -nocase -filter {name =~ "microblaze*#0" && bscan=="USER2"  && jtag_cable_name =~ "Digilent Nexys4DDR 210292645550A"} -index 0
con
----------------End of Script----------------

14:20:45 INFO  : Launch script is exported to file 'C:\Prj\xilinxPrj\MicroblazePrj\Prj4Interrupt\Prj\mb_interrupt\mb_interrupt.sdk\.sdk\launch_scripts\xilinx_c-c++_application_(system_debugger)\system_debugger_using_debug_hello_bsp_xgpio_intr_tapp_example_1.elf_on_local.tcl'
14:21:53 INFO  : Disconnected from the channel tcfchan#7.
14:21:54 INFO  : 'targets -set -filter {jtag_cable_name =~ "Digilent Nexys4DDR 210292645550A" && level==0} -index 0' command is executed.
14:21:54 INFO  : 'fpga -state' command is executed.
14:21:54 INFO  : Connected to target on host '127.0.0.1' and port '3121'.
14:21:54 INFO  : Jtag cable 'Digilent Nexys4DDR 210292645550A' is selected.
14:21:54 INFO  : 'jtag frequency' command is executed.
14:21:55 INFO  : Context for processor 'microblaze_0' is selected.
14:21:55 INFO  : Hardware design information is loaded from 'C:/Prj/xilinxPrj/MicroblazePrj/Prj4Interrupt/Prj/mb_interrupt/mb_interrupt.sdk/mb_interrupt_wrapper_hw_platform_0/system.hdf'.
14:21:55 INFO  : Context for processor 'microblaze_0' is selected.
14:21:55 INFO  : Processor reset is completed for 'microblaze_0'.
14:21:55 INFO  : Context for processor 'microblaze_0' is selected.
14:21:55 INFO  : The application 'C:/Prj/xilinxPrj/MicroblazePrj/Prj4Interrupt/Prj/mb_interrupt/mb_interrupt.sdk/hello_bsp_xgpio_intr_tapp_example_1/Debug/hello_bsp_xgpio_intr_tapp_example_1.elf' is downloaded to processor 'microblaze_0'.
14:21:55 INFO  : ----------------XSDB Script----------------
connect -url tcp:127.0.0.1:3121
targets -set -nocase -filter {name =~ "microblaze*#0" && bscan=="USER2"  && jtag_cable_name =~ "Digilent Nexys4DDR 210292645550A"} -index 0
loadhw C:/Prj/xilinxPrj/MicroblazePrj/Prj4Interrupt/Prj/mb_interrupt/mb_interrupt.sdk/mb_interrupt_wrapper_hw_platform_0/system.hdf
targets -set -nocase -filter {name =~ "microblaze*#0" && bscan=="USER2"  && jtag_cable_name =~ "Digilent Nexys4DDR 210292645550A"} -index 0
rst -processor
targets -set -nocase -filter {name =~ "microblaze*#0" && bscan=="USER2"  && jtag_cable_name =~ "Digilent Nexys4DDR 210292645550A"} -index 0
dow C:/Prj/xilinxPrj/MicroblazePrj/Prj4Interrupt/Prj/mb_interrupt/mb_interrupt.sdk/hello_bsp_xgpio_intr_tapp_example_1/Debug/hello_bsp_xgpio_intr_tapp_example_1.elf
----------------End of Script----------------

14:21:55 INFO  : Memory regions updated for context MicroBlaze #0
14:21:55 INFO  : Memory regions updated for context MicroBlaze Debug Module at USER2
14:21:55 INFO  : Context for processor 'microblaze_0' is selected.
14:21:55 INFO  : 'con' command is executed.
14:21:55 INFO  : ----------------XSDB Script (After Launch)----------------
targets -set -nocase -filter {name =~ "microblaze*#0" && bscan=="USER2"  && jtag_cable_name =~ "Digilent Nexys4DDR 210292645550A"} -index 0
con
----------------End of Script----------------

14:21:55 INFO  : Launch script is exported to file 'C:\Prj\xilinxPrj\MicroblazePrj\Prj4Interrupt\Prj\mb_interrupt\mb_interrupt.sdk\.sdk\launch_scripts\xilinx_c-c++_application_(system_debugger)\system_debugger_using_debug_hello_bsp_xgpio_intr_tapp_example_1.elf_on_local.tcl'
14:22:17 INFO  : Disconnected from the channel tcfchan#8.
