#-----------------------------------------------------------
# Vivado v2016.4 (64-bit)
# SW Build 1733598 on Wed Dec 14 22:35:39 MST 2016
# IP Build 1731160 on Wed Dec 14 23:47:21 MST 2016
# Start of session at: Sat Aug 11 14:11:51 2018
# Process ID: 3944
# Current directory: C:/Prj/xilinxPrj/MicroblazePrj/Prj1Hello/Prj/Prj1Hello
# Command line: vivado.exe -gui_launcher_event rodinguilauncherevent1344 C:\Prj\xilinxPrj\MicroblazePrj\Prj1Hello\Prj\Prj1Hello\Prj1Hello.xpr
# Log file: C:/Prj/xilinxPrj/MicroblazePrj/Prj1Hello/Prj/Prj1Hello/vivado.log
# Journal file: C:/Prj/xilinxPrj/MicroblazePrj/Prj1Hello/Prj/Prj1Hello\vivado.jou
#-----------------------------------------------------------
start_gui
open_project C:/Prj/xilinxPrj/MicroblazePrj/Prj1Hello/Prj/Prj1Hello/Prj1Hello.xpr
Scanning sources...
Finished scanning sources
INFO: [IP_Flow 19-234] Refreshing IP repositories
INFO: [IP_Flow 19-1704] No user IP repositories specified
INFO: [IP_Flow 19-2313] Loaded Vivado IP repository 'C:/ToolSoftWare/Xilinx/Vivado/2016.4/data/ip'.
open_project: Time (s): cpu = 00:00:13 ; elapsed = 00:00:08 . Memory (MB): peak = 886.461 ; gain = 197.574
write_project_tcl -all_properties -no_copy_sources -dump_project_info -quiet -verbose {C:/Prj/xilinxPrj/MicroblazePrj/Prj1Hello/Prj/src/tcl/mb.tcl}
exit
INFO: [Common 17-206] Exiting Vivado at Sat Aug 11 14:14:31 2018...
