
*** Running vivado
    with args -log Prj1Hello_wrapper.vdi -applog -m64 -product Vivado -messageDb vivado.pb -mode batch -source Prj1Hello_wrapper.tcl -notrace


****** Vivado v2016.4 (64-bit)
  **** SW Build 1733598 on Wed Dec 14 22:35:39 MST 2016
  **** IP Build 1731160 on Wed Dec 14 23:47:21 MST 2016
    ** Copyright 1986-2016 Xilinx, Inc. All Rights Reserved.

source Prj1Hello_wrapper.tcl -notrace
Design is defaulting to srcset: sources_1
Design is defaulting to constrset: constrs_1
INFO: [Project 1-454] Reading design checkpoint 'c:/Prj/xilinxPrj/MicroblazePrj/Prj1Hello/Prj/Prj1Hello/Prj1Hello.srcs/sources_1/bd/Prj1Hello/ip/Prj1Hello_axi_uartlite_0_0/Prj1Hello_axi_uartlite_0_0.dcp' for cell 'Prj1Hello_i/axi_uartlite_0'
INFO: [Project 1-454] Reading design checkpoint 'c:/Prj/xilinxPrj/MicroblazePrj/Prj1Hello/Prj/Prj1Hello/Prj1Hello.srcs/sources_1/bd/Prj1Hello/ip/Prj1Hello_clk_wiz_1_1/Prj1Hello_clk_wiz_1_1.dcp' for cell 'Prj1Hello_i/clk_wiz_1'
INFO: [Project 1-454] Reading design checkpoint 'c:/Prj/xilinxPrj/MicroblazePrj/Prj1Hello/Prj/Prj1Hello/Prj1Hello.srcs/sources_1/bd/Prj1Hello/ip/Prj1Hello_mdm_1_1/Prj1Hello_mdm_1_1.dcp' for cell 'Prj1Hello_i/mdm_1'
INFO: [Project 1-454] Reading design checkpoint 'c:/Prj/xilinxPrj/MicroblazePrj/Prj1Hello/Prj/Prj1Hello/Prj1Hello.srcs/sources_1/bd/Prj1Hello/ip/Prj1Hello_microblaze_0_1/Prj1Hello_microblaze_0_1.dcp' for cell 'Prj1Hello_i/microblaze_0'
INFO: [Project 1-454] Reading design checkpoint 'c:/Prj/xilinxPrj/MicroblazePrj/Prj1Hello/Prj/Prj1Hello/Prj1Hello.srcs/sources_1/bd/Prj1Hello/ip/Prj1Hello_rst_clk_wiz_1_100M_1/Prj1Hello_rst_clk_wiz_1_100M_1.dcp' for cell 'Prj1Hello_i/rst_clk_wiz_1_100M'
INFO: [Project 1-454] Reading design checkpoint 'c:/Prj/xilinxPrj/MicroblazePrj/Prj1Hello/Prj/Prj1Hello/Prj1Hello.srcs/sources_1/bd/Prj1Hello/ip/Prj1Hello_dlmb_bram_if_cntlr_1/Prj1Hello_dlmb_bram_if_cntlr_1.dcp' for cell 'Prj1Hello_i/microblaze_0_local_memory/dlmb_bram_if_cntlr'
INFO: [Project 1-454] Reading design checkpoint 'c:/Prj/xilinxPrj/MicroblazePrj/Prj1Hello/Prj/Prj1Hello/Prj1Hello.srcs/sources_1/bd/Prj1Hello/ip/Prj1Hello_dlmb_v10_1/Prj1Hello_dlmb_v10_1.dcp' for cell 'Prj1Hello_i/microblaze_0_local_memory/dlmb_v10'
INFO: [Project 1-454] Reading design checkpoint 'c:/Prj/xilinxPrj/MicroblazePrj/Prj1Hello/Prj/Prj1Hello/Prj1Hello.srcs/sources_1/bd/Prj1Hello/ip/Prj1Hello_ilmb_bram_if_cntlr_1/Prj1Hello_ilmb_bram_if_cntlr_1.dcp' for cell 'Prj1Hello_i/microblaze_0_local_memory/ilmb_bram_if_cntlr'
INFO: [Project 1-454] Reading design checkpoint 'c:/Prj/xilinxPrj/MicroblazePrj/Prj1Hello/Prj/Prj1Hello/Prj1Hello.srcs/sources_1/bd/Prj1Hello/ip/Prj1Hello_ilmb_v10_1/Prj1Hello_ilmb_v10_1.dcp' for cell 'Prj1Hello_i/microblaze_0_local_memory/ilmb_v10'
INFO: [Project 1-454] Reading design checkpoint 'c:/Prj/xilinxPrj/MicroblazePrj/Prj1Hello/Prj/Prj1Hello/Prj1Hello.srcs/sources_1/bd/Prj1Hello/ip/Prj1Hello_lmb_bram_1/Prj1Hello_lmb_bram_1.dcp' for cell 'Prj1Hello_i/microblaze_0_local_memory/lmb_bram'
INFO: [Netlist 29-17] Analyzing 163 Unisim elements for replacement
INFO: [Netlist 29-28] Unisim Transformation completed in 0 CPU seconds
INFO: [Project 1-479] Netlist was created with Vivado 2016.4
INFO: [Device 21-403] Loading part xc7a100tcsg324-1
INFO: [Project 1-570] Preparing netlist for logic optimization
Parsing XDC File [c:/Prj/xilinxPrj/MicroblazePrj/Prj1Hello/Prj/Prj1Hello/Prj1Hello.srcs/sources_1/bd/Prj1Hello/ip/Prj1Hello_microblaze_0_1/Prj1Hello_microblaze_0_1.xdc] for cell 'Prj1Hello_i/microblaze_0/U0'
Finished Parsing XDC File [c:/Prj/xilinxPrj/MicroblazePrj/Prj1Hello/Prj/Prj1Hello/Prj1Hello.srcs/sources_1/bd/Prj1Hello/ip/Prj1Hello_microblaze_0_1/Prj1Hello_microblaze_0_1.xdc] for cell 'Prj1Hello_i/microblaze_0/U0'
Parsing XDC File [c:/Prj/xilinxPrj/MicroblazePrj/Prj1Hello/Prj/Prj1Hello/Prj1Hello.srcs/sources_1/bd/Prj1Hello/ip/Prj1Hello_dlmb_v10_1/Prj1Hello_dlmb_v10_1.xdc] for cell 'Prj1Hello_i/microblaze_0_local_memory/dlmb_v10/U0'
Finished Parsing XDC File [c:/Prj/xilinxPrj/MicroblazePrj/Prj1Hello/Prj/Prj1Hello/Prj1Hello.srcs/sources_1/bd/Prj1Hello/ip/Prj1Hello_dlmb_v10_1/Prj1Hello_dlmb_v10_1.xdc] for cell 'Prj1Hello_i/microblaze_0_local_memory/dlmb_v10/U0'
Parsing XDC File [c:/Prj/xilinxPrj/MicroblazePrj/Prj1Hello/Prj/Prj1Hello/Prj1Hello.srcs/sources_1/bd/Prj1Hello/ip/Prj1Hello_ilmb_v10_1/Prj1Hello_ilmb_v10_1.xdc] for cell 'Prj1Hello_i/microblaze_0_local_memory/ilmb_v10/U0'
Finished Parsing XDC File [c:/Prj/xilinxPrj/MicroblazePrj/Prj1Hello/Prj/Prj1Hello/Prj1Hello.srcs/sources_1/bd/Prj1Hello/ip/Prj1Hello_ilmb_v10_1/Prj1Hello_ilmb_v10_1.xdc] for cell 'Prj1Hello_i/microblaze_0_local_memory/ilmb_v10/U0'
Parsing XDC File [c:/Prj/xilinxPrj/MicroblazePrj/Prj1Hello/Prj/Prj1Hello/Prj1Hello.srcs/sources_1/bd/Prj1Hello/ip/Prj1Hello_mdm_1_1/Prj1Hello_mdm_1_1.xdc] for cell 'Prj1Hello_i/mdm_1/U0'
INFO: [Timing 38-35] Done setting XDC timing constraints. [c:/Prj/xilinxPrj/MicroblazePrj/Prj1Hello/Prj/Prj1Hello/Prj1Hello.srcs/sources_1/bd/Prj1Hello/ip/Prj1Hello_mdm_1_1/Prj1Hello_mdm_1_1.xdc:50]
get_clocks: Time (s): cpu = 00:00:13 ; elapsed = 00:00:13 . Memory (MB): peak = 1035.859 ; gain = 452.047
Finished Parsing XDC File [c:/Prj/xilinxPrj/MicroblazePrj/Prj1Hello/Prj/Prj1Hello/Prj1Hello.srcs/sources_1/bd/Prj1Hello/ip/Prj1Hello_mdm_1_1/Prj1Hello_mdm_1_1.xdc] for cell 'Prj1Hello_i/mdm_1/U0'
Parsing XDC File [c:/Prj/xilinxPrj/MicroblazePrj/Prj1Hello/Prj/Prj1Hello/Prj1Hello.srcs/sources_1/bd/Prj1Hello/ip/Prj1Hello_clk_wiz_1_1/Prj1Hello_clk_wiz_1_1_board.xdc] for cell 'Prj1Hello_i/clk_wiz_1/inst'
Finished Parsing XDC File [c:/Prj/xilinxPrj/MicroblazePrj/Prj1Hello/Prj/Prj1Hello/Prj1Hello.srcs/sources_1/bd/Prj1Hello/ip/Prj1Hello_clk_wiz_1_1/Prj1Hello_clk_wiz_1_1_board.xdc] for cell 'Prj1Hello_i/clk_wiz_1/inst'
Parsing XDC File [c:/Prj/xilinxPrj/MicroblazePrj/Prj1Hello/Prj/Prj1Hello/Prj1Hello.srcs/sources_1/bd/Prj1Hello/ip/Prj1Hello_clk_wiz_1_1/Prj1Hello_clk_wiz_1_1.xdc] for cell 'Prj1Hello_i/clk_wiz_1/inst'
INFO: [Timing 38-2] Deriving generated clocks [c:/Prj/xilinxPrj/MicroblazePrj/Prj1Hello/Prj/Prj1Hello/Prj1Hello.srcs/sources_1/bd/Prj1Hello/ip/Prj1Hello_clk_wiz_1_1/Prj1Hello_clk_wiz_1_1.xdc:57]
Finished Parsing XDC File [c:/Prj/xilinxPrj/MicroblazePrj/Prj1Hello/Prj/Prj1Hello/Prj1Hello.srcs/sources_1/bd/Prj1Hello/ip/Prj1Hello_clk_wiz_1_1/Prj1Hello_clk_wiz_1_1.xdc] for cell 'Prj1Hello_i/clk_wiz_1/inst'
Parsing XDC File [c:/Prj/xilinxPrj/MicroblazePrj/Prj1Hello/Prj/Prj1Hello/Prj1Hello.srcs/sources_1/bd/Prj1Hello/ip/Prj1Hello_rst_clk_wiz_1_100M_1/Prj1Hello_rst_clk_wiz_1_100M_1_board.xdc] for cell 'Prj1Hello_i/rst_clk_wiz_1_100M/U0'
Finished Parsing XDC File [c:/Prj/xilinxPrj/MicroblazePrj/Prj1Hello/Prj/Prj1Hello/Prj1Hello.srcs/sources_1/bd/Prj1Hello/ip/Prj1Hello_rst_clk_wiz_1_100M_1/Prj1Hello_rst_clk_wiz_1_100M_1_board.xdc] for cell 'Prj1Hello_i/rst_clk_wiz_1_100M/U0'
Parsing XDC File [c:/Prj/xilinxPrj/MicroblazePrj/Prj1Hello/Prj/Prj1Hello/Prj1Hello.srcs/sources_1/bd/Prj1Hello/ip/Prj1Hello_rst_clk_wiz_1_100M_1/Prj1Hello_rst_clk_wiz_1_100M_1.xdc] for cell 'Prj1Hello_i/rst_clk_wiz_1_100M/U0'
Finished Parsing XDC File [c:/Prj/xilinxPrj/MicroblazePrj/Prj1Hello/Prj/Prj1Hello/Prj1Hello.srcs/sources_1/bd/Prj1Hello/ip/Prj1Hello_rst_clk_wiz_1_100M_1/Prj1Hello_rst_clk_wiz_1_100M_1.xdc] for cell 'Prj1Hello_i/rst_clk_wiz_1_100M/U0'
Parsing XDC File [c:/Prj/xilinxPrj/MicroblazePrj/Prj1Hello/Prj/Prj1Hello/Prj1Hello.srcs/sources_1/bd/Prj1Hello/ip/Prj1Hello_axi_uartlite_0_0/Prj1Hello_axi_uartlite_0_0_board.xdc] for cell 'Prj1Hello_i/axi_uartlite_0/U0'
Finished Parsing XDC File [c:/Prj/xilinxPrj/MicroblazePrj/Prj1Hello/Prj/Prj1Hello/Prj1Hello.srcs/sources_1/bd/Prj1Hello/ip/Prj1Hello_axi_uartlite_0_0/Prj1Hello_axi_uartlite_0_0_board.xdc] for cell 'Prj1Hello_i/axi_uartlite_0/U0'
Parsing XDC File [c:/Prj/xilinxPrj/MicroblazePrj/Prj1Hello/Prj/Prj1Hello/Prj1Hello.srcs/sources_1/bd/Prj1Hello/ip/Prj1Hello_axi_uartlite_0_0/Prj1Hello_axi_uartlite_0_0.xdc] for cell 'Prj1Hello_i/axi_uartlite_0/U0'
Finished Parsing XDC File [c:/Prj/xilinxPrj/MicroblazePrj/Prj1Hello/Prj/Prj1Hello/Prj1Hello.srcs/sources_1/bd/Prj1Hello/ip/Prj1Hello_axi_uartlite_0_0/Prj1Hello_axi_uartlite_0_0.xdc] for cell 'Prj1Hello_i/axi_uartlite_0/U0'
Parsing XDC File [C:/Prj/xilinxPrj/MicroblazePrj/Prj1Hello/Prj/src/constrain/mb_hello.xdc]
Finished Parsing XDC File [C:/Prj/xilinxPrj/MicroblazePrj/Prj1Hello/Prj/src/constrain/mb_hello.xdc]
INFO: [Project 1-538] Using original IP XDC constraints instead of the XDC constraints in dcp 'c:/Prj/xilinxPrj/MicroblazePrj/Prj1Hello/Prj/Prj1Hello/Prj1Hello.srcs/sources_1/bd/Prj1Hello/ip/Prj1Hello_microblaze_0_1/Prj1Hello_microblaze_0_1.dcp'
INFO: [Project 1-538] Using original IP XDC constraints instead of the XDC constraints in dcp 'c:/Prj/xilinxPrj/MicroblazePrj/Prj1Hello/Prj/Prj1Hello/Prj1Hello.srcs/sources_1/bd/Prj1Hello/ip/Prj1Hello_dlmb_v10_1/Prj1Hello_dlmb_v10_1.dcp'
INFO: [Project 1-538] Using original IP XDC constraints instead of the XDC constraints in dcp 'c:/Prj/xilinxPrj/MicroblazePrj/Prj1Hello/Prj/Prj1Hello/Prj1Hello.srcs/sources_1/bd/Prj1Hello/ip/Prj1Hello_ilmb_v10_1/Prj1Hello_ilmb_v10_1.dcp'
INFO: [Project 1-538] Using original IP XDC constraints instead of the XDC constraints in dcp 'c:/Prj/xilinxPrj/MicroblazePrj/Prj1Hello/Prj/Prj1Hello/Prj1Hello.srcs/sources_1/bd/Prj1Hello/ip/Prj1Hello_dlmb_bram_if_cntlr_1/Prj1Hello_dlmb_bram_if_cntlr_1.dcp'
INFO: [Project 1-538] Using original IP XDC constraints instead of the XDC constraints in dcp 'c:/Prj/xilinxPrj/MicroblazePrj/Prj1Hello/Prj/Prj1Hello/Prj1Hello.srcs/sources_1/bd/Prj1Hello/ip/Prj1Hello_ilmb_bram_if_cntlr_1/Prj1Hello_ilmb_bram_if_cntlr_1.dcp'
INFO: [Project 1-538] Using original IP XDC constraints instead of the XDC constraints in dcp 'c:/Prj/xilinxPrj/MicroblazePrj/Prj1Hello/Prj/Prj1Hello/Prj1Hello.srcs/sources_1/bd/Prj1Hello/ip/Prj1Hello_lmb_bram_1/Prj1Hello_lmb_bram_1.dcp'
INFO: [Project 1-538] Using original IP XDC constraints instead of the XDC constraints in dcp 'c:/Prj/xilinxPrj/MicroblazePrj/Prj1Hello/Prj/Prj1Hello/Prj1Hello.srcs/sources_1/bd/Prj1Hello/ip/Prj1Hello_mdm_1_1/Prj1Hello_mdm_1_1.dcp'
INFO: [Project 1-538] Using original IP XDC constraints instead of the XDC constraints in dcp 'c:/Prj/xilinxPrj/MicroblazePrj/Prj1Hello/Prj/Prj1Hello/Prj1Hello.srcs/sources_1/bd/Prj1Hello/ip/Prj1Hello_clk_wiz_1_1/Prj1Hello_clk_wiz_1_1.dcp'
INFO: [Project 1-538] Using original IP XDC constraints instead of the XDC constraints in dcp 'c:/Prj/xilinxPrj/MicroblazePrj/Prj1Hello/Prj/Prj1Hello/Prj1Hello.srcs/sources_1/bd/Prj1Hello/ip/Prj1Hello_rst_clk_wiz_1_100M_1/Prj1Hello_rst_clk_wiz_1_100M_1.dcp'
INFO: [Project 1-538] Using original IP XDC constraints instead of the XDC constraints in dcp 'c:/Prj/xilinxPrj/MicroblazePrj/Prj1Hello/Prj/Prj1Hello/Prj1Hello.srcs/sources_1/bd/Prj1Hello/ip/Prj1Hello_axi_uartlite_0_0/Prj1Hello_axi_uartlite_0_0.dcp'
INFO: [Opt 31-138] Pushed 0 inverter(s) to 0 load pin(s).
Generating merged BMM file for the design top 'Prj1Hello_wrapper'...
INFO: [Memdata 28-144] Successfully populated the BRAM INIT strings from the following elf files: c:/Prj/xilinxPrj/MicroblazePrj/Prj1Hello/Prj/Prj1Hello/Prj1Hello.srcs/sources_1/bd/Prj1Hello/ip/Prj1Hello_microblaze_0_1/data/mb_bootloop_le.elf 
INFO: [Project 1-111] Unisim Transformation Summary:
  A total of 112 instances were transformed.
  LUT6_2 => LUT6_2 (LUT5, LUT6): 64 instances
  RAM32M => RAM32M (RAMD32, RAMD32, RAMD32, RAMD32, RAMD32, RAMD32, RAMS32, RAMS32): 16 instances
  RAM32X1D => RAM32X1D (RAMD32, RAMD32): 32 instances

link_design: Time (s): cpu = 00:00:23 ; elapsed = 00:00:24 . Memory (MB): peak = 1036.133 ; gain = 824.934
Command: opt_design
Attempting to get a license for feature 'Implementation' and/or device 'xc7a100t'
INFO: [Common 17-349] Got license for feature 'Implementation' and/or device 'xc7a100t'
Running DRC as a precondition to command opt_design

Starting DRC Task
INFO: [DRC 23-27] Running DRC with 2 threads
INFO: [Project 1-461] DRC finished with 0 Errors
INFO: [Project 1-462] Please refer to the DRC report (report_drc) for more information.

Time (s): cpu = 00:00:01 ; elapsed = 00:00:00.873 . Memory (MB): peak = 1036.133 ; gain = 0.000
INFO: [Timing 38-35] Done setting XDC timing constraints.

Starting Logic Optimization Task
Implement Debug Cores | Checksum: 1521b1768

Phase 1 Retarget
INFO: [Opt 31-138] Pushed 4 inverter(s) to 15 load pin(s).
INFO: [Opt 31-49] Retargeted 0 cell(s).
Phase 1 Retarget | Checksum: 190d2c1d1

Time (s): cpu = 00:00:01 ; elapsed = 00:00:00.734 . Memory (MB): peak = 1043.531 ; gain = 0.000

Phase 2 Constant propagation
INFO: [Opt 31-138] Pushed 0 inverter(s) to 0 load pin(s).
INFO: [Opt 31-10] Eliminated 375 cells.
Phase 2 Constant propagation | Checksum: 261ef9220

Time (s): cpu = 00:00:02 ; elapsed = 00:00:02 . Memory (MB): peak = 1043.531 ; gain = 0.000

Phase 3 Sweep
INFO: [Opt 31-12] Eliminated 2001 unconnected nets.
INFO: [Opt 31-11] Eliminated 1163 unconnected cells.
Phase 3 Sweep | Checksum: e66c83b1

Time (s): cpu = 00:00:03 ; elapsed = 00:00:03 . Memory (MB): peak = 1043.531 ; gain = 0.000

Phase 4 BUFG optimization
INFO: [Opt 31-12] Eliminated 0 unconnected nets.
INFO: [Opt 31-11] Eliminated 0 unconnected cells.
Phase 4 BUFG optimization | Checksum: 187258065

Time (s): cpu = 00:00:04 ; elapsed = 00:00:04 . Memory (MB): peak = 1043.531 ; gain = 0.000

Starting Connectivity Check Task

Time (s): cpu = 00:00:00 ; elapsed = 00:00:00.015 . Memory (MB): peak = 1043.531 ; gain = 0.000
Ending Logic Optimization Task | Checksum: 187258065

Time (s): cpu = 00:00:04 ; elapsed = 00:00:04 . Memory (MB): peak = 1043.531 ; gain = 0.000

Starting Power Optimization Task
INFO: [Pwropt 34-132] Skipping clock gating for clocks with a period < 2.00 ns.
INFO: [Timing 38-35] Done setting XDC timing constraints.
Running Vector-less Activity Propagation...

Finished Running Vector-less Activity Propagation
INFO: [Pwropt 34-9] Applying IDT optimizations ...
INFO: [Pwropt 34-10] Applying ODC optimizations ...


Starting PowerOpt Patch Enables Task
INFO: [Pwropt 34-162] WRITE_MODE attribute of 0 BRAM(s) out of a total of 18 has been updated to save power. Run report_power_opt to get a complete listing of the BRAMs updated.
INFO: [Pwropt 34-201] Structural ODC has moved 4 WE to EN ports
Number of BRAM Ports augmented: 0 newly gated: 8 Total Ports: 36
Ending PowerOpt Patch Enables Task | Checksum: 171f9b9b0

Time (s): cpu = 00:00:00 ; elapsed = 00:00:00.062 . Memory (MB): peak = 1229.078 ; gain = 0.000
Ending Power Optimization Task | Checksum: 171f9b9b0

Time (s): cpu = 00:00:07 ; elapsed = 00:00:05 . Memory (MB): peak = 1229.078 ; gain = 185.547
INFO: [Common 17-83] Releasing license: Implementation
50 Infos, 0 Warnings, 0 Critical Warnings and 0 Errors encountered.
opt_design completed successfully
opt_design: Time (s): cpu = 00:00:13 ; elapsed = 00:00:10 . Memory (MB): peak = 1229.078 ; gain = 192.945
Writing placer database...
Writing XDEF routing.
Writing XDEF routing logical nets.
Writing XDEF routing special nets.
Write XDEF Complete: Time (s): cpu = 00:00:00 ; elapsed = 00:00:00.047 . Memory (MB): peak = 1229.078 ; gain = 0.000
INFO: [Common 17-1381] The checkpoint 'C:/Prj/xilinxPrj/MicroblazePrj/Prj1Hello/Prj/Prj1Hello/Prj1Hello.runs/impl_1/Prj1Hello_wrapper_opt.dcp' has been generated.
INFO: [DRC 23-27] Running DRC with 2 threads
INFO: [Coretcl 2-168] The results of DRC are in file C:/Prj/xilinxPrj/MicroblazePrj/Prj1Hello/Prj/Prj1Hello/Prj1Hello.runs/impl_1/Prj1Hello_wrapper_drc_opted.rpt.
INFO: [Chipscope 16-241] No debug cores found in the current design.
Before running the implement_debug_core command, either use the Set Up Debug wizard (GUI mode)
or use the create_debug_core and connect_debug_core Tcl commands to insert debug cores into the design.
Command: place_design
Attempting to get a license for feature 'Implementation' and/or device 'xc7a100t'
INFO: [Common 17-349] Got license for feature 'Implementation' and/or device 'xc7a100t'
INFO: [DRC 23-27] Running DRC with 2 threads
INFO: [Vivado_Tcl 4-198] DRC finished with 0 Errors
INFO: [Vivado_Tcl 4-199] Please refer to the DRC report (report_drc) for more information.
Running DRC as a precondition to command place_design
INFO: [DRC 23-27] Running DRC with 2 threads
INFO: [Vivado_Tcl 4-198] DRC finished with 0 Errors
INFO: [Vivado_Tcl 4-199] Please refer to the DRC report (report_drc) for more information.

Starting Placer Task
INFO: [Place 30-611] Multithreading enabled for place_design using a maximum of 2 CPUs

Phase 1 Placer Initialization
Netlist sorting complete. Time (s): cpu = 00:00:00 ; elapsed = 00:00:00.047 . Memory (MB): peak = 1229.078 ; gain = 0.000
INFO: [Timing 38-35] Done setting XDC timing constraints.
INFO: [Opt 31-138] Pushed 0 inverter(s) to 0 load pin(s).
Netlist sorting complete. Time (s): cpu = 00:00:00 ; elapsed = 00:00:00.031 . Memory (MB): peak = 1229.078 ; gain = 0.000

Phase 1.1 IO Placement/ Clock Placement/ Build Placer Device
INFO: [Timing 38-35] Done setting XDC timing constraints.
Phase 1.1 IO Placement/ Clock Placement/ Build Placer Device | Checksum: 16e0cfe4b

Time (s): cpu = 00:00:04 ; elapsed = 00:00:04 . Memory (MB): peak = 1229.078 ; gain = 0.000

Phase 1.2 Build Placer Netlist Model
Phase 1.2 Build Placer Netlist Model | Checksum: f85e09b1

Time (s): cpu = 00:00:07 ; elapsed = 00:00:06 . Memory (MB): peak = 1229.078 ; gain = 0.000

Phase 1.3 Constrain Clocks/Macros
Phase 1.3 Constrain Clocks/Macros | Checksum: f85e09b1

Time (s): cpu = 00:00:07 ; elapsed = 00:00:06 . Memory (MB): peak = 1229.078 ; gain = 0.000
Phase 1 Placer Initialization | Checksum: f85e09b1

Time (s): cpu = 00:00:07 ; elapsed = 00:00:06 . Memory (MB): peak = 1229.078 ; gain = 0.000

Phase 2 Global Placement
Phase 2 Global Placement | Checksum: 1148ba8a2

Time (s): cpu = 00:00:16 ; elapsed = 00:00:10 . Memory (MB): peak = 1229.078 ; gain = 0.000

Phase 3 Detail Placement

Phase 3.1 Commit Multi Column Macros
Phase 3.1 Commit Multi Column Macros | Checksum: 1148ba8a2

Time (s): cpu = 00:00:16 ; elapsed = 00:00:10 . Memory (MB): peak = 1229.078 ; gain = 0.000

Phase 3.2 Commit Most Macros & LUTRAMs
Phase 3.2 Commit Most Macros & LUTRAMs | Checksum: 14009c99d

Time (s): cpu = 00:00:18 ; elapsed = 00:00:12 . Memory (MB): peak = 1229.078 ; gain = 0.000

Phase 3.3 Area Swap Optimization
Phase 3.3 Area Swap Optimization | Checksum: a4c43992

Time (s): cpu = 00:00:18 ; elapsed = 00:00:12 . Memory (MB): peak = 1229.078 ; gain = 0.000

Phase 3.4 Pipeline Register Optimization
Phase 3.4 Pipeline Register Optimization | Checksum: 901930ef

Time (s): cpu = 00:00:18 ; elapsed = 00:00:12 . Memory (MB): peak = 1229.078 ; gain = 0.000

Phase 3.5 Timing Path Optimizer
Phase 3.5 Timing Path Optimizer | Checksum: f6d7d803

Time (s): cpu = 00:00:19 ; elapsed = 00:00:12 . Memory (MB): peak = 1229.078 ; gain = 0.000

Phase 3.6 Small Shape Detail Placement
Phase 3.6 Small Shape Detail Placement | Checksum: 9792abcc

Time (s): cpu = 00:00:21 ; elapsed = 00:00:14 . Memory (MB): peak = 1229.078 ; gain = 0.000

Phase 3.7 Re-assign LUT pins
Phase 3.7 Re-assign LUT pins | Checksum: 2bd7e579

Time (s): cpu = 00:00:21 ; elapsed = 00:00:15 . Memory (MB): peak = 1229.078 ; gain = 0.000

Phase 3.8 Pipeline Register Optimization
Phase 3.8 Pipeline Register Optimization | Checksum: 2bd7e579

Time (s): cpu = 00:00:22 ; elapsed = 00:00:15 . Memory (MB): peak = 1229.078 ; gain = 0.000
Phase 3 Detail Placement | Checksum: 2bd7e579

Time (s): cpu = 00:00:22 ; elapsed = 00:00:15 . Memory (MB): peak = 1229.078 ; gain = 0.000

Phase 4 Post Placement Optimization and Clean-Up

Phase 4.1 Post Commit Optimization
INFO: [Timing 38-35] Done setting XDC timing constraints.

Phase 4.1.1 Post Placement Optimization
INFO: [Place 30-746] Post Placement Timing Summary WNS=0.740. For the most accurate timing information please run report_timing.
Phase 4.1.1 Post Placement Optimization | Checksum: 1284ffd88

Time (s): cpu = 00:00:24 ; elapsed = 00:00:16 . Memory (MB): peak = 1229.078 ; gain = 0.000
Phase 4.1 Post Commit Optimization | Checksum: 1284ffd88

Time (s): cpu = 00:00:24 ; elapsed = 00:00:16 . Memory (MB): peak = 1229.078 ; gain = 0.000

Phase 4.2 Post Placement Cleanup
Phase 4.2 Post Placement Cleanup | Checksum: 1284ffd88

Time (s): cpu = 00:00:24 ; elapsed = 00:00:17 . Memory (MB): peak = 1229.078 ; gain = 0.000

Phase 4.3 Placer Reporting
Phase 4.3 Placer Reporting | Checksum: 1284ffd88

Time (s): cpu = 00:00:24 ; elapsed = 00:00:17 . Memory (MB): peak = 1229.078 ; gain = 0.000

Phase 4.4 Final Placement Cleanup
Phase 4.4 Final Placement Cleanup | Checksum: de04e409

Time (s): cpu = 00:00:24 ; elapsed = 00:00:17 . Memory (MB): peak = 1229.078 ; gain = 0.000
Phase 4 Post Placement Optimization and Clean-Up | Checksum: de04e409

Time (s): cpu = 00:00:25 ; elapsed = 00:00:17 . Memory (MB): peak = 1229.078 ; gain = 0.000
Ending Placer Task | Checksum: 7c23859a

Time (s): cpu = 00:00:25 ; elapsed = 00:00:17 . Memory (MB): peak = 1229.078 ; gain = 0.000
INFO: [Common 17-83] Releasing license: Implementation
68 Infos, 0 Warnings, 0 Critical Warnings and 0 Errors encountered.
place_design completed successfully
place_design: Time (s): cpu = 00:00:28 ; elapsed = 00:00:18 . Memory (MB): peak = 1229.078 ; gain = 0.000
Writing placer database...
Writing XDEF routing.
Writing XDEF routing logical nets.
Writing XDEF routing special nets.
Write XDEF Complete: Time (s): cpu = 00:00:01 ; elapsed = 00:00:00.515 . Memory (MB): peak = 1229.078 ; gain = 0.000
INFO: [Common 17-1381] The checkpoint 'C:/Prj/xilinxPrj/MicroblazePrj/Prj1Hello/Prj/Prj1Hello/Prj1Hello.runs/impl_1/Prj1Hello_wrapper_placed.dcp' has been generated.
report_io: Time (s): cpu = 00:00:00 ; elapsed = 00:00:00.062 . Memory (MB): peak = 1229.078 ; gain = 0.000
report_utilization: Time (s): cpu = 00:00:00 ; elapsed = 00:00:00.094 . Memory (MB): peak = 1229.078 ; gain = 0.000
report_control_sets: Time (s): cpu = 00:00:00 ; elapsed = 00:00:00.015 . Memory (MB): peak = 1229.078 ; gain = 0.000
Command: route_design
Attempting to get a license for feature 'Implementation' and/or device 'xc7a100t'
INFO: [Common 17-349] Got license for feature 'Implementation' and/or device 'xc7a100t'
Running DRC as a precondition to command route_design
INFO: [DRC 23-27] Running DRC with 2 threads
INFO: [Vivado_Tcl 4-198] DRC finished with 0 Errors
INFO: [Vivado_Tcl 4-199] Please refer to the DRC report (report_drc) for more information.


Starting Routing Task
INFO: [Route 35-254] Multithreading enabled for route_design using a maximum of 2 CPUs
Checksum: PlaceDB: 563b17c ConstDB: 0 ShapeSum: 76bfd41e RouteDB: 0

Phase 1 Build RT Design
Phase 1 Build RT Design | Checksum: 1960b5aac

Time (s): cpu = 00:00:51 ; elapsed = 00:00:44 . Memory (MB): peak = 1229.078 ; gain = 0.000

Phase 2 Router Initialization

Phase 2.1 Create Timer
Phase 2.1 Create Timer | Checksum: 1960b5aac

Time (s): cpu = 00:00:51 ; elapsed = 00:00:44 . Memory (MB): peak = 1229.078 ; gain = 0.000

Phase 2.2 Fix Topology Constraints
Phase 2.2 Fix Topology Constraints | Checksum: 1960b5aac

Time (s): cpu = 00:00:51 ; elapsed = 00:00:44 . Memory (MB): peak = 1229.078 ; gain = 0.000

Phase 2.3 Pre Route Cleanup
Phase 2.3 Pre Route Cleanup | Checksum: 1960b5aac

Time (s): cpu = 00:00:51 ; elapsed = 00:00:44 . Memory (MB): peak = 1229.078 ; gain = 0.000
 Number of Nodes with overlaps = 0

Phase 2.4 Update Timing
Phase 2.4 Update Timing | Checksum: f2859ab8

Time (s): cpu = 00:00:55 ; elapsed = 00:00:46 . Memory (MB): peak = 1229.078 ; gain = 0.000
INFO: [Route 35-416] Intermediate Timing Summary | WNS=0.863  | TNS=0.000  | WHS=-0.211 | THS=-55.357|

Phase 2 Router Initialization | Checksum: dff2a2e3

Time (s): cpu = 00:00:56 ; elapsed = 00:00:47 . Memory (MB): peak = 1229.078 ; gain = 0.000

Phase 3 Initial Routing
Phase 3 Initial Routing | Checksum: 1f9a351a5

Time (s): cpu = 00:01:01 ; elapsed = 00:00:50 . Memory (MB): peak = 1232.211 ; gain = 3.133

Phase 4 Rip-up And Reroute

Phase 4.1 Global Iteration 0
 Number of Nodes with overlaps = 287
 Number of Nodes with overlaps = 5
 Number of Nodes with overlaps = 1
 Number of Nodes with overlaps = 0

Phase 4.1.1 Update Timing
Phase 4.1.1 Update Timing | Checksum: 14c93ae52

Time (s): cpu = 00:01:06 ; elapsed = 00:00:52 . Memory (MB): peak = 1232.211 ; gain = 3.133
INFO: [Route 35-416] Intermediate Timing Summary | WNS=1.074  | TNS=0.000  | WHS=N/A    | THS=N/A    |

Phase 4.1 Global Iteration 0 | Checksum: 1dc206541

Time (s): cpu = 00:01:06 ; elapsed = 00:00:52 . Memory (MB): peak = 1232.211 ; gain = 3.133

Phase 4.2 Global Iteration 1
 Number of Nodes with overlaps = 0

Phase 4.2.1 Update Timing
Phase 4.2.1 Update Timing | Checksum: 14c526b77

Time (s): cpu = 00:01:06 ; elapsed = 00:00:53 . Memory (MB): peak = 1232.211 ; gain = 3.133
INFO: [Route 35-416] Intermediate Timing Summary | WNS=1.074  | TNS=0.000  | WHS=N/A    | THS=N/A    |

Phase 4.2 Global Iteration 1 | Checksum: 1d99b372c

Time (s): cpu = 00:01:06 ; elapsed = 00:00:53 . Memory (MB): peak = 1232.211 ; gain = 3.133
Phase 4 Rip-up And Reroute | Checksum: 1d99b372c

Time (s): cpu = 00:01:06 ; elapsed = 00:00:53 . Memory (MB): peak = 1232.211 ; gain = 3.133

Phase 5 Delay and Skew Optimization

Phase 5.1 Delay CleanUp
Phase 5.1 Delay CleanUp | Checksum: 1d99b372c

Time (s): cpu = 00:01:06 ; elapsed = 00:00:53 . Memory (MB): peak = 1232.211 ; gain = 3.133

Phase 5.2 Clock Skew Optimization
Phase 5.2 Clock Skew Optimization | Checksum: 1d99b372c

Time (s): cpu = 00:01:06 ; elapsed = 00:00:53 . Memory (MB): peak = 1232.211 ; gain = 3.133
Phase 5 Delay and Skew Optimization | Checksum: 1d99b372c

Time (s): cpu = 00:01:06 ; elapsed = 00:00:53 . Memory (MB): peak = 1232.211 ; gain = 3.133

Phase 6 Post Hold Fix

Phase 6.1 Hold Fix Iter

Phase 6.1.1 Update Timing
Phase 6.1.1 Update Timing | Checksum: 16da23215

Time (s): cpu = 00:01:07 ; elapsed = 00:00:53 . Memory (MB): peak = 1232.211 ; gain = 3.133
INFO: [Route 35-416] Intermediate Timing Summary | WNS=1.074  | TNS=0.000  | WHS=0.032  | THS=0.000  |

Phase 6.1 Hold Fix Iter | Checksum: 16c45c357

Time (s): cpu = 00:01:07 ; elapsed = 00:00:53 . Memory (MB): peak = 1232.211 ; gain = 3.133
Phase 6 Post Hold Fix | Checksum: 16c45c357

Time (s): cpu = 00:01:07 ; elapsed = 00:00:53 . Memory (MB): peak = 1232.211 ; gain = 3.133

Phase 7 Route finalize

Router Utilization Summary
  Global Vertical Routing Utilization    = 0.558515 %
  Global Horizontal Routing Utilization  = 0.838448 %
  Routable Net Status*
  *Does not include unroutable nets such as driverless and loadless.
  Run report_route_status for detailed report.
  Number of Failed Nets               = 0
  Number of Unrouted Nets             = 0
  Number of Partially Routed Nets     = 0
  Number of Node Overlaps             = 0

Phase 7 Route finalize | Checksum: f6539781

Time (s): cpu = 00:01:07 ; elapsed = 00:00:53 . Memory (MB): peak = 1232.211 ; gain = 3.133

Phase 8 Verifying routed nets

 Verification completed successfully
Phase 8 Verifying routed nets | Checksum: f6539781

Time (s): cpu = 00:01:07 ; elapsed = 00:00:53 . Memory (MB): peak = 1232.211 ; gain = 3.133

Phase 9 Depositing Routes
Phase 9 Depositing Routes | Checksum: 145685641

Time (s): cpu = 00:01:08 ; elapsed = 00:00:54 . Memory (MB): peak = 1232.211 ; gain = 3.133

Phase 10 Post Router Timing
INFO: [Route 35-57] Estimated Timing Summary | WNS=1.074  | TNS=0.000  | WHS=0.032  | THS=0.000  |

INFO: [Route 35-327] The final timing numbers are based on the router estimated timing analysis. For a complete and accurate timing signoff, please run report_timing_summary.
Phase 10 Post Router Timing | Checksum: 145685641

Time (s): cpu = 00:01:08 ; elapsed = 00:00:54 . Memory (MB): peak = 1232.211 ; gain = 3.133
INFO: [Route 35-16] Router Completed Successfully

Time (s): cpu = 00:01:08 ; elapsed = 00:00:54 . Memory (MB): peak = 1232.211 ; gain = 3.133

Routing Is Done.
INFO: [Common 17-83] Releasing license: Implementation
82 Infos, 0 Warnings, 0 Critical Warnings and 0 Errors encountered.
route_design completed successfully
route_design: Time (s): cpu = 00:01:11 ; elapsed = 00:00:55 . Memory (MB): peak = 1232.211 ; gain = 3.133
Writing placer database...
Writing XDEF routing.
Writing XDEF routing logical nets.
Writing XDEF routing special nets.
Write XDEF Complete: Time (s): cpu = 00:00:02 ; elapsed = 00:00:00.640 . Memory (MB): peak = 1232.211 ; gain = 0.000
INFO: [Common 17-1381] The checkpoint 'C:/Prj/xilinxPrj/MicroblazePrj/Prj1Hello/Prj/Prj1Hello/Prj1Hello.runs/impl_1/Prj1Hello_wrapper_routed.dcp' has been generated.
INFO: [DRC 23-27] Running DRC with 2 threads
INFO: [Coretcl 2-168] The results of DRC are in file C:/Prj/xilinxPrj/MicroblazePrj/Prj1Hello/Prj/Prj1Hello/Prj1Hello.runs/impl_1/Prj1Hello_wrapper_drc_routed.rpt.
INFO: [Timing 38-35] Done setting XDC timing constraints.
INFO: [DRC 23-133] Running Methodology with 2 threads
INFO: [Coretcl 2-1520] The results of Report Methodology are in file C:/Prj/xilinxPrj/MicroblazePrj/Prj1Hello/Prj/Prj1Hello/Prj1Hello.runs/impl_1/Prj1Hello_wrapper_methodology_drc_routed.rpt.
INFO: [Timing 38-35] Done setting XDC timing constraints.
INFO: [Timing 38-91] UpdateTimingParams: Speed grade: -1, Delay Type: min_max.
INFO: [Timing 38-191] Multithreading enabled for timing update using a maximum of 2 CPUs
INFO: [Timing 38-35] Done setting XDC timing constraints.
Command: report_power -file Prj1Hello_wrapper_power_routed.rpt -pb Prj1Hello_wrapper_power_summary_routed.pb -rpx Prj1Hello_wrapper_power_routed.rpx
Running Vector-less Activity Propagation...

Finished Running Vector-less Activity Propagation
WARNING: [Power 33-332] Found switching activity that implies high-fanout reset nets being asserted for excessive periods of time which may result in inaccurate power analysis.
Resolution: To review and fix problems, please run Power Constraints Advisor in the GUI from Tools > Power Constraints Advisor or run report_power with the -advisory option to generate a text report.
92 Infos, 1 Warnings, 0 Critical Warnings and 0 Errors encountered.
report_power completed successfully
Command: write_bitstream -force -no_partial_bitfile Prj1Hello_wrapper.bit
Attempting to get a license for feature 'Implementation' and/or device 'xc7a100t'
INFO: [Common 17-349] Got license for feature 'Implementation' and/or device 'xc7a100t'
Running DRC as a precondition to command write_bitstream
INFO: [DRC 23-27] Running DRC with 2 threads
WARNING: [DRC 23-20] Rule violation (CFGBVS-1) Missing CFGBVS and CONFIG_VOLTAGE Design Properties - Neither the CFGBVS nor CONFIG_VOLTAGE voltage property is set in the current_design.  Configuration bank voltage select (CFGBVS) must be set to VCCO or GND, and CONFIG_VOLTAGE must be set to the correct configuration voltage, in order to determine the I/O voltage support for the pins in bank 0.  It is suggested to specify these either using the 'Edit Device Properties' function in the GUI or directly in the XDC file using the following syntax:

 set_property CFGBVS value1 [current_design]
 #where value1 is either VCCO or GND

 set_property CONFIG_VOLTAGE value2 [current_design]
 #where value2 is the voltage provided to configuration bank 0

Refer to the device configuration user guide for more information.
INFO: [Vivado 12-3199] DRC finished with 0 Errors, 1 Warnings
INFO: [Vivado 12-3200] Please refer to the DRC report (report_drc) for more information.
Generating merged BMM file for the design top 'Prj1Hello_wrapper'...
INFO: [Memdata 28-144] Successfully populated the BRAM INIT strings from the following elf files: c:/Prj/xilinxPrj/MicroblazePrj/Prj1Hello/Prj/Prj1Hello/Prj1Hello.srcs/sources_1/bd/Prj1Hello/ip/Prj1Hello_microblaze_0_1/data/mb_bootloop_le.elf 
Loading data files...
Loading site data...
Loading route data...
Processing options...
Creating bitmap...
Creating bitstream...
Writing bitstream ./Prj1Hello_wrapper.bit...
INFO: [Vivado 12-1842] Bitgen Completed Successfully.
INFO: [Project 1-120] WebTalk data collection is mandatory when using a WebPACK part without a full Vivado license. To see the specific WebTalk data collected for your design, open the usage_statistics_webtalk.html or usage_statistics_webtalk.xml file in the implementation directory.
INFO: [Common 17-186] 'C:/Prj/xilinxPrj/MicroblazePrj/Prj1Hello/Prj/Prj1Hello/Prj1Hello.runs/impl_1/usage_statistics_webtalk.xml' has been successfully sent to Xilinx on Mon Aug 06 20:20:47 2018. For additional details about this file, please refer to the WebTalk help file at C:/ToolSoftWare/Xilinx/Vivado/2016.4/doc/webtalk_introduction.html.
INFO: [Common 17-83] Releasing license: Implementation
101 Infos, 2 Warnings, 0 Critical Warnings and 0 Errors encountered.
write_bitstream completed successfully
write_bitstream: Time (s): cpu = 00:00:32 ; elapsed = 00:00:35 . Memory (MB): peak = 1623.582 ; gain = 360.918
INFO: [Common 17-206] Exiting Vivado at Mon Aug 06 20:20:47 2018...
