
*** Running vivado
    with args -log Mb_GpioRead_lmb_bram_0.vds -m64 -product Vivado -mode batch -messageDb vivado.pb -notrace -source Mb_GpioRead_lmb_bram_0.tcl


****** Vivado v2016.4 (64-bit)
  **** SW Build 1733598 on Wed Dec 14 22:35:39 MST 2016
  **** IP Build 1731160 on Wed Dec 14 23:47:21 MST 2016
    ** Copyright 1986-2016 Xilinx, Inc. All Rights Reserved.

source Mb_GpioRead_lmb_bram_0.tcl -notrace
Starting RTL Elaboration : Time (s): cpu = 00:00:13 ; elapsed = 00:00:17 . Memory (MB): peak = 298.000 ; gain = 86.879
INFO: [Synth 8-638] synthesizing module 'Mb_GpioRead_lmb_bram_0' [c:/Prj/xilinxPrj/MicroblazePrj/Prj2AXIGpio/Prj/MBAXIGpio/Mb_GpioRead/Mb_GpioRead.srcs/sources_1/bd/Mb_GpioRead/ip/Mb_GpioRead_lmb_bram_0/synth/Mb_GpioRead_lmb_bram_0.vhd:78]
INFO: [Synth 8-256] done synthesizing module 'Mb_GpioRead_lmb_bram_0' (11#1) [c:/Prj/xilinxPrj/MicroblazePrj/Prj2AXIGpio/Prj/MBAXIGpio/Mb_GpioRead/Mb_GpioRead.srcs/sources_1/bd/Mb_GpioRead/ip/Mb_GpioRead_lmb_bram_0/synth/Mb_GpioRead_lmb_bram_0.vhd:78]
Finished RTL Elaboration : Time (s): cpu = 00:01:17 ; elapsed = 00:01:24 . Memory (MB): peak = 496.906 ; gain = 285.785
Finished RTL Optimization Phase 1 : Time (s): cpu = 00:01:17 ; elapsed = 00:01:25 . Memory (MB): peak = 496.906 ; gain = 285.785
INFO: [Device 21-403] Loading part xc7a100tcsg324-1
Constraint Validation Runtime : Time (s): cpu = 00:00:00 ; elapsed = 00:00:00.031 . Memory (MB): peak = 616.375 ; gain = 0.000
Finished Constraint Validation : Time (s): cpu = 00:01:27 ; elapsed = 00:01:34 . Memory (MB): peak = 616.375 ; gain = 405.254
Finished Loading Part and Timing Information : Time (s): cpu = 00:01:27 ; elapsed = 00:01:34 . Memory (MB): peak = 616.375 ; gain = 405.254
Finished applying 'set_property' XDC Constraints : Time (s): cpu = 00:01:27 ; elapsed = 00:01:34 . Memory (MB): peak = 616.375 ; gain = 405.254
Finished RTL Optimization Phase 2 : Time (s): cpu = 00:01:27 ; elapsed = 00:01:35 . Memory (MB): peak = 616.375 ; gain = 405.254
Finished Cross Boundary and Area Optimization : Time (s): cpu = 00:01:28 ; elapsed = 00:01:35 . Memory (MB): peak = 616.375 ; gain = 405.254
Finished Applying XDC Timing Constraints : Time (s): cpu = 00:01:36 ; elapsed = 00:01:44 . Memory (MB): peak = 616.375 ; gain = 405.254
Finished Timing Optimization : Time (s): cpu = 00:01:36 ; elapsed = 00:01:44 . Memory (MB): peak = 616.375 ; gain = 405.254
Finished Technology Mapping : Time (s): cpu = 00:01:37 ; elapsed = 00:01:44 . Memory (MB): peak = 616.375 ; gain = 405.254
Finished IO Insertion : Time (s): cpu = 00:01:37 ; elapsed = 00:01:45 . Memory (MB): peak = 616.375 ; gain = 405.254
Finished Renaming Generated Instances : Time (s): cpu = 00:01:37 ; elapsed = 00:01:45 . Memory (MB): peak = 616.375 ; gain = 405.254
Finished Rebuilding User Hierarchy : Time (s): cpu = 00:01:37 ; elapsed = 00:01:45 . Memory (MB): peak = 616.375 ; gain = 405.254
Finished Renaming Generated Ports : Time (s): cpu = 00:01:37 ; elapsed = 00:01:45 . Memory (MB): peak = 616.375 ; gain = 405.254
Finished Handling Custom Attributes : Time (s): cpu = 00:01:37 ; elapsed = 00:01:45 . Memory (MB): peak = 616.375 ; gain = 405.254
Finished Renaming Generated Nets : Time (s): cpu = 00:01:37 ; elapsed = 00:01:45 . Memory (MB): peak = 616.375 ; gain = 405.254

Report Cell Usage: 
+------+---------+------+
|      |Cell     |Count |
+------+---------+------+
|1     |RAMB36E1 |     8|
+------+---------+------+
Finished Writing Synthesis Report : Time (s): cpu = 00:01:37 ; elapsed = 00:01:45 . Memory (MB): peak = 616.375 ; gain = 405.254
synth_design: Time (s): cpu = 00:01:34 ; elapsed = 00:01:40 . Memory (MB): peak = 643.633 ; gain = 425.582
