
*** Running vivado
    with args -log mb_sys_gpio_wrapper.vdi -applog -m64 -product Vivado -messageDb vivado.pb -mode batch -source mb_sys_gpio_wrapper.tcl -notrace


****** Vivado v2016.4 (64-bit)
  **** SW Build 1733598 on Wed Dec 14 22:35:39 MST 2016
  **** IP Build 1731160 on Wed Dec 14 23:47:21 MST 2016
    ** Copyright 1986-2016 Xilinx, Inc. All Rights Reserved.

source mb_sys_gpio_wrapper.tcl -notrace
Design is defaulting to srcset: sources_1
Design is defaulting to constrset: constrs_1
INFO: [Project 1-454] Reading design checkpoint 'c:/Prj/xilinxPrj/MicroblazePrj/Prj2AXIGpio/Prj/MBAXIGpio/MB_AXIGpio/MB_AXIGpio.srcs/sources_1/bd/mb_sys_gpio/ip/mb_sys_gpio_axi_gpio_0_0/mb_sys_gpio_axi_gpio_0_0.dcp' for cell 'mb_sys_gpio_i/axi_gpio_0'
INFO: [Project 1-454] Reading design checkpoint 'c:/Prj/xilinxPrj/MicroblazePrj/Prj2AXIGpio/Prj/MBAXIGpio/MB_AXIGpio/MB_AXIGpio.srcs/sources_1/bd/mb_sys_gpio/ip/mb_sys_gpio_axi_uartlite_0_0/mb_sys_gpio_axi_uartlite_0_0.dcp' for cell 'mb_sys_gpio_i/axi_uartlite_0'
INFO: [Project 1-454] Reading design checkpoint 'c:/Prj/xilinxPrj/MicroblazePrj/Prj2AXIGpio/Prj/MBAXIGpio/MB_AXIGpio/MB_AXIGpio.srcs/sources_1/bd/mb_sys_gpio/ip/mb_sys_gpio_clk_wiz_1_0/mb_sys_gpio_clk_wiz_1_0.dcp' for cell 'mb_sys_gpio_i/clk_wiz_1'
INFO: [Project 1-454] Reading design checkpoint 'c:/Prj/xilinxPrj/MicroblazePrj/Prj2AXIGpio/Prj/MBAXIGpio/MB_AXIGpio/MB_AXIGpio.srcs/sources_1/bd/mb_sys_gpio/ip/mb_sys_gpio_mdm_1_0/mb_sys_gpio_mdm_1_0.dcp' for cell 'mb_sys_gpio_i/mdm_1'
INFO: [Project 1-454] Reading design checkpoint 'c:/Prj/xilinxPrj/MicroblazePrj/Prj2AXIGpio/Prj/MBAXIGpio/MB_AXIGpio/MB_AXIGpio.srcs/sources_1/bd/mb_sys_gpio/ip/mb_sys_gpio_microblaze_0_0/mb_sys_gpio_microblaze_0_0.dcp' for cell 'mb_sys_gpio_i/microblaze_0'
INFO: [Project 1-454] Reading design checkpoint 'c:/Prj/xilinxPrj/MicroblazePrj/Prj2AXIGpio/Prj/MBAXIGpio/MB_AXIGpio/MB_AXIGpio.srcs/sources_1/bd/mb_sys_gpio/ip/mb_sys_gpio_rst_clk_wiz_1_100M_0/mb_sys_gpio_rst_clk_wiz_1_100M_0.dcp' for cell 'mb_sys_gpio_i/rst_clk_wiz_1_100M'
INFO: [Project 1-454] Reading design checkpoint 'c:/Prj/xilinxPrj/MicroblazePrj/Prj2AXIGpio/Prj/MBAXIGpio/MB_AXIGpio/MB_AXIGpio.srcs/sources_1/bd/mb_sys_gpio/ip/mb_sys_gpio_xbar_0/mb_sys_gpio_xbar_0.dcp' for cell 'mb_sys_gpio_i/microblaze_0_axi_periph/xbar'
INFO: [Project 1-454] Reading design checkpoint 'c:/Prj/xilinxPrj/MicroblazePrj/Prj2AXIGpio/Prj/MBAXIGpio/MB_AXIGpio/MB_AXIGpio.srcs/sources_1/bd/mb_sys_gpio/ip/mb_sys_gpio_dlmb_bram_if_cntlr_0/mb_sys_gpio_dlmb_bram_if_cntlr_0.dcp' for cell 'mb_sys_gpio_i/microblaze_0_local_memory/dlmb_bram_if_cntlr'
INFO: [Project 1-454] Reading design checkpoint 'c:/Prj/xilinxPrj/MicroblazePrj/Prj2AXIGpio/Prj/MBAXIGpio/MB_AXIGpio/MB_AXIGpio.srcs/sources_1/bd/mb_sys_gpio/ip/mb_sys_gpio_dlmb_v10_0/mb_sys_gpio_dlmb_v10_0.dcp' for cell 'mb_sys_gpio_i/microblaze_0_local_memory/dlmb_v10'
INFO: [Project 1-454] Reading design checkpoint 'c:/Prj/xilinxPrj/MicroblazePrj/Prj2AXIGpio/Prj/MBAXIGpio/MB_AXIGpio/MB_AXIGpio.srcs/sources_1/bd/mb_sys_gpio/ip/mb_sys_gpio_ilmb_bram_if_cntlr_0/mb_sys_gpio_ilmb_bram_if_cntlr_0.dcp' for cell 'mb_sys_gpio_i/microblaze_0_local_memory/ilmb_bram_if_cntlr'
INFO: [Project 1-454] Reading design checkpoint 'c:/Prj/xilinxPrj/MicroblazePrj/Prj2AXIGpio/Prj/MBAXIGpio/MB_AXIGpio/MB_AXIGpio.srcs/sources_1/bd/mb_sys_gpio/ip/mb_sys_gpio_ilmb_v10_0/mb_sys_gpio_ilmb_v10_0.dcp' for cell 'mb_sys_gpio_i/microblaze_0_local_memory/ilmb_v10'
INFO: [Project 1-454] Reading design checkpoint 'c:/Prj/xilinxPrj/MicroblazePrj/Prj2AXIGpio/Prj/MBAXIGpio/MB_AXIGpio/MB_AXIGpio.srcs/sources_1/bd/mb_sys_gpio/ip/mb_sys_gpio_lmb_bram_0/mb_sys_gpio_lmb_bram_0.dcp' for cell 'mb_sys_gpio_i/microblaze_0_local_memory/lmb_bram'
INFO: [Netlist 29-17] Analyzing 179 Unisim elements for replacement
INFO: [Netlist 29-28] Unisim Transformation completed in 0 CPU seconds
INFO: [Project 1-479] Netlist was created with Vivado 2016.4
INFO: [Device 21-403] Loading part xc7a100tcsg324-1
INFO: [Project 1-570] Preparing netlist for logic optimization
Parsing XDC File [c:/Prj/xilinxPrj/MicroblazePrj/Prj2AXIGpio/Prj/MBAXIGpio/MB_AXIGpio/MB_AXIGpio.srcs/sources_1/bd/mb_sys_gpio/ip/mb_sys_gpio_microblaze_0_0/mb_sys_gpio_microblaze_0_0.xdc] for cell 'mb_sys_gpio_i/microblaze_0/U0'
Finished Parsing XDC File [c:/Prj/xilinxPrj/MicroblazePrj/Prj2AXIGpio/Prj/MBAXIGpio/MB_AXIGpio/MB_AXIGpio.srcs/sources_1/bd/mb_sys_gpio/ip/mb_sys_gpio_microblaze_0_0/mb_sys_gpio_microblaze_0_0.xdc] for cell 'mb_sys_gpio_i/microblaze_0/U0'
Parsing XDC File [c:/Prj/xilinxPrj/MicroblazePrj/Prj2AXIGpio/Prj/MBAXIGpio/MB_AXIGpio/MB_AXIGpio.srcs/sources_1/bd/mb_sys_gpio/ip/mb_sys_gpio_dlmb_v10_0/mb_sys_gpio_dlmb_v10_0.xdc] for cell 'mb_sys_gpio_i/microblaze_0_local_memory/dlmb_v10/U0'
Finished Parsing XDC File [c:/Prj/xilinxPrj/MicroblazePrj/Prj2AXIGpio/Prj/MBAXIGpio/MB_AXIGpio/MB_AXIGpio.srcs/sources_1/bd/mb_sys_gpio/ip/mb_sys_gpio_dlmb_v10_0/mb_sys_gpio_dlmb_v10_0.xdc] for cell 'mb_sys_gpio_i/microblaze_0_local_memory/dlmb_v10/U0'
Parsing XDC File [c:/Prj/xilinxPrj/MicroblazePrj/Prj2AXIGpio/Prj/MBAXIGpio/MB_AXIGpio/MB_AXIGpio.srcs/sources_1/bd/mb_sys_gpio/ip/mb_sys_gpio_ilmb_v10_0/mb_sys_gpio_ilmb_v10_0.xdc] for cell 'mb_sys_gpio_i/microblaze_0_local_memory/ilmb_v10/U0'
Finished Parsing XDC File [c:/Prj/xilinxPrj/MicroblazePrj/Prj2AXIGpio/Prj/MBAXIGpio/MB_AXIGpio/MB_AXIGpio.srcs/sources_1/bd/mb_sys_gpio/ip/mb_sys_gpio_ilmb_v10_0/mb_sys_gpio_ilmb_v10_0.xdc] for cell 'mb_sys_gpio_i/microblaze_0_local_memory/ilmb_v10/U0'
Parsing XDC File [c:/Prj/xilinxPrj/MicroblazePrj/Prj2AXIGpio/Prj/MBAXIGpio/MB_AXIGpio/MB_AXIGpio.srcs/sources_1/bd/mb_sys_gpio/ip/mb_sys_gpio_mdm_1_0/mb_sys_gpio_mdm_1_0.xdc] for cell 'mb_sys_gpio_i/mdm_1/U0'
INFO: [Timing 38-35] Done setting XDC timing constraints. [c:/Prj/xilinxPrj/MicroblazePrj/Prj2AXIGpio/Prj/MBAXIGpio/MB_AXIGpio/MB_AXIGpio.srcs/sources_1/bd/mb_sys_gpio/ip/mb_sys_gpio_mdm_1_0/mb_sys_gpio_mdm_1_0.xdc:50]
get_clocks: Time (s): cpu = 00:00:16 ; elapsed = 00:00:17 . Memory (MB): peak = 1038.707 ; gain = 453.270
Finished Parsing XDC File [c:/Prj/xilinxPrj/MicroblazePrj/Prj2AXIGpio/Prj/MBAXIGpio/MB_AXIGpio/MB_AXIGpio.srcs/sources_1/bd/mb_sys_gpio/ip/mb_sys_gpio_mdm_1_0/mb_sys_gpio_mdm_1_0.xdc] for cell 'mb_sys_gpio_i/mdm_1/U0'
Parsing XDC File [c:/Prj/xilinxPrj/MicroblazePrj/Prj2AXIGpio/Prj/MBAXIGpio/MB_AXIGpio/MB_AXIGpio.srcs/sources_1/bd/mb_sys_gpio/ip/mb_sys_gpio_clk_wiz_1_0/mb_sys_gpio_clk_wiz_1_0_board.xdc] for cell 'mb_sys_gpio_i/clk_wiz_1/inst'
Finished Parsing XDC File [c:/Prj/xilinxPrj/MicroblazePrj/Prj2AXIGpio/Prj/MBAXIGpio/MB_AXIGpio/MB_AXIGpio.srcs/sources_1/bd/mb_sys_gpio/ip/mb_sys_gpio_clk_wiz_1_0/mb_sys_gpio_clk_wiz_1_0_board.xdc] for cell 'mb_sys_gpio_i/clk_wiz_1/inst'
Parsing XDC File [c:/Prj/xilinxPrj/MicroblazePrj/Prj2AXIGpio/Prj/MBAXIGpio/MB_AXIGpio/MB_AXIGpio.srcs/sources_1/bd/mb_sys_gpio/ip/mb_sys_gpio_clk_wiz_1_0/mb_sys_gpio_clk_wiz_1_0.xdc] for cell 'mb_sys_gpio_i/clk_wiz_1/inst'
INFO: [Timing 38-2] Deriving generated clocks [c:/Prj/xilinxPrj/MicroblazePrj/Prj2AXIGpio/Prj/MBAXIGpio/MB_AXIGpio/MB_AXIGpio.srcs/sources_1/bd/mb_sys_gpio/ip/mb_sys_gpio_clk_wiz_1_0/mb_sys_gpio_clk_wiz_1_0.xdc:57]
Finished Parsing XDC File [c:/Prj/xilinxPrj/MicroblazePrj/Prj2AXIGpio/Prj/MBAXIGpio/MB_AXIGpio/MB_AXIGpio.srcs/sources_1/bd/mb_sys_gpio/ip/mb_sys_gpio_clk_wiz_1_0/mb_sys_gpio_clk_wiz_1_0.xdc] for cell 'mb_sys_gpio_i/clk_wiz_1/inst'
Parsing XDC File [c:/Prj/xilinxPrj/MicroblazePrj/Prj2AXIGpio/Prj/MBAXIGpio/MB_AXIGpio/MB_AXIGpio.srcs/sources_1/bd/mb_sys_gpio/ip/mb_sys_gpio_rst_clk_wiz_1_100M_0/mb_sys_gpio_rst_clk_wiz_1_100M_0_board.xdc] for cell 'mb_sys_gpio_i/rst_clk_wiz_1_100M/U0'
Finished Parsing XDC File [c:/Prj/xilinxPrj/MicroblazePrj/Prj2AXIGpio/Prj/MBAXIGpio/MB_AXIGpio/MB_AXIGpio.srcs/sources_1/bd/mb_sys_gpio/ip/mb_sys_gpio_rst_clk_wiz_1_100M_0/mb_sys_gpio_rst_clk_wiz_1_100M_0_board.xdc] for cell 'mb_sys_gpio_i/rst_clk_wiz_1_100M/U0'
Parsing XDC File [c:/Prj/xilinxPrj/MicroblazePrj/Prj2AXIGpio/Prj/MBAXIGpio/MB_AXIGpio/MB_AXIGpio.srcs/sources_1/bd/mb_sys_gpio/ip/mb_sys_gpio_rst_clk_wiz_1_100M_0/mb_sys_gpio_rst_clk_wiz_1_100M_0.xdc] for cell 'mb_sys_gpio_i/rst_clk_wiz_1_100M/U0'
Finished Parsing XDC File [c:/Prj/xilinxPrj/MicroblazePrj/Prj2AXIGpio/Prj/MBAXIGpio/MB_AXIGpio/MB_AXIGpio.srcs/sources_1/bd/mb_sys_gpio/ip/mb_sys_gpio_rst_clk_wiz_1_100M_0/mb_sys_gpio_rst_clk_wiz_1_100M_0.xdc] for cell 'mb_sys_gpio_i/rst_clk_wiz_1_100M/U0'
Parsing XDC File [c:/Prj/xilinxPrj/MicroblazePrj/Prj2AXIGpio/Prj/MBAXIGpio/MB_AXIGpio/MB_AXIGpio.srcs/sources_1/bd/mb_sys_gpio/ip/mb_sys_gpio_axi_gpio_0_0/mb_sys_gpio_axi_gpio_0_0_board.xdc] for cell 'mb_sys_gpio_i/axi_gpio_0/U0'
Finished Parsing XDC File [c:/Prj/xilinxPrj/MicroblazePrj/Prj2AXIGpio/Prj/MBAXIGpio/MB_AXIGpio/MB_AXIGpio.srcs/sources_1/bd/mb_sys_gpio/ip/mb_sys_gpio_axi_gpio_0_0/mb_sys_gpio_axi_gpio_0_0_board.xdc] for cell 'mb_sys_gpio_i/axi_gpio_0/U0'
Parsing XDC File [c:/Prj/xilinxPrj/MicroblazePrj/Prj2AXIGpio/Prj/MBAXIGpio/MB_AXIGpio/MB_AXIGpio.srcs/sources_1/bd/mb_sys_gpio/ip/mb_sys_gpio_axi_gpio_0_0/mb_sys_gpio_axi_gpio_0_0.xdc] for cell 'mb_sys_gpio_i/axi_gpio_0/U0'
Finished Parsing XDC File [c:/Prj/xilinxPrj/MicroblazePrj/Prj2AXIGpio/Prj/MBAXIGpio/MB_AXIGpio/MB_AXIGpio.srcs/sources_1/bd/mb_sys_gpio/ip/mb_sys_gpio_axi_gpio_0_0/mb_sys_gpio_axi_gpio_0_0.xdc] for cell 'mb_sys_gpio_i/axi_gpio_0/U0'
Parsing XDC File [c:/Prj/xilinxPrj/MicroblazePrj/Prj2AXIGpio/Prj/MBAXIGpio/MB_AXIGpio/MB_AXIGpio.srcs/sources_1/bd/mb_sys_gpio/ip/mb_sys_gpio_axi_uartlite_0_0/mb_sys_gpio_axi_uartlite_0_0_board.xdc] for cell 'mb_sys_gpio_i/axi_uartlite_0/U0'
Finished Parsing XDC File [c:/Prj/xilinxPrj/MicroblazePrj/Prj2AXIGpio/Prj/MBAXIGpio/MB_AXIGpio/MB_AXIGpio.srcs/sources_1/bd/mb_sys_gpio/ip/mb_sys_gpio_axi_uartlite_0_0/mb_sys_gpio_axi_uartlite_0_0_board.xdc] for cell 'mb_sys_gpio_i/axi_uartlite_0/U0'
Parsing XDC File [c:/Prj/xilinxPrj/MicroblazePrj/Prj2AXIGpio/Prj/MBAXIGpio/MB_AXIGpio/MB_AXIGpio.srcs/sources_1/bd/mb_sys_gpio/ip/mb_sys_gpio_axi_uartlite_0_0/mb_sys_gpio_axi_uartlite_0_0.xdc] for cell 'mb_sys_gpio_i/axi_uartlite_0/U0'
Finished Parsing XDC File [c:/Prj/xilinxPrj/MicroblazePrj/Prj2AXIGpio/Prj/MBAXIGpio/MB_AXIGpio/MB_AXIGpio.srcs/sources_1/bd/mb_sys_gpio/ip/mb_sys_gpio_axi_uartlite_0_0/mb_sys_gpio_axi_uartlite_0_0.xdc] for cell 'mb_sys_gpio_i/axi_uartlite_0/U0'
Parsing XDC File [C:/Prj/xilinxPrj/MicroblazePrj/Prj2AXIGpio/Prj/Code/xdc/xdc.xdc]
Finished Parsing XDC File [C:/Prj/xilinxPrj/MicroblazePrj/Prj2AXIGpio/Prj/Code/xdc/xdc.xdc]
INFO: [Project 1-538] Using original IP XDC constraints instead of the XDC constraints in dcp 'c:/Prj/xilinxPrj/MicroblazePrj/Prj2AXIGpio/Prj/MBAXIGpio/MB_AXIGpio/MB_AXIGpio.srcs/sources_1/bd/mb_sys_gpio/ip/mb_sys_gpio_microblaze_0_0/mb_sys_gpio_microblaze_0_0.dcp'
INFO: [Project 1-538] Using original IP XDC constraints instead of the XDC constraints in dcp 'c:/Prj/xilinxPrj/MicroblazePrj/Prj2AXIGpio/Prj/MBAXIGpio/MB_AXIGpio/MB_AXIGpio.srcs/sources_1/bd/mb_sys_gpio/ip/mb_sys_gpio_dlmb_v10_0/mb_sys_gpio_dlmb_v10_0.dcp'
INFO: [Project 1-538] Using original IP XDC constraints instead of the XDC constraints in dcp 'c:/Prj/xilinxPrj/MicroblazePrj/Prj2AXIGpio/Prj/MBAXIGpio/MB_AXIGpio/MB_AXIGpio.srcs/sources_1/bd/mb_sys_gpio/ip/mb_sys_gpio_ilmb_v10_0/mb_sys_gpio_ilmb_v10_0.dcp'
INFO: [Project 1-538] Using original IP XDC constraints instead of the XDC constraints in dcp 'c:/Prj/xilinxPrj/MicroblazePrj/Prj2AXIGpio/Prj/MBAXIGpio/MB_AXIGpio/MB_AXIGpio.srcs/sources_1/bd/mb_sys_gpio/ip/mb_sys_gpio_dlmb_bram_if_cntlr_0/mb_sys_gpio_dlmb_bram_if_cntlr_0.dcp'
INFO: [Project 1-538] Using original IP XDC constraints instead of the XDC constraints in dcp 'c:/Prj/xilinxPrj/MicroblazePrj/Prj2AXIGpio/Prj/MBAXIGpio/MB_AXIGpio/MB_AXIGpio.srcs/sources_1/bd/mb_sys_gpio/ip/mb_sys_gpio_ilmb_bram_if_cntlr_0/mb_sys_gpio_ilmb_bram_if_cntlr_0.dcp'
INFO: [Project 1-538] Using original IP XDC constraints instead of the XDC constraints in dcp 'c:/Prj/xilinxPrj/MicroblazePrj/Prj2AXIGpio/Prj/MBAXIGpio/MB_AXIGpio/MB_AXIGpio.srcs/sources_1/bd/mb_sys_gpio/ip/mb_sys_gpio_lmb_bram_0/mb_sys_gpio_lmb_bram_0.dcp'
INFO: [Project 1-538] Using original IP XDC constraints instead of the XDC constraints in dcp 'c:/Prj/xilinxPrj/MicroblazePrj/Prj2AXIGpio/Prj/MBAXIGpio/MB_AXIGpio/MB_AXIGpio.srcs/sources_1/bd/mb_sys_gpio/ip/mb_sys_gpio_mdm_1_0/mb_sys_gpio_mdm_1_0.dcp'
INFO: [Project 1-538] Using original IP XDC constraints instead of the XDC constraints in dcp 'c:/Prj/xilinxPrj/MicroblazePrj/Prj2AXIGpio/Prj/MBAXIGpio/MB_AXIGpio/MB_AXIGpio.srcs/sources_1/bd/mb_sys_gpio/ip/mb_sys_gpio_clk_wiz_1_0/mb_sys_gpio_clk_wiz_1_0.dcp'
INFO: [Project 1-538] Using original IP XDC constraints instead of the XDC constraints in dcp 'c:/Prj/xilinxPrj/MicroblazePrj/Prj2AXIGpio/Prj/MBAXIGpio/MB_AXIGpio/MB_AXIGpio.srcs/sources_1/bd/mb_sys_gpio/ip/mb_sys_gpio_rst_clk_wiz_1_100M_0/mb_sys_gpio_rst_clk_wiz_1_100M_0.dcp'
INFO: [Project 1-538] Using original IP XDC constraints instead of the XDC constraints in dcp 'c:/Prj/xilinxPrj/MicroblazePrj/Prj2AXIGpio/Prj/MBAXIGpio/MB_AXIGpio/MB_AXIGpio.srcs/sources_1/bd/mb_sys_gpio/ip/mb_sys_gpio_axi_gpio_0_0/mb_sys_gpio_axi_gpio_0_0.dcp'
INFO: [Project 1-538] Using original IP XDC constraints instead of the XDC constraints in dcp 'c:/Prj/xilinxPrj/MicroblazePrj/Prj2AXIGpio/Prj/MBAXIGpio/MB_AXIGpio/MB_AXIGpio.srcs/sources_1/bd/mb_sys_gpio/ip/mb_sys_gpio_axi_uartlite_0_0/mb_sys_gpio_axi_uartlite_0_0.dcp'
INFO: [Project 1-538] Using original IP XDC constraints instead of the XDC constraints in dcp 'c:/Prj/xilinxPrj/MicroblazePrj/Prj2AXIGpio/Prj/MBAXIGpio/MB_AXIGpio/MB_AXIGpio.srcs/sources_1/bd/mb_sys_gpio/ip/mb_sys_gpio_xbar_0/mb_sys_gpio_xbar_0.dcp'
INFO: [Opt 31-138] Pushed 0 inverter(s) to 0 load pin(s).
Generating merged BMM file for the design top 'mb_sys_gpio_wrapper'...
INFO: [Memdata 28-144] Successfully populated the BRAM INIT strings from the following elf files: c:/Prj/xilinxPrj/MicroblazePrj/Prj2AXIGpio/Prj/MBAXIGpio/MB_AXIGpio/MB_AXIGpio.srcs/sources_1/bd/mb_sys_gpio/ip/mb_sys_gpio_microblaze_0_0/data/mb_bootloop_le.elf 
INFO: [Project 1-111] Unisim Transformation Summary:
  A total of 128 instances were transformed.
  IOBUF => IOBUF (IBUF, OBUFT): 16 instances
  LUT6_2 => LUT6_2 (LUT5, LUT6): 64 instances
  RAM32M => RAM32M (RAMD32, RAMD32, RAMD32, RAMD32, RAMD32, RAMD32, RAMS32, RAMS32): 16 instances
  RAM32X1D => RAM32X1D (RAMD32, RAMD32): 32 instances

link_design: Time (s): cpu = 00:00:30 ; elapsed = 00:00:30 . Memory (MB): peak = 1038.926 ; gain = 828.285
Command: opt_design
Attempting to get a license for feature 'Implementation' and/or device 'xc7a100t'
INFO: [Common 17-349] Got license for feature 'Implementation' and/or device 'xc7a100t'
Running DRC as a precondition to command opt_design

Starting DRC Task
INFO: [DRC 23-27] Running DRC with 2 threads
INFO: [Project 1-461] DRC finished with 0 Errors
INFO: [Project 1-462] Please refer to the DRC report (report_drc) for more information.

Time (s): cpu = 00:00:02 ; elapsed = 00:00:01 . Memory (MB): peak = 1038.926 ; gain = 0.000
INFO: [Timing 38-35] Done setting XDC timing constraints.

Starting Logic Optimization Task
Implement Debug Cores | Checksum: 283ca9542

Phase 1 Retarget
INFO: [Opt 31-138] Pushed 4 inverter(s) to 15 load pin(s).
INFO: [Opt 31-49] Retargeted 0 cell(s).
Phase 1 Retarget | Checksum: 2009d167e

Time (s): cpu = 00:00:01 ; elapsed = 00:00:00.827 . Memory (MB): peak = 1045.922 ; gain = 0.000

Phase 2 Constant propagation
INFO: [Opt 31-138] Pushed 0 inverter(s) to 0 load pin(s).
INFO: [Opt 31-10] Eliminated 477 cells.
Phase 2 Constant propagation | Checksum: 250c56fac

Time (s): cpu = 00:00:02 ; elapsed = 00:00:02 . Memory (MB): peak = 1045.922 ; gain = 0.000

Phase 3 Sweep
INFO: [Opt 31-12] Eliminated 2024 unconnected nets.
INFO: [Opt 31-11] Eliminated 1188 unconnected cells.
Phase 3 Sweep | Checksum: 1d9db4f4b

Time (s): cpu = 00:00:04 ; elapsed = 00:00:04 . Memory (MB): peak = 1045.922 ; gain = 0.000

Phase 4 BUFG optimization
INFO: [Opt 31-12] Eliminated 0 unconnected nets.
INFO: [Opt 31-11] Eliminated 0 unconnected cells.
Phase 4 BUFG optimization | Checksum: 194769601

Time (s): cpu = 00:00:05 ; elapsed = 00:00:05 . Memory (MB): peak = 1045.922 ; gain = 0.000

Starting Connectivity Check Task

Time (s): cpu = 00:00:00 ; elapsed = 00:00:00.031 . Memory (MB): peak = 1045.922 ; gain = 0.000
Ending Logic Optimization Task | Checksum: 194769601

Time (s): cpu = 00:00:05 ; elapsed = 00:00:05 . Memory (MB): peak = 1045.922 ; gain = 0.000

Starting Power Optimization Task
INFO: [Pwropt 34-132] Skipping clock gating for clocks with a period < 2.00 ns.
INFO: [Timing 38-35] Done setting XDC timing constraints.
Running Vector-less Activity Propagation...

Finished Running Vector-less Activity Propagation
INFO: [Pwropt 34-9] Applying IDT optimizations ...
INFO: [Pwropt 34-10] Applying ODC optimizations ...


Starting PowerOpt Patch Enables Task
INFO: [Pwropt 34-162] WRITE_MODE attribute of 0 BRAM(s) out of a total of 18 has been updated to save power. Run report_power_opt to get a complete listing of the BRAMs updated.
INFO: [Pwropt 34-201] Structural ODC has moved 4 WE to EN ports
Number of BRAM Ports augmented: 0 newly gated: 8 Total Ports: 36
Ending PowerOpt Patch Enables Task | Checksum: 1f8a7a12b

Time (s): cpu = 00:00:00 ; elapsed = 00:00:00.047 . Memory (MB): peak = 1251.355 ; gain = 0.000
Ending Power Optimization Task | Checksum: 1f8a7a12b

Time (s): cpu = 00:00:06 ; elapsed = 00:00:04 . Memory (MB): peak = 1251.355 ; gain = 205.434
INFO: [Common 17-83] Releasing license: Implementation
54 Infos, 0 Warnings, 0 Critical Warnings and 0 Errors encountered.
opt_design completed successfully
opt_design: Time (s): cpu = 00:00:14 ; elapsed = 00:00:11 . Memory (MB): peak = 1251.355 ; gain = 212.430
Writing placer database...
Writing XDEF routing.
Writing XDEF routing logical nets.
Writing XDEF routing special nets.
Write XDEF Complete: Time (s): cpu = 00:00:00 ; elapsed = 00:00:00.047 . Memory (MB): peak = 1251.355 ; gain = 0.000
INFO: [Common 17-1381] The checkpoint 'C:/Prj/xilinxPrj/MicroblazePrj/Prj2AXIGpio/Prj/MBAXIGpio/MB_AXIGpio/MB_AXIGpio.runs/impl_1/mb_sys_gpio_wrapper_opt.dcp' has been generated.
INFO: [DRC 23-27] Running DRC with 2 threads
INFO: [Coretcl 2-168] The results of DRC are in file C:/Prj/xilinxPrj/MicroblazePrj/Prj2AXIGpio/Prj/MBAXIGpio/MB_AXIGpio/MB_AXIGpio.runs/impl_1/mb_sys_gpio_wrapper_drc_opted.rpt.
INFO: [Chipscope 16-241] No debug cores found in the current design.
Before running the implement_debug_core command, either use the Set Up Debug wizard (GUI mode)
or use the create_debug_core and connect_debug_core Tcl commands to insert debug cores into the design.
Command: place_design
Attempting to get a license for feature 'Implementation' and/or device 'xc7a100t'
INFO: [Common 17-349] Got license for feature 'Implementation' and/or device 'xc7a100t'
INFO: [DRC 23-27] Running DRC with 2 threads
INFO: [Vivado_Tcl 4-198] DRC finished with 0 Errors
INFO: [Vivado_Tcl 4-199] Please refer to the DRC report (report_drc) for more information.
Running DRC as a precondition to command place_design
INFO: [DRC 23-27] Running DRC with 2 threads
INFO: [Vivado_Tcl 4-198] DRC finished with 0 Errors
INFO: [Vivado_Tcl 4-199] Please refer to the DRC report (report_drc) for more information.

Starting Placer Task
INFO: [Place 30-611] Multithreading enabled for place_design using a maximum of 2 CPUs

Phase 1 Placer Initialization
Netlist sorting complete. Time (s): cpu = 00:00:00 ; elapsed = 00:00:00.031 . Memory (MB): peak = 1251.355 ; gain = 0.000
INFO: [Timing 38-35] Done setting XDC timing constraints.
INFO: [Opt 31-138] Pushed 0 inverter(s) to 0 load pin(s).
Netlist sorting complete. Time (s): cpu = 00:00:00 ; elapsed = 00:00:00.016 . Memory (MB): peak = 1251.355 ; gain = 0.000

Phase 1.1 IO Placement/ Clock Placement/ Build Placer Device
INFO: [Timing 38-35] Done setting XDC timing constraints.
Phase 1.1 IO Placement/ Clock Placement/ Build Placer Device | Checksum: b48fbae9

Time (s): cpu = 00:00:04 ; elapsed = 00:00:03 . Memory (MB): peak = 1251.355 ; gain = 0.000

Phase 1.2 Build Placer Netlist Model
Phase 1.2 Build Placer Netlist Model | Checksum: 18f4bed18

Time (s): cpu = 00:00:07 ; elapsed = 00:00:06 . Memory (MB): peak = 1251.355 ; gain = 0.000

Phase 1.3 Constrain Clocks/Macros
Phase 1.3 Constrain Clocks/Macros | Checksum: 18f4bed18

Time (s): cpu = 00:00:07 ; elapsed = 00:00:06 . Memory (MB): peak = 1251.355 ; gain = 0.000
Phase 1 Placer Initialization | Checksum: 18f4bed18

Time (s): cpu = 00:00:07 ; elapsed = 00:00:06 . Memory (MB): peak = 1251.355 ; gain = 0.000

Phase 2 Global Placement
Phase 2 Global Placement | Checksum: 13553e825

Time (s): cpu = 00:00:17 ; elapsed = 00:00:11 . Memory (MB): peak = 1251.355 ; gain = 0.000

Phase 3 Detail Placement

Phase 3.1 Commit Multi Column Macros
Phase 3.1 Commit Multi Column Macros | Checksum: 13553e825

Time (s): cpu = 00:00:17 ; elapsed = 00:00:11 . Memory (MB): peak = 1251.355 ; gain = 0.000

Phase 3.2 Commit Most Macros & LUTRAMs
Phase 3.2 Commit Most Macros & LUTRAMs | Checksum: 186c57858

Time (s): cpu = 00:00:19 ; elapsed = 00:00:12 . Memory (MB): peak = 1251.355 ; gain = 0.000

Phase 3.3 Area Swap Optimization
Phase 3.3 Area Swap Optimization | Checksum: 16f0c6c7c

Time (s): cpu = 00:00:19 ; elapsed = 00:00:13 . Memory (MB): peak = 1251.355 ; gain = 0.000

Phase 3.4 Pipeline Register Optimization
Phase 3.4 Pipeline Register Optimization | Checksum: ffe3653a

Time (s): cpu = 00:00:19 ; elapsed = 00:00:13 . Memory (MB): peak = 1251.355 ; gain = 0.000

Phase 3.5 Timing Path Optimizer
Phase 3.5 Timing Path Optimizer | Checksum: 12b601144

Time (s): cpu = 00:00:20 ; elapsed = 00:00:13 . Memory (MB): peak = 1251.355 ; gain = 0.000

Phase 3.6 Small Shape Detail Placement
Phase 3.6 Small Shape Detail Placement | Checksum: 127c674ea

Time (s): cpu = 00:00:21 ; elapsed = 00:00:14 . Memory (MB): peak = 1251.355 ; gain = 0.000

Phase 3.7 Re-assign LUT pins
Phase 3.7 Re-assign LUT pins | Checksum: 10f3f72c0

Time (s): cpu = 00:00:21 ; elapsed = 00:00:14 . Memory (MB): peak = 1251.355 ; gain = 0.000

Phase 3.8 Pipeline Register Optimization
Phase 3.8 Pipeline Register Optimization | Checksum: 10f3f72c0

Time (s): cpu = 00:00:21 ; elapsed = 00:00:14 . Memory (MB): peak = 1251.355 ; gain = 0.000
Phase 3 Detail Placement | Checksum: 10f3f72c0

Time (s): cpu = 00:00:21 ; elapsed = 00:00:14 . Memory (MB): peak = 1251.355 ; gain = 0.000

Phase 4 Post Placement Optimization and Clean-Up

Phase 4.1 Post Commit Optimization
INFO: [Timing 38-35] Done setting XDC timing constraints.

Phase 4.1.1 Post Placement Optimization
INFO: [Place 30-746] Post Placement Timing Summary WNS=1.359. For the most accurate timing information please run report_timing.
Phase 4.1.1 Post Placement Optimization | Checksum: 15e2e53cb

Time (s): cpu = 00:00:23 ; elapsed = 00:00:15 . Memory (MB): peak = 1251.355 ; gain = 0.000
Phase 4.1 Post Commit Optimization | Checksum: 15e2e53cb

Time (s): cpu = 00:00:23 ; elapsed = 00:00:16 . Memory (MB): peak = 1251.355 ; gain = 0.000

Phase 4.2 Post Placement Cleanup
Phase 4.2 Post Placement Cleanup | Checksum: 15e2e53cb

Time (s): cpu = 00:00:23 ; elapsed = 00:00:16 . Memory (MB): peak = 1251.355 ; gain = 0.000

Phase 4.3 Placer Reporting
Phase 4.3 Placer Reporting | Checksum: 15e2e53cb

Time (s): cpu = 00:00:23 ; elapsed = 00:00:16 . Memory (MB): peak = 1251.355 ; gain = 0.000

Phase 4.4 Final Placement Cleanup
Phase 4.4 Final Placement Cleanup | Checksum: 9df98fcd

Time (s): cpu = 00:00:23 ; elapsed = 00:00:16 . Memory (MB): peak = 1251.355 ; gain = 0.000
Phase 4 Post Placement Optimization and Clean-Up | Checksum: 9df98fcd

Time (s): cpu = 00:00:23 ; elapsed = 00:00:16 . Memory (MB): peak = 1251.355 ; gain = 0.000
Ending Placer Task | Checksum: 60a85ca1

Time (s): cpu = 00:00:23 ; elapsed = 00:00:16 . Memory (MB): peak = 1251.355 ; gain = 0.000
INFO: [Common 17-83] Releasing license: Implementation
72 Infos, 0 Warnings, 0 Critical Warnings and 0 Errors encountered.
place_design completed successfully
place_design: Time (s): cpu = 00:00:25 ; elapsed = 00:00:17 . Memory (MB): peak = 1251.355 ; gain = 0.000
Writing placer database...
Writing XDEF routing.
Writing XDEF routing logical nets.
Writing XDEF routing special nets.
Write XDEF Complete: Time (s): cpu = 00:00:01 ; elapsed = 00:00:00.358 . Memory (MB): peak = 1251.355 ; gain = 0.000
INFO: [Common 17-1381] The checkpoint 'C:/Prj/xilinxPrj/MicroblazePrj/Prj2AXIGpio/Prj/MBAXIGpio/MB_AXIGpio/MB_AXIGpio.runs/impl_1/mb_sys_gpio_wrapper_placed.dcp' has been generated.
report_io: Time (s): cpu = 00:00:01 ; elapsed = 00:00:00.047 . Memory (MB): peak = 1251.355 ; gain = 0.000
report_utilization: Time (s): cpu = 00:00:00 ; elapsed = 00:00:00.047 . Memory (MB): peak = 1251.355 ; gain = 0.000
report_control_sets: Time (s): cpu = 00:00:00 ; elapsed = 00:00:00.015 . Memory (MB): peak = 1251.355 ; gain = 0.000
Command: route_design
Attempting to get a license for feature 'Implementation' and/or device 'xc7a100t'
INFO: [Common 17-349] Got license for feature 'Implementation' and/or device 'xc7a100t'
Running DRC as a precondition to command route_design
INFO: [DRC 23-27] Running DRC with 2 threads
INFO: [Vivado_Tcl 4-198] DRC finished with 0 Errors
INFO: [Vivado_Tcl 4-199] Please refer to the DRC report (report_drc) for more information.


Starting Routing Task
INFO: [Route 35-254] Multithreading enabled for route_design using a maximum of 2 CPUs
Checksum: PlaceDB: 284a90fd ConstDB: 0 ShapeSum: 385dcba4 RouteDB: 0

Phase 1 Build RT Design
Phase 1 Build RT Design | Checksum: c2cc5bba

Time (s): cpu = 00:00:36 ; elapsed = 00:00:31 . Memory (MB): peak = 1251.355 ; gain = 0.000

Phase 2 Router Initialization

Phase 2.1 Create Timer
Phase 2.1 Create Timer | Checksum: c2cc5bba

Time (s): cpu = 00:00:36 ; elapsed = 00:00:31 . Memory (MB): peak = 1251.355 ; gain = 0.000

Phase 2.2 Fix Topology Constraints
Phase 2.2 Fix Topology Constraints | Checksum: c2cc5bba

Time (s): cpu = 00:00:36 ; elapsed = 00:00:31 . Memory (MB): peak = 1251.355 ; gain = 0.000

Phase 2.3 Pre Route Cleanup
Phase 2.3 Pre Route Cleanup | Checksum: c2cc5bba

Time (s): cpu = 00:00:36 ; elapsed = 00:00:31 . Memory (MB): peak = 1251.355 ; gain = 0.000
 Number of Nodes with overlaps = 0

Phase 2.4 Update Timing
Phase 2.4 Update Timing | Checksum: 239f02fa5

Time (s): cpu = 00:00:38 ; elapsed = 00:00:33 . Memory (MB): peak = 1251.355 ; gain = 0.000
INFO: [Route 35-416] Intermediate Timing Summary | WNS=1.474  | TNS=0.000  | WHS=-0.207 | THS=-43.450|

Phase 2 Router Initialization | Checksum: 239e0adc0

Time (s): cpu = 00:00:40 ; elapsed = 00:00:34 . Memory (MB): peak = 1251.355 ; gain = 0.000

Phase 3 Initial Routing
Phase 3 Initial Routing | Checksum: d45d2b96

Time (s): cpu = 00:00:49 ; elapsed = 00:00:39 . Memory (MB): peak = 1251.355 ; gain = 0.000

Phase 4 Rip-up And Reroute

Phase 4.1 Global Iteration 0
 Number of Nodes with overlaps = 297
 Number of Nodes with overlaps = 7
 Number of Nodes with overlaps = 0

Phase 4.1.1 Update Timing
Phase 4.1.1 Update Timing | Checksum: 125e90eeb

Time (s): cpu = 00:00:57 ; elapsed = 00:00:43 . Memory (MB): peak = 1251.355 ; gain = 0.000
INFO: [Route 35-416] Intermediate Timing Summary | WNS=1.220  | TNS=0.000  | WHS=N/A    | THS=N/A    |

Phase 4.1 Global Iteration 0 | Checksum: 1573b07c9

Time (s): cpu = 00:00:57 ; elapsed = 00:00:44 . Memory (MB): peak = 1251.355 ; gain = 0.000

Phase 4.2 Global Iteration 1
 Number of Nodes with overlaps = 0

Phase 4.2.1 Update Timing
Phase 4.2.1 Update Timing | Checksum: 1be8a412f

Time (s): cpu = 00:00:57 ; elapsed = 00:00:44 . Memory (MB): peak = 1251.355 ; gain = 0.000
INFO: [Route 35-416] Intermediate Timing Summary | WNS=1.203  | TNS=0.000  | WHS=N/A    | THS=N/A    |

Phase 4.2 Global Iteration 1 | Checksum: 1be8a412f

Time (s): cpu = 00:00:57 ; elapsed = 00:00:44 . Memory (MB): peak = 1251.355 ; gain = 0.000
Phase 4 Rip-up And Reroute | Checksum: 1be8a412f

Time (s): cpu = 00:00:57 ; elapsed = 00:00:44 . Memory (MB): peak = 1251.355 ; gain = 0.000

Phase 5 Delay and Skew Optimization

Phase 5.1 Delay CleanUp
Phase 5.1 Delay CleanUp | Checksum: 1be8a412f

Time (s): cpu = 00:00:57 ; elapsed = 00:00:44 . Memory (MB): peak = 1251.355 ; gain = 0.000

Phase 5.2 Clock Skew Optimization
Phase 5.2 Clock Skew Optimization | Checksum: 1be8a412f

Time (s): cpu = 00:00:57 ; elapsed = 00:00:44 . Memory (MB): peak = 1251.355 ; gain = 0.000
Phase 5 Delay and Skew Optimization | Checksum: 1be8a412f

Time (s): cpu = 00:00:58 ; elapsed = 00:00:44 . Memory (MB): peak = 1251.355 ; gain = 0.000

Phase 6 Post Hold Fix

Phase 6.1 Hold Fix Iter

Phase 6.1.1 Update Timing
Phase 6.1.1 Update Timing | Checksum: 10984b1fd

Time (s): cpu = 00:00:58 ; elapsed = 00:00:44 . Memory (MB): peak = 1251.355 ; gain = 0.000
INFO: [Route 35-416] Intermediate Timing Summary | WNS=1.210  | TNS=0.000  | WHS=0.023  | THS=0.000  |

Phase 6.1 Hold Fix Iter | Checksum: 1e4aa8b80

Time (s): cpu = 00:00:58 ; elapsed = 00:00:44 . Memory (MB): peak = 1251.355 ; gain = 0.000
Phase 6 Post Hold Fix | Checksum: 1e4aa8b80

Time (s): cpu = 00:00:58 ; elapsed = 00:00:44 . Memory (MB): peak = 1251.355 ; gain = 0.000

Phase 7 Route finalize

Router Utilization Summary
  Global Vertical Routing Utilization    = 0.676938 %
  Global Horizontal Routing Utilization  = 1.03943 %
  Routable Net Status*
  *Does not include unroutable nets such as driverless and loadless.
  Run report_route_status for detailed report.
  Number of Failed Nets               = 0
  Number of Unrouted Nets             = 0
  Number of Partially Routed Nets     = 0
  Number of Node Overlaps             = 0

Phase 7 Route finalize | Checksum: ec579292

Time (s): cpu = 00:00:58 ; elapsed = 00:00:44 . Memory (MB): peak = 1251.355 ; gain = 0.000

Phase 8 Verifying routed nets

 Verification completed successfully
Phase 8 Verifying routed nets | Checksum: ec579292

Time (s): cpu = 00:00:58 ; elapsed = 00:00:44 . Memory (MB): peak = 1251.355 ; gain = 0.000

Phase 9 Depositing Routes
Phase 9 Depositing Routes | Checksum: f4e279f2

Time (s): cpu = 00:00:59 ; elapsed = 00:00:45 . Memory (MB): peak = 1251.355 ; gain = 0.000

Phase 10 Post Router Timing
INFO: [Route 35-57] Estimated Timing Summary | WNS=1.210  | TNS=0.000  | WHS=0.023  | THS=0.000  |

INFO: [Route 35-327] The final timing numbers are based on the router estimated timing analysis. For a complete and accurate timing signoff, please run report_timing_summary.
Phase 10 Post Router Timing | Checksum: f4e279f2

Time (s): cpu = 00:00:59 ; elapsed = 00:00:45 . Memory (MB): peak = 1251.355 ; gain = 0.000
INFO: [Route 35-16] Router Completed Successfully

Time (s): cpu = 00:00:59 ; elapsed = 00:00:45 . Memory (MB): peak = 1251.355 ; gain = 0.000

Routing Is Done.
INFO: [Common 17-83] Releasing license: Implementation
86 Infos, 0 Warnings, 0 Critical Warnings and 0 Errors encountered.
route_design completed successfully
route_design: Time (s): cpu = 00:01:01 ; elapsed = 00:00:46 . Memory (MB): peak = 1251.355 ; gain = 0.000
Writing placer database...
Writing XDEF routing.
Writing XDEF routing logical nets.
Writing XDEF routing special nets.
Write XDEF Complete: Time (s): cpu = 00:00:02 ; elapsed = 00:00:00.717 . Memory (MB): peak = 1251.355 ; gain = 0.000
INFO: [Common 17-1381] The checkpoint 'C:/Prj/xilinxPrj/MicroblazePrj/Prj2AXIGpio/Prj/MBAXIGpio/MB_AXIGpio/MB_AXIGpio.runs/impl_1/mb_sys_gpio_wrapper_routed.dcp' has been generated.
INFO: [DRC 23-27] Running DRC with 2 threads
INFO: [Coretcl 2-168] The results of DRC are in file C:/Prj/xilinxPrj/MicroblazePrj/Prj2AXIGpio/Prj/MBAXIGpio/MB_AXIGpio/MB_AXIGpio.runs/impl_1/mb_sys_gpio_wrapper_drc_routed.rpt.
INFO: [Timing 38-35] Done setting XDC timing constraints.
INFO: [DRC 23-133] Running Methodology with 2 threads
INFO: [Coretcl 2-1520] The results of Report Methodology are in file C:/Prj/xilinxPrj/MicroblazePrj/Prj2AXIGpio/Prj/MBAXIGpio/MB_AXIGpio/MB_AXIGpio.runs/impl_1/mb_sys_gpio_wrapper_methodology_drc_routed.rpt.
INFO: [Timing 38-35] Done setting XDC timing constraints.
INFO: [Timing 38-91] UpdateTimingParams: Speed grade: -1, Delay Type: min_max.
INFO: [Timing 38-191] Multithreading enabled for timing update using a maximum of 2 CPUs
INFO: [Timing 38-35] Done setting XDC timing constraints.
Command: report_power -file mb_sys_gpio_wrapper_power_routed.rpt -pb mb_sys_gpio_wrapper_power_summary_routed.pb -rpx mb_sys_gpio_wrapper_power_routed.rpx
Running Vector-less Activity Propagation...

Finished Running Vector-less Activity Propagation
WARNING: [Power 33-332] Found switching activity that implies high-fanout reset nets being asserted for excessive periods of time which may result in inaccurate power analysis.
Resolution: To review and fix problems, please run Power Constraints Advisor in the GUI from Tools > Power Constraints Advisor or run report_power with the -advisory option to generate a text report.
96 Infos, 1 Warnings, 0 Critical Warnings and 0 Errors encountered.
report_power completed successfully
Command: write_bitstream -force -no_partial_bitfile mb_sys_gpio_wrapper.bit
Attempting to get a license for feature 'Implementation' and/or device 'xc7a100t'
INFO: [Common 17-349] Got license for feature 'Implementation' and/or device 'xc7a100t'
Running DRC as a precondition to command write_bitstream
INFO: [DRC 23-27] Running DRC with 2 threads
WARNING: [DRC 23-20] Rule violation (CFGBVS-1) Missing CFGBVS and CONFIG_VOLTAGE Design Properties - Neither the CFGBVS nor CONFIG_VOLTAGE voltage property is set in the current_design.  Configuration bank voltage select (CFGBVS) must be set to VCCO or GND, and CONFIG_VOLTAGE must be set to the correct configuration voltage, in order to determine the I/O voltage support for the pins in bank 0.  It is suggested to specify these either using the 'Edit Device Properties' function in the GUI or directly in the XDC file using the following syntax:

 set_property CFGBVS value1 [current_design]
 #where value1 is either VCCO or GND

 set_property CONFIG_VOLTAGE value2 [current_design]
 #where value2 is the voltage provided to configuration bank 0

Refer to the device configuration user guide for more information.
INFO: [Vivado 12-3199] DRC finished with 0 Errors, 1 Warnings
INFO: [Vivado 12-3200] Please refer to the DRC report (report_drc) for more information.
Generating merged BMM file for the design top 'mb_sys_gpio_wrapper'...
INFO: [Memdata 28-144] Successfully populated the BRAM INIT strings from the following elf files: c:/Prj/xilinxPrj/MicroblazePrj/Prj2AXIGpio/Prj/MBAXIGpio/MB_AXIGpio/MB_AXIGpio.srcs/sources_1/bd/mb_sys_gpio/ip/mb_sys_gpio_microblaze_0_0/data/mb_bootloop_le.elf 
Loading data files...
Loading site data...
Loading route data...
Processing options...
Creating bitmap...
Creating bitstream...
Writing bitstream ./mb_sys_gpio_wrapper.bit...
INFO: [Vivado 12-1842] Bitgen Completed Successfully.
INFO: [Project 1-120] WebTalk data collection is mandatory when using a WebPACK part without a full Vivado license. To see the specific WebTalk data collected for your design, open the usage_statistics_webtalk.html or usage_statistics_webtalk.xml file in the implementation directory.
INFO: [Common 17-83] Releasing license: Implementation
104 Infos, 2 Warnings, 0 Critical Warnings and 0 Errors encountered.
write_bitstream completed successfully
write_bitstream: Time (s): cpu = 00:00:21 ; elapsed = 00:00:27 . Memory (MB): peak = 1642.605 ; gain = 363.680
INFO: [Common 17-206] Exiting Vivado at Fri Aug 10 09:44:45 2018...
