
*** Running vivado
    with args -log mb_ddr_wrapper.vds -m64 -product Vivado -mode batch -messageDb vivado.pb -notrace -source mb_ddr_wrapper.tcl


****** Vivado v2016.4 (64-bit)
  **** SW Build 1733598 on Wed Dec 14 22:35:39 MST 2016
  **** IP Build 1731160 on Wed Dec 14 23:47:21 MST 2016
    ** Copyright 1986-2016 Xilinx, Inc. All Rights Reserved.

source mb_ddr_wrapper.tcl -notrace
INFO: [IP_Flow 19-234] Refreshing IP repositories
INFO: [IP_Flow 19-1704] No user IP repositories specified
INFO: [IP_Flow 19-2313] Loaded Vivado IP repository 'C:/ToolSoftWare/Xilinx/Vivado/2016.4/data/ip'.
add_files: Time (s): cpu = 00:00:06 ; elapsed = 00:00:06 . Memory (MB): peak = 331.629 ; gain = 108.941
Command: synth_design -top mb_ddr_wrapper -part xc7a100tcsg324-1
Starting synth_design
Attempting to get a license for feature 'Synthesis' and/or device 'xc7a100t'
INFO: [Common 17-349] Got license for feature 'Synthesis' and/or device 'xc7a100t'
INFO: Launching helper process for spawning children vivado processes
INFO: Helper process launched with PID 10108 
---------------------------------------------------------------------------------
Starting RTL Elaboration : Time (s): cpu = 00:00:10 ; elapsed = 00:00:12 . Memory (MB): peak = 405.918 ; gain = 194.980
---------------------------------------------------------------------------------
INFO: [Synth 8-638] synthesizing module 'mb_ddr_wrapper' [C:/Prj/xilinxPrj/MicroblazePrj/Prj3Ddr2/Prj/mc_ddr2/mc_ddr2.srcs/sources_1/bd/mb_ddr/hdl/mb_ddr_wrapper.v:12]
INFO: [Synth 8-638] synthesizing module 'mb_ddr' [C:/Prj/xilinxPrj/MicroblazePrj/Prj3Ddr2/Prj/mc_ddr2/mc_ddr2.srcs/sources_1/bd/mb_ddr/hdl/mb_ddr.v:419]
INFO: [Synth 8-638] synthesizing module 'mb_ddr_axi_mem_intercon_0' [C:/Prj/xilinxPrj/MicroblazePrj/Prj3Ddr2/Prj/mc_ddr2/mc_ddr2.srcs/sources_1/bd/mb_ddr/hdl/mb_ddr.v:1031]
INFO: [Synth 8-638] synthesizing module 'm00_couplers_imp_1AHLRPU' [C:/Prj/xilinxPrj/MicroblazePrj/Prj3Ddr2/Prj/mc_ddr2/mc_ddr2.srcs/sources_1/bd/mb_ddr/hdl/mb_ddr.v:12]
INFO: [Synth 8-638] synthesizing module 'mb_ddr_auto_cc_0' [C:/Prj/xilinxPrj/MicroblazePrj/Prj3Ddr2/Prj/mc_ddr2/mc_ddr2.runs/synth_1/.Xil/Vivado-1792-WRFA1EF/realtime/mb_ddr_auto_cc_0_stub.v:6]
INFO: [Synth 8-256] done synthesizing module 'mb_ddr_auto_cc_0' (1#1) [C:/Prj/xilinxPrj/MicroblazePrj/Prj3Ddr2/Prj/mc_ddr2/mc_ddr2.runs/synth_1/.Xil/Vivado-1792-WRFA1EF/realtime/mb_ddr_auto_cc_0_stub.v:6]
WARNING: [Synth 8-350] instance 'auto_cc' of module 'mb_ddr_auto_cc_0' requires 82 connections, but only 80 given [C:/Prj/xilinxPrj/MicroblazePrj/Prj3Ddr2/Prj/mc_ddr2/mc_ddr2.srcs/sources_1/bd/mb_ddr/hdl/mb_ddr.v:335]
INFO: [Synth 8-256] done synthesizing module 'm00_couplers_imp_1AHLRPU' (2#1) [C:/Prj/xilinxPrj/MicroblazePrj/Prj3Ddr2/Prj/mc_ddr2/mc_ddr2.srcs/sources_1/bd/mb_ddr/hdl/mb_ddr.v:12]
INFO: [Synth 8-638] synthesizing module 's00_couplers_imp_13YHLOJ' [C:/Prj/xilinxPrj/MicroblazePrj/Prj3Ddr2/Prj/mc_ddr2/mc_ddr2.srcs/sources_1/bd/mb_ddr/hdl/mb_ddr.v:2193]
INFO: [Synth 8-638] synthesizing module 'mb_ddr_auto_us_0' [C:/Prj/xilinxPrj/MicroblazePrj/Prj3Ddr2/Prj/mc_ddr2/mc_ddr2.runs/synth_1/.Xil/Vivado-1792-WRFA1EF/realtime/mb_ddr_auto_us_0_stub.v:6]
INFO: [Synth 8-256] done synthesizing module 'mb_ddr_auto_us_0' (3#1) [C:/Prj/xilinxPrj/MicroblazePrj/Prj3Ddr2/Prj/mc_ddr2/mc_ddr2.runs/synth_1/.Xil/Vivado-1792-WRFA1EF/realtime/mb_ddr_auto_us_0_stub.v:6]
WARNING: [Synth 8-350] instance 'auto_us' of module 'mb_ddr_auto_us_0' requires 72 connections, but only 70 given [C:/Prj/xilinxPrj/MicroblazePrj/Prj3Ddr2/Prj/mc_ddr2/mc_ddr2.srcs/sources_1/bd/mb_ddr/hdl/mb_ddr.v:2472]
INFO: [Synth 8-256] done synthesizing module 's00_couplers_imp_13YHLOJ' (4#1) [C:/Prj/xilinxPrj/MicroblazePrj/Prj3Ddr2/Prj/mc_ddr2/mc_ddr2.srcs/sources_1/bd/mb_ddr/hdl/mb_ddr.v:2193]
INFO: [Synth 8-638] synthesizing module 's01_couplers_imp_HBGDJM' [C:/Prj/xilinxPrj/MicroblazePrj/Prj3Ddr2/Prj/mc_ddr2/mc_ddr2.srcs/sources_1/bd/mb_ddr/hdl/mb_ddr.v:2677]
INFO: [Synth 8-638] synthesizing module 'mb_ddr_auto_us_1' [C:/Prj/xilinxPrj/MicroblazePrj/Prj3Ddr2/Prj/mc_ddr2/mc_ddr2.runs/synth_1/.Xil/Vivado-1792-WRFA1EF/realtime/mb_ddr_auto_us_1_stub.v:6]
INFO: [Synth 8-256] done synthesizing module 'mb_ddr_auto_us_1' (5#1) [C:/Prj/xilinxPrj/MicroblazePrj/Prj3Ddr2/Prj/mc_ddr2/mc_ddr2.runs/synth_1/.Xil/Vivado-1792-WRFA1EF/realtime/mb_ddr_auto_us_1_stub.v:6]
WARNING: [Synth 8-350] instance 'auto_us' of module 'mb_ddr_auto_us_1' requires 34 connections, but only 33 given [C:/Prj/xilinxPrj/MicroblazePrj/Prj3Ddr2/Prj/mc_ddr2/mc_ddr2.srcs/sources_1/bd/mb_ddr/hdl/mb_ddr.v:2812]
INFO: [Synth 8-256] done synthesizing module 's01_couplers_imp_HBGDJM' (6#1) [C:/Prj/xilinxPrj/MicroblazePrj/Prj3Ddr2/Prj/mc_ddr2/mc_ddr2.srcs/sources_1/bd/mb_ddr/hdl/mb_ddr.v:2677]
INFO: [Synth 8-638] synthesizing module 'mb_ddr_xbar_0' [C:/Prj/xilinxPrj/MicroblazePrj/Prj3Ddr2/Prj/mc_ddr2/mc_ddr2.runs/synth_1/.Xil/Vivado-1792-WRFA1EF/realtime/mb_ddr_xbar_0_stub.v:6]
INFO: [Synth 8-256] done synthesizing module 'mb_ddr_xbar_0' (7#1) [C:/Prj/xilinxPrj/MicroblazePrj/Prj3Ddr2/Prj/mc_ddr2/mc_ddr2.runs/synth_1/.Xil/Vivado-1792-WRFA1EF/realtime/mb_ddr_xbar_0_stub.v:6]
WARNING: [Synth 8-689] width (1) of port connection 's_axi_awready' does not match port width (2) of module 'mb_ddr_xbar_0' [C:/Prj/xilinxPrj/MicroblazePrj/Prj3Ddr2/Prj/mc_ddr2/mc_ddr2.srcs/sources_1/bd/mb_ddr/hdl/mb_ddr.v:1741]
WARNING: [Synth 8-689] width (2) of port connection 's_axi_bresp' does not match port width (4) of module 'mb_ddr_xbar_0' [C:/Prj/xilinxPrj/MicroblazePrj/Prj3Ddr2/Prj/mc_ddr2/mc_ddr2.srcs/sources_1/bd/mb_ddr/hdl/mb_ddr.v:1745]
WARNING: [Synth 8-689] width (1) of port connection 's_axi_bvalid' does not match port width (2) of module 'mb_ddr_xbar_0' [C:/Prj/xilinxPrj/MicroblazePrj/Prj3Ddr2/Prj/mc_ddr2/mc_ddr2.srcs/sources_1/bd/mb_ddr/hdl/mb_ddr.v:1746]
WARNING: [Synth 8-689] width (1) of port connection 's_axi_wready' does not match port width (2) of module 'mb_ddr_xbar_0' [C:/Prj/xilinxPrj/MicroblazePrj/Prj3Ddr2/Prj/mc_ddr2/mc_ddr2.srcs/sources_1/bd/mb_ddr/hdl/mb_ddr.v:1754]
WARNING: [Synth 8-350] instance 'xbar' of module 'mb_ddr_xbar_0' requires 78 connections, but only 76 given [C:/Prj/xilinxPrj/MicroblazePrj/Prj3Ddr2/Prj/mc_ddr2/mc_ddr2.srcs/sources_1/bd/mb_ddr/hdl/mb_ddr.v:1680]
INFO: [Synth 8-256] done synthesizing module 'mb_ddr_axi_mem_intercon_0' (8#1) [C:/Prj/xilinxPrj/MicroblazePrj/Prj3Ddr2/Prj/mc_ddr2/mc_ddr2.srcs/sources_1/bd/mb_ddr/hdl/mb_ddr.v:1031]
INFO: [Synth 8-638] synthesizing module 'mb_ddr_axi_uartlite_0_0' [C:/Prj/xilinxPrj/MicroblazePrj/Prj3Ddr2/Prj/mc_ddr2/mc_ddr2.runs/synth_1/.Xil/Vivado-1792-WRFA1EF/realtime/mb_ddr_axi_uartlite_0_0_stub.v:6]
INFO: [Synth 8-256] done synthesizing module 'mb_ddr_axi_uartlite_0_0' (9#1) [C:/Prj/xilinxPrj/MicroblazePrj/Prj3Ddr2/Prj/mc_ddr2/mc_ddr2.runs/synth_1/.Xil/Vivado-1792-WRFA1EF/realtime/mb_ddr_axi_uartlite_0_0_stub.v:6]
WARNING: [Synth 8-350] instance 'axi_uartlite_0' of module 'mb_ddr_axi_uartlite_0_0' requires 22 connections, but only 21 given [C:/Prj/xilinxPrj/MicroblazePrj/Prj3Ddr2/Prj/mc_ddr2/mc_ddr2.srcs/sources_1/bd/mb_ddr/hdl/mb_ddr.v:744]
INFO: [Synth 8-638] synthesizing module 'mb_ddr_clk_wiz_1_0' [C:/Prj/xilinxPrj/MicroblazePrj/Prj3Ddr2/Prj/mc_ddr2/mc_ddr2.runs/synth_1/.Xil/Vivado-1792-WRFA1EF/realtime/mb_ddr_clk_wiz_1_0_stub.v:5]
INFO: [Synth 8-256] done synthesizing module 'mb_ddr_clk_wiz_1_0' (10#1) [C:/Prj/xilinxPrj/MicroblazePrj/Prj3Ddr2/Prj/mc_ddr2/mc_ddr2.runs/synth_1/.Xil/Vivado-1792-WRFA1EF/realtime/mb_ddr_clk_wiz_1_0_stub.v:5]
INFO: [Synth 8-638] synthesizing module 'mb_ddr_mdm_1_0' [C:/Prj/xilinxPrj/MicroblazePrj/Prj3Ddr2/Prj/mc_ddr2/mc_ddr2.runs/synth_1/.Xil/Vivado-1792-WRFA1EF/realtime/mb_ddr_mdm_1_0_stub.v:6]
INFO: [Synth 8-256] done synthesizing module 'mb_ddr_mdm_1_0' (11#1) [C:/Prj/xilinxPrj/MicroblazePrj/Prj3Ddr2/Prj/mc_ddr2/mc_ddr2.runs/synth_1/.Xil/Vivado-1792-WRFA1EF/realtime/mb_ddr_mdm_1_0_stub.v:6]
INFO: [Synth 8-638] synthesizing module 'mb_ddr_microblaze_0_0' [C:/Prj/xilinxPrj/MicroblazePrj/Prj3Ddr2/Prj/mc_ddr2/mc_ddr2.runs/synth_1/.Xil/Vivado-1792-WRFA1EF/realtime/mb_ddr_microblaze_0_0_stub.v:6]
INFO: [Synth 8-256] done synthesizing module 'mb_ddr_microblaze_0_0' (12#1) [C:/Prj/xilinxPrj/MicroblazePrj/Prj3Ddr2/Prj/mc_ddr2/mc_ddr2.runs/synth_1/.Xil/Vivado-1792-WRFA1EF/realtime/mb_ddr_microblaze_0_0_stub.v:6]
WARNING: [Synth 8-350] instance 'microblaze_0' of module 'mb_ddr_microblaze_0_0' requires 126 connections, but only 105 given [C:/Prj/xilinxPrj/MicroblazePrj/Prj3Ddr2/Prj/mc_ddr2/mc_ddr2.srcs/sources_1/bd/mb_ddr/hdl/mb_ddr.v:785]
INFO: [Synth 8-638] synthesizing module 'mb_ddr_microblaze_0_axi_periph_0' [C:/Prj/xilinxPrj/MicroblazePrj/Prj3Ddr2/Prj/mc_ddr2/mc_ddr2.srcs/sources_1/bd/mb_ddr/hdl/mb_ddr.v:1759]
INFO: [Synth 8-638] synthesizing module 's00_couplers_imp_17MLJWT' [C:/Prj/xilinxPrj/MicroblazePrj/Prj3Ddr2/Prj/mc_ddr2/mc_ddr2.srcs/sources_1/bd/mb_ddr/hdl/mb_ddr.v:2545]
INFO: [Synth 8-256] done synthesizing module 's00_couplers_imp_17MLJWT' (13#1) [C:/Prj/xilinxPrj/MicroblazePrj/Prj3Ddr2/Prj/mc_ddr2/mc_ddr2.srcs/sources_1/bd/mb_ddr/hdl/mb_ddr.v:2545]
INFO: [Synth 8-256] done synthesizing module 'mb_ddr_microblaze_0_axi_periph_0' (14#1) [C:/Prj/xilinxPrj/MicroblazePrj/Prj3Ddr2/Prj/mc_ddr2/mc_ddr2.srcs/sources_1/bd/mb_ddr/hdl/mb_ddr.v:1759]
INFO: [Synth 8-638] synthesizing module 'microblaze_0_local_memory_imp_5KY77I' [C:/Prj/xilinxPrj/MicroblazePrj/Prj3Ddr2/Prj/mc_ddr2/mc_ddr2.srcs/sources_1/bd/mb_ddr/hdl/mb_ddr.v:1959]
INFO: [Synth 8-638] synthesizing module 'mb_ddr_dlmb_bram_if_cntlr_0' [C:/Prj/xilinxPrj/MicroblazePrj/Prj3Ddr2/Prj/mc_ddr2/mc_ddr2.runs/synth_1/.Xil/Vivado-1792-WRFA1EF/realtime/mb_ddr_dlmb_bram_if_cntlr_0_stub.v:6]
INFO: [Synth 8-256] done synthesizing module 'mb_ddr_dlmb_bram_if_cntlr_0' (15#1) [C:/Prj/xilinxPrj/MicroblazePrj/Prj3Ddr2/Prj/mc_ddr2/mc_ddr2.runs/synth_1/.Xil/Vivado-1792-WRFA1EF/realtime/mb_ddr_dlmb_bram_if_cntlr_0_stub.v:6]
INFO: [Synth 8-638] synthesizing module 'mb_ddr_dlmb_v10_0' [C:/Prj/xilinxPrj/MicroblazePrj/Prj3Ddr2/Prj/mc_ddr2/mc_ddr2.runs/synth_1/.Xil/Vivado-1792-WRFA1EF/realtime/mb_ddr_dlmb_v10_0_stub.v:6]
INFO: [Synth 8-256] done synthesizing module 'mb_ddr_dlmb_v10_0' (16#1) [C:/Prj/xilinxPrj/MicroblazePrj/Prj3Ddr2/Prj/mc_ddr2/mc_ddr2.runs/synth_1/.Xil/Vivado-1792-WRFA1EF/realtime/mb_ddr_dlmb_v10_0_stub.v:6]
WARNING: [Synth 8-350] instance 'dlmb_v10' of module 'mb_ddr_dlmb_v10_0' requires 25 connections, but only 24 given [C:/Prj/xilinxPrj/MicroblazePrj/Prj3Ddr2/Prj/mc_ddr2/mc_ddr2.srcs/sources_1/bd/mb_ddr/hdl/mb_ddr.v:2105]
INFO: [Synth 8-638] synthesizing module 'mb_ddr_ilmb_bram_if_cntlr_0' [C:/Prj/xilinxPrj/MicroblazePrj/Prj3Ddr2/Prj/mc_ddr2/mc_ddr2.runs/synth_1/.Xil/Vivado-1792-WRFA1EF/realtime/mb_ddr_ilmb_bram_if_cntlr_0_stub.v:6]
INFO: [Synth 8-256] done synthesizing module 'mb_ddr_ilmb_bram_if_cntlr_0' (17#1) [C:/Prj/xilinxPrj/MicroblazePrj/Prj3Ddr2/Prj/mc_ddr2/mc_ddr2.runs/synth_1/.Xil/Vivado-1792-WRFA1EF/realtime/mb_ddr_ilmb_bram_if_cntlr_0_stub.v:6]
INFO: [Synth 8-638] synthesizing module 'mb_ddr_ilmb_v10_0' [C:/Prj/xilinxPrj/MicroblazePrj/Prj3Ddr2/Prj/mc_ddr2/mc_ddr2.runs/synth_1/.Xil/Vivado-1792-WRFA1EF/realtime/mb_ddr_ilmb_v10_0_stub.v:6]
INFO: [Synth 8-256] done synthesizing module 'mb_ddr_ilmb_v10_0' (18#1) [C:/Prj/xilinxPrj/MicroblazePrj/Prj3Ddr2/Prj/mc_ddr2/mc_ddr2.runs/synth_1/.Xil/Vivado-1792-WRFA1EF/realtime/mb_ddr_ilmb_v10_0_stub.v:6]
WARNING: [Synth 8-350] instance 'ilmb_v10' of module 'mb_ddr_ilmb_v10_0' requires 25 connections, but only 24 given [C:/Prj/xilinxPrj/MicroblazePrj/Prj3Ddr2/Prj/mc_ddr2/mc_ddr2.srcs/sources_1/bd/mb_ddr/hdl/mb_ddr.v:2151]
INFO: [Synth 8-638] synthesizing module 'mb_ddr_lmb_bram_0' [C:/Prj/xilinxPrj/MicroblazePrj/Prj3Ddr2/Prj/mc_ddr2/mc_ddr2.runs/synth_1/.Xil/Vivado-1792-WRFA1EF/realtime/mb_ddr_lmb_bram_0_stub.v:6]
INFO: [Synth 8-256] done synthesizing module 'mb_ddr_lmb_bram_0' (19#1) [C:/Prj/xilinxPrj/MicroblazePrj/Prj3Ddr2/Prj/mc_ddr2/mc_ddr2.runs/synth_1/.Xil/Vivado-1792-WRFA1EF/realtime/mb_ddr_lmb_bram_0_stub.v:6]
INFO: [Synth 8-256] done synthesizing module 'microblaze_0_local_memory_imp_5KY77I' (20#1) [C:/Prj/xilinxPrj/MicroblazePrj/Prj3Ddr2/Prj/mc_ddr2/mc_ddr2.srcs/sources_1/bd/mb_ddr/hdl/mb_ddr.v:1959]
INFO: [Synth 8-638] synthesizing module 'mb_ddr_mig_7series_0_0' [C:/Prj/xilinxPrj/MicroblazePrj/Prj3Ddr2/Prj/mc_ddr2/mc_ddr2.runs/synth_1/.Xil/Vivado-1792-WRFA1EF/realtime/mb_ddr_mig_7series_0_0_stub.v:5]
INFO: [Synth 8-256] done synthesizing module 'mb_ddr_mig_7series_0_0' (21#1) [C:/Prj/xilinxPrj/MicroblazePrj/Prj3Ddr2/Prj/mc_ddr2/mc_ddr2.runs/synth_1/.Xil/Vivado-1792-WRFA1EF/realtime/mb_ddr_mig_7series_0_0_stub.v:5]
WARNING: [Synth 8-350] instance 'mig_7series_0' of module 'mb_ddr_mig_7series_0_0' requires 66 connections, but only 57 given [C:/Prj/xilinxPrj/MicroblazePrj/Prj3Ddr2/Prj/mc_ddr2/mc_ddr2.srcs/sources_1/bd/mb_ddr/hdl/mb_ddr.v:954]
INFO: [Synth 8-638] synthesizing module 'mb_ddr_rst_clk_wiz_1_100M_0' [C:/Prj/xilinxPrj/MicroblazePrj/Prj3Ddr2/Prj/mc_ddr2/mc_ddr2.runs/synth_1/.Xil/Vivado-1792-WRFA1EF/realtime/mb_ddr_rst_clk_wiz_1_100M_0_stub.v:6]
INFO: [Synth 8-256] done synthesizing module 'mb_ddr_rst_clk_wiz_1_100M_0' (22#1) [C:/Prj/xilinxPrj/MicroblazePrj/Prj3Ddr2/Prj/mc_ddr2/mc_ddr2.runs/synth_1/.Xil/Vivado-1792-WRFA1EF/realtime/mb_ddr_rst_clk_wiz_1_100M_0_stub.v:6]
WARNING: [Synth 8-350] instance 'rst_clk_wiz_1_100M' of module 'mb_ddr_rst_clk_wiz_1_100M_0' requires 10 connections, but only 9 given [C:/Prj/xilinxPrj/MicroblazePrj/Prj3Ddr2/Prj/mc_ddr2/mc_ddr2.srcs/sources_1/bd/mb_ddr/hdl/mb_ddr.v:1012]
INFO: [Synth 8-638] synthesizing module 'mb_ddr_rst_mig_7series_0_81M_0' [C:/Prj/xilinxPrj/MicroblazePrj/Prj3Ddr2/Prj/mc_ddr2/mc_ddr2.runs/synth_1/.Xil/Vivado-1792-WRFA1EF/realtime/mb_ddr_rst_mig_7series_0_81M_0_stub.v:6]
INFO: [Synth 8-256] done synthesizing module 'mb_ddr_rst_mig_7series_0_81M_0' (23#1) [C:/Prj/xilinxPrj/MicroblazePrj/Prj3Ddr2/Prj/mc_ddr2/mc_ddr2.runs/synth_1/.Xil/Vivado-1792-WRFA1EF/realtime/mb_ddr_rst_mig_7series_0_81M_0_stub.v:6]
WARNING: [Synth 8-350] instance 'rst_mig_7series_0_81M' of module 'mb_ddr_rst_mig_7series_0_81M_0' requires 10 connections, but only 6 given [C:/Prj/xilinxPrj/MicroblazePrj/Prj3Ddr2/Prj/mc_ddr2/mc_ddr2.srcs/sources_1/bd/mb_ddr/hdl/mb_ddr.v:1022]
INFO: [Synth 8-256] done synthesizing module 'mb_ddr' (24#1) [C:/Prj/xilinxPrj/MicroblazePrj/Prj3Ddr2/Prj/mc_ddr2/mc_ddr2.srcs/sources_1/bd/mb_ddr/hdl/mb_ddr.v:419]
INFO: [Synth 8-256] done synthesizing module 'mb_ddr_wrapper' (25#1) [C:/Prj/xilinxPrj/MicroblazePrj/Prj3Ddr2/Prj/mc_ddr2/mc_ddr2.srcs/sources_1/bd/mb_ddr/hdl/mb_ddr_wrapper.v:12]
WARNING: [Synth 8-3331] design s00_couplers_imp_17MLJWT has unconnected port M_ACLK
WARNING: [Synth 8-3331] design s00_couplers_imp_17MLJWT has unconnected port M_ARESETN
WARNING: [Synth 8-3331] design s00_couplers_imp_17MLJWT has unconnected port S_ACLK
WARNING: [Synth 8-3331] design s00_couplers_imp_17MLJWT has unconnected port S_ARESETN
WARNING: [Synth 8-3331] design mb_ddr_microblaze_0_axi_periph_0 has unconnected port ACLK
WARNING: [Synth 8-3331] design mb_ddr_microblaze_0_axi_periph_0 has unconnected port ARESETN
WARNING: [Synth 8-3331] design s01_couplers_imp_HBGDJM has unconnected port M_ACLK
WARNING: [Synth 8-3331] design s01_couplers_imp_HBGDJM has unconnected port M_ARESETN
WARNING: [Synth 8-3331] design s00_couplers_imp_13YHLOJ has unconnected port M_ACLK
WARNING: [Synth 8-3331] design s00_couplers_imp_13YHLOJ has unconnected port M_ARESETN
---------------------------------------------------------------------------------
Finished RTL Elaboration : Time (s): cpu = 00:00:11 ; elapsed = 00:00:13 . Memory (MB): peak = 444.313 ; gain = 233.375
---------------------------------------------------------------------------------

Report Check Netlist: 
+------+------------------+-------+---------+-------+------------------+
|      |Item              |Errors |Warnings |Status |Description       |
+------+------------------+-------+---------+-------+------------------+
|1     |multi_driven_nets |      0|        0|Passed |Multi driven nets |
+------+------------------+-------+---------+-------+------------------+
---------------------------------------------------------------------------------
Finished RTL Optimization Phase 1 : Time (s): cpu = 00:00:11 ; elapsed = 00:00:13 . Memory (MB): peak = 444.313 ; gain = 233.375
---------------------------------------------------------------------------------
WARNING: [Project 1-486] Could not resolve non-primitive black box cell 'mb_ddr_auto_cc_0' instantiated as 'mb_ddr_i/axi_mem_intercon/m00_couplers/auto_cc' [C:/Prj/xilinxPrj/MicroblazePrj/Prj3Ddr2/Prj/mc_ddr2/mc_ddr2.srcs/sources_1/bd/mb_ddr/hdl/mb_ddr.v:335]
WARNING: [Project 1-486] Could not resolve non-primitive black box cell 'mb_ddr_auto_us_0' instantiated as 'mb_ddr_i/axi_mem_intercon/s00_couplers/auto_us' [C:/Prj/xilinxPrj/MicroblazePrj/Prj3Ddr2/Prj/mc_ddr2/mc_ddr2.srcs/sources_1/bd/mb_ddr/hdl/mb_ddr.v:2472]
WARNING: [Project 1-486] Could not resolve non-primitive black box cell 'mb_ddr_auto_us_1' instantiated as 'mb_ddr_i/axi_mem_intercon/s01_couplers/auto_us' [C:/Prj/xilinxPrj/MicroblazePrj/Prj3Ddr2/Prj/mc_ddr2/mc_ddr2.srcs/sources_1/bd/mb_ddr/hdl/mb_ddr.v:2812]
WARNING: [Project 1-486] Could not resolve non-primitive black box cell 'mb_ddr_axi_uartlite_0_0' instantiated as 'mb_ddr_i/axi_uartlite_0' [C:/Prj/xilinxPrj/MicroblazePrj/Prj3Ddr2/Prj/mc_ddr2/mc_ddr2.srcs/sources_1/bd/mb_ddr/hdl/mb_ddr.v:744]
WARNING: [Project 1-486] Could not resolve non-primitive black box cell 'mb_ddr_clk_wiz_1_0' instantiated as 'mb_ddr_i/clk_wiz_1' [C:/Prj/xilinxPrj/MicroblazePrj/Prj3Ddr2/Prj/mc_ddr2/mc_ddr2.srcs/sources_1/bd/mb_ddr/hdl/mb_ddr.v:766]
WARNING: [Project 1-486] Could not resolve non-primitive black box cell 'mb_ddr_dlmb_bram_if_cntlr_0' instantiated as 'mb_ddr_i/microblaze_0_local_memory/dlmb_bram_if_cntlr' [C:/Prj/xilinxPrj/MicroblazePrj/Prj3Ddr2/Prj/mc_ddr2/mc_ddr2.srcs/sources_1/bd/mb_ddr/hdl/mb_ddr.v:2084]
WARNING: [Project 1-486] Could not resolve non-primitive black box cell 'mb_ddr_dlmb_v10_0' instantiated as 'mb_ddr_i/microblaze_0_local_memory/dlmb_v10' [C:/Prj/xilinxPrj/MicroblazePrj/Prj3Ddr2/Prj/mc_ddr2/mc_ddr2.srcs/sources_1/bd/mb_ddr/hdl/mb_ddr.v:2105]
WARNING: [Project 1-486] Could not resolve non-primitive black box cell 'mb_ddr_ilmb_bram_if_cntlr_0' instantiated as 'mb_ddr_i/microblaze_0_local_memory/ilmb_bram_if_cntlr' [C:/Prj/xilinxPrj/MicroblazePrj/Prj3Ddr2/Prj/mc_ddr2/mc_ddr2.srcs/sources_1/bd/mb_ddr/hdl/mb_ddr.v:2130]
WARNING: [Project 1-486] Could not resolve non-primitive black box cell 'mb_ddr_ilmb_v10_0' instantiated as 'mb_ddr_i/microblaze_0_local_memory/ilmb_v10' [C:/Prj/xilinxPrj/MicroblazePrj/Prj3Ddr2/Prj/mc_ddr2/mc_ddr2.srcs/sources_1/bd/mb_ddr/hdl/mb_ddr.v:2151]
WARNING: [Project 1-486] Could not resolve non-primitive black box cell 'mb_ddr_lmb_bram_0' instantiated as 'mb_ddr_i/microblaze_0_local_memory/lmb_bram' [C:/Prj/xilinxPrj/MicroblazePrj/Prj3Ddr2/Prj/mc_ddr2/mc_ddr2.srcs/sources_1/bd/mb_ddr/hdl/mb_ddr.v:2176]
WARNING: [Project 1-486] Could not resolve non-primitive black box cell 'mb_ddr_mdm_1_0' instantiated as 'mb_ddr_i/mdm_1' [C:/Prj/xilinxPrj/MicroblazePrj/Prj3Ddr2/Prj/mc_ddr2/mc_ddr2.srcs/sources_1/bd/mb_ddr/hdl/mb_ddr.v:772]
WARNING: [Project 1-486] Could not resolve non-primitive black box cell 'mb_ddr_microblaze_0_0' instantiated as 'mb_ddr_i/microblaze_0' [C:/Prj/xilinxPrj/MicroblazePrj/Prj3Ddr2/Prj/mc_ddr2/mc_ddr2.srcs/sources_1/bd/mb_ddr/hdl/mb_ddr.v:785]
WARNING: [Project 1-486] Could not resolve non-primitive black box cell 'mb_ddr_mig_7series_0_0' instantiated as 'mb_ddr_i/mig_7series_0' [C:/Prj/xilinxPrj/MicroblazePrj/Prj3Ddr2/Prj/mc_ddr2/mc_ddr2.srcs/sources_1/bd/mb_ddr/hdl/mb_ddr.v:954]
WARNING: [Project 1-486] Could not resolve non-primitive black box cell 'mb_ddr_rst_clk_wiz_1_100M_0' instantiated as 'mb_ddr_i/rst_clk_wiz_1_100M' [C:/Prj/xilinxPrj/MicroblazePrj/Prj3Ddr2/Prj/mc_ddr2/mc_ddr2.srcs/sources_1/bd/mb_ddr/hdl/mb_ddr.v:1012]
WARNING: [Project 1-486] Could not resolve non-primitive black box cell 'mb_ddr_rst_mig_7series_0_81M_0' instantiated as 'mb_ddr_i/rst_mig_7series_0_81M' [C:/Prj/xilinxPrj/MicroblazePrj/Prj3Ddr2/Prj/mc_ddr2/mc_ddr2.srcs/sources_1/bd/mb_ddr/hdl/mb_ddr.v:1022]
WARNING: [Project 1-486] Could not resolve non-primitive black box cell 'mb_ddr_xbar_0' instantiated as 'mb_ddr_i/axi_mem_intercon/xbar' [C:/Prj/xilinxPrj/MicroblazePrj/Prj3Ddr2/Prj/mc_ddr2/mc_ddr2.srcs/sources_1/bd/mb_ddr/hdl/mb_ddr.v:1680]
INFO: [Device 21-403] Loading part xc7a100tcsg324-1
INFO: [Project 1-570] Preparing netlist for logic optimization

Processing XDC Constraints
Initializing timing engine
Parsing XDC File [C:/Prj/xilinxPrj/MicroblazePrj/Prj3Ddr2/Prj/mc_ddr2/mc_ddr2.runs/synth_1/.Xil/Vivado-1792-WRFA1EF/dcp/mb_ddr_microblaze_0_0_in_context.xdc] for cell 'mb_ddr_i/microblaze_0'
Finished Parsing XDC File [C:/Prj/xilinxPrj/MicroblazePrj/Prj3Ddr2/Prj/mc_ddr2/mc_ddr2.runs/synth_1/.Xil/Vivado-1792-WRFA1EF/dcp/mb_ddr_microblaze_0_0_in_context.xdc] for cell 'mb_ddr_i/microblaze_0'
Parsing XDC File [C:/Prj/xilinxPrj/MicroblazePrj/Prj3Ddr2/Prj/mc_ddr2/mc_ddr2.runs/synth_1/.Xil/Vivado-1792-WRFA1EF/dcp_2/mb_ddr_dlmb_v10_0_in_context.xdc] for cell 'mb_ddr_i/microblaze_0_local_memory/dlmb_v10'
Finished Parsing XDC File [C:/Prj/xilinxPrj/MicroblazePrj/Prj3Ddr2/Prj/mc_ddr2/mc_ddr2.runs/synth_1/.Xil/Vivado-1792-WRFA1EF/dcp_2/mb_ddr_dlmb_v10_0_in_context.xdc] for cell 'mb_ddr_i/microblaze_0_local_memory/dlmb_v10'
Parsing XDC File [C:/Prj/xilinxPrj/MicroblazePrj/Prj3Ddr2/Prj/mc_ddr2/mc_ddr2.runs/synth_1/.Xil/Vivado-1792-WRFA1EF/dcp_3/mb_ddr_ilmb_v10_0_in_context.xdc] for cell 'mb_ddr_i/microblaze_0_local_memory/ilmb_v10'
Finished Parsing XDC File [C:/Prj/xilinxPrj/MicroblazePrj/Prj3Ddr2/Prj/mc_ddr2/mc_ddr2.runs/synth_1/.Xil/Vivado-1792-WRFA1EF/dcp_3/mb_ddr_ilmb_v10_0_in_context.xdc] for cell 'mb_ddr_i/microblaze_0_local_memory/ilmb_v10'
Parsing XDC File [C:/Prj/xilinxPrj/MicroblazePrj/Prj3Ddr2/Prj/mc_ddr2/mc_ddr2.runs/synth_1/.Xil/Vivado-1792-WRFA1EF/dcp_4/mb_ddr_dlmb_bram_if_cntlr_0_in_context.xdc] for cell 'mb_ddr_i/microblaze_0_local_memory/dlmb_bram_if_cntlr'
Finished Parsing XDC File [C:/Prj/xilinxPrj/MicroblazePrj/Prj3Ddr2/Prj/mc_ddr2/mc_ddr2.runs/synth_1/.Xil/Vivado-1792-WRFA1EF/dcp_4/mb_ddr_dlmb_bram_if_cntlr_0_in_context.xdc] for cell 'mb_ddr_i/microblaze_0_local_memory/dlmb_bram_if_cntlr'
Parsing XDC File [C:/Prj/xilinxPrj/MicroblazePrj/Prj3Ddr2/Prj/mc_ddr2/mc_ddr2.runs/synth_1/.Xil/Vivado-1792-WRFA1EF/dcp_5/mb_ddr_ilmb_bram_if_cntlr_0_in_context.xdc] for cell 'mb_ddr_i/microblaze_0_local_memory/ilmb_bram_if_cntlr'
Finished Parsing XDC File [C:/Prj/xilinxPrj/MicroblazePrj/Prj3Ddr2/Prj/mc_ddr2/mc_ddr2.runs/synth_1/.Xil/Vivado-1792-WRFA1EF/dcp_5/mb_ddr_ilmb_bram_if_cntlr_0_in_context.xdc] for cell 'mb_ddr_i/microblaze_0_local_memory/ilmb_bram_if_cntlr'
Parsing XDC File [C:/Prj/xilinxPrj/MicroblazePrj/Prj3Ddr2/Prj/mc_ddr2/mc_ddr2.runs/synth_1/.Xil/Vivado-1792-WRFA1EF/dcp_6/mb_ddr_lmb_bram_0_in_context.xdc] for cell 'mb_ddr_i/microblaze_0_local_memory/lmb_bram'
Finished Parsing XDC File [C:/Prj/xilinxPrj/MicroblazePrj/Prj3Ddr2/Prj/mc_ddr2/mc_ddr2.runs/synth_1/.Xil/Vivado-1792-WRFA1EF/dcp_6/mb_ddr_lmb_bram_0_in_context.xdc] for cell 'mb_ddr_i/microblaze_0_local_memory/lmb_bram'
Parsing XDC File [C:/Prj/xilinxPrj/MicroblazePrj/Prj3Ddr2/Prj/mc_ddr2/mc_ddr2.runs/synth_1/.Xil/Vivado-1792-WRFA1EF/dcp_7/mb_ddr_mdm_1_0_in_context.xdc] for cell 'mb_ddr_i/mdm_1'
Finished Parsing XDC File [C:/Prj/xilinxPrj/MicroblazePrj/Prj3Ddr2/Prj/mc_ddr2/mc_ddr2.runs/synth_1/.Xil/Vivado-1792-WRFA1EF/dcp_7/mb_ddr_mdm_1_0_in_context.xdc] for cell 'mb_ddr_i/mdm_1'
Parsing XDC File [C:/Prj/xilinxPrj/MicroblazePrj/Prj3Ddr2/Prj/mc_ddr2/mc_ddr2.runs/synth_1/.Xil/Vivado-1792-WRFA1EF/dcp_8/mb_ddr_clk_wiz_1_0_in_context.xdc] for cell 'mb_ddr_i/clk_wiz_1'
Finished Parsing XDC File [C:/Prj/xilinxPrj/MicroblazePrj/Prj3Ddr2/Prj/mc_ddr2/mc_ddr2.runs/synth_1/.Xil/Vivado-1792-WRFA1EF/dcp_8/mb_ddr_clk_wiz_1_0_in_context.xdc] for cell 'mb_ddr_i/clk_wiz_1'
Parsing XDC File [C:/Prj/xilinxPrj/MicroblazePrj/Prj3Ddr2/Prj/mc_ddr2/mc_ddr2.runs/synth_1/.Xil/Vivado-1792-WRFA1EF/dcp_9/mb_ddr_rst_clk_wiz_1_100M_0_in_context.xdc] for cell 'mb_ddr_i/rst_clk_wiz_1_100M'
Finished Parsing XDC File [C:/Prj/xilinxPrj/MicroblazePrj/Prj3Ddr2/Prj/mc_ddr2/mc_ddr2.runs/synth_1/.Xil/Vivado-1792-WRFA1EF/dcp_9/mb_ddr_rst_clk_wiz_1_100M_0_in_context.xdc] for cell 'mb_ddr_i/rst_clk_wiz_1_100M'
Parsing XDC File [C:/Prj/xilinxPrj/MicroblazePrj/Prj3Ddr2/Prj/mc_ddr2/mc_ddr2.runs/synth_1/.Xil/Vivado-1792-WRFA1EF/dcp_10/mb_ddr_axi_uartlite_0_0_in_context.xdc] for cell 'mb_ddr_i/axi_uartlite_0'
Finished Parsing XDC File [C:/Prj/xilinxPrj/MicroblazePrj/Prj3Ddr2/Prj/mc_ddr2/mc_ddr2.runs/synth_1/.Xil/Vivado-1792-WRFA1EF/dcp_10/mb_ddr_axi_uartlite_0_0_in_context.xdc] for cell 'mb_ddr_i/axi_uartlite_0'
Parsing XDC File [C:/Prj/xilinxPrj/MicroblazePrj/Prj3Ddr2/Prj/mc_ddr2/mc_ddr2.runs/synth_1/.Xil/Vivado-1792-WRFA1EF/dcp_11/mb_ddr_mig_7series_0_0_in_context.xdc] for cell 'mb_ddr_i/mig_7series_0'
Finished Parsing XDC File [C:/Prj/xilinxPrj/MicroblazePrj/Prj3Ddr2/Prj/mc_ddr2/mc_ddr2.runs/synth_1/.Xil/Vivado-1792-WRFA1EF/dcp_11/mb_ddr_mig_7series_0_0_in_context.xdc] for cell 'mb_ddr_i/mig_7series_0'
Parsing XDC File [C:/Prj/xilinxPrj/MicroblazePrj/Prj3Ddr2/Prj/mc_ddr2/mc_ddr2.runs/synth_1/.Xil/Vivado-1792-WRFA1EF/dcp_12/mb_ddr_xbar_0_in_context.xdc] for cell 'mb_ddr_i/axi_mem_intercon/xbar'
Finished Parsing XDC File [C:/Prj/xilinxPrj/MicroblazePrj/Prj3Ddr2/Prj/mc_ddr2/mc_ddr2.runs/synth_1/.Xil/Vivado-1792-WRFA1EF/dcp_12/mb_ddr_xbar_0_in_context.xdc] for cell 'mb_ddr_i/axi_mem_intercon/xbar'
Parsing XDC File [C:/Prj/xilinxPrj/MicroblazePrj/Prj3Ddr2/Prj/mc_ddr2/mc_ddr2.runs/synth_1/.Xil/Vivado-1792-WRFA1EF/dcp_13/mb_ddr_rst_mig_7series_0_81M_0_in_context.xdc] for cell 'mb_ddr_i/rst_mig_7series_0_81M'
Finished Parsing XDC File [C:/Prj/xilinxPrj/MicroblazePrj/Prj3Ddr2/Prj/mc_ddr2/mc_ddr2.runs/synth_1/.Xil/Vivado-1792-WRFA1EF/dcp_13/mb_ddr_rst_mig_7series_0_81M_0_in_context.xdc] for cell 'mb_ddr_i/rst_mig_7series_0_81M'
Parsing XDC File [C:/Prj/xilinxPrj/MicroblazePrj/Prj3Ddr2/Prj/mc_ddr2/mc_ddr2.runs/synth_1/.Xil/Vivado-1792-WRFA1EF/dcp_14/mb_ddr_auto_cc_0_in_context.xdc] for cell 'mb_ddr_i/axi_mem_intercon/m00_couplers/auto_cc'
Finished Parsing XDC File [C:/Prj/xilinxPrj/MicroblazePrj/Prj3Ddr2/Prj/mc_ddr2/mc_ddr2.runs/synth_1/.Xil/Vivado-1792-WRFA1EF/dcp_14/mb_ddr_auto_cc_0_in_context.xdc] for cell 'mb_ddr_i/axi_mem_intercon/m00_couplers/auto_cc'
Parsing XDC File [C:/Prj/xilinxPrj/MicroblazePrj/Prj3Ddr2/Prj/mc_ddr2/mc_ddr2.runs/synth_1/.Xil/Vivado-1792-WRFA1EF/dcp_15/mb_ddr_auto_us_0_in_context.xdc] for cell 'mb_ddr_i/axi_mem_intercon/s00_couplers/auto_us'
Finished Parsing XDC File [C:/Prj/xilinxPrj/MicroblazePrj/Prj3Ddr2/Prj/mc_ddr2/mc_ddr2.runs/synth_1/.Xil/Vivado-1792-WRFA1EF/dcp_15/mb_ddr_auto_us_0_in_context.xdc] for cell 'mb_ddr_i/axi_mem_intercon/s00_couplers/auto_us'
Parsing XDC File [C:/Prj/xilinxPrj/MicroblazePrj/Prj3Ddr2/Prj/mc_ddr2/mc_ddr2.runs/synth_1/.Xil/Vivado-1792-WRFA1EF/dcp_16/mb_ddr_auto_us_1_in_context.xdc] for cell 'mb_ddr_i/axi_mem_intercon/s01_couplers/auto_us'
Finished Parsing XDC File [C:/Prj/xilinxPrj/MicroblazePrj/Prj3Ddr2/Prj/mc_ddr2/mc_ddr2.runs/synth_1/.Xil/Vivado-1792-WRFA1EF/dcp_16/mb_ddr_auto_us_1_in_context.xdc] for cell 'mb_ddr_i/axi_mem_intercon/s01_couplers/auto_us'
Parsing XDC File [C:/Prj/xilinxPrj/MicroblazePrj/Prj3Ddr2/Prj/mc_ddr2/mc_ddr2.runs/synth_1/dont_touch.xdc]
Finished Parsing XDC File [C:/Prj/xilinxPrj/MicroblazePrj/Prj3Ddr2/Prj/mc_ddr2/mc_ddr2.runs/synth_1/dont_touch.xdc]
Completed Processing XDC Constraints

INFO: [Project 1-111] Unisim Transformation Summary:
No Unisim elements were transformed.

Constraint Validation Runtime : Time (s): cpu = 00:00:00 ; elapsed = 00:00:00.015 . Memory (MB): peak = 714.016 ; gain = 0.000
WARNING: [Timing 38-316] Clock period '20.000' specified during out-of-context synthesis of instance 'mb_ddr_i/microblaze_0_local_memory/lmb_bram' at clock pin 'clka' is different from the actual clock period '10.000', this can lead to different synthesis results.
---------------------------------------------------------------------------------
Finished Constraint Validation : Time (s): cpu = 00:00:20 ; elapsed = 00:00:22 . Memory (MB): peak = 714.016 ; gain = 503.078
---------------------------------------------------------------------------------
---------------------------------------------------------------------------------
Start Loading Part and Timing Information
---------------------------------------------------------------------------------
Loading part: xc7a100tcsg324-1
---------------------------------------------------------------------------------
Finished Loading Part and Timing Information : Time (s): cpu = 00:00:20 ; elapsed = 00:00:22 . Memory (MB): peak = 714.016 ; gain = 503.078
---------------------------------------------------------------------------------
---------------------------------------------------------------------------------
Start Applying 'set_property' XDC Constraints
---------------------------------------------------------------------------------
Applied set_property IO_BUFFER_TYPE = NONE for sys_clock. (constraint file  C:/Prj/xilinxPrj/MicroblazePrj/Prj3Ddr2/Prj/mc_ddr2/mc_ddr2.runs/synth_1/.Xil/Vivado-1792-WRFA1EF/dcp_8/mb_ddr_clk_wiz_1_0_in_context.xdc, line 4).
Applied set_property CLOCK_BUFFER_TYPE = NONE for sys_clock. (constraint file  C:/Prj/xilinxPrj/MicroblazePrj/Prj3Ddr2/Prj/mc_ddr2/mc_ddr2.runs/synth_1/.Xil/Vivado-1792-WRFA1EF/dcp_8/mb_ddr_clk_wiz_1_0_in_context.xdc, line 5).
Applied set_property IO_BUFFER_TYPE = NONE for ddr2_sdram_addr[0]. (constraint file  C:/Prj/xilinxPrj/MicroblazePrj/Prj3Ddr2/Prj/mc_ddr2/mc_ddr2.runs/synth_1/.Xil/Vivado-1792-WRFA1EF/dcp_11/mb_ddr_mig_7series_0_0_in_context.xdc, line 7).
Applied set_property CLOCK_BUFFER_TYPE = NONE for ddr2_sdram_addr[0]. (constraint file  C:/Prj/xilinxPrj/MicroblazePrj/Prj3Ddr2/Prj/mc_ddr2/mc_ddr2.runs/synth_1/.Xil/Vivado-1792-WRFA1EF/dcp_11/mb_ddr_mig_7series_0_0_in_context.xdc, line 8).
Applied set_property IO_BUFFER_TYPE = NONE for ddr2_sdram_addr[10]. (constraint file  C:/Prj/xilinxPrj/MicroblazePrj/Prj3Ddr2/Prj/mc_ddr2/mc_ddr2.runs/synth_1/.Xil/Vivado-1792-WRFA1EF/dcp_11/mb_ddr_mig_7series_0_0_in_context.xdc, line 9).
Applied set_property CLOCK_BUFFER_TYPE = NONE for ddr2_sdram_addr[10]. (constraint file  C:/Prj/xilinxPrj/MicroblazePrj/Prj3Ddr2/Prj/mc_ddr2/mc_ddr2.runs/synth_1/.Xil/Vivado-1792-WRFA1EF/dcp_11/mb_ddr_mig_7series_0_0_in_context.xdc, line 10).
Applied set_property IO_BUFFER_TYPE = NONE for ddr2_sdram_addr[11]. (constraint file  C:/Prj/xilinxPrj/MicroblazePrj/Prj3Ddr2/Prj/mc_ddr2/mc_ddr2.runs/synth_1/.Xil/Vivado-1792-WRFA1EF/dcp_11/mb_ddr_mig_7series_0_0_in_context.xdc, line 11).
Applied set_property CLOCK_BUFFER_TYPE = NONE for ddr2_sdram_addr[11]. (constraint file  C:/Prj/xilinxPrj/MicroblazePrj/Prj3Ddr2/Prj/mc_ddr2/mc_ddr2.runs/synth_1/.Xil/Vivado-1792-WRFA1EF/dcp_11/mb_ddr_mig_7series_0_0_in_context.xdc, line 12).
Applied set_property IO_BUFFER_TYPE = NONE for ddr2_sdram_addr[12]. (constraint file  C:/Prj/xilinxPrj/MicroblazePrj/Prj3Ddr2/Prj/mc_ddr2/mc_ddr2.runs/synth_1/.Xil/Vivado-1792-WRFA1EF/dcp_11/mb_ddr_mig_7series_0_0_in_context.xdc, line 13).
Applied set_property CLOCK_BUFFER_TYPE = NONE for ddr2_sdram_addr[12]. (constraint file  C:/Prj/xilinxPrj/MicroblazePrj/Prj3Ddr2/Prj/mc_ddr2/mc_ddr2.runs/synth_1/.Xil/Vivado-1792-WRFA1EF/dcp_11/mb_ddr_mig_7series_0_0_in_context.xdc, line 14).
Applied set_property IO_BUFFER_TYPE = NONE for ddr2_sdram_addr[1]. (constraint file  C:/Prj/xilinxPrj/MicroblazePrj/Prj3Ddr2/Prj/mc_ddr2/mc_ddr2.runs/synth_1/.Xil/Vivado-1792-WRFA1EF/dcp_11/mb_ddr_mig_7series_0_0_in_context.xdc, line 15).
Applied set_property CLOCK_BUFFER_TYPE = NONE for ddr2_sdram_addr[1]. (constraint file  C:/Prj/xilinxPrj/MicroblazePrj/Prj3Ddr2/Prj/mc_ddr2/mc_ddr2.runs/synth_1/.Xil/Vivado-1792-WRFA1EF/dcp_11/mb_ddr_mig_7series_0_0_in_context.xdc, line 16).
Applied set_property IO_BUFFER_TYPE = NONE for ddr2_sdram_addr[2]. (constraint file  C:/Prj/xilinxPrj/MicroblazePrj/Prj3Ddr2/Prj/mc_ddr2/mc_ddr2.runs/synth_1/.Xil/Vivado-1792-WRFA1EF/dcp_11/mb_ddr_mig_7series_0_0_in_context.xdc, line 17).
Applied set_property CLOCK_BUFFER_TYPE = NONE for ddr2_sdram_addr[2]. (constraint file  C:/Prj/xilinxPrj/MicroblazePrj/Prj3Ddr2/Prj/mc_ddr2/mc_ddr2.runs/synth_1/.Xil/Vivado-1792-WRFA1EF/dcp_11/mb_ddr_mig_7series_0_0_in_context.xdc, line 18).
Applied set_property IO_BUFFER_TYPE = NONE for ddr2_sdram_addr[3]. (constraint file  C:/Prj/xilinxPrj/MicroblazePrj/Prj3Ddr2/Prj/mc_ddr2/mc_ddr2.runs/synth_1/.Xil/Vivado-1792-WRFA1EF/dcp_11/mb_ddr_mig_7series_0_0_in_context.xdc, line 19).
Applied set_property CLOCK_BUFFER_TYPE = NONE for ddr2_sdram_addr[3]. (constraint file  C:/Prj/xilinxPrj/MicroblazePrj/Prj3Ddr2/Prj/mc_ddr2/mc_ddr2.runs/synth_1/.Xil/Vivado-1792-WRFA1EF/dcp_11/mb_ddr_mig_7series_0_0_in_context.xdc, line 20).
Applied set_property IO_BUFFER_TYPE = NONE for ddr2_sdram_addr[4]. (constraint file  C:/Prj/xilinxPrj/MicroblazePrj/Prj3Ddr2/Prj/mc_ddr2/mc_ddr2.runs/synth_1/.Xil/Vivado-1792-WRFA1EF/dcp_11/mb_ddr_mig_7series_0_0_in_context.xdc, line 21).
Applied set_property CLOCK_BUFFER_TYPE = NONE for ddr2_sdram_addr[4]. (constraint file  C:/Prj/xilinxPrj/MicroblazePrj/Prj3Ddr2/Prj/mc_ddr2/mc_ddr2.runs/synth_1/.Xil/Vivado-1792-WRFA1EF/dcp_11/mb_ddr_mig_7series_0_0_in_context.xdc, line 22).
Applied set_property IO_BUFFER_TYPE = NONE for ddr2_sdram_addr[5]. (constraint file  C:/Prj/xilinxPrj/MicroblazePrj/Prj3Ddr2/Prj/mc_ddr2/mc_ddr2.runs/synth_1/.Xil/Vivado-1792-WRFA1EF/dcp_11/mb_ddr_mig_7series_0_0_in_context.xdc, line 23).
Applied set_property CLOCK_BUFFER_TYPE = NONE for ddr2_sdram_addr[5]. (constraint file  C:/Prj/xilinxPrj/MicroblazePrj/Prj3Ddr2/Prj/mc_ddr2/mc_ddr2.runs/synth_1/.Xil/Vivado-1792-WRFA1EF/dcp_11/mb_ddr_mig_7series_0_0_in_context.xdc, line 24).
Applied set_property IO_BUFFER_TYPE = NONE for ddr2_sdram_addr[6]. (constraint file  C:/Prj/xilinxPrj/MicroblazePrj/Prj3Ddr2/Prj/mc_ddr2/mc_ddr2.runs/synth_1/.Xil/Vivado-1792-WRFA1EF/dcp_11/mb_ddr_mig_7series_0_0_in_context.xdc, line 25).
Applied set_property CLOCK_BUFFER_TYPE = NONE for ddr2_sdram_addr[6]. (constraint file  C:/Prj/xilinxPrj/MicroblazePrj/Prj3Ddr2/Prj/mc_ddr2/mc_ddr2.runs/synth_1/.Xil/Vivado-1792-WRFA1EF/dcp_11/mb_ddr_mig_7series_0_0_in_context.xdc, line 26).
Applied set_property IO_BUFFER_TYPE = NONE for ddr2_sdram_addr[7]. (constraint file  C:/Prj/xilinxPrj/MicroblazePrj/Prj3Ddr2/Prj/mc_ddr2/mc_ddr2.runs/synth_1/.Xil/Vivado-1792-WRFA1EF/dcp_11/mb_ddr_mig_7series_0_0_in_context.xdc, line 27).
Applied set_property CLOCK_BUFFER_TYPE = NONE for ddr2_sdram_addr[7]. (constraint file  C:/Prj/xilinxPrj/MicroblazePrj/Prj3Ddr2/Prj/mc_ddr2/mc_ddr2.runs/synth_1/.Xil/Vivado-1792-WRFA1EF/dcp_11/mb_ddr_mig_7series_0_0_in_context.xdc, line 28).
Applied set_property IO_BUFFER_TYPE = NONE for ddr2_sdram_addr[8]. (constraint file  C:/Prj/xilinxPrj/MicroblazePrj/Prj3Ddr2/Prj/mc_ddr2/mc_ddr2.runs/synth_1/.Xil/Vivado-1792-WRFA1EF/dcp_11/mb_ddr_mig_7series_0_0_in_context.xdc, line 29).
Applied set_property CLOCK_BUFFER_TYPE = NONE for ddr2_sdram_addr[8]. (constraint file  C:/Prj/xilinxPrj/MicroblazePrj/Prj3Ddr2/Prj/mc_ddr2/mc_ddr2.runs/synth_1/.Xil/Vivado-1792-WRFA1EF/dcp_11/mb_ddr_mig_7series_0_0_in_context.xdc, line 30).
Applied set_property IO_BUFFER_TYPE = NONE for ddr2_sdram_addr[9]. (constraint file  C:/Prj/xilinxPrj/MicroblazePrj/Prj3Ddr2/Prj/mc_ddr2/mc_ddr2.runs/synth_1/.Xil/Vivado-1792-WRFA1EF/dcp_11/mb_ddr_mig_7series_0_0_in_context.xdc, line 31).
Applied set_property CLOCK_BUFFER_TYPE = NONE for ddr2_sdram_addr[9]. (constraint file  C:/Prj/xilinxPrj/MicroblazePrj/Prj3Ddr2/Prj/mc_ddr2/mc_ddr2.runs/synth_1/.Xil/Vivado-1792-WRFA1EF/dcp_11/mb_ddr_mig_7series_0_0_in_context.xdc, line 32).
Applied set_property IO_BUFFER_TYPE = NONE for ddr2_sdram_ba[0]. (constraint file  C:/Prj/xilinxPrj/MicroblazePrj/Prj3Ddr2/Prj/mc_ddr2/mc_ddr2.runs/synth_1/.Xil/Vivado-1792-WRFA1EF/dcp_11/mb_ddr_mig_7series_0_0_in_context.xdc, line 33).
Applied set_property CLOCK_BUFFER_TYPE = NONE for ddr2_sdram_ba[0]. (constraint file  C:/Prj/xilinxPrj/MicroblazePrj/Prj3Ddr2/Prj/mc_ddr2/mc_ddr2.runs/synth_1/.Xil/Vivado-1792-WRFA1EF/dcp_11/mb_ddr_mig_7series_0_0_in_context.xdc, line 34).
Applied set_property IO_BUFFER_TYPE = NONE for ddr2_sdram_ba[1]. (constraint file  C:/Prj/xilinxPrj/MicroblazePrj/Prj3Ddr2/Prj/mc_ddr2/mc_ddr2.runs/synth_1/.Xil/Vivado-1792-WRFA1EF/dcp_11/mb_ddr_mig_7series_0_0_in_context.xdc, line 35).
Applied set_property CLOCK_BUFFER_TYPE = NONE for ddr2_sdram_ba[1]. (constraint file  C:/Prj/xilinxPrj/MicroblazePrj/Prj3Ddr2/Prj/mc_ddr2/mc_ddr2.runs/synth_1/.Xil/Vivado-1792-WRFA1EF/dcp_11/mb_ddr_mig_7series_0_0_in_context.xdc, line 36).
Applied set_property IO_BUFFER_TYPE = NONE for ddr2_sdram_ba[2]. (constraint file  C:/Prj/xilinxPrj/MicroblazePrj/Prj3Ddr2/Prj/mc_ddr2/mc_ddr2.runs/synth_1/.Xil/Vivado-1792-WRFA1EF/dcp_11/mb_ddr_mig_7series_0_0_in_context.xdc, line 37).
Applied set_property CLOCK_BUFFER_TYPE = NONE for ddr2_sdram_ba[2]. (constraint file  C:/Prj/xilinxPrj/MicroblazePrj/Prj3Ddr2/Prj/mc_ddr2/mc_ddr2.runs/synth_1/.Xil/Vivado-1792-WRFA1EF/dcp_11/mb_ddr_mig_7series_0_0_in_context.xdc, line 38).
Applied set_property IO_BUFFER_TYPE = NONE for ddr2_sdram_cas_n. (constraint file  C:/Prj/xilinxPrj/MicroblazePrj/Prj3Ddr2/Prj/mc_ddr2/mc_ddr2.runs/synth_1/.Xil/Vivado-1792-WRFA1EF/dcp_11/mb_ddr_mig_7series_0_0_in_context.xdc, line 39).
Applied set_property CLOCK_BUFFER_TYPE = NONE for ddr2_sdram_cas_n. (constraint file  C:/Prj/xilinxPrj/MicroblazePrj/Prj3Ddr2/Prj/mc_ddr2/mc_ddr2.runs/synth_1/.Xil/Vivado-1792-WRFA1EF/dcp_11/mb_ddr_mig_7series_0_0_in_context.xdc, line 40).
Applied set_property IO_BUFFER_TYPE = NONE for ddr2_sdram_cke[0]. (constraint file  C:/Prj/xilinxPrj/MicroblazePrj/Prj3Ddr2/Prj/mc_ddr2/mc_ddr2.runs/synth_1/.Xil/Vivado-1792-WRFA1EF/dcp_11/mb_ddr_mig_7series_0_0_in_context.xdc, line 41).
Applied set_property CLOCK_BUFFER_TYPE = NONE for ddr2_sdram_cke[0]. (constraint file  C:/Prj/xilinxPrj/MicroblazePrj/Prj3Ddr2/Prj/mc_ddr2/mc_ddr2.runs/synth_1/.Xil/Vivado-1792-WRFA1EF/dcp_11/mb_ddr_mig_7series_0_0_in_context.xdc, line 42).
Applied set_property IO_BUFFER_TYPE = NONE for ddr2_sdram_cs_n[0]. (constraint file  C:/Prj/xilinxPrj/MicroblazePrj/Prj3Ddr2/Prj/mc_ddr2/mc_ddr2.runs/synth_1/.Xil/Vivado-1792-WRFA1EF/dcp_11/mb_ddr_mig_7series_0_0_in_context.xdc, line 43).
Applied set_property CLOCK_BUFFER_TYPE = NONE for ddr2_sdram_cs_n[0]. (constraint file  C:/Prj/xilinxPrj/MicroblazePrj/Prj3Ddr2/Prj/mc_ddr2/mc_ddr2.runs/synth_1/.Xil/Vivado-1792-WRFA1EF/dcp_11/mb_ddr_mig_7series_0_0_in_context.xdc, line 44).
Applied set_property IO_BUFFER_TYPE = NONE for ddr2_sdram_dm[0]. (constraint file  C:/Prj/xilinxPrj/MicroblazePrj/Prj3Ddr2/Prj/mc_ddr2/mc_ddr2.runs/synth_1/.Xil/Vivado-1792-WRFA1EF/dcp_11/mb_ddr_mig_7series_0_0_in_context.xdc, line 45).
Applied set_property CLOCK_BUFFER_TYPE = NONE for ddr2_sdram_dm[0]. (constraint file  C:/Prj/xilinxPrj/MicroblazePrj/Prj3Ddr2/Prj/mc_ddr2/mc_ddr2.runs/synth_1/.Xil/Vivado-1792-WRFA1EF/dcp_11/mb_ddr_mig_7series_0_0_in_context.xdc, line 46).
Applied set_property IO_BUFFER_TYPE = NONE for ddr2_sdram_dm[1]. (constraint file  C:/Prj/xilinxPrj/MicroblazePrj/Prj3Ddr2/Prj/mc_ddr2/mc_ddr2.runs/synth_1/.Xil/Vivado-1792-WRFA1EF/dcp_11/mb_ddr_mig_7series_0_0_in_context.xdc, line 47).
Applied set_property CLOCK_BUFFER_TYPE = NONE for ddr2_sdram_dm[1]. (constraint file  C:/Prj/xilinxPrj/MicroblazePrj/Prj3Ddr2/Prj/mc_ddr2/mc_ddr2.runs/synth_1/.Xil/Vivado-1792-WRFA1EF/dcp_11/mb_ddr_mig_7series_0_0_in_context.xdc, line 48).
Applied set_property IO_BUFFER_TYPE = NONE for ddr2_sdram_dq[0]. (constraint file  C:/Prj/xilinxPrj/MicroblazePrj/Prj3Ddr2/Prj/mc_ddr2/mc_ddr2.runs/synth_1/.Xil/Vivado-1792-WRFA1EF/dcp_11/mb_ddr_mig_7series_0_0_in_context.xdc, line 49).
Applied set_property CLOCK_BUFFER_TYPE = NONE for ddr2_sdram_dq[0]. (constraint file  C:/Prj/xilinxPrj/MicroblazePrj/Prj3Ddr2/Prj/mc_ddr2/mc_ddr2.runs/synth_1/.Xil/Vivado-1792-WRFA1EF/dcp_11/mb_ddr_mig_7series_0_0_in_context.xdc, line 50).
Applied set_property IO_BUFFER_TYPE = NONE for ddr2_sdram_dq[10]. (constraint file  C:/Prj/xilinxPrj/MicroblazePrj/Prj3Ddr2/Prj/mc_ddr2/mc_ddr2.runs/synth_1/.Xil/Vivado-1792-WRFA1EF/dcp_11/mb_ddr_mig_7series_0_0_in_context.xdc, line 51).
Applied set_property CLOCK_BUFFER_TYPE = NONE for ddr2_sdram_dq[10]. (constraint file  C:/Prj/xilinxPrj/MicroblazePrj/Prj3Ddr2/Prj/mc_ddr2/mc_ddr2.runs/synth_1/.Xil/Vivado-1792-WRFA1EF/dcp_11/mb_ddr_mig_7series_0_0_in_context.xdc, line 52).
Applied set_property IO_BUFFER_TYPE = NONE for ddr2_sdram_dq[11]. (constraint file  C:/Prj/xilinxPrj/MicroblazePrj/Prj3Ddr2/Prj/mc_ddr2/mc_ddr2.runs/synth_1/.Xil/Vivado-1792-WRFA1EF/dcp_11/mb_ddr_mig_7series_0_0_in_context.xdc, line 53).
Applied set_property CLOCK_BUFFER_TYPE = NONE for ddr2_sdram_dq[11]. (constraint file  C:/Prj/xilinxPrj/MicroblazePrj/Prj3Ddr2/Prj/mc_ddr2/mc_ddr2.runs/synth_1/.Xil/Vivado-1792-WRFA1EF/dcp_11/mb_ddr_mig_7series_0_0_in_context.xdc, line 54).
Applied set_property IO_BUFFER_TYPE = NONE for ddr2_sdram_dq[12]. (constraint file  C:/Prj/xilinxPrj/MicroblazePrj/Prj3Ddr2/Prj/mc_ddr2/mc_ddr2.runs/synth_1/.Xil/Vivado-1792-WRFA1EF/dcp_11/mb_ddr_mig_7series_0_0_in_context.xdc, line 55).
Applied set_property CLOCK_BUFFER_TYPE = NONE for ddr2_sdram_dq[12]. (constraint file  C:/Prj/xilinxPrj/MicroblazePrj/Prj3Ddr2/Prj/mc_ddr2/mc_ddr2.runs/synth_1/.Xil/Vivado-1792-WRFA1EF/dcp_11/mb_ddr_mig_7series_0_0_in_context.xdc, line 56).
Applied set_property IO_BUFFER_TYPE = NONE for ddr2_sdram_dq[13]. (constraint file  C:/Prj/xilinxPrj/MicroblazePrj/Prj3Ddr2/Prj/mc_ddr2/mc_ddr2.runs/synth_1/.Xil/Vivado-1792-WRFA1EF/dcp_11/mb_ddr_mig_7series_0_0_in_context.xdc, line 57).
Applied set_property CLOCK_BUFFER_TYPE = NONE for ddr2_sdram_dq[13]. (constraint file  C:/Prj/xilinxPrj/MicroblazePrj/Prj3Ddr2/Prj/mc_ddr2/mc_ddr2.runs/synth_1/.Xil/Vivado-1792-WRFA1EF/dcp_11/mb_ddr_mig_7series_0_0_in_context.xdc, line 58).
Applied set_property IO_BUFFER_TYPE = NONE for ddr2_sdram_dq[14]. (constraint file  C:/Prj/xilinxPrj/MicroblazePrj/Prj3Ddr2/Prj/mc_ddr2/mc_ddr2.runs/synth_1/.Xil/Vivado-1792-WRFA1EF/dcp_11/mb_ddr_mig_7series_0_0_in_context.xdc, line 59).
Applied set_property CLOCK_BUFFER_TYPE = NONE for ddr2_sdram_dq[14]. (constraint file  C:/Prj/xilinxPrj/MicroblazePrj/Prj3Ddr2/Prj/mc_ddr2/mc_ddr2.runs/synth_1/.Xil/Vivado-1792-WRFA1EF/dcp_11/mb_ddr_mig_7series_0_0_in_context.xdc, line 60).
Applied set_property IO_BUFFER_TYPE = NONE for ddr2_sdram_dq[15]. (constraint file  C:/Prj/xilinxPrj/MicroblazePrj/Prj3Ddr2/Prj/mc_ddr2/mc_ddr2.runs/synth_1/.Xil/Vivado-1792-WRFA1EF/dcp_11/mb_ddr_mig_7series_0_0_in_context.xdc, line 61).
Applied set_property CLOCK_BUFFER_TYPE = NONE for ddr2_sdram_dq[15]. (constraint file  C:/Prj/xilinxPrj/MicroblazePrj/Prj3Ddr2/Prj/mc_ddr2/mc_ddr2.runs/synth_1/.Xil/Vivado-1792-WRFA1EF/dcp_11/mb_ddr_mig_7series_0_0_in_context.xdc, line 62).
Applied set_property IO_BUFFER_TYPE = NONE for ddr2_sdram_dq[1]. (constraint file  C:/Prj/xilinxPrj/MicroblazePrj/Prj3Ddr2/Prj/mc_ddr2/mc_ddr2.runs/synth_1/.Xil/Vivado-1792-WRFA1EF/dcp_11/mb_ddr_mig_7series_0_0_in_context.xdc, line 63).
Applied set_property CLOCK_BUFFER_TYPE = NONE for ddr2_sdram_dq[1]. (constraint file  C:/Prj/xilinxPrj/MicroblazePrj/Prj3Ddr2/Prj/mc_ddr2/mc_ddr2.runs/synth_1/.Xil/Vivado-1792-WRFA1EF/dcp_11/mb_ddr_mig_7series_0_0_in_context.xdc, line 64).
Applied set_property IO_BUFFER_TYPE = NONE for ddr2_sdram_dq[2]. (constraint file  C:/Prj/xilinxPrj/MicroblazePrj/Prj3Ddr2/Prj/mc_ddr2/mc_ddr2.runs/synth_1/.Xil/Vivado-1792-WRFA1EF/dcp_11/mb_ddr_mig_7series_0_0_in_context.xdc, line 65).
Applied set_property CLOCK_BUFFER_TYPE = NONE for ddr2_sdram_dq[2]. (constraint file  C:/Prj/xilinxPrj/MicroblazePrj/Prj3Ddr2/Prj/mc_ddr2/mc_ddr2.runs/synth_1/.Xil/Vivado-1792-WRFA1EF/dcp_11/mb_ddr_mig_7series_0_0_in_context.xdc, line 66).
Applied set_property IO_BUFFER_TYPE = NONE for ddr2_sdram_dq[3]. (constraint file  C:/Prj/xilinxPrj/MicroblazePrj/Prj3Ddr2/Prj/mc_ddr2/mc_ddr2.runs/synth_1/.Xil/Vivado-1792-WRFA1EF/dcp_11/mb_ddr_mig_7series_0_0_in_context.xdc, line 67).
Applied set_property CLOCK_BUFFER_TYPE = NONE for ddr2_sdram_dq[3]. (constraint file  C:/Prj/xilinxPrj/MicroblazePrj/Prj3Ddr2/Prj/mc_ddr2/mc_ddr2.runs/synth_1/.Xil/Vivado-1792-WRFA1EF/dcp_11/mb_ddr_mig_7series_0_0_in_context.xdc, line 68).
Applied set_property IO_BUFFER_TYPE = NONE for ddr2_sdram_dq[4]. (constraint file  C:/Prj/xilinxPrj/MicroblazePrj/Prj3Ddr2/Prj/mc_ddr2/mc_ddr2.runs/synth_1/.Xil/Vivado-1792-WRFA1EF/dcp_11/mb_ddr_mig_7series_0_0_in_context.xdc, line 69).
Applied set_property CLOCK_BUFFER_TYPE = NONE for ddr2_sdram_dq[4]. (constraint file  C:/Prj/xilinxPrj/MicroblazePrj/Prj3Ddr2/Prj/mc_ddr2/mc_ddr2.runs/synth_1/.Xil/Vivado-1792-WRFA1EF/dcp_11/mb_ddr_mig_7series_0_0_in_context.xdc, line 70).
Applied set_property IO_BUFFER_TYPE = NONE for ddr2_sdram_dq[5]. (constraint file  C:/Prj/xilinxPrj/MicroblazePrj/Prj3Ddr2/Prj/mc_ddr2/mc_ddr2.runs/synth_1/.Xil/Vivado-1792-WRFA1EF/dcp_11/mb_ddr_mig_7series_0_0_in_context.xdc, line 71).
Applied set_property CLOCK_BUFFER_TYPE = NONE for ddr2_sdram_dq[5]. (constraint file  C:/Prj/xilinxPrj/MicroblazePrj/Prj3Ddr2/Prj/mc_ddr2/mc_ddr2.runs/synth_1/.Xil/Vivado-1792-WRFA1EF/dcp_11/mb_ddr_mig_7series_0_0_in_context.xdc, line 72).
Applied set_property IO_BUFFER_TYPE = NONE for ddr2_sdram_dq[6]. (constraint file  C:/Prj/xilinxPrj/MicroblazePrj/Prj3Ddr2/Prj/mc_ddr2/mc_ddr2.runs/synth_1/.Xil/Vivado-1792-WRFA1EF/dcp_11/mb_ddr_mig_7series_0_0_in_context.xdc, line 73).
Applied set_property CLOCK_BUFFER_TYPE = NONE for ddr2_sdram_dq[6]. (constraint file  C:/Prj/xilinxPrj/MicroblazePrj/Prj3Ddr2/Prj/mc_ddr2/mc_ddr2.runs/synth_1/.Xil/Vivado-1792-WRFA1EF/dcp_11/mb_ddr_mig_7series_0_0_in_context.xdc, line 74).
Applied set_property IO_BUFFER_TYPE = NONE for ddr2_sdram_dq[7]. (constraint file  C:/Prj/xilinxPrj/MicroblazePrj/Prj3Ddr2/Prj/mc_ddr2/mc_ddr2.runs/synth_1/.Xil/Vivado-1792-WRFA1EF/dcp_11/mb_ddr_mig_7series_0_0_in_context.xdc, line 75).
Applied set_property CLOCK_BUFFER_TYPE = NONE for ddr2_sdram_dq[7]. (constraint file  C:/Prj/xilinxPrj/MicroblazePrj/Prj3Ddr2/Prj/mc_ddr2/mc_ddr2.runs/synth_1/.Xil/Vivado-1792-WRFA1EF/dcp_11/mb_ddr_mig_7series_0_0_in_context.xdc, line 76).
Applied set_property IO_BUFFER_TYPE = NONE for ddr2_sdram_dq[8]. (constraint file  C:/Prj/xilinxPrj/MicroblazePrj/Prj3Ddr2/Prj/mc_ddr2/mc_ddr2.runs/synth_1/.Xil/Vivado-1792-WRFA1EF/dcp_11/mb_ddr_mig_7series_0_0_in_context.xdc, line 77).
Applied set_property CLOCK_BUFFER_TYPE = NONE for ddr2_sdram_dq[8]. (constraint file  C:/Prj/xilinxPrj/MicroblazePrj/Prj3Ddr2/Prj/mc_ddr2/mc_ddr2.runs/synth_1/.Xil/Vivado-1792-WRFA1EF/dcp_11/mb_ddr_mig_7series_0_0_in_context.xdc, line 78).
Applied set_property IO_BUFFER_TYPE = NONE for ddr2_sdram_dq[9]. (constraint file  C:/Prj/xilinxPrj/MicroblazePrj/Prj3Ddr2/Prj/mc_ddr2/mc_ddr2.runs/synth_1/.Xil/Vivado-1792-WRFA1EF/dcp_11/mb_ddr_mig_7series_0_0_in_context.xdc, line 79).
Applied set_property CLOCK_BUFFER_TYPE = NONE for ddr2_sdram_dq[9]. (constraint file  C:/Prj/xilinxPrj/MicroblazePrj/Prj3Ddr2/Prj/mc_ddr2/mc_ddr2.runs/synth_1/.Xil/Vivado-1792-WRFA1EF/dcp_11/mb_ddr_mig_7series_0_0_in_context.xdc, line 80).
Applied set_property IO_BUFFER_TYPE = NONE for ddr2_sdram_dqs_n[0]. (constraint file  C:/Prj/xilinxPrj/MicroblazePrj/Prj3Ddr2/Prj/mc_ddr2/mc_ddr2.runs/synth_1/.Xil/Vivado-1792-WRFA1EF/dcp_11/mb_ddr_mig_7series_0_0_in_context.xdc, line 81).
Applied set_property CLOCK_BUFFER_TYPE = NONE for ddr2_sdram_dqs_n[0]. (constraint file  C:/Prj/xilinxPrj/MicroblazePrj/Prj3Ddr2/Prj/mc_ddr2/mc_ddr2.runs/synth_1/.Xil/Vivado-1792-WRFA1EF/dcp_11/mb_ddr_mig_7series_0_0_in_context.xdc, line 82).
Applied set_property IO_BUFFER_TYPE = NONE for ddr2_sdram_dqs_n[1]. (constraint file  C:/Prj/xilinxPrj/MicroblazePrj/Prj3Ddr2/Prj/mc_ddr2/mc_ddr2.runs/synth_1/.Xil/Vivado-1792-WRFA1EF/dcp_11/mb_ddr_mig_7series_0_0_in_context.xdc, line 83).
Applied set_property CLOCK_BUFFER_TYPE = NONE for ddr2_sdram_dqs_n[1]. (constraint file  C:/Prj/xilinxPrj/MicroblazePrj/Prj3Ddr2/Prj/mc_ddr2/mc_ddr2.runs/synth_1/.Xil/Vivado-1792-WRFA1EF/dcp_11/mb_ddr_mig_7series_0_0_in_context.xdc, line 84).
Applied set_property IO_BUFFER_TYPE = NONE for ddr2_sdram_dqs_p[0]. (constraint file  C:/Prj/xilinxPrj/MicroblazePrj/Prj3Ddr2/Prj/mc_ddr2/mc_ddr2.runs/synth_1/.Xil/Vivado-1792-WRFA1EF/dcp_11/mb_ddr_mig_7series_0_0_in_context.xdc, line 85).
Applied set_property CLOCK_BUFFER_TYPE = NONE for ddr2_sdram_dqs_p[0]. (constraint file  C:/Prj/xilinxPrj/MicroblazePrj/Prj3Ddr2/Prj/mc_ddr2/mc_ddr2.runs/synth_1/.Xil/Vivado-1792-WRFA1EF/dcp_11/mb_ddr_mig_7series_0_0_in_context.xdc, line 86).
Applied set_property IO_BUFFER_TYPE = NONE for ddr2_sdram_dqs_p[1]. (constraint file  C:/Prj/xilinxPrj/MicroblazePrj/Prj3Ddr2/Prj/mc_ddr2/mc_ddr2.runs/synth_1/.Xil/Vivado-1792-WRFA1EF/dcp_11/mb_ddr_mig_7series_0_0_in_context.xdc, line 87).
Applied set_property CLOCK_BUFFER_TYPE = NONE for ddr2_sdram_dqs_p[1]. (constraint file  C:/Prj/xilinxPrj/MicroblazePrj/Prj3Ddr2/Prj/mc_ddr2/mc_ddr2.runs/synth_1/.Xil/Vivado-1792-WRFA1EF/dcp_11/mb_ddr_mig_7series_0_0_in_context.xdc, line 88).
Applied set_property IO_BUFFER_TYPE = NONE for ddr2_sdram_odt[0]. (constraint file  C:/Prj/xilinxPrj/MicroblazePrj/Prj3Ddr2/Prj/mc_ddr2/mc_ddr2.runs/synth_1/.Xil/Vivado-1792-WRFA1EF/dcp_11/mb_ddr_mig_7series_0_0_in_context.xdc, line 89).
Applied set_property CLOCK_BUFFER_TYPE = NONE for ddr2_sdram_odt[0]. (constraint file  C:/Prj/xilinxPrj/MicroblazePrj/Prj3Ddr2/Prj/mc_ddr2/mc_ddr2.runs/synth_1/.Xil/Vivado-1792-WRFA1EF/dcp_11/mb_ddr_mig_7series_0_0_in_context.xdc, line 90).
Applied set_property IO_BUFFER_TYPE = NONE for ddr2_sdram_ras_n. (constraint file  C:/Prj/xilinxPrj/MicroblazePrj/Prj3Ddr2/Prj/mc_ddr2/mc_ddr2.runs/synth_1/.Xil/Vivado-1792-WRFA1EF/dcp_11/mb_ddr_mig_7series_0_0_in_context.xdc, line 91).
Applied set_property CLOCK_BUFFER_TYPE = NONE for ddr2_sdram_ras_n. (constraint file  C:/Prj/xilinxPrj/MicroblazePrj/Prj3Ddr2/Prj/mc_ddr2/mc_ddr2.runs/synth_1/.Xil/Vivado-1792-WRFA1EF/dcp_11/mb_ddr_mig_7series_0_0_in_context.xdc, line 92).
Applied set_property IO_BUFFER_TYPE = NONE for ddr2_sdram_we_n. (constraint file  C:/Prj/xilinxPrj/MicroblazePrj/Prj3Ddr2/Prj/mc_ddr2/mc_ddr2.runs/synth_1/.Xil/Vivado-1792-WRFA1EF/dcp_11/mb_ddr_mig_7series_0_0_in_context.xdc, line 93).
Applied set_property CLOCK_BUFFER_TYPE = NONE for ddr2_sdram_we_n. (constraint file  C:/Prj/xilinxPrj/MicroblazePrj/Prj3Ddr2/Prj/mc_ddr2/mc_ddr2.runs/synth_1/.Xil/Vivado-1792-WRFA1EF/dcp_11/mb_ddr_mig_7series_0_0_in_context.xdc, line 94).
Applied set_property DONT_TOUCH = true for mb_ddr_i. (constraint file  auto generated constraint, line ).
Applied set_property DONT_TOUCH = true for mb_ddr_i/axi_mem_intercon. (constraint file  auto generated constraint, line ).
Applied set_property DONT_TOUCH = true for mb_ddr_i/axi_mem_intercon/m00_couplers/auto_cc. (constraint file  auto generated constraint, line ).
Applied set_property DONT_TOUCH = true for mb_ddr_i/axi_mem_intercon/s00_couplers/auto_us. (constraint file  auto generated constraint, line ).
Applied set_property DONT_TOUCH = true for mb_ddr_i/axi_mem_intercon/s01_couplers/auto_us. (constraint file  auto generated constraint, line ).
Applied set_property DONT_TOUCH = true for mb_ddr_i/axi_mem_intercon/xbar. (constraint file  auto generated constraint, line ).
Applied set_property DONT_TOUCH = true for mb_ddr_i/axi_uartlite_0. (constraint file  auto generated constraint, line ).
Applied set_property DONT_TOUCH = true for mb_ddr_i/clk_wiz_1. (constraint file  auto generated constraint, line ).
Applied set_property DONT_TOUCH = true for mb_ddr_i/mdm_1. (constraint file  auto generated constraint, line ).
Applied set_property DONT_TOUCH = true for mb_ddr_i/microblaze_0. (constraint file  auto generated constraint, line ).
Applied set_property DONT_TOUCH = true for mb_ddr_i/microblaze_0_axi_periph. (constraint file  auto generated constraint, line ).
Applied set_property DONT_TOUCH = true for mb_ddr_i/microblaze_0_local_memory/dlmb_bram_if_cntlr. (constraint file  auto generated constraint, line ).
Applied set_property DONT_TOUCH = true for mb_ddr_i/microblaze_0_local_memory/dlmb_v10. (constraint file  auto generated constraint, line ).
Applied set_property DONT_TOUCH = true for mb_ddr_i/microblaze_0_local_memory/ilmb_bram_if_cntlr. (constraint file  auto generated constraint, line ).
Applied set_property DONT_TOUCH = true for mb_ddr_i/microblaze_0_local_memory/ilmb_v10. (constraint file  auto generated constraint, line ).
Applied set_property DONT_TOUCH = true for mb_ddr_i/microblaze_0_local_memory/lmb_bram. (constraint file  auto generated constraint, line ).
Applied set_property DONT_TOUCH = true for mb_ddr_i/mig_7series_0. (constraint file  auto generated constraint, line ).
Applied set_property DONT_TOUCH = true for mb_ddr_i/rst_clk_wiz_1_100M. (constraint file  auto generated constraint, line ).
Applied set_property DONT_TOUCH = true for mb_ddr_i/rst_mig_7series_0_81M. (constraint file  auto generated constraint, line ).
---------------------------------------------------------------------------------
Finished applying 'set_property' XDC Constraints : Time (s): cpu = 00:00:20 ; elapsed = 00:00:22 . Memory (MB): peak = 714.016 ; gain = 503.078
---------------------------------------------------------------------------------
---------------------------------------------------------------------------------
Finished RTL Optimization Phase 2 : Time (s): cpu = 00:00:20 ; elapsed = 00:00:23 . Memory (MB): peak = 714.016 ; gain = 503.078
---------------------------------------------------------------------------------

Report RTL Partitions: 
+-+--------------+------------+----------+
| |RTL Partition |Replication |Instances |
+-+--------------+------------+----------+
+-+--------------+------------+----------+
---------------------------------------------------------------------------------
Start RTL Component Statistics 
---------------------------------------------------------------------------------
Detailed RTL Component Info : 
---------------------------------------------------------------------------------
Finished RTL Component Statistics 
---------------------------------------------------------------------------------
---------------------------------------------------------------------------------
Start RTL Hierarchical Component Statistics 
---------------------------------------------------------------------------------
Hierarchical RTL Component report 
---------------------------------------------------------------------------------
Finished RTL Hierarchical Component Statistics
---------------------------------------------------------------------------------
---------------------------------------------------------------------------------
Start Part Resource Summary
---------------------------------------------------------------------------------
Part Resources:
DSPs: 240 (col length:80)
BRAMs: 270 (col length: RAMB18 80 RAMB36 40)
---------------------------------------------------------------------------------
Finished Part Resource Summary
---------------------------------------------------------------------------------
---------------------------------------------------------------------------------
Start Cross Boundary and Area Optimization
---------------------------------------------------------------------------------
WARNING: [Synth 8-3331] design mb_ddr_microblaze_0_axi_periph_0 has unconnected port ACLK
WARNING: [Synth 8-3331] design mb_ddr_microblaze_0_axi_periph_0 has unconnected port ARESETN
WARNING: [Synth 8-3331] design mb_ddr_microblaze_0_axi_periph_0 has unconnected port M00_ACLK
WARNING: [Synth 8-3331] design mb_ddr_microblaze_0_axi_periph_0 has unconnected port M00_ARESETN
WARNING: [Synth 8-3331] design mb_ddr_microblaze_0_axi_periph_0 has unconnected port S00_ACLK
WARNING: [Synth 8-3331] design mb_ddr_microblaze_0_axi_periph_0 has unconnected port S00_ARESETN
---------------------------------------------------------------------------------
Finished Cross Boundary and Area Optimization : Time (s): cpu = 00:00:20 ; elapsed = 00:00:23 . Memory (MB): peak = 714.016 ; gain = 503.078
---------------------------------------------------------------------------------

Report RTL Partitions: 
+-+--------------+------------+----------+
| |RTL Partition |Replication |Instances |
+-+--------------+------------+----------+
+-+--------------+------------+----------+
---------------------------------------------------------------------------------
Start Timing Optimization
---------------------------------------------------------------------------------
---------------------------------------------------------------------------------
Start Applying XDC Timing Constraints
---------------------------------------------------------------------------------
INFO: [Synth 8-5578] Moved timing constraint from pin 'mb_ddr_i/microblaze_0_local_memory/dlmb_bram_if_cntlr/BRAM_Clk_A' to pin 'mb_ddr_i/microblaze_0_local_memory/dlmb_bram_if_cntlr/bbstub_BRAM_Clk_A/O'
INFO: [Synth 8-5578] Moved timing constraint from pin 'mb_ddr_i/microblaze_0_local_memory/ilmb_bram_if_cntlr/BRAM_Clk_A' to pin 'mb_ddr_i/microblaze_0_local_memory/ilmb_bram_if_cntlr/bbstub_BRAM_Clk_A/O'
INFO: [Synth 8-5578] Moved timing constraint from pin 'mb_ddr_i/mdm_1/Dbg_Clk_0' to pin 'mb_ddr_i/mdm_1/bbstub_Dbg_Clk_0/O'
INFO: [Synth 8-5578] Moved timing constraint from pin 'mb_ddr_i/mdm_1/Dbg_Update_0' to pin 'mb_ddr_i/mdm_1/bbstub_Dbg_Update_0/O'
INFO: [Synth 8-5578] Moved timing constraint from pin 'mb_ddr_i/clk_wiz_1/clk_out1' to pin 'mb_ddr_i/clk_wiz_1/bbstub_clk_out1/O'
INFO: [Synth 8-5578] Moved timing constraint from pin 'mb_ddr_i/clk_wiz_1/clk_out2' to pin 'mb_ddr_i/clk_wiz_1/bbstub_clk_out2/O'
INFO: [Synth 8-5578] Moved timing constraint from pin 'mb_ddr_i/mig_7series_0/ui_addn_clk_0' to pin 'mb_ddr_i/mig_7series_0/bbstub_ui_addn_clk_0/O'
INFO: [Synth 8-5578] Moved timing constraint from pin 'mb_ddr_i/mig_7series_0/ui_addn_clk_1' to pin 'mb_ddr_i/mig_7series_0/bbstub_ui_addn_clk_1/O'
INFO: [Synth 8-5578] Moved timing constraint from pin 'mb_ddr_i/mig_7series_0/ui_addn_clk_2' to pin 'mb_ddr_i/mig_7series_0/bbstub_ui_addn_clk_2/O'
INFO: [Synth 8-5578] Moved timing constraint from pin 'mb_ddr_i/mig_7series_0/ui_addn_clk_3' to pin 'mb_ddr_i/mig_7series_0/bbstub_ui_addn_clk_3/O'
INFO: [Synth 8-5578] Moved timing constraint from pin 'mb_ddr_i/mig_7series_0/ui_addn_clk_4' to pin 'mb_ddr_i/mig_7series_0/bbstub_ui_addn_clk_4/O'
INFO: [Synth 8-5578] Moved timing constraint from pin 'mb_ddr_i/mig_7series_0/ui_clk' to pin 'mb_ddr_i/mig_7series_0/bbstub_ui_clk/O'
INFO: [Synth 8-5819] Moved 12 constraints on hierarchical pins to their respective driving/loading pins
---------------------------------------------------------------------------------
Finished Applying XDC Timing Constraints : Time (s): cpu = 00:00:29 ; elapsed = 00:00:32 . Memory (MB): peak = 714.016 ; gain = 503.078
---------------------------------------------------------------------------------
---------------------------------------------------------------------------------
Finished Timing Optimization : Time (s): cpu = 00:00:29 ; elapsed = 00:00:32 . Memory (MB): peak = 714.016 ; gain = 503.078
---------------------------------------------------------------------------------

Report RTL Partitions: 
+-+--------------+------------+----------+
| |RTL Partition |Replication |Instances |
+-+--------------+------------+----------+
+-+--------------+------------+----------+
---------------------------------------------------------------------------------
Start Technology Mapping
---------------------------------------------------------------------------------
---------------------------------------------------------------------------------
Finished Technology Mapping : Time (s): cpu = 00:00:29 ; elapsed = 00:00:32 . Memory (MB): peak = 714.016 ; gain = 503.078
---------------------------------------------------------------------------------

Report RTL Partitions: 
+-+--------------+------------+----------+
| |RTL Partition |Replication |Instances |
+-+--------------+------------+----------+
+-+--------------+------------+----------+
---------------------------------------------------------------------------------
Start IO Insertion
---------------------------------------------------------------------------------
---------------------------------------------------------------------------------
Start Flattening Before IO Insertion
---------------------------------------------------------------------------------
---------------------------------------------------------------------------------
Finished Flattening Before IO Insertion
---------------------------------------------------------------------------------
---------------------------------------------------------------------------------
Start Final Netlist Cleanup
---------------------------------------------------------------------------------
---------------------------------------------------------------------------------
Finished Final Netlist Cleanup
---------------------------------------------------------------------------------
---------------------------------------------------------------------------------
Finished IO Insertion : Time (s): cpu = 00:00:30 ; elapsed = 00:00:32 . Memory (MB): peak = 714.016 ; gain = 503.078
---------------------------------------------------------------------------------

Report Check Netlist: 
+------+------------------+-------+---------+-------+------------------+
|      |Item              |Errors |Warnings |Status |Description       |
+------+------------------+-------+---------+-------+------------------+
|1     |multi_driven_nets |      0|        0|Passed |Multi driven nets |
+------+------------------+-------+---------+-------+------------------+
---------------------------------------------------------------------------------
Start Renaming Generated Instances
---------------------------------------------------------------------------------
---------------------------------------------------------------------------------
Finished Renaming Generated Instances : Time (s): cpu = 00:00:30 ; elapsed = 00:00:32 . Memory (MB): peak = 714.016 ; gain = 503.078
---------------------------------------------------------------------------------

Report RTL Partitions: 
+-+--------------+------------+----------+
| |RTL Partition |Replication |Instances |
+-+--------------+------------+----------+
+-+--------------+------------+----------+
---------------------------------------------------------------------------------
Start Rebuilding User Hierarchy
---------------------------------------------------------------------------------
---------------------------------------------------------------------------------
Finished Rebuilding User Hierarchy : Time (s): cpu = 00:00:30 ; elapsed = 00:00:32 . Memory (MB): peak = 714.016 ; gain = 503.078
---------------------------------------------------------------------------------
---------------------------------------------------------------------------------
Start Renaming Generated Ports
---------------------------------------------------------------------------------
---------------------------------------------------------------------------------
Finished Renaming Generated Ports : Time (s): cpu = 00:00:30 ; elapsed = 00:00:32 . Memory (MB): peak = 714.016 ; gain = 503.078
---------------------------------------------------------------------------------
---------------------------------------------------------------------------------
Start Handling Custom Attributes
---------------------------------------------------------------------------------
---------------------------------------------------------------------------------
Finished Handling Custom Attributes : Time (s): cpu = 00:00:30 ; elapsed = 00:00:33 . Memory (MB): peak = 714.016 ; gain = 503.078
---------------------------------------------------------------------------------
---------------------------------------------------------------------------------
Start Renaming Generated Nets
---------------------------------------------------------------------------------
---------------------------------------------------------------------------------
Finished Renaming Generated Nets : Time (s): cpu = 00:00:30 ; elapsed = 00:00:33 . Memory (MB): peak = 714.016 ; gain = 503.078
---------------------------------------------------------------------------------
---------------------------------------------------------------------------------
Start Writing Synthesis Report
---------------------------------------------------------------------------------

Report BlackBoxes: 
+------+-------------------------------+----------+
|      |BlackBox name                  |Instances |
+------+-------------------------------+----------+
|1     |mb_ddr_xbar_0                  |         1|
|2     |mb_ddr_auto_cc_0               |         1|
|3     |mb_ddr_auto_us_0               |         1|
|4     |mb_ddr_auto_us_1               |         1|
|5     |mb_ddr_axi_uartlite_0_0        |         1|
|6     |mb_ddr_clk_wiz_1_0             |         1|
|7     |mb_ddr_mdm_1_0                 |         1|
|8     |mb_ddr_microblaze_0_0          |         1|
|9     |mb_ddr_mig_7series_0_0         |         1|
|10    |mb_ddr_rst_clk_wiz_1_100M_0    |         1|
|11    |mb_ddr_rst_mig_7series_0_81M_0 |         1|
|12    |mb_ddr_dlmb_bram_if_cntlr_0    |         1|
|13    |mb_ddr_dlmb_v10_0              |         1|
|14    |mb_ddr_ilmb_bram_if_cntlr_0    |         1|
|15    |mb_ddr_ilmb_v10_0              |         1|
|16    |mb_ddr_lmb_bram_0              |         1|
+------+-------------------------------+----------+

Report Cell Usage: 
+------+-------------------------------+------+
|      |Cell                           |Count |
+------+-------------------------------+------+
|1     |mb_ddr_auto_cc_0               |     1|
|2     |mb_ddr_auto_us_0               |     1|
|3     |mb_ddr_auto_us_1               |     1|
|4     |mb_ddr_axi_uartlite_0_0        |     1|
|5     |mb_ddr_clk_wiz_1_0             |     1|
|6     |mb_ddr_dlmb_bram_if_cntlr_0    |     1|
|7     |mb_ddr_dlmb_v10_0              |     1|
|8     |mb_ddr_ilmb_bram_if_cntlr_0    |     1|
|9     |mb_ddr_ilmb_v10_0              |     1|
|10    |mb_ddr_lmb_bram_0              |     1|
|11    |mb_ddr_mdm_1_0                 |     1|
|12    |mb_ddr_microblaze_0_0          |     1|
|13    |mb_ddr_mig_7series_0_0         |     1|
|14    |mb_ddr_rst_clk_wiz_1_100M_0    |     1|
|15    |mb_ddr_rst_mig_7series_0_81M_0 |     1|
|16    |mb_ddr_xbar_0                  |     1|
|17    |IBUF                           |     2|
|18    |OBUF                           |     3|
+------+-------------------------------+------+

Report Instance Areas: 
+------+------------------------------+-------------------------------------+------+
|      |Instance                      |Module                               |Cells |
+------+------------------------------+-------------------------------------+------+
|1     |top                           |                                     |  2194|
|2     |  mb_ddr_i                    |mb_ddr                               |  2189|
|3     |    axi_mem_intercon          |mb_ddr_axi_mem_intercon_0            |   974|
|4     |      m00_couplers            |m00_couplers_imp_1AHLRPU             |   278|
|5     |      s00_couplers            |s00_couplers_imp_13YHLOJ             |   242|
|6     |      s01_couplers            |s01_couplers_imp_HBGDJM              |   100|
|7     |    microblaze_0_axi_periph   |mb_ddr_microblaze_0_axi_periph_0     |     0|
|8     |    microblaze_0_local_memory |microblaze_0_local_memory_imp_5KY77I |   494|
+------+------------------------------+-------------------------------------+------+
---------------------------------------------------------------------------------
Finished Writing Synthesis Report : Time (s): cpu = 00:00:30 ; elapsed = 00:00:33 . Memory (MB): peak = 714.016 ; gain = 503.078
---------------------------------------------------------------------------------
Synthesis finished with 0 errors, 0 critical warnings and 6 warnings.
Synthesis Optimization Runtime : Time (s): cpu = 00:00:13 ; elapsed = 00:00:17 . Memory (MB): peak = 714.016 ; gain = 111.363
Synthesis Optimization Complete : Time (s): cpu = 00:00:30 ; elapsed = 00:00:33 . Memory (MB): peak = 714.016 ; gain = 503.078
INFO: [Project 1-571] Translating synthesized netlist
INFO: [Netlist 29-17] Analyzing 2 Unisim elements for replacement
INFO: [Netlist 29-28] Unisim Transformation completed in 0 CPU seconds
INFO: [Project 1-570] Preparing netlist for logic optimization
INFO: [Opt 31-138] Pushed 0 inverter(s) to 0 load pin(s).
INFO: [Project 1-111] Unisim Transformation Summary:
No Unisim elements were transformed.

INFO: [Common 17-83] Releasing license: Synthesis
79 Infos, 48 Warnings, 0 Critical Warnings and 0 Errors encountered.
synth_design completed successfully
synth_design: Time (s): cpu = 00:00:24 ; elapsed = 00:00:25 . Memory (MB): peak = 725.410 ; gain = 393.781
INFO: [Common 17-1381] The checkpoint 'C:/Prj/xilinxPrj/MicroblazePrj/Prj3Ddr2/Prj/mc_ddr2/mc_ddr2.runs/synth_1/mb_ddr_wrapper.dcp' has been generated.
report_utilization: Time (s): cpu = 00:00:00 ; elapsed = 00:00:00.016 . Memory (MB): peak = 725.410 ; gain = 0.000
INFO: [Common 17-206] Exiting Vivado at Sun Aug 12 11:18:21 2018...
