
*** Running vivado
    with args -log mb_ddr_auto_us_1.vds -m64 -product Vivado -mode batch -messageDb vivado.pb -notrace -source mb_ddr_auto_us_1.tcl


****** Vivado v2016.4 (64-bit)
  **** SW Build 1733598 on Wed Dec 14 22:35:39 MST 2016
  **** IP Build 1731160 on Wed Dec 14 23:47:21 MST 2016
    ** Copyright 1986-2016 Xilinx, Inc. All Rights Reserved.

source mb_ddr_auto_us_1.tcl -notrace
Starting RTL Elaboration : Time (s): cpu = 00:00:17 ; elapsed = 00:00:21 . Memory (MB): peak = 328.531 ; gain = 117.855
INFO: [Synth 8-638] synthesizing module 'mb_ddr_auto_us_1' [c:/Prj/xilinxPrj/MicroblazePrj/Prj3Ddr2/Prj/mc_ddr2/mc_ddr2.srcs/sources_1/bd/mb_ddr/ip/mb_ddr_auto_us_1/synth/mb_ddr_auto_us_1.v:58]
INFO: [Synth 8-638] synthesizing module 'axi_dwidth_converter_v2_1_11_top' [c:/Prj/xilinxPrj/MicroblazePrj/Prj3Ddr2/Prj/mc_ddr2/mc_ddr2.srcs/sources_1/bd/mb_ddr/ipshared/a4c8/hdl/axi_dwidth_converter_v2_1_vlsyn_rfs.v:14452]
INFO: [Synth 8-638] synthesizing module 'axi_dwidth_converter_v2_1_11_axi_upsizer' [c:/Prj/xilinxPrj/MicroblazePrj/Prj3Ddr2/Prj/mc_ddr2/mc_ddr2.srcs/sources_1/bd/mb_ddr/ipshared/a4c8/hdl/axi_dwidth_converter_v2_1_vlsyn_rfs.v:7037]
INFO: [Synth 8-638] synthesizing module 'axi_dwidth_converter_v2_1_11_r_upsizer' [c:/Prj/xilinxPrj/MicroblazePrj/Prj3Ddr2/Prj/mc_ddr2/mc_ddr2.srcs/sources_1/bd/mb_ddr/ipshared/a4c8/hdl/axi_dwidth_converter_v2_1_vlsyn_rfs.v:4652]
INFO: [Synth 8-256] done synthesizing module 'axi_dwidth_converter_v2_1_11_r_upsizer' (1#1) [c:/Prj/xilinxPrj/MicroblazePrj/Prj3Ddr2/Prj/mc_ddr2/mc_ddr2.srcs/sources_1/bd/mb_ddr/ipshared/a4c8/hdl/axi_dwidth_converter_v2_1_vlsyn_rfs.v:4652]
INFO: [Synth 8-638] synthesizing module 'axi_register_slice_v2_1_11_axi_register_slice' [c:/Prj/xilinxPrj/MicroblazePrj/Prj3Ddr2/Prj/mc_ddr2/mc_ddr2.srcs/sources_1/bd/mb_ddr/ipshared/0b6b/hdl/axi_register_slice_v2_1_vl_rfs.v:791]
INFO: [Synth 8-638] synthesizing module 'axi_infrastructure_v1_1_0_axi2vector' [c:/Prj/xilinxPrj/MicroblazePrj/Prj3Ddr2/Prj/mc_ddr2/mc_ddr2.srcs/sources_1/bd/mb_ddr/ipshared/7e3a/hdl/axi_infrastructure_v1_1_vl_rfs.v:60]
INFO: [Synth 8-256] done synthesizing module 'axi_infrastructure_v1_1_0_axi2vector' (2#1) [c:/Prj/xilinxPrj/MicroblazePrj/Prj3Ddr2/Prj/mc_ddr2/mc_ddr2.srcs/sources_1/bd/mb_ddr/ipshared/7e3a/hdl/axi_infrastructure_v1_1_vl_rfs.v:60]
INFO: [Synth 8-638] synthesizing module 'axi_register_slice_v2_1_11_axic_register_slice' [c:/Prj/xilinxPrj/MicroblazePrj/Prj3Ddr2/Prj/mc_ddr2/mc_ddr2.srcs/sources_1/bd/mb_ddr/ipshared/0b6b/hdl/axi_register_slice_v2_1_vl_rfs.v:85]
INFO: [Synth 8-256] done synthesizing module 'axi_register_slice_v2_1_11_axic_register_slice' (3#1) [c:/Prj/xilinxPrj/MicroblazePrj/Prj3Ddr2/Prj/mc_ddr2/mc_ddr2.srcs/sources_1/bd/mb_ddr/ipshared/0b6b/hdl/axi_register_slice_v2_1_vl_rfs.v:85]
INFO: [Synth 8-638] synthesizing module 'axi_register_slice_v2_1_11_axic_register_slice__parameterized0' [c:/Prj/xilinxPrj/MicroblazePrj/Prj3Ddr2/Prj/mc_ddr2/mc_ddr2.srcs/sources_1/bd/mb_ddr/ipshared/0b6b/hdl/axi_register_slice_v2_1_vl_rfs.v:85]
INFO: [Synth 8-256] done synthesizing module 'axi_register_slice_v2_1_11_axic_register_slice__parameterized0' (3#1) [c:/Prj/xilinxPrj/MicroblazePrj/Prj3Ddr2/Prj/mc_ddr2/mc_ddr2.srcs/sources_1/bd/mb_ddr/ipshared/0b6b/hdl/axi_register_slice_v2_1_vl_rfs.v:85]
INFO: [Synth 8-638] synthesizing module 'axi_register_slice_v2_1_11_axic_register_slice__parameterized1' [c:/Prj/xilinxPrj/MicroblazePrj/Prj3Ddr2/Prj/mc_ddr2/mc_ddr2.srcs/sources_1/bd/mb_ddr/ipshared/0b6b/hdl/axi_register_slice_v2_1_vl_rfs.v:85]
INFO: [Synth 8-256] done synthesizing module 'axi_register_slice_v2_1_11_axic_register_slice__parameterized1' (3#1) [c:/Prj/xilinxPrj/MicroblazePrj/Prj3Ddr2/Prj/mc_ddr2/mc_ddr2.srcs/sources_1/bd/mb_ddr/ipshared/0b6b/hdl/axi_register_slice_v2_1_vl_rfs.v:85]
INFO: [Synth 8-638] synthesizing module 'axi_register_slice_v2_1_11_axic_register_slice__parameterized2' [c:/Prj/xilinxPrj/MicroblazePrj/Prj3Ddr2/Prj/mc_ddr2/mc_ddr2.srcs/sources_1/bd/mb_ddr/ipshared/0b6b/hdl/axi_register_slice_v2_1_vl_rfs.v:85]
INFO: [Synth 8-256] done synthesizing module 'axi_register_slice_v2_1_11_axic_register_slice__parameterized2' (3#1) [c:/Prj/xilinxPrj/MicroblazePrj/Prj3Ddr2/Prj/mc_ddr2/mc_ddr2.srcs/sources_1/bd/mb_ddr/ipshared/0b6b/hdl/axi_register_slice_v2_1_vl_rfs.v:85]
INFO: [Synth 8-638] synthesizing module 'axi_infrastructure_v1_1_0_vector2axi' [c:/Prj/xilinxPrj/MicroblazePrj/Prj3Ddr2/Prj/mc_ddr2/mc_ddr2.srcs/sources_1/bd/mb_ddr/ipshared/7e3a/hdl/axi_infrastructure_v1_1_vl_rfs.v:474]
INFO: [Synth 8-256] done synthesizing module 'axi_infrastructure_v1_1_0_vector2axi' (4#1) [c:/Prj/xilinxPrj/MicroblazePrj/Prj3Ddr2/Prj/mc_ddr2/mc_ddr2.srcs/sources_1/bd/mb_ddr/ipshared/7e3a/hdl/axi_infrastructure_v1_1_vl_rfs.v:474]
INFO: [Synth 8-256] done synthesizing module 'axi_register_slice_v2_1_11_axi_register_slice' (5#1) [c:/Prj/xilinxPrj/MicroblazePrj/Prj3Ddr2/Prj/mc_ddr2/mc_ddr2.srcs/sources_1/bd/mb_ddr/ipshared/0b6b/hdl/axi_register_slice_v2_1_vl_rfs.v:791]
INFO: [Synth 8-638] synthesizing module 'axi_dwidth_converter_v2_1_11_a_upsizer' [c:/Prj/xilinxPrj/MicroblazePrj/Prj3Ddr2/Prj/mc_ddr2/mc_ddr2.srcs/sources_1/bd/mb_ddr/ipshared/a4c8/hdl/axi_dwidth_converter_v2_1_vlsyn_rfs.v:3603]
INFO: [Synth 8-638] synthesizing module 'generic_baseblocks_v2_1_0_command_fifo' [c:/Prj/xilinxPrj/MicroblazePrj/Prj3Ddr2/Prj/mc_ddr2/mc_ddr2.srcs/sources_1/bd/mb_ddr/ipshared/7ee0/hdl/generic_baseblocks_v2_1_vl_rfs.v:655]
INFO: [Synth 8-256] done synthesizing module 'generic_baseblocks_v2_1_0_command_fifo' (6#1) [c:/Prj/xilinxPrj/MicroblazePrj/Prj3Ddr2/Prj/mc_ddr2/mc_ddr2.srcs/sources_1/bd/mb_ddr/ipshared/7ee0/hdl/generic_baseblocks_v2_1_vl_rfs.v:655]
INFO: [Synth 8-256] done synthesizing module 'axi_dwidth_converter_v2_1_11_a_upsizer' (7#1) [c:/Prj/xilinxPrj/MicroblazePrj/Prj3Ddr2/Prj/mc_ddr2/mc_ddr2.srcs/sources_1/bd/mb_ddr/ipshared/a4c8/hdl/axi_dwidth_converter_v2_1_vlsyn_rfs.v:3603]
INFO: [Synth 8-638] synthesizing module 'axi_register_slice_v2_1_11_axi_register_slice__parameterized0' [c:/Prj/xilinxPrj/MicroblazePrj/Prj3Ddr2/Prj/mc_ddr2/mc_ddr2.srcs/sources_1/bd/mb_ddr/ipshared/0b6b/hdl/axi_register_slice_v2_1_vl_rfs.v:791]
INFO: [Synth 8-638] synthesizing module 'axi_infrastructure_v1_1_0_axi2vector__parameterized0' [c:/Prj/xilinxPrj/MicroblazePrj/Prj3Ddr2/Prj/mc_ddr2/mc_ddr2.srcs/sources_1/bd/mb_ddr/ipshared/7e3a/hdl/axi_infrastructure_v1_1_vl_rfs.v:60]
INFO: [Synth 8-256] done synthesizing module 'axi_infrastructure_v1_1_0_axi2vector__parameterized0' (7#1) [c:/Prj/xilinxPrj/MicroblazePrj/Prj3Ddr2/Prj/mc_ddr2/mc_ddr2.srcs/sources_1/bd/mb_ddr/ipshared/7e3a/hdl/axi_infrastructure_v1_1_vl_rfs.v:60]
INFO: [Synth 8-638] synthesizing module 'axi_register_slice_v2_1_11_axic_register_slice__parameterized3' [c:/Prj/xilinxPrj/MicroblazePrj/Prj3Ddr2/Prj/mc_ddr2/mc_ddr2.srcs/sources_1/bd/mb_ddr/ipshared/0b6b/hdl/axi_register_slice_v2_1_vl_rfs.v:85]
INFO: [Synth 8-256] done synthesizing module 'axi_register_slice_v2_1_11_axic_register_slice__parameterized3' (7#1) [c:/Prj/xilinxPrj/MicroblazePrj/Prj3Ddr2/Prj/mc_ddr2/mc_ddr2.srcs/sources_1/bd/mb_ddr/ipshared/0b6b/hdl/axi_register_slice_v2_1_vl_rfs.v:85]
INFO: [Synth 8-638] synthesizing module 'axi_register_slice_v2_1_11_axic_register_slice__parameterized4' [c:/Prj/xilinxPrj/MicroblazePrj/Prj3Ddr2/Prj/mc_ddr2/mc_ddr2.srcs/sources_1/bd/mb_ddr/ipshared/0b6b/hdl/axi_register_slice_v2_1_vl_rfs.v:85]
INFO: [Synth 8-256] done synthesizing module 'axi_register_slice_v2_1_11_axic_register_slice__parameterized4' (7#1) [c:/Prj/xilinxPrj/MicroblazePrj/Prj3Ddr2/Prj/mc_ddr2/mc_ddr2.srcs/sources_1/bd/mb_ddr/ipshared/0b6b/hdl/axi_register_slice_v2_1_vl_rfs.v:85]
INFO: [Synth 8-638] synthesizing module 'axi_register_slice_v2_1_11_axic_register_slice__parameterized5' [c:/Prj/xilinxPrj/MicroblazePrj/Prj3Ddr2/Prj/mc_ddr2/mc_ddr2.srcs/sources_1/bd/mb_ddr/ipshared/0b6b/hdl/axi_register_slice_v2_1_vl_rfs.v:85]
INFO: [Synth 8-256] done synthesizing module 'axi_register_slice_v2_1_11_axic_register_slice__parameterized5' (7#1) [c:/Prj/xilinxPrj/MicroblazePrj/Prj3Ddr2/Prj/mc_ddr2/mc_ddr2.srcs/sources_1/bd/mb_ddr/ipshared/0b6b/hdl/axi_register_slice_v2_1_vl_rfs.v:85]
INFO: [Synth 8-638] synthesizing module 'axi_register_slice_v2_1_11_axic_register_slice__parameterized6' [c:/Prj/xilinxPrj/MicroblazePrj/Prj3Ddr2/Prj/mc_ddr2/mc_ddr2.srcs/sources_1/bd/mb_ddr/ipshared/0b6b/hdl/axi_register_slice_v2_1_vl_rfs.v:85]
INFO: [Synth 8-256] done synthesizing module 'axi_register_slice_v2_1_11_axic_register_slice__parameterized6' (7#1) [c:/Prj/xilinxPrj/MicroblazePrj/Prj3Ddr2/Prj/mc_ddr2/mc_ddr2.srcs/sources_1/bd/mb_ddr/ipshared/0b6b/hdl/axi_register_slice_v2_1_vl_rfs.v:85]
INFO: [Synth 8-638] synthesizing module 'axi_infrastructure_v1_1_0_vector2axi__parameterized0' [c:/Prj/xilinxPrj/MicroblazePrj/Prj3Ddr2/Prj/mc_ddr2/mc_ddr2.srcs/sources_1/bd/mb_ddr/ipshared/7e3a/hdl/axi_infrastructure_v1_1_vl_rfs.v:474]
INFO: [Synth 8-256] done synthesizing module 'axi_infrastructure_v1_1_0_vector2axi__parameterized0' (7#1) [c:/Prj/xilinxPrj/MicroblazePrj/Prj3Ddr2/Prj/mc_ddr2/mc_ddr2.srcs/sources_1/bd/mb_ddr/ipshared/7e3a/hdl/axi_infrastructure_v1_1_vl_rfs.v:474]
INFO: [Synth 8-256] done synthesizing module 'axi_register_slice_v2_1_11_axi_register_slice__parameterized0' (7#1) [c:/Prj/xilinxPrj/MicroblazePrj/Prj3Ddr2/Prj/mc_ddr2/mc_ddr2.srcs/sources_1/bd/mb_ddr/ipshared/0b6b/hdl/axi_register_slice_v2_1_vl_rfs.v:791]
INFO: [Synth 8-256] done synthesizing module 'axi_dwidth_converter_v2_1_11_axi_upsizer' (8#1) [c:/Prj/xilinxPrj/MicroblazePrj/Prj3Ddr2/Prj/mc_ddr2/mc_ddr2.srcs/sources_1/bd/mb_ddr/ipshared/a4c8/hdl/axi_dwidth_converter_v2_1_vlsyn_rfs.v:7037]
INFO: [Synth 8-256] done synthesizing module 'axi_dwidth_converter_v2_1_11_top' (9#1) [c:/Prj/xilinxPrj/MicroblazePrj/Prj3Ddr2/Prj/mc_ddr2/mc_ddr2.srcs/sources_1/bd/mb_ddr/ipshared/a4c8/hdl/axi_dwidth_converter_v2_1_vlsyn_rfs.v:14452]
INFO: [Synth 8-256] done synthesizing module 'mb_ddr_auto_us_1' (10#1) [c:/Prj/xilinxPrj/MicroblazePrj/Prj3Ddr2/Prj/mc_ddr2/mc_ddr2.srcs/sources_1/bd/mb_ddr/ip/mb_ddr_auto_us_1/synth/mb_ddr_auto_us_1.v:58]
Finished RTL Elaboration : Time (s): cpu = 00:02:35 ; elapsed = 00:02:41 . Memory (MB): peak = 446.184 ; gain = 235.508
Finished RTL Optimization Phase 1 : Time (s): cpu = 00:02:35 ; elapsed = 00:02:42 . Memory (MB): peak = 446.184 ; gain = 235.508
INFO: [Device 21-403] Loading part xc7a100tcsg324-1
Constraint Validation Runtime : Time (s): cpu = 00:00:01 ; elapsed = 00:00:00.078 . Memory (MB): peak = 681.840 ; gain = 0.172
Finished Constraint Validation : Time (s): cpu = 00:02:47 ; elapsed = 00:02:54 . Memory (MB): peak = 681.840 ; gain = 471.164
Finished Loading Part and Timing Information : Time (s): cpu = 00:02:47 ; elapsed = 00:02:54 . Memory (MB): peak = 681.840 ; gain = 471.164
Finished applying 'set_property' XDC Constraints : Time (s): cpu = 00:02:47 ; elapsed = 00:02:54 . Memory (MB): peak = 681.840 ; gain = 471.164
Finished RTL Optimization Phase 2 : Time (s): cpu = 00:02:48 ; elapsed = 00:02:55 . Memory (MB): peak = 681.840 ; gain = 471.164
Finished Cross Boundary and Area Optimization : Time (s): cpu = 00:02:50 ; elapsed = 00:02:57 . Memory (MB): peak = 681.840 ; gain = 471.164
Finished Applying XDC Timing Constraints : Time (s): cpu = 00:03:00 ; elapsed = 00:03:07 . Memory (MB): peak = 681.840 ; gain = 471.164
Finished Timing Optimization : Time (s): cpu = 00:03:00 ; elapsed = 00:03:07 . Memory (MB): peak = 681.840 ; gain = 471.164
Finished Technology Mapping : Time (s): cpu = 00:03:01 ; elapsed = 00:03:08 . Memory (MB): peak = 681.840 ; gain = 471.164
Finished IO Insertion : Time (s): cpu = 00:03:01 ; elapsed = 00:03:08 . Memory (MB): peak = 681.840 ; gain = 471.164
Finished Renaming Generated Instances : Time (s): cpu = 00:03:01 ; elapsed = 00:03:08 . Memory (MB): peak = 681.840 ; gain = 471.164
Finished Rebuilding User Hierarchy : Time (s): cpu = 00:03:01 ; elapsed = 00:03:08 . Memory (MB): peak = 681.840 ; gain = 471.164
Finished Renaming Generated Ports : Time (s): cpu = 00:03:01 ; elapsed = 00:03:08 . Memory (MB): peak = 681.840 ; gain = 471.164
Finished Handling Custom Attributes : Time (s): cpu = 00:03:01 ; elapsed = 00:03:08 . Memory (MB): peak = 681.840 ; gain = 471.164
Finished Renaming Generated Nets : Time (s): cpu = 00:03:01 ; elapsed = 00:03:08 . Memory (MB): peak = 681.840 ; gain = 471.164

Report Cell Usage: 
+------+--------+------+
|      |Cell    |Count |
+------+--------+------+
|1     |LUT1    |     3|
|2     |LUT2    |    13|
|3     |LUT3    |    90|
|4     |LUT4    |    17|
|5     |LUT5    |    31|
|6     |LUT6    |   119|
|7     |SRLC32E |    28|
|8     |FDRE    |   320|
|9     |FDSE    |     2|
+------+--------+------+
Finished Writing Synthesis Report : Time (s): cpu = 00:03:01 ; elapsed = 00:03:08 . Memory (MB): peak = 681.840 ; gain = 471.164
synth_design: Time (s): cpu = 00:02:57 ; elapsed = 00:03:02 . Memory (MB): peak = 683.422 ; gain = 445.660
