
*** Running vivado
    with args -log mb_ddr_auto_us_0.vds -m64 -product Vivado -mode batch -messageDb vivado.pb -notrace -source mb_ddr_auto_us_0.tcl


****** Vivado v2016.4 (64-bit)
  **** SW Build 1733598 on Wed Dec 14 22:35:39 MST 2016
  **** IP Build 1731160 on Wed Dec 14 23:47:21 MST 2016
    ** Copyright 1986-2016 Xilinx, Inc. All Rights Reserved.

source mb_ddr_auto_us_0.tcl -notrace
Starting RTL Elaboration : Time (s): cpu = 00:00:16 ; elapsed = 00:00:19 . Memory (MB): peak = 327.883 ; gain = 116.707
INFO: [Synth 8-638] synthesizing module 'mb_ddr_auto_us_0' [c:/Prj/xilinxPrj/MicroblazePrj/Prj3Ddr2/Prj/mc_ddr2/mc_ddr2.srcs/sources_1/bd/mb_ddr/ip/mb_ddr_auto_us_0/synth/mb_ddr_auto_us_0.v:58]
INFO: [Synth 8-638] synthesizing module 'axi_dwidth_converter_v2_1_11_top' [c:/Prj/xilinxPrj/MicroblazePrj/Prj3Ddr2/Prj/mc_ddr2/mc_ddr2.srcs/sources_1/bd/mb_ddr/ipshared/a4c8/hdl/axi_dwidth_converter_v2_1_vlsyn_rfs.v:14452]
INFO: [Synth 8-638] synthesizing module 'axi_dwidth_converter_v2_1_11_axi_upsizer' [c:/Prj/xilinxPrj/MicroblazePrj/Prj3Ddr2/Prj/mc_ddr2/mc_ddr2.srcs/sources_1/bd/mb_ddr/ipshared/a4c8/hdl/axi_dwidth_converter_v2_1_vlsyn_rfs.v:7037]
INFO: [Synth 8-638] synthesizing module 'axi_dwidth_converter_v2_1_11_w_upsizer' [c:/Prj/xilinxPrj/MicroblazePrj/Prj3Ddr2/Prj/mc_ddr2/mc_ddr2.srcs/sources_1/bd/mb_ddr/ipshared/a4c8/hdl/axi_dwidth_converter_v2_1_vlsyn_rfs.v:5562]
INFO: [Synth 8-256] done synthesizing module 'axi_dwidth_converter_v2_1_11_w_upsizer' (1#1) [c:/Prj/xilinxPrj/MicroblazePrj/Prj3Ddr2/Prj/mc_ddr2/mc_ddr2.srcs/sources_1/bd/mb_ddr/ipshared/a4c8/hdl/axi_dwidth_converter_v2_1_vlsyn_rfs.v:5562]
INFO: [Synth 8-638] synthesizing module 'axi_dwidth_converter_v2_1_11_a_upsizer' [c:/Prj/xilinxPrj/MicroblazePrj/Prj3Ddr2/Prj/mc_ddr2/mc_ddr2.srcs/sources_1/bd/mb_ddr/ipshared/a4c8/hdl/axi_dwidth_converter_v2_1_vlsyn_rfs.v:3603]
INFO: [Synth 8-638] synthesizing module 'generic_baseblocks_v2_1_0_command_fifo' [c:/Prj/xilinxPrj/MicroblazePrj/Prj3Ddr2/Prj/mc_ddr2/mc_ddr2.srcs/sources_1/bd/mb_ddr/ipshared/7ee0/hdl/generic_baseblocks_v2_1_vl_rfs.v:655]
INFO: [Synth 8-256] done synthesizing module 'generic_baseblocks_v2_1_0_command_fifo' (2#1) [c:/Prj/xilinxPrj/MicroblazePrj/Prj3Ddr2/Prj/mc_ddr2/mc_ddr2.srcs/sources_1/bd/mb_ddr/ipshared/7ee0/hdl/generic_baseblocks_v2_1_vl_rfs.v:655]
INFO: [Synth 8-256] done synthesizing module 'axi_dwidth_converter_v2_1_11_a_upsizer' (3#1) [c:/Prj/xilinxPrj/MicroblazePrj/Prj3Ddr2/Prj/mc_ddr2/mc_ddr2.srcs/sources_1/bd/mb_ddr/ipshared/a4c8/hdl/axi_dwidth_converter_v2_1_vlsyn_rfs.v:3603]
INFO: [Synth 8-638] synthesizing module 'axi_dwidth_converter_v2_1_11_r_upsizer' [c:/Prj/xilinxPrj/MicroblazePrj/Prj3Ddr2/Prj/mc_ddr2/mc_ddr2.srcs/sources_1/bd/mb_ddr/ipshared/a4c8/hdl/axi_dwidth_converter_v2_1_vlsyn_rfs.v:4652]
INFO: [Synth 8-256] done synthesizing module 'axi_dwidth_converter_v2_1_11_r_upsizer' (4#1) [c:/Prj/xilinxPrj/MicroblazePrj/Prj3Ddr2/Prj/mc_ddr2/mc_ddr2.srcs/sources_1/bd/mb_ddr/ipshared/a4c8/hdl/axi_dwidth_converter_v2_1_vlsyn_rfs.v:4652]
INFO: [Synth 8-638] synthesizing module 'axi_register_slice_v2_1_11_axi_register_slice' [c:/Prj/xilinxPrj/MicroblazePrj/Prj3Ddr2/Prj/mc_ddr2/mc_ddr2.srcs/sources_1/bd/mb_ddr/ipshared/0b6b/hdl/axi_register_slice_v2_1_vl_rfs.v:791]
INFO: [Synth 8-638] synthesizing module 'axi_infrastructure_v1_1_0_axi2vector' [c:/Prj/xilinxPrj/MicroblazePrj/Prj3Ddr2/Prj/mc_ddr2/mc_ddr2.srcs/sources_1/bd/mb_ddr/ipshared/7e3a/hdl/axi_infrastructure_v1_1_vl_rfs.v:60]
INFO: [Synth 8-256] done synthesizing module 'axi_infrastructure_v1_1_0_axi2vector' (5#1) [c:/Prj/xilinxPrj/MicroblazePrj/Prj3Ddr2/Prj/mc_ddr2/mc_ddr2.srcs/sources_1/bd/mb_ddr/ipshared/7e3a/hdl/axi_infrastructure_v1_1_vl_rfs.v:60]
INFO: [Synth 8-638] synthesizing module 'axi_register_slice_v2_1_11_axic_register_slice' [c:/Prj/xilinxPrj/MicroblazePrj/Prj3Ddr2/Prj/mc_ddr2/mc_ddr2.srcs/sources_1/bd/mb_ddr/ipshared/0b6b/hdl/axi_register_slice_v2_1_vl_rfs.v:85]
INFO: [Synth 8-256] done synthesizing module 'axi_register_slice_v2_1_11_axic_register_slice' (6#1) [c:/Prj/xilinxPrj/MicroblazePrj/Prj3Ddr2/Prj/mc_ddr2/mc_ddr2.srcs/sources_1/bd/mb_ddr/ipshared/0b6b/hdl/axi_register_slice_v2_1_vl_rfs.v:85]
INFO: [Synth 8-638] synthesizing module 'axi_register_slice_v2_1_11_axic_register_slice__parameterized0' [c:/Prj/xilinxPrj/MicroblazePrj/Prj3Ddr2/Prj/mc_ddr2/mc_ddr2.srcs/sources_1/bd/mb_ddr/ipshared/0b6b/hdl/axi_register_slice_v2_1_vl_rfs.v:85]
INFO: [Synth 8-256] done synthesizing module 'axi_register_slice_v2_1_11_axic_register_slice__parameterized0' (6#1) [c:/Prj/xilinxPrj/MicroblazePrj/Prj3Ddr2/Prj/mc_ddr2/mc_ddr2.srcs/sources_1/bd/mb_ddr/ipshared/0b6b/hdl/axi_register_slice_v2_1_vl_rfs.v:85]
INFO: [Synth 8-638] synthesizing module 'axi_register_slice_v2_1_11_axic_register_slice__parameterized1' [c:/Prj/xilinxPrj/MicroblazePrj/Prj3Ddr2/Prj/mc_ddr2/mc_ddr2.srcs/sources_1/bd/mb_ddr/ipshared/0b6b/hdl/axi_register_slice_v2_1_vl_rfs.v:85]
INFO: [Synth 8-256] done synthesizing module 'axi_register_slice_v2_1_11_axic_register_slice__parameterized1' (6#1) [c:/Prj/xilinxPrj/MicroblazePrj/Prj3Ddr2/Prj/mc_ddr2/mc_ddr2.srcs/sources_1/bd/mb_ddr/ipshared/0b6b/hdl/axi_register_slice_v2_1_vl_rfs.v:85]
INFO: [Synth 8-638] synthesizing module 'axi_register_slice_v2_1_11_axic_register_slice__parameterized2' [c:/Prj/xilinxPrj/MicroblazePrj/Prj3Ddr2/Prj/mc_ddr2/mc_ddr2.srcs/sources_1/bd/mb_ddr/ipshared/0b6b/hdl/axi_register_slice_v2_1_vl_rfs.v:85]
INFO: [Synth 8-256] done synthesizing module 'axi_register_slice_v2_1_11_axic_register_slice__parameterized2' (6#1) [c:/Prj/xilinxPrj/MicroblazePrj/Prj3Ddr2/Prj/mc_ddr2/mc_ddr2.srcs/sources_1/bd/mb_ddr/ipshared/0b6b/hdl/axi_register_slice_v2_1_vl_rfs.v:85]
INFO: [Synth 8-638] synthesizing module 'axi_infrastructure_v1_1_0_vector2axi' [c:/Prj/xilinxPrj/MicroblazePrj/Prj3Ddr2/Prj/mc_ddr2/mc_ddr2.srcs/sources_1/bd/mb_ddr/ipshared/7e3a/hdl/axi_infrastructure_v1_1_vl_rfs.v:474]
INFO: [Synth 8-256] done synthesizing module 'axi_infrastructure_v1_1_0_vector2axi' (7#1) [c:/Prj/xilinxPrj/MicroblazePrj/Prj3Ddr2/Prj/mc_ddr2/mc_ddr2.srcs/sources_1/bd/mb_ddr/ipshared/7e3a/hdl/axi_infrastructure_v1_1_vl_rfs.v:474]
INFO: [Synth 8-256] done synthesizing module 'axi_register_slice_v2_1_11_axi_register_slice' (8#1) [c:/Prj/xilinxPrj/MicroblazePrj/Prj3Ddr2/Prj/mc_ddr2/mc_ddr2.srcs/sources_1/bd/mb_ddr/ipshared/0b6b/hdl/axi_register_slice_v2_1_vl_rfs.v:791]
INFO: [Synth 8-638] synthesizing module 'axi_dwidth_converter_v2_1_11_a_upsizer__parameterized0' [c:/Prj/xilinxPrj/MicroblazePrj/Prj3Ddr2/Prj/mc_ddr2/mc_ddr2.srcs/sources_1/bd/mb_ddr/ipshared/a4c8/hdl/axi_dwidth_converter_v2_1_vlsyn_rfs.v:3603]
INFO: [Synth 8-256] done synthesizing module 'axi_dwidth_converter_v2_1_11_a_upsizer__parameterized0' (8#1) [c:/Prj/xilinxPrj/MicroblazePrj/Prj3Ddr2/Prj/mc_ddr2/mc_ddr2.srcs/sources_1/bd/mb_ddr/ipshared/a4c8/hdl/axi_dwidth_converter_v2_1_vlsyn_rfs.v:3603]
INFO: [Synth 8-638] synthesizing module 'axi_register_slice_v2_1_11_axi_register_slice__parameterized0' [c:/Prj/xilinxPrj/MicroblazePrj/Prj3Ddr2/Prj/mc_ddr2/mc_ddr2.srcs/sources_1/bd/mb_ddr/ipshared/0b6b/hdl/axi_register_slice_v2_1_vl_rfs.v:791]
INFO: [Synth 8-638] synthesizing module 'axi_infrastructure_v1_1_0_axi2vector__parameterized0' [c:/Prj/xilinxPrj/MicroblazePrj/Prj3Ddr2/Prj/mc_ddr2/mc_ddr2.srcs/sources_1/bd/mb_ddr/ipshared/7e3a/hdl/axi_infrastructure_v1_1_vl_rfs.v:60]
INFO: [Synth 8-256] done synthesizing module 'axi_infrastructure_v1_1_0_axi2vector__parameterized0' (8#1) [c:/Prj/xilinxPrj/MicroblazePrj/Prj3Ddr2/Prj/mc_ddr2/mc_ddr2.srcs/sources_1/bd/mb_ddr/ipshared/7e3a/hdl/axi_infrastructure_v1_1_vl_rfs.v:60]
INFO: [Synth 8-638] synthesizing module 'axi_register_slice_v2_1_11_axic_register_slice__parameterized3' [c:/Prj/xilinxPrj/MicroblazePrj/Prj3Ddr2/Prj/mc_ddr2/mc_ddr2.srcs/sources_1/bd/mb_ddr/ipshared/0b6b/hdl/axi_register_slice_v2_1_vl_rfs.v:85]
INFO: [Synth 8-256] done synthesizing module 'axi_register_slice_v2_1_11_axic_register_slice__parameterized3' (8#1) [c:/Prj/xilinxPrj/MicroblazePrj/Prj3Ddr2/Prj/mc_ddr2/mc_ddr2.srcs/sources_1/bd/mb_ddr/ipshared/0b6b/hdl/axi_register_slice_v2_1_vl_rfs.v:85]
INFO: [Synth 8-638] synthesizing module 'axi_register_slice_v2_1_11_axic_register_slice__parameterized4' [c:/Prj/xilinxPrj/MicroblazePrj/Prj3Ddr2/Prj/mc_ddr2/mc_ddr2.srcs/sources_1/bd/mb_ddr/ipshared/0b6b/hdl/axi_register_slice_v2_1_vl_rfs.v:85]
INFO: [Synth 8-256] done synthesizing module 'axi_register_slice_v2_1_11_axic_register_slice__parameterized4' (8#1) [c:/Prj/xilinxPrj/MicroblazePrj/Prj3Ddr2/Prj/mc_ddr2/mc_ddr2.srcs/sources_1/bd/mb_ddr/ipshared/0b6b/hdl/axi_register_slice_v2_1_vl_rfs.v:85]
INFO: [Synth 8-638] synthesizing module 'axi_register_slice_v2_1_11_axic_register_slice__parameterized5' [c:/Prj/xilinxPrj/MicroblazePrj/Prj3Ddr2/Prj/mc_ddr2/mc_ddr2.srcs/sources_1/bd/mb_ddr/ipshared/0b6b/hdl/axi_register_slice_v2_1_vl_rfs.v:85]
INFO: [Synth 8-256] done synthesizing module 'axi_register_slice_v2_1_11_axic_register_slice__parameterized5' (8#1) [c:/Prj/xilinxPrj/MicroblazePrj/Prj3Ddr2/Prj/mc_ddr2/mc_ddr2.srcs/sources_1/bd/mb_ddr/ipshared/0b6b/hdl/axi_register_slice_v2_1_vl_rfs.v:85]
INFO: [Synth 8-638] synthesizing module 'axi_infrastructure_v1_1_0_vector2axi__parameterized0' [c:/Prj/xilinxPrj/MicroblazePrj/Prj3Ddr2/Prj/mc_ddr2/mc_ddr2.srcs/sources_1/bd/mb_ddr/ipshared/7e3a/hdl/axi_infrastructure_v1_1_vl_rfs.v:474]
INFO: [Synth 8-256] done synthesizing module 'axi_infrastructure_v1_1_0_vector2axi__parameterized0' (8#1) [c:/Prj/xilinxPrj/MicroblazePrj/Prj3Ddr2/Prj/mc_ddr2/mc_ddr2.srcs/sources_1/bd/mb_ddr/ipshared/7e3a/hdl/axi_infrastructure_v1_1_vl_rfs.v:474]
INFO: [Synth 8-256] done synthesizing module 'axi_register_slice_v2_1_11_axi_register_slice__parameterized0' (8#1) [c:/Prj/xilinxPrj/MicroblazePrj/Prj3Ddr2/Prj/mc_ddr2/mc_ddr2.srcs/sources_1/bd/mb_ddr/ipshared/0b6b/hdl/axi_register_slice_v2_1_vl_rfs.v:791]
INFO: [Synth 8-256] done synthesizing module 'axi_dwidth_converter_v2_1_11_axi_upsizer' (9#1) [c:/Prj/xilinxPrj/MicroblazePrj/Prj3Ddr2/Prj/mc_ddr2/mc_ddr2.srcs/sources_1/bd/mb_ddr/ipshared/a4c8/hdl/axi_dwidth_converter_v2_1_vlsyn_rfs.v:7037]
INFO: [Synth 8-256] done synthesizing module 'axi_dwidth_converter_v2_1_11_top' (10#1) [c:/Prj/xilinxPrj/MicroblazePrj/Prj3Ddr2/Prj/mc_ddr2/mc_ddr2.srcs/sources_1/bd/mb_ddr/ipshared/a4c8/hdl/axi_dwidth_converter_v2_1_vlsyn_rfs.v:14452]
INFO: [Synth 8-256] done synthesizing module 'mb_ddr_auto_us_0' (11#1) [c:/Prj/xilinxPrj/MicroblazePrj/Prj3Ddr2/Prj/mc_ddr2/mc_ddr2.srcs/sources_1/bd/mb_ddr/ip/mb_ddr_auto_us_0/synth/mb_ddr_auto_us_0.v:58]
Finished RTL Elaboration : Time (s): cpu = 00:02:37 ; elapsed = 00:02:42 . Memory (MB): peak = 448.414 ; gain = 237.238
Finished RTL Optimization Phase 1 : Time (s): cpu = 00:02:37 ; elapsed = 00:02:42 . Memory (MB): peak = 448.414 ; gain = 237.238
INFO: [Device 21-403] Loading part xc7a100tcsg324-1
Constraint Validation Runtime : Time (s): cpu = 00:00:00 ; elapsed = 00:00:00.078 . Memory (MB): peak = 686.559 ; gain = 0.223
Finished Constraint Validation : Time (s): cpu = 00:02:50 ; elapsed = 00:02:55 . Memory (MB): peak = 686.559 ; gain = 475.383
Finished Loading Part and Timing Information : Time (s): cpu = 00:02:50 ; elapsed = 00:02:55 . Memory (MB): peak = 686.559 ; gain = 475.383
Finished applying 'set_property' XDC Constraints : Time (s): cpu = 00:02:50 ; elapsed = 00:02:55 . Memory (MB): peak = 686.559 ; gain = 475.383
Finished RTL Optimization Phase 2 : Time (s): cpu = 00:02:51 ; elapsed = 00:02:57 . Memory (MB): peak = 686.559 ; gain = 475.383
Finished Cross Boundary and Area Optimization : Time (s): cpu = 00:03:02 ; elapsed = 00:03:07 . Memory (MB): peak = 686.559 ; gain = 475.383
Finished Applying XDC Timing Constraints : Time (s): cpu = 00:03:11 ; elapsed = 00:03:16 . Memory (MB): peak = 686.559 ; gain = 475.383
Finished Timing Optimization : Time (s): cpu = 00:03:12 ; elapsed = 00:03:17 . Memory (MB): peak = 686.559 ; gain = 475.383
Finished Technology Mapping : Time (s): cpu = 00:03:12 ; elapsed = 00:03:18 . Memory (MB): peak = 696.359 ; gain = 485.184
Finished IO Insertion : Time (s): cpu = 00:03:13 ; elapsed = 00:03:18 . Memory (MB): peak = 696.359 ; gain = 485.184
Finished Renaming Generated Instances : Time (s): cpu = 00:03:13 ; elapsed = 00:03:18 . Memory (MB): peak = 696.359 ; gain = 485.184
Finished Rebuilding User Hierarchy : Time (s): cpu = 00:03:13 ; elapsed = 00:03:18 . Memory (MB): peak = 696.359 ; gain = 485.184
Finished Renaming Generated Ports : Time (s): cpu = 00:03:13 ; elapsed = 00:03:18 . Memory (MB): peak = 696.359 ; gain = 485.184
Finished Handling Custom Attributes : Time (s): cpu = 00:03:13 ; elapsed = 00:03:18 . Memory (MB): peak = 696.359 ; gain = 485.184
Finished Renaming Generated Nets : Time (s): cpu = 00:03:13 ; elapsed = 00:03:18 . Memory (MB): peak = 696.359 ; gain = 485.184

Report Cell Usage: 
+------+--------+------+
|      |Cell    |Count |
+------+--------+------+
|1     |LUT1    |     6|
|2     |LUT2    |    33|
|3     |LUT3    |   109|
|4     |LUT4    |    40|
|5     |LUT5    |   134|
|6     |LUT6    |   213|
|7     |SRLC32E |    56|
|8     |FDRE    |   581|
|9     |FDSE    |     4|
+------+--------+------+
Finished Writing Synthesis Report : Time (s): cpu = 00:03:13 ; elapsed = 00:03:18 . Memory (MB): peak = 696.359 ; gain = 485.184
synth_design: Time (s): cpu = 00:03:09 ; elapsed = 00:03:12 . Memory (MB): peak = 702.453 ; gain = 464.051
