
*** Running vivado
    with args -log mb_sys_gpio_ilmb_v10_0.vds -m64 -product Vivado -mode batch -messageDb vivado.pb -notrace -source mb_sys_gpio_ilmb_v10_0.tcl


****** Vivado v2016.4 (64-bit)
  **** SW Build 1733598 on Wed Dec 14 22:35:39 MST 2016
  **** IP Build 1731160 on Wed Dec 14 23:47:21 MST 2016
    ** Copyright 1986-2016 Xilinx, Inc. All Rights Reserved.

source mb_sys_gpio_ilmb_v10_0.tcl -notrace
Starting RTL Elaboration : Time (s): cpu = 00:00:09 ; elapsed = 00:00:12 . Memory (MB): peak = 296.512 ; gain = 85.863
INFO: [Synth 8-638] synthesizing module 'mb_sys_gpio_ilmb_v10_0' [c:/Prj/xilinxPrj/MicroblazePrj/Prj2AXIGpio/Prj/MBAXIGpio/MB_AXIGpio/MB_AXIGpio.srcs/sources_1/bd/mb_sys_gpio/ip/mb_sys_gpio_ilmb_v10_0/synth/mb_sys_gpio_ilmb_v10_0.vhd:89]
INFO: [Synth 8-638] synthesizing module 'lmb_v10' [c:/Prj/xilinxPrj/MicroblazePrj/Prj2AXIGpio/Prj/MBAXIGpio/MB_AXIGpio/MB_AXIGpio.srcs/sources_1/bd/mb_sys_gpio/ipshared/162e/hdl/lmb_v10_v3_0_vh_rfs.vhd:140]
INFO: [Synth 8-638] synthesizing module 'FDS' [C:/ToolSoftWare/Xilinx/Vivado/2016.4/scripts/rt/data/unisim_comp.v:4087]
INFO: [Synth 8-256] done synthesizing module 'FDS' (1#1) [C:/ToolSoftWare/Xilinx/Vivado/2016.4/scripts/rt/data/unisim_comp.v:4087]
INFO: [Synth 8-256] done synthesizing module 'lmb_v10' (2#1) [c:/Prj/xilinxPrj/MicroblazePrj/Prj2AXIGpio/Prj/MBAXIGpio/MB_AXIGpio/MB_AXIGpio.srcs/sources_1/bd/mb_sys_gpio/ipshared/162e/hdl/lmb_v10_v3_0_vh_rfs.vhd:140]
INFO: [Synth 8-256] done synthesizing module 'mb_sys_gpio_ilmb_v10_0' (3#1) [c:/Prj/xilinxPrj/MicroblazePrj/Prj2AXIGpio/Prj/MBAXIGpio/MB_AXIGpio/MB_AXIGpio.srcs/sources_1/bd/mb_sys_gpio/ip/mb_sys_gpio_ilmb_v10_0/synth/mb_sys_gpio_ilmb_v10_0.vhd:89]
Finished RTL Elaboration : Time (s): cpu = 00:00:10 ; elapsed = 00:00:13 . Memory (MB): peak = 333.914 ; gain = 123.266
Finished RTL Optimization Phase 1 : Time (s): cpu = 00:00:10 ; elapsed = 00:00:13 . Memory (MB): peak = 333.914 ; gain = 123.266
INFO: [Device 21-403] Loading part xc7a100tcsg324-1
Constraint Validation Runtime : Time (s): cpu = 00:00:00 ; elapsed = 00:00:00.032 . Memory (MB): peak = 554.148 ; gain = 0.000
Finished Constraint Validation : Time (s): cpu = 00:00:26 ; elapsed = 00:00:29 . Memory (MB): peak = 554.148 ; gain = 343.500
Finished Loading Part and Timing Information : Time (s): cpu = 00:00:26 ; elapsed = 00:00:29 . Memory (MB): peak = 554.148 ; gain = 343.500
Finished applying 'set_property' XDC Constraints : Time (s): cpu = 00:00:26 ; elapsed = 00:00:29 . Memory (MB): peak = 554.148 ; gain = 343.500
Finished RTL Optimization Phase 2 : Time (s): cpu = 00:00:26 ; elapsed = 00:00:29 . Memory (MB): peak = 554.148 ; gain = 343.500
Finished Cross Boundary and Area Optimization : Time (s): cpu = 00:00:26 ; elapsed = 00:00:30 . Memory (MB): peak = 554.148 ; gain = 343.500
Finished Applying XDC Timing Constraints : Time (s): cpu = 00:00:43 ; elapsed = 00:00:47 . Memory (MB): peak = 575.109 ; gain = 364.461
Finished Timing Optimization : Time (s): cpu = 00:00:43 ; elapsed = 00:00:47 . Memory (MB): peak = 575.109 ; gain = 364.461
Finished Technology Mapping : Time (s): cpu = 00:00:43 ; elapsed = 00:00:47 . Memory (MB): peak = 585.773 ; gain = 375.125
Finished IO Insertion : Time (s): cpu = 00:00:44 ; elapsed = 00:00:48 . Memory (MB): peak = 585.773 ; gain = 375.125
Finished Renaming Generated Instances : Time (s): cpu = 00:00:44 ; elapsed = 00:00:48 . Memory (MB): peak = 585.773 ; gain = 375.125
Finished Rebuilding User Hierarchy : Time (s): cpu = 00:00:44 ; elapsed = 00:00:48 . Memory (MB): peak = 585.773 ; gain = 375.125
Finished Renaming Generated Ports : Time (s): cpu = 00:00:44 ; elapsed = 00:00:48 . Memory (MB): peak = 585.773 ; gain = 375.125
Finished Handling Custom Attributes : Time (s): cpu = 00:00:44 ; elapsed = 00:00:48 . Memory (MB): peak = 585.773 ; gain = 375.125
Finished Renaming Generated Nets : Time (s): cpu = 00:00:44 ; elapsed = 00:00:48 . Memory (MB): peak = 585.773 ; gain = 375.125

Report Cell Usage: 
+------+-----+------+
|      |Cell |Count |
+------+-----+------+
|1     |FDS  |     1|
+------+-----+------+
Finished Writing Synthesis Report : Time (s): cpu = 00:00:44 ; elapsed = 00:00:48 . Memory (MB): peak = 585.773 ; gain = 375.125
synth_design: Time (s): cpu = 00:00:42 ; elapsed = 00:00:45 . Memory (MB): peak = 611.719 ; gain = 393.984
