
*** Running vivado
    with args -log Prj1Hello_mdm_1_1.vds -m64 -product Vivado -mode batch -messageDb vivado.pb -notrace -source Prj1Hello_mdm_1_1.tcl


****** Vivado v2016.4 (64-bit)
  **** SW Build 1733598 on Wed Dec 14 22:35:39 MST 2016
  **** IP Build 1731160 on Wed Dec 14 23:47:21 MST 2016
    ** Copyright 1986-2016 Xilinx, Inc. All Rights Reserved.

source Prj1Hello_mdm_1_1.tcl -notrace
Starting RTL Elaboration : Time (s): cpu = 00:00:15 ; elapsed = 00:00:18 . Memory (MB): peak = 309.281 ; gain = 98.277
INFO: [Synth 8-638] synthesizing module 'Prj1Hello_mdm_1_1' [c:/Prj/xilinxPrj/MicroblazePrj/Prj1Hello/Prj/Prj1Hello/Prj1Hello.srcs/sources_1/bd/Prj1Hello/ip/Prj1Hello_mdm_1_1/synth/Prj1Hello_mdm_1_1.vhd:74]
INFO: [Synth 8-638] synthesizing module 'MDM' [c:/Prj/xilinxPrj/MicroblazePrj/Prj1Hello/Prj/Prj1Hello/Prj1Hello.srcs/sources_1/bd/Prj1Hello/ipshared/71de/hdl/mdm_v3_2_vh_rfs.vhd:13311]
INFO: [Synth 8-638] synthesizing module 'MB_BSCANE2' [c:/Prj/xilinxPrj/MicroblazePrj/Prj1Hello/Prj/Prj1Hello/Prj1Hello.srcs/sources_1/bd/Prj1Hello/ipshared/71de/hdl/mdm_v3_2_vh_rfs.vhd:277]
INFO: [Synth 8-256] done synthesizing module 'MB_BSCANE2' (1#1) [c:/Prj/xilinxPrj/MicroblazePrj/Prj1Hello/Prj/Prj1Hello/Prj1Hello.srcs/sources_1/bd/Prj1Hello/ipshared/71de/hdl/mdm_v3_2_vh_rfs.vhd:277]
INFO: [Synth 8-638] synthesizing module 'MB_BUFG' [c:/Prj/xilinxPrj/MicroblazePrj/Prj1Hello/Prj/Prj1Hello/Prj1Hello.srcs/sources_1/bd/Prj1Hello/ipshared/71de/hdl/mdm_v3_2_vh_rfs.vhd:328]
INFO: [Synth 8-256] done synthesizing module 'MB_BUFG' (2#1) [c:/Prj/xilinxPrj/MicroblazePrj/Prj1Hello/Prj/Prj1Hello/Prj1Hello.srcs/sources_1/bd/Prj1Hello/ipshared/71de/hdl/mdm_v3_2_vh_rfs.vhd:328]
INFO: [Synth 8-638] synthesizing module 'MDM_Core' [c:/Prj/xilinxPrj/MicroblazePrj/Prj1Hello/Prj/Prj1Hello/Prj1Hello.srcs/sources_1/bd/Prj1Hello/ipshared/71de/hdl/mdm_v3_2_vh_rfs.vhd:6525]
INFO: [Synth 8-638] synthesizing module 'JTAG_CONTROL' [c:/Prj/xilinxPrj/MicroblazePrj/Prj1Hello/Prj/Prj1Hello/Prj1Hello.srcs/sources_1/bd/Prj1Hello/ipshared/71de/hdl/mdm_v3_2_vh_rfs.vhd:3101]
INFO: [Synth 8-638] synthesizing module 'MB_FDC_1' [c:/Prj/xilinxPrj/MicroblazePrj/Prj1Hello/Prj/Prj1Hello/Prj1Hello.srcs/sources_1/bd/Prj1Hello/ipshared/71de/hdl/mdm_v3_2_vh_rfs.vhd:630]
INFO: [Synth 8-256] done synthesizing module 'MB_FDC_1' (3#1) [c:/Prj/xilinxPrj/MicroblazePrj/Prj1Hello/Prj/Prj1Hello/Prj1Hello.srcs/sources_1/bd/Prj1Hello/ipshared/71de/hdl/mdm_v3_2_vh_rfs.vhd:630]
INFO: [Synth 8-638] synthesizing module 'MB_FDRE_1' [c:/Prj/xilinxPrj/MicroblazePrj/Prj1Hello/Prj/Prj1Hello/Prj1Hello.srcs/sources_1/bd/Prj1Hello/ipshared/71de/hdl/mdm_v3_2_vh_rfs.vhd:690]
INFO: [Synth 8-256] done synthesizing module 'MB_FDRE_1' (4#1) [c:/Prj/xilinxPrj/MicroblazePrj/Prj1Hello/Prj/Prj1Hello/Prj1Hello.srcs/sources_1/bd/Prj1Hello/ipshared/71de/hdl/mdm_v3_2_vh_rfs.vhd:690]
INFO: [Synth 8-638] synthesizing module 'MB_SRL16E' [c:/Prj/xilinxPrj/MicroblazePrj/Prj1Hello/Prj/Prj1Hello/Prj1Hello.srcs/sources_1/bd/Prj1Hello/ipshared/71de/hdl/mdm_v3_2_vh_rfs.vhd:758]
INFO: [Synth 8-256] done synthesizing module 'MB_SRL16E' (5#1) [c:/Prj/xilinxPrj/MicroblazePrj/Prj1Hello/Prj/Prj1Hello/Prj1Hello.srcs/sources_1/bd/Prj1Hello/ipshared/71de/hdl/mdm_v3_2_vh_rfs.vhd:758]
INFO: [Synth 8-638] synthesizing module 'MB_SRL16E__parameterized1' [c:/Prj/xilinxPrj/MicroblazePrj/Prj1Hello/Prj/Prj1Hello/Prj1Hello.srcs/sources_1/bd/Prj1Hello/ipshared/71de/hdl/mdm_v3_2_vh_rfs.vhd:758]
INFO: [Synth 8-256] done synthesizing module 'MB_SRL16E__parameterized1' (5#1) [c:/Prj/xilinxPrj/MicroblazePrj/Prj1Hello/Prj/Prj1Hello/Prj1Hello.srcs/sources_1/bd/Prj1Hello/ipshared/71de/hdl/mdm_v3_2_vh_rfs.vhd:758]
INFO: [Synth 8-638] synthesizing module 'MB_SRL16E__parameterized3' [c:/Prj/xilinxPrj/MicroblazePrj/Prj1Hello/Prj/Prj1Hello/Prj1Hello.srcs/sources_1/bd/Prj1Hello/ipshared/71de/hdl/mdm_v3_2_vh_rfs.vhd:758]
INFO: [Synth 8-256] done synthesizing module 'MB_SRL16E__parameterized3' (5#1) [c:/Prj/xilinxPrj/MicroblazePrj/Prj1Hello/Prj/Prj1Hello/Prj1Hello.srcs/sources_1/bd/Prj1Hello/ipshared/71de/hdl/mdm_v3_2_vh_rfs.vhd:758]
INFO: [Synth 8-638] synthesizing module 'MB_SRL16E__parameterized5' [c:/Prj/xilinxPrj/MicroblazePrj/Prj1Hello/Prj/Prj1Hello/Prj1Hello.srcs/sources_1/bd/Prj1Hello/ipshared/71de/hdl/mdm_v3_2_vh_rfs.vhd:758]
INFO: [Synth 8-256] done synthesizing module 'MB_SRL16E__parameterized5' (5#1) [c:/Prj/xilinxPrj/MicroblazePrj/Prj1Hello/Prj/Prj1Hello/Prj1Hello.srcs/sources_1/bd/Prj1Hello/ipshared/71de/hdl/mdm_v3_2_vh_rfs.vhd:758]
INFO: [Synth 8-256] done synthesizing module 'JTAG_CONTROL' (6#1) [c:/Prj/xilinxPrj/MicroblazePrj/Prj1Hello/Prj/Prj1Hello/Prj1Hello.srcs/sources_1/bd/Prj1Hello/ipshared/71de/hdl/mdm_v3_2_vh_rfs.vhd:3101]
INFO: [Synth 8-256] done synthesizing module 'MDM_Core' (7#1) [c:/Prj/xilinxPrj/MicroblazePrj/Prj1Hello/Prj/Prj1Hello/Prj1Hello.srcs/sources_1/bd/Prj1Hello/ipshared/71de/hdl/mdm_v3_2_vh_rfs.vhd:6525]
INFO: [Synth 8-256] done synthesizing module 'MDM' (8#1) [c:/Prj/xilinxPrj/MicroblazePrj/Prj1Hello/Prj/Prj1Hello/Prj1Hello.srcs/sources_1/bd/Prj1Hello/ipshared/71de/hdl/mdm_v3_2_vh_rfs.vhd:13311]
INFO: [Synth 8-256] done synthesizing module 'Prj1Hello_mdm_1_1' (9#1) [c:/Prj/xilinxPrj/MicroblazePrj/Prj1Hello/Prj/Prj1Hello/Prj1Hello.srcs/sources_1/bd/Prj1Hello/ip/Prj1Hello_mdm_1_1/synth/Prj1Hello_mdm_1_1.vhd:74]
Finished RTL Elaboration : Time (s): cpu = 00:00:22 ; elapsed = 00:00:26 . Memory (MB): peak = 355.273 ; gain = 144.270
Finished RTL Optimization Phase 1 : Time (s): cpu = 00:00:23 ; elapsed = 00:00:27 . Memory (MB): peak = 355.273 ; gain = 144.270
INFO: [Device 21-403] Loading part xc7a100tcsg324-1
Constraint Validation Runtime : Time (s): cpu = 00:00:00 ; elapsed = 00:00:00.032 . Memory (MB): peak = 666.969 ; gain = 0.000
Finished Constraint Validation : Time (s): cpu = 00:00:48 ; elapsed = 00:00:53 . Memory (MB): peak = 666.969 ; gain = 455.965
Finished Loading Part and Timing Information : Time (s): cpu = 00:00:48 ; elapsed = 00:00:53 . Memory (MB): peak = 666.969 ; gain = 455.965
Finished applying 'set_property' XDC Constraints : Time (s): cpu = 00:00:49 ; elapsed = 00:00:53 . Memory (MB): peak = 666.969 ; gain = 455.965
Finished RTL Optimization Phase 2 : Time (s): cpu = 00:00:50 ; elapsed = 00:00:55 . Memory (MB): peak = 666.969 ; gain = 455.965
Finished Cross Boundary and Area Optimization : Time (s): cpu = 00:00:53 ; elapsed = 00:00:58 . Memory (MB): peak = 666.969 ; gain = 455.965
Finished Applying XDC Timing Constraints : Time (s): cpu = 00:01:18 ; elapsed = 00:01:24 . Memory (MB): peak = 666.969 ; gain = 455.965
Finished Timing Optimization : Time (s): cpu = 00:01:19 ; elapsed = 00:01:25 . Memory (MB): peak = 666.969 ; gain = 455.965
Finished Technology Mapping : Time (s): cpu = 00:01:19 ; elapsed = 00:01:25 . Memory (MB): peak = 666.969 ; gain = 455.965
Finished IO Insertion : Time (s): cpu = 00:01:21 ; elapsed = 00:01:26 . Memory (MB): peak = 666.969 ; gain = 455.965
Finished Renaming Generated Instances : Time (s): cpu = 00:01:21 ; elapsed = 00:01:26 . Memory (MB): peak = 666.969 ; gain = 455.965
Finished Rebuilding User Hierarchy : Time (s): cpu = 00:01:21 ; elapsed = 00:01:26 . Memory (MB): peak = 666.969 ; gain = 455.965
Finished Renaming Generated Ports : Time (s): cpu = 00:01:21 ; elapsed = 00:01:26 . Memory (MB): peak = 666.969 ; gain = 455.965
Finished Handling Custom Attributes : Time (s): cpu = 00:01:21 ; elapsed = 00:01:27 . Memory (MB): peak = 666.969 ; gain = 455.965
Finished Renaming Generated Nets : Time (s): cpu = 00:01:21 ; elapsed = 00:01:27 . Memory (MB): peak = 666.969 ; gain = 455.965

Report Cell Usage: 
+------+--------+------+
|      |Cell    |Count |
+------+--------+------+
|1     |BSCANE2 |     1|
|2     |BUFG    |     1|
|3     |LUT1    |     3|
|4     |LUT2    |    14|
|5     |LUT3    |    29|
|6     |LUT4    |    13|
|7     |LUT5    |    16|
|8     |LUT6    |    34|
|9     |SRL16E  |     7|
|10    |FDCE    |   100|
|11    |FDC_1   |     1|
|12    |FDPE    |     7|
|13    |FDRE    |     3|
|14    |FDRE_1  |     1|
+------+--------+------+
Finished Writing Synthesis Report : Time (s): cpu = 00:01:21 ; elapsed = 00:01:27 . Memory (MB): peak = 666.969 ; gain = 455.965
get_clocks: Time (s): cpu = 00:00:05 ; elapsed = 00:00:06 . Memory (MB): peak = 1098.172 ; gain = 431.203
synth_design: Time (s): cpu = 00:01:23 ; elapsed = 00:01:26 . Memory (MB): peak = 1098.180 ; gain = 868.203
