
*** Running vivado
    with args -log Prj1Hello_dlmb_v10_1.vds -m64 -product Vivado -mode batch -messageDb vivado.pb -notrace -source Prj1Hello_dlmb_v10_1.tcl


****** Vivado v2016.4 (64-bit)
  **** SW Build 1733598 on Wed Dec 14 22:35:39 MST 2016
  **** IP Build 1731160 on Wed Dec 14 23:47:21 MST 2016
    ** Copyright 1986-2016 Xilinx, Inc. All Rights Reserved.

source Prj1Hello_dlmb_v10_1.tcl -notrace
Starting RTL Elaboration : Time (s): cpu = 00:00:13 ; elapsed = 00:00:17 . Memory (MB): peak = 296.406 ; gain = 85.273
INFO: [Synth 8-638] synthesizing module 'Prj1Hello_dlmb_v10_1' [c:/Prj/xilinxPrj/MicroblazePrj/Prj1Hello/Prj/Prj1Hello/Prj1Hello.srcs/sources_1/bd/Prj1Hello/ip/Prj1Hello_dlmb_v10_1/synth/Prj1Hello_dlmb_v10_1.vhd:89]
INFO: [Synth 8-638] synthesizing module 'lmb_v10' [c:/Prj/xilinxPrj/MicroblazePrj/Prj1Hello/Prj/Prj1Hello/Prj1Hello.srcs/sources_1/bd/Prj1Hello/ipshared/162e/hdl/lmb_v10_v3_0_vh_rfs.vhd:140]
INFO: [Synth 8-638] synthesizing module 'FDS' [C:/ToolSoftWare/Xilinx/Vivado/2016.4/scripts/rt/data/unisim_comp.v:4087]
INFO: [Synth 8-256] done synthesizing module 'FDS' (1#1) [C:/ToolSoftWare/Xilinx/Vivado/2016.4/scripts/rt/data/unisim_comp.v:4087]
INFO: [Synth 8-256] done synthesizing module 'lmb_v10' (2#1) [c:/Prj/xilinxPrj/MicroblazePrj/Prj1Hello/Prj/Prj1Hello/Prj1Hello.srcs/sources_1/bd/Prj1Hello/ipshared/162e/hdl/lmb_v10_v3_0_vh_rfs.vhd:140]
INFO: [Synth 8-256] done synthesizing module 'Prj1Hello_dlmb_v10_1' (3#1) [c:/Prj/xilinxPrj/MicroblazePrj/Prj1Hello/Prj/Prj1Hello/Prj1Hello.srcs/sources_1/bd/Prj1Hello/ip/Prj1Hello_dlmb_v10_1/synth/Prj1Hello_dlmb_v10_1.vhd:89]
Finished RTL Elaboration : Time (s): cpu = 00:00:15 ; elapsed = 00:00:19 . Memory (MB): peak = 334.762 ; gain = 123.629
Finished RTL Optimization Phase 1 : Time (s): cpu = 00:00:15 ; elapsed = 00:00:20 . Memory (MB): peak = 334.762 ; gain = 123.629
INFO: [Device 21-403] Loading part xc7a100tcsg324-1
Constraint Validation Runtime : Time (s): cpu = 00:00:00 ; elapsed = 00:00:00.062 . Memory (MB): peak = 554.027 ; gain = 0.000
Finished Constraint Validation : Time (s): cpu = 00:00:39 ; elapsed = 00:00:45 . Memory (MB): peak = 554.027 ; gain = 342.895
Finished Loading Part and Timing Information : Time (s): cpu = 00:00:39 ; elapsed = 00:00:45 . Memory (MB): peak = 554.027 ; gain = 342.895
Finished applying 'set_property' XDC Constraints : Time (s): cpu = 00:00:39 ; elapsed = 00:00:45 . Memory (MB): peak = 554.027 ; gain = 342.895
Finished RTL Optimization Phase 2 : Time (s): cpu = 00:00:39 ; elapsed = 00:00:45 . Memory (MB): peak = 554.027 ; gain = 342.895
Finished Cross Boundary and Area Optimization : Time (s): cpu = 00:00:40 ; elapsed = 00:00:46 . Memory (MB): peak = 554.027 ; gain = 342.895
Finished Applying XDC Timing Constraints : Time (s): cpu = 00:01:05 ; elapsed = 00:01:11 . Memory (MB): peak = 575.578 ; gain = 364.445
Finished Timing Optimization : Time (s): cpu = 00:01:05 ; elapsed = 00:01:11 . Memory (MB): peak = 575.578 ; gain = 364.445
Finished Technology Mapping : Time (s): cpu = 00:01:05 ; elapsed = 00:01:12 . Memory (MB): peak = 585.234 ; gain = 374.102
Finished IO Insertion : Time (s): cpu = 00:01:07 ; elapsed = 00:01:13 . Memory (MB): peak = 585.234 ; gain = 374.102
Finished Renaming Generated Instances : Time (s): cpu = 00:01:07 ; elapsed = 00:01:13 . Memory (MB): peak = 585.234 ; gain = 374.102
Finished Rebuilding User Hierarchy : Time (s): cpu = 00:01:07 ; elapsed = 00:01:13 . Memory (MB): peak = 585.234 ; gain = 374.102
Finished Renaming Generated Ports : Time (s): cpu = 00:01:07 ; elapsed = 00:01:13 . Memory (MB): peak = 585.234 ; gain = 374.102
Finished Handling Custom Attributes : Time (s): cpu = 00:01:07 ; elapsed = 00:01:13 . Memory (MB): peak = 585.234 ; gain = 374.102
Finished Renaming Generated Nets : Time (s): cpu = 00:01:07 ; elapsed = 00:01:13 . Memory (MB): peak = 585.234 ; gain = 374.102

Report Cell Usage: 
+------+-----+------+
|      |Cell |Count |
+------+-----+------+
|1     |FDS  |     1|
+------+-----+------+
Finished Writing Synthesis Report : Time (s): cpu = 00:01:07 ; elapsed = 00:01:13 . Memory (MB): peak = 585.234 ; gain = 374.102
synth_design: Time (s): cpu = 00:01:06 ; elapsed = 00:01:09 . Memory (MB): peak = 612.605 ; gain = 394.941
