
*** Running vivado
    with args -log Mb_GpioRead_rst_clk_wiz_1_100M_0.vds -m64 -product Vivado -mode batch -messageDb vivado.pb -notrace -source Mb_GpioRead_rst_clk_wiz_1_100M_0.tcl


****** Vivado v2016.4 (64-bit)
  **** SW Build 1733598 on Wed Dec 14 22:35:39 MST 2016
  **** IP Build 1731160 on Wed Dec 14 23:47:21 MST 2016
    ** Copyright 1986-2016 Xilinx, Inc. All Rights Reserved.

source Mb_GpioRead_rst_clk_wiz_1_100M_0.tcl -notrace
Starting RTL Elaboration : Time (s): cpu = 00:00:07 ; elapsed = 00:00:08 . Memory (MB): peak = 296.660 ; gain = 85.676
INFO: [Synth 8-638] synthesizing module 'Mb_GpioRead_rst_clk_wiz_1_100M_0' [c:/Prj/xilinxPrj/MicroblazePrj/Prj2AXIGpio/Prj/MBAXIGpio/Mb_GpioRead/Mb_GpioRead.srcs/sources_1/bd/Mb_GpioRead/ip/Mb_GpioRead_rst_clk_wiz_1_100M_0/synth/Mb_GpioRead_rst_clk_wiz_1_100M_0.vhd:71]
INFO: [Synth 8-638] synthesizing module 'proc_sys_reset' [c:/Prj/xilinxPrj/MicroblazePrj/Prj2AXIGpio/Prj/MBAXIGpio/Mb_GpioRead/Mb_GpioRead.srcs/sources_1/bd/Mb_GpioRead/ipshared/04b4/hdl/proc_sys_reset_v5_0_vh_rfs.vhd:1323]
INFO: [Synth 8-638] synthesizing module 'lpf' [c:/Prj/xilinxPrj/MicroblazePrj/Prj2AXIGpio/Prj/MBAXIGpio/Mb_GpioRead/Mb_GpioRead.srcs/sources_1/bd/Mb_GpioRead/ipshared/04b4/hdl/proc_sys_reset_v5_0_vh_rfs.vhd:816]
INFO: [Synth 8-638] synthesizing module 'SRL16' [C:/ToolSoftWare/Xilinx/Vivado/2016.4/scripts/rt/data/unisim_comp.v:43312]
INFO: [Synth 8-256] done synthesizing module 'SRL16' (1#1) [C:/ToolSoftWare/Xilinx/Vivado/2016.4/scripts/rt/data/unisim_comp.v:43312]
INFO: [Synth 8-638] synthesizing module 'cdc_sync' [c:/Prj/xilinxPrj/MicroblazePrj/Prj2AXIGpio/Prj/MBAXIGpio/Mb_GpioRead/Mb_GpioRead.srcs/sources_1/bd/Mb_GpioRead/ipshared/52cb/hdl/lib_cdc_v1_0_rfs.vhd:106]
INFO: [Synth 8-256] done synthesizing module 'cdc_sync' (2#1) [c:/Prj/xilinxPrj/MicroblazePrj/Prj2AXIGpio/Prj/MBAXIGpio/Mb_GpioRead/Mb_GpioRead.srcs/sources_1/bd/Mb_GpioRead/ipshared/52cb/hdl/lib_cdc_v1_0_rfs.vhd:106]
INFO: [Synth 8-256] done synthesizing module 'lpf' (3#1) [c:/Prj/xilinxPrj/MicroblazePrj/Prj2AXIGpio/Prj/MBAXIGpio/Mb_GpioRead/Mb_GpioRead.srcs/sources_1/bd/Mb_GpioRead/ipshared/04b4/hdl/proc_sys_reset_v5_0_vh_rfs.vhd:816]
INFO: [Synth 8-638] synthesizing module 'sequence_psr' [c:/Prj/xilinxPrj/MicroblazePrj/Prj2AXIGpio/Prj/MBAXIGpio/Mb_GpioRead/Mb_GpioRead.srcs/sources_1/bd/Mb_GpioRead/ipshared/04b4/hdl/proc_sys_reset_v5_0_vh_rfs.vhd:301]
INFO: [Synth 8-638] synthesizing module 'upcnt_n' [c:/Prj/xilinxPrj/MicroblazePrj/Prj2AXIGpio/Prj/MBAXIGpio/Mb_GpioRead/Mb_GpioRead.srcs/sources_1/bd/Mb_GpioRead/ipshared/04b4/hdl/proc_sys_reset_v5_0_vh_rfs.vhd:125]
INFO: [Synth 8-256] done synthesizing module 'upcnt_n' (4#1) [c:/Prj/xilinxPrj/MicroblazePrj/Prj2AXIGpio/Prj/MBAXIGpio/Mb_GpioRead/Mb_GpioRead.srcs/sources_1/bd/Mb_GpioRead/ipshared/04b4/hdl/proc_sys_reset_v5_0_vh_rfs.vhd:125]
INFO: [Synth 8-256] done synthesizing module 'sequence_psr' (5#1) [c:/Prj/xilinxPrj/MicroblazePrj/Prj2AXIGpio/Prj/MBAXIGpio/Mb_GpioRead/Mb_GpioRead.srcs/sources_1/bd/Mb_GpioRead/ipshared/04b4/hdl/proc_sys_reset_v5_0_vh_rfs.vhd:301]
INFO: [Synth 8-256] done synthesizing module 'proc_sys_reset' (6#1) [c:/Prj/xilinxPrj/MicroblazePrj/Prj2AXIGpio/Prj/MBAXIGpio/Mb_GpioRead/Mb_GpioRead.srcs/sources_1/bd/Mb_GpioRead/ipshared/04b4/hdl/proc_sys_reset_v5_0_vh_rfs.vhd:1323]
INFO: [Synth 8-256] done synthesizing module 'Mb_GpioRead_rst_clk_wiz_1_100M_0' (7#1) [c:/Prj/xilinxPrj/MicroblazePrj/Prj2AXIGpio/Prj/MBAXIGpio/Mb_GpioRead/Mb_GpioRead.srcs/sources_1/bd/Mb_GpioRead/ip/Mb_GpioRead_rst_clk_wiz_1_100M_0/synth/Mb_GpioRead_rst_clk_wiz_1_100M_0.vhd:71]
Finished RTL Elaboration : Time (s): cpu = 00:00:08 ; elapsed = 00:00:09 . Memory (MB): peak = 335.098 ; gain = 124.113
Finished RTL Optimization Phase 1 : Time (s): cpu = 00:00:08 ; elapsed = 00:00:10 . Memory (MB): peak = 335.098 ; gain = 124.113
INFO: [Device 21-403] Loading part xc7a100tcsg324-1
Constraint Validation Runtime : Time (s): cpu = 00:00:00 ; elapsed = 00:00:00.016 . Memory (MB): peak = 644.066 ; gain = 0.000
Finished Constraint Validation : Time (s): cpu = 00:00:19 ; elapsed = 00:00:20 . Memory (MB): peak = 644.066 ; gain = 433.082
Finished Loading Part and Timing Information : Time (s): cpu = 00:00:19 ; elapsed = 00:00:20 . Memory (MB): peak = 644.066 ; gain = 433.082
Finished applying 'set_property' XDC Constraints : Time (s): cpu = 00:00:19 ; elapsed = 00:00:20 . Memory (MB): peak = 644.066 ; gain = 433.082
Finished RTL Optimization Phase 2 : Time (s): cpu = 00:00:19 ; elapsed = 00:00:21 . Memory (MB): peak = 644.066 ; gain = 433.082
Finished Cross Boundary and Area Optimization : Time (s): cpu = 00:00:19 ; elapsed = 00:00:21 . Memory (MB): peak = 644.066 ; gain = 433.082
Finished Applying XDC Timing Constraints : Time (s): cpu = 00:00:30 ; elapsed = 00:00:31 . Memory (MB): peak = 644.066 ; gain = 433.082
Finished Timing Optimization : Time (s): cpu = 00:00:30 ; elapsed = 00:00:31 . Memory (MB): peak = 644.066 ; gain = 433.082
Finished Technology Mapping : Time (s): cpu = 00:00:30 ; elapsed = 00:00:31 . Memory (MB): peak = 644.066 ; gain = 433.082
Finished IO Insertion : Time (s): cpu = 00:00:30 ; elapsed = 00:00:32 . Memory (MB): peak = 644.066 ; gain = 433.082
Finished Renaming Generated Instances : Time (s): cpu = 00:00:30 ; elapsed = 00:00:32 . Memory (MB): peak = 644.066 ; gain = 433.082
Finished Rebuilding User Hierarchy : Time (s): cpu = 00:00:30 ; elapsed = 00:00:32 . Memory (MB): peak = 644.066 ; gain = 433.082
Finished Renaming Generated Ports : Time (s): cpu = 00:00:30 ; elapsed = 00:00:32 . Memory (MB): peak = 644.066 ; gain = 433.082
Finished Handling Custom Attributes : Time (s): cpu = 00:00:30 ; elapsed = 00:00:32 . Memory (MB): peak = 644.066 ; gain = 433.082
Finished Renaming Generated Nets : Time (s): cpu = 00:00:30 ; elapsed = 00:00:32 . Memory (MB): peak = 644.066 ; gain = 433.082

Report Cell Usage: 
+------+------+------+
|      |Cell  |Count |
+------+------+------+
|1     |LUT1  |     5|
|2     |LUT2  |     9|
|3     |LUT3  |     1|
|4     |LUT4  |     6|
|5     |LUT5  |     3|
|6     |LUT6  |     1|
|7     |SRL16 |     1|
|8     |FDR   |     8|
|9     |FDRE  |    28|
|10    |FDSE  |     4|
+------+------+------+
Finished Writing Synthesis Report : Time (s): cpu = 00:00:30 ; elapsed = 00:00:32 . Memory (MB): peak = 644.066 ; gain = 433.082
synth_design: Time (s): cpu = 00:00:29 ; elapsed = 00:00:29 . Memory (MB): peak = 644.066 ; gain = 426.285
