
*** Running vivado
    with args -log mb_interrupt_xbar_1.vds -m64 -product Vivado -mode batch -messageDb vivado.pb -notrace -source mb_interrupt_xbar_1.tcl


****** Vivado v2016.4 (64-bit)
  **** SW Build 1733598 on Wed Dec 14 22:35:39 MST 2016
  **** IP Build 1731160 on Wed Dec 14 23:47:21 MST 2016
    ** Copyright 1986-2016 Xilinx, Inc. All Rights Reserved.

source mb_interrupt_xbar_1.tcl -notrace
Starting RTL Elaboration : Time (s): cpu = 00:00:09 ; elapsed = 00:00:11 . Memory (MB): peak = 336.215 ; gain = 125.109
INFO: [Synth 8-638] synthesizing module 'mb_interrupt_xbar_1' [c:/Prj/xilinxPrj/MicroblazePrj/Prj4Interrupt/Prj/mb_interrupt/mb_interrupt.srcs/sources_1/bd/mb_interrupt/ip/mb_interrupt_xbar_1/synth/mb_interrupt_xbar_1.v:59]
INFO: [Synth 8-638] synthesizing module 'axi_crossbar_v2_1_12_axi_crossbar' [c:/Prj/xilinxPrj/MicroblazePrj/Prj4Interrupt/Prj/mb_interrupt/mb_interrupt.srcs/sources_1/bd/mb_interrupt/ipshared/896d/hdl/axi_crossbar_v2_1_vl_rfs.v:4882]
INFO: [Synth 8-638] synthesizing module 'axi_crossbar_v2_1_12_crossbar_sasd' [c:/Prj/xilinxPrj/MicroblazePrj/Prj4Interrupt/Prj/mb_interrupt/mb_interrupt.srcs/sources_1/bd/mb_interrupt/ipshared/896d/hdl/axi_crossbar_v2_1_vl_rfs.v:1240]
INFO: [Synth 8-638] synthesizing module 'axi_crossbar_v2_1_12_addr_decoder' [c:/Prj/xilinxPrj/MicroblazePrj/Prj4Interrupt/Prj/mb_interrupt/mb_interrupt.srcs/sources_1/bd/mb_interrupt/ipshared/896d/hdl/axi_crossbar_v2_1_vl_rfs.v:794]
INFO: [Synth 8-638] synthesizing module 'generic_baseblocks_v2_1_0_comparator_static' [c:/Prj/xilinxPrj/MicroblazePrj/Prj4Interrupt/Prj/mb_interrupt/mb_interrupt.srcs/sources_1/bd/mb_interrupt/ipshared/7ee0/hdl/generic_baseblocks_v2_1_vl_rfs.v:2133]
INFO: [Synth 8-638] synthesizing module 'generic_baseblocks_v2_1_0_carry_and' [c:/Prj/xilinxPrj/MicroblazePrj/Prj4Interrupt/Prj/mb_interrupt/mb_interrupt.srcs/sources_1/bd/mb_interrupt/ipshared/7ee0/hdl/generic_baseblocks_v2_1_vl_rfs.v:62]
INFO: [Synth 8-256] done synthesizing module 'generic_baseblocks_v2_1_0_carry_and' (1#1) [c:/Prj/xilinxPrj/MicroblazePrj/Prj4Interrupt/Prj/mb_interrupt/mb_interrupt.srcs/sources_1/bd/mb_interrupt/ipshared/7ee0/hdl/generic_baseblocks_v2_1_vl_rfs.v:62]
INFO: [Synth 8-256] done synthesizing module 'generic_baseblocks_v2_1_0_comparator_static' (2#1) [c:/Prj/xilinxPrj/MicroblazePrj/Prj4Interrupt/Prj/mb_interrupt/mb_interrupt.srcs/sources_1/bd/mb_interrupt/ipshared/7ee0/hdl/generic_baseblocks_v2_1_vl_rfs.v:2133]
INFO: [Synth 8-638] synthesizing module 'generic_baseblocks_v2_1_0_comparator_static__parameterized0' [c:/Prj/xilinxPrj/MicroblazePrj/Prj4Interrupt/Prj/mb_interrupt/mb_interrupt.srcs/sources_1/bd/mb_interrupt/ipshared/7ee0/hdl/generic_baseblocks_v2_1_vl_rfs.v:2133]
INFO: [Synth 8-256] done synthesizing module 'generic_baseblocks_v2_1_0_comparator_static__parameterized0' (2#1) [c:/Prj/xilinxPrj/MicroblazePrj/Prj4Interrupt/Prj/mb_interrupt/mb_interrupt.srcs/sources_1/bd/mb_interrupt/ipshared/7ee0/hdl/generic_baseblocks_v2_1_vl_rfs.v:2133]
INFO: [Synth 8-638] synthesizing module 'generic_baseblocks_v2_1_0_comparator_static__parameterized1' [c:/Prj/xilinxPrj/MicroblazePrj/Prj4Interrupt/Prj/mb_interrupt/mb_interrupt.srcs/sources_1/bd/mb_interrupt/ipshared/7ee0/hdl/generic_baseblocks_v2_1_vl_rfs.v:2133]
INFO: [Synth 8-256] done synthesizing module 'generic_baseblocks_v2_1_0_comparator_static__parameterized1' (2#1) [c:/Prj/xilinxPrj/MicroblazePrj/Prj4Interrupt/Prj/mb_interrupt/mb_interrupt.srcs/sources_1/bd/mb_interrupt/ipshared/7ee0/hdl/generic_baseblocks_v2_1_vl_rfs.v:2133]
INFO: [Synth 8-638] synthesizing module 'generic_baseblocks_v2_1_0_comparator_static__parameterized2' [c:/Prj/xilinxPrj/MicroblazePrj/Prj4Interrupt/Prj/mb_interrupt/mb_interrupt.srcs/sources_1/bd/mb_interrupt/ipshared/7ee0/hdl/generic_baseblocks_v2_1_vl_rfs.v:2133]
INFO: [Synth 8-256] done synthesizing module 'generic_baseblocks_v2_1_0_comparator_static__parameterized2' (2#1) [c:/Prj/xilinxPrj/MicroblazePrj/Prj4Interrupt/Prj/mb_interrupt/mb_interrupt.srcs/sources_1/bd/mb_interrupt/ipshared/7ee0/hdl/generic_baseblocks_v2_1_vl_rfs.v:2133]
INFO: [Synth 8-256] done synthesizing module 'axi_crossbar_v2_1_12_addr_decoder' (3#1) [c:/Prj/xilinxPrj/MicroblazePrj/Prj4Interrupt/Prj/mb_interrupt/mb_interrupt.srcs/sources_1/bd/mb_interrupt/ipshared/896d/hdl/axi_crossbar_v2_1_vl_rfs.v:794]
INFO: [Synth 8-638] synthesizing module 'axi_crossbar_v2_1_12_decerr_slave' [c:/Prj/xilinxPrj/MicroblazePrj/Prj4Interrupt/Prj/mb_interrupt/mb_interrupt.srcs/sources_1/bd/mb_interrupt/ipshared/896d/hdl/axi_crossbar_v2_1_vl_rfs.v:3500]
INFO: [Synth 8-256] done synthesizing module 'axi_crossbar_v2_1_12_decerr_slave' (4#1) [c:/Prj/xilinxPrj/MicroblazePrj/Prj4Interrupt/Prj/mb_interrupt/mb_interrupt.srcs/sources_1/bd/mb_interrupt/ipshared/896d/hdl/axi_crossbar_v2_1_vl_rfs.v:3500]
INFO: [Synth 8-638] synthesizing module 'axi_crossbar_v2_1_12_addr_arbiter_sasd' [c:/Prj/xilinxPrj/MicroblazePrj/Prj4Interrupt/Prj/mb_interrupt/mb_interrupt.srcs/sources_1/bd/mb_interrupt/ipshared/896d/hdl/axi_crossbar_v2_1_vl_rfs.v:65]
INFO: [Synth 8-256] done synthesizing module 'axi_crossbar_v2_1_12_addr_arbiter_sasd' (5#1) [c:/Prj/xilinxPrj/MicroblazePrj/Prj4Interrupt/Prj/mb_interrupt/mb_interrupt.srcs/sources_1/bd/mb_interrupt/ipshared/896d/hdl/axi_crossbar_v2_1_vl_rfs.v:65]
INFO: [Synth 8-638] synthesizing module 'axi_crossbar_v2_1_12_splitter' [c:/Prj/xilinxPrj/MicroblazePrj/Prj4Interrupt/Prj/mb_interrupt/mb_interrupt.srcs/sources_1/bd/mb_interrupt/ipshared/896d/hdl/axi_crossbar_v2_1_vl_rfs.v:4459]
INFO: [Synth 8-256] done synthesizing module 'axi_crossbar_v2_1_12_splitter' (6#1) [c:/Prj/xilinxPrj/MicroblazePrj/Prj4Interrupt/Prj/mb_interrupt/mb_interrupt.srcs/sources_1/bd/mb_interrupt/ipshared/896d/hdl/axi_crossbar_v2_1_vl_rfs.v:4459]
INFO: [Synth 8-638] synthesizing module 'axi_crossbar_v2_1_12_splitter__parameterized0' [c:/Prj/xilinxPrj/MicroblazePrj/Prj4Interrupt/Prj/mb_interrupt/mb_interrupt.srcs/sources_1/bd/mb_interrupt/ipshared/896d/hdl/axi_crossbar_v2_1_vl_rfs.v:4459]
INFO: [Synth 8-256] done synthesizing module 'axi_crossbar_v2_1_12_splitter__parameterized0' (6#1) [c:/Prj/xilinxPrj/MicroblazePrj/Prj4Interrupt/Prj/mb_interrupt/mb_interrupt.srcs/sources_1/bd/mb_interrupt/ipshared/896d/hdl/axi_crossbar_v2_1_vl_rfs.v:4459]
INFO: [Synth 8-638] synthesizing module 'generic_baseblocks_v2_1_0_mux_enc' [c:/Prj/xilinxPrj/MicroblazePrj/Prj4Interrupt/Prj/mb_interrupt/mb_interrupt.srcs/sources_1/bd/mb_interrupt/ipshared/7ee0/hdl/generic_baseblocks_v2_1_vl_rfs.v:2452]
INFO: [Synth 8-256] done synthesizing module 'generic_baseblocks_v2_1_0_mux_enc' (7#1) [c:/Prj/xilinxPrj/MicroblazePrj/Prj4Interrupt/Prj/mb_interrupt/mb_interrupt.srcs/sources_1/bd/mb_interrupt/ipshared/7ee0/hdl/generic_baseblocks_v2_1_vl_rfs.v:2452]
INFO: [Synth 8-638] synthesizing module 'generic_baseblocks_v2_1_0_mux_enc__parameterized0' [c:/Prj/xilinxPrj/MicroblazePrj/Prj4Interrupt/Prj/mb_interrupt/mb_interrupt.srcs/sources_1/bd/mb_interrupt/ipshared/7ee0/hdl/generic_baseblocks_v2_1_vl_rfs.v:2452]
INFO: [Synth 8-256] done synthesizing module 'generic_baseblocks_v2_1_0_mux_enc__parameterized0' (7#1) [c:/Prj/xilinxPrj/MicroblazePrj/Prj4Interrupt/Prj/mb_interrupt/mb_interrupt.srcs/sources_1/bd/mb_interrupt/ipshared/7ee0/hdl/generic_baseblocks_v2_1_vl_rfs.v:2452]
INFO: [Synth 8-638] synthesizing module 'generic_baseblocks_v2_1_0_mux_enc__parameterized1' [c:/Prj/xilinxPrj/MicroblazePrj/Prj4Interrupt/Prj/mb_interrupt/mb_interrupt.srcs/sources_1/bd/mb_interrupt/ipshared/7ee0/hdl/generic_baseblocks_v2_1_vl_rfs.v:2452]
INFO: [Synth 8-256] done synthesizing module 'generic_baseblocks_v2_1_0_mux_enc__parameterized1' (7#1) [c:/Prj/xilinxPrj/MicroblazePrj/Prj4Interrupt/Prj/mb_interrupt/mb_interrupt.srcs/sources_1/bd/mb_interrupt/ipshared/7ee0/hdl/generic_baseblocks_v2_1_vl_rfs.v:2452]
INFO: [Synth 8-638] synthesizing module 'generic_baseblocks_v2_1_0_mux_enc__parameterized2' [c:/Prj/xilinxPrj/MicroblazePrj/Prj4Interrupt/Prj/mb_interrupt/mb_interrupt.srcs/sources_1/bd/mb_interrupt/ipshared/7ee0/hdl/generic_baseblocks_v2_1_vl_rfs.v:2452]
INFO: [Synth 8-256] done synthesizing module 'generic_baseblocks_v2_1_0_mux_enc__parameterized2' (7#1) [c:/Prj/xilinxPrj/MicroblazePrj/Prj4Interrupt/Prj/mb_interrupt/mb_interrupt.srcs/sources_1/bd/mb_interrupt/ipshared/7ee0/hdl/generic_baseblocks_v2_1_vl_rfs.v:2452]
INFO: [Synth 8-638] synthesizing module 'axi_register_slice_v2_1_11_axic_register_slice' [c:/Prj/xilinxPrj/MicroblazePrj/Prj4Interrupt/Prj/mb_interrupt/mb_interrupt.srcs/sources_1/bd/mb_interrupt/ipshared/0b6b/hdl/axi_register_slice_v2_1_vl_rfs.v:85]
INFO: [Synth 8-256] done synthesizing module 'axi_register_slice_v2_1_11_axic_register_slice' (8#1) [c:/Prj/xilinxPrj/MicroblazePrj/Prj4Interrupt/Prj/mb_interrupt/mb_interrupt.srcs/sources_1/bd/mb_interrupt/ipshared/0b6b/hdl/axi_register_slice_v2_1_vl_rfs.v:85]
INFO: [Synth 8-638] synthesizing module 'generic_baseblocks_v2_1_0_mux_enc__parameterized3' [c:/Prj/xilinxPrj/MicroblazePrj/Prj4Interrupt/Prj/mb_interrupt/mb_interrupt.srcs/sources_1/bd/mb_interrupt/ipshared/7ee0/hdl/generic_baseblocks_v2_1_vl_rfs.v:2452]
INFO: [Synth 8-256] done synthesizing module 'generic_baseblocks_v2_1_0_mux_enc__parameterized3' (8#1) [c:/Prj/xilinxPrj/MicroblazePrj/Prj4Interrupt/Prj/mb_interrupt/mb_interrupt.srcs/sources_1/bd/mb_interrupt/ipshared/7ee0/hdl/generic_baseblocks_v2_1_vl_rfs.v:2452]
INFO: [Synth 8-256] done synthesizing module 'axi_crossbar_v2_1_12_crossbar_sasd' (9#1) [c:/Prj/xilinxPrj/MicroblazePrj/Prj4Interrupt/Prj/mb_interrupt/mb_interrupt.srcs/sources_1/bd/mb_interrupt/ipshared/896d/hdl/axi_crossbar_v2_1_vl_rfs.v:1240]
INFO: [Synth 8-256] done synthesizing module 'axi_crossbar_v2_1_12_axi_crossbar' (10#1) [c:/Prj/xilinxPrj/MicroblazePrj/Prj4Interrupt/Prj/mb_interrupt/mb_interrupt.srcs/sources_1/bd/mb_interrupt/ipshared/896d/hdl/axi_crossbar_v2_1_vl_rfs.v:4882]
INFO: [Synth 8-256] done synthesizing module 'mb_interrupt_xbar_1' (11#1) [c:/Prj/xilinxPrj/MicroblazePrj/Prj4Interrupt/Prj/mb_interrupt/mb_interrupt.srcs/sources_1/bd/mb_interrupt/ip/mb_interrupt_xbar_1/synth/mb_interrupt_xbar_1.v:59]
Finished RTL Elaboration : Time (s): cpu = 00:00:15 ; elapsed = 00:00:17 . Memory (MB): peak = 453.293 ; gain = 242.188
Finished RTL Optimization Phase 1 : Time (s): cpu = 00:00:15 ; elapsed = 00:00:17 . Memory (MB): peak = 453.293 ; gain = 242.188
INFO: [Device 21-403] Loading part xc7a100tcsg324-1
Constraint Validation Runtime : Time (s): cpu = 00:00:00 ; elapsed = 00:00:00.031 . Memory (MB): peak = 688.102 ; gain = 0.000
Finished Constraint Validation : Time (s): cpu = 00:00:26 ; elapsed = 00:00:28 . Memory (MB): peak = 688.102 ; gain = 476.996
Finished Loading Part and Timing Information : Time (s): cpu = 00:00:26 ; elapsed = 00:00:28 . Memory (MB): peak = 688.102 ; gain = 476.996
Finished applying 'set_property' XDC Constraints : Time (s): cpu = 00:00:26 ; elapsed = 00:00:28 . Memory (MB): peak = 688.102 ; gain = 476.996
Finished RTL Optimization Phase 2 : Time (s): cpu = 00:00:26 ; elapsed = 00:00:29 . Memory (MB): peak = 688.102 ; gain = 476.996
Finished Cross Boundary and Area Optimization : Time (s): cpu = 00:00:27 ; elapsed = 00:00:30 . Memory (MB): peak = 688.102 ; gain = 476.996
Finished Applying XDC Timing Constraints : Time (s): cpu = 00:00:38 ; elapsed = 00:00:40 . Memory (MB): peak = 688.102 ; gain = 476.996
Finished Timing Optimization : Time (s): cpu = 00:00:39 ; elapsed = 00:00:41 . Memory (MB): peak = 688.102 ; gain = 476.996
Finished Technology Mapping : Time (s): cpu = 00:00:39 ; elapsed = 00:00:41 . Memory (MB): peak = 688.102 ; gain = 476.996
Finished IO Insertion : Time (s): cpu = 00:00:39 ; elapsed = 00:00:42 . Memory (MB): peak = 688.102 ; gain = 476.996
Finished Renaming Generated Instances : Time (s): cpu = 00:00:39 ; elapsed = 00:00:42 . Memory (MB): peak = 688.102 ; gain = 476.996
Finished Rebuilding User Hierarchy : Time (s): cpu = 00:00:39 ; elapsed = 00:00:42 . Memory (MB): peak = 688.102 ; gain = 476.996
Finished Renaming Generated Ports : Time (s): cpu = 00:00:39 ; elapsed = 00:00:42 . Memory (MB): peak = 688.102 ; gain = 476.996
Finished Handling Custom Attributes : Time (s): cpu = 00:00:39 ; elapsed = 00:00:42 . Memory (MB): peak = 688.102 ; gain = 476.996
Finished Renaming Generated Nets : Time (s): cpu = 00:00:39 ; elapsed = 00:00:42 . Memory (MB): peak = 688.102 ; gain = 476.996

Report Cell Usage: 
+------+-----+------+
|      |Cell |Count |
+------+-----+------+
|1     |LUT1 |     2|
|2     |LUT2 |    12|
|3     |LUT3 |    46|
|4     |LUT4 |    50|
|5     |LUT5 |    58|
|6     |LUT6 |    64|
|7     |FDRE |   133|
+------+-----+------+
Finished Writing Synthesis Report : Time (s): cpu = 00:00:39 ; elapsed = 00:00:42 . Memory (MB): peak = 688.102 ; gain = 476.996
synth_design: Time (s): cpu = 00:00:37 ; elapsed = 00:00:38 . Memory (MB): peak = 688.102 ; gain = 438.188
