
*** Running vivado
    with args -log Prj1Hello_microblaze_0_1.vds -m64 -product Vivado -mode batch -messageDb vivado.pb -notrace -source Prj1Hello_microblaze_0_1.tcl


****** Vivado v2016.4 (64-bit)
  **** SW Build 1733598 on Wed Dec 14 22:35:39 MST 2016
  **** IP Build 1731160 on Wed Dec 14 23:47:21 MST 2016
    ** Copyright 1986-2016 Xilinx, Inc. All Rights Reserved.

source Prj1Hello_microblaze_0_1.tcl -notrace
Starting RTL Elaboration : Time (s): cpu = 00:00:17 ; elapsed = 00:00:22 . Memory (MB): peak = 301.766 ; gain = 91.402
INFO: [Synth 8-638] synthesizing module 'Prj1Hello_microblaze_0_1' [c:/Prj/xilinxPrj/MicroblazePrj/Prj1Hello/Prj/Prj1Hello/Prj1Hello.srcs/sources_1/bd/Prj1Hello/ip/Prj1Hello_microblaze_0_1/synth/Prj1Hello_microblaze_0_1.vhd:190]
INFO: [Synth 8-256] done synthesizing module 'Prj1Hello_microblaze_0_1' (63#1) [c:/Prj/xilinxPrj/MicroblazePrj/Prj1Hello/Prj/Prj1Hello/Prj1Hello.srcs/sources_1/bd/Prj1Hello/ip/Prj1Hello_microblaze_0_1/synth/Prj1Hello_microblaze_0_1.vhd:190]
Finished RTL Elaboration : Time (s): cpu = 00:00:45 ; elapsed = 00:00:51 . Memory (MB): peak = 500.492 ; gain = 290.129
Finished RTL Optimization Phase 1 : Time (s): cpu = 00:00:47 ; elapsed = 00:00:54 . Memory (MB): peak = 500.492 ; gain = 290.129
INFO: [Device 21-403] Loading part xc7a100tcsg324-1
Constraint Validation Runtime : Time (s): cpu = 00:00:01 ; elapsed = 00:00:01 . Memory (MB): peak = 748.520 ; gain = 0.980
Finished Constraint Validation : Time (s): cpu = 00:01:23 ; elapsed = 00:01:32 . Memory (MB): peak = 748.520 ; gain = 538.156
Finished Loading Part and Timing Information : Time (s): cpu = 00:01:23 ; elapsed = 00:01:32 . Memory (MB): peak = 748.520 ; gain = 538.156
Finished applying 'set_property' XDC Constraints : Time (s): cpu = 00:01:23 ; elapsed = 00:01:32 . Memory (MB): peak = 748.520 ; gain = 538.156
Finished RTL Optimization Phase 2 : Time (s): cpu = 00:01:35 ; elapsed = 00:01:45 . Memory (MB): peak = 748.520 ; gain = 538.156
Finished Cross Boundary and Area Optimization : Time (s): cpu = 00:02:24 ; elapsed = 00:02:35 . Memory (MB): peak = 748.520 ; gain = 538.156
Finished Applying XDC Timing Constraints : Time (s): cpu = 00:02:40 ; elapsed = 00:02:51 . Memory (MB): peak = 748.520 ; gain = 538.156
Finished Timing Optimization : Time (s): cpu = 00:02:45 ; elapsed = 00:02:55 . Memory (MB): peak = 748.520 ; gain = 538.156
Finished Technology Mapping : Time (s): cpu = 00:02:51 ; elapsed = 00:03:01 . Memory (MB): peak = 748.520 ; gain = 538.156
Finished IO Insertion : Time (s): cpu = 00:02:52 ; elapsed = 00:03:03 . Memory (MB): peak = 748.520 ; gain = 538.156
Finished Renaming Generated Instances : Time (s): cpu = 00:02:52 ; elapsed = 00:03:03 . Memory (MB): peak = 748.520 ; gain = 538.156
Finished Rebuilding User Hierarchy : Time (s): cpu = 00:02:53 ; elapsed = 00:03:04 . Memory (MB): peak = 748.520 ; gain = 538.156
Finished Renaming Generated Ports : Time (s): cpu = 00:02:53 ; elapsed = 00:03:04 . Memory (MB): peak = 748.520 ; gain = 538.156
Finished Handling Custom Attributes : Time (s): cpu = 00:02:53 ; elapsed = 00:03:04 . Memory (MB): peak = 748.520 ; gain = 538.156
Finished Renaming Generated Nets : Time (s): cpu = 00:02:53 ; elapsed = 00:03:04 . Memory (MB): peak = 748.520 ; gain = 538.156

Report Cell Usage: 
+------+-----------+------+
|      |Cell       |Count |
+------+-----------+------+
|1     |AND2B1L    |     4|
|2     |CARRY4     |     1|
|3     |LUT1       |    29|
|4     |LUT2       |    90|
|5     |LUT3       |   334|
|6     |LUT4       |   225|
|7     |LUT5       |   298|
|8     |LUT6       |   450|
|9     |LUT6_2     |    64|
|10    |MULT_AND   |     1|
|11    |MUXCY_L    |   170|
|12    |MUXF7      |   116|
|13    |RAM32M     |    16|
|14    |RAM32X1D   |    32|
|15    |RAMB36E1   |     2|
|16    |RAMB36E1_1 |     8|
|17    |SRL16E     |   162|
|18    |SRLC16E    |     8|
|19    |XORCY      |    94|
|20    |FDCE       |   143|
|21    |FDE        |    32|
|22    |FDR        |   123|
|23    |FDRE       |  1721|
|24    |FDS        |     1|
|25    |FDSE       |    60|
+------+-----------+------+
Finished Writing Synthesis Report : Time (s): cpu = 00:02:53 ; elapsed = 00:03:04 . Memory (MB): peak = 748.520 ; gain = 538.156
synth_design: Time (s): cpu = 00:02:58 ; elapsed = 00:03:05 . Memory (MB): peak = 1147.305 ; gain = 928.426
