
*** Running vivado
    with args -log mb_interrupt_microblaze_0_1.vds -m64 -product Vivado -mode batch -messageDb vivado.pb -notrace -source mb_interrupt_microblaze_0_1.tcl


****** Vivado v2016.4 (64-bit)
  **** SW Build 1733598 on Wed Dec 14 22:35:39 MST 2016
  **** IP Build 1731160 on Wed Dec 14 23:47:21 MST 2016
    ** Copyright 1986-2016 Xilinx, Inc. All Rights Reserved.

source mb_interrupt_microblaze_0_1.tcl -notrace
Starting RTL Elaboration : Time (s): cpu = 00:00:18 ; elapsed = 00:00:23 . Memory (MB): peak = 322.738 ; gain = 111.691
INFO: [Synth 8-638] synthesizing module 'mb_interrupt_microblaze_0_1' [c:/Prj/xilinxPrj/MicroblazePrj/Prj4Interrupt/Prj/mb_interrupt/mb_interrupt.srcs/sources_1/bd/mb_interrupt/ip/mb_interrupt_microblaze_0_1/synth/mb_interrupt_microblaze_0_1.vhd:190]
INFO: [Synth 8-256] done synthesizing module 'mb_interrupt_microblaze_0_1' (63#1) [c:/Prj/xilinxPrj/MicroblazePrj/Prj4Interrupt/Prj/mb_interrupt/mb_interrupt.srcs/sources_1/bd/mb_interrupt/ip/mb_interrupt_microblaze_0_1/synth/mb_interrupt_microblaze_0_1.vhd:190]
Finished RTL Elaboration : Time (s): cpu = 00:00:42 ; elapsed = 00:00:48 . Memory (MB): peak = 522.277 ; gain = 311.230
Finished RTL Optimization Phase 1 : Time (s): cpu = 00:00:44 ; elapsed = 00:00:50 . Memory (MB): peak = 522.277 ; gain = 311.230
INFO: [Device 21-403] Loading part xc7a100tcsg324-1
Constraint Validation Runtime : Time (s): cpu = 00:00:01 ; elapsed = 00:00:00.858 . Memory (MB): peak = 770.348 ; gain = 1.031
Finished Constraint Validation : Time (s): cpu = 00:01:11 ; elapsed = 00:01:19 . Memory (MB): peak = 770.348 ; gain = 559.301
Finished Loading Part and Timing Information : Time (s): cpu = 00:01:11 ; elapsed = 00:01:19 . Memory (MB): peak = 770.348 ; gain = 559.301
Finished applying 'set_property' XDC Constraints : Time (s): cpu = 00:01:11 ; elapsed = 00:01:19 . Memory (MB): peak = 770.348 ; gain = 559.301
Finished RTL Optimization Phase 2 : Time (s): cpu = 00:01:26 ; elapsed = 00:01:36 . Memory (MB): peak = 770.348 ; gain = 559.301
Finished Cross Boundary and Area Optimization : Time (s): cpu = 00:02:39 ; elapsed = 00:02:53 . Memory (MB): peak = 770.348 ; gain = 559.301
Finished Applying XDC Timing Constraints : Time (s): cpu = 00:03:02 ; elapsed = 00:03:18 . Memory (MB): peak = 770.348 ; gain = 559.301
Finished Timing Optimization : Time (s): cpu = 00:03:09 ; elapsed = 00:03:25 . Memory (MB): peak = 770.348 ; gain = 559.301
Finished Technology Mapping : Time (s): cpu = 00:03:19 ; elapsed = 00:03:34 . Memory (MB): peak = 770.348 ; gain = 559.301
Finished IO Insertion : Time (s): cpu = 00:03:21 ; elapsed = 00:03:36 . Memory (MB): peak = 770.348 ; gain = 559.301
Finished Renaming Generated Instances : Time (s): cpu = 00:03:21 ; elapsed = 00:03:36 . Memory (MB): peak = 770.348 ; gain = 559.301
Finished Rebuilding User Hierarchy : Time (s): cpu = 00:03:23 ; elapsed = 00:03:38 . Memory (MB): peak = 770.348 ; gain = 559.301
Finished Renaming Generated Ports : Time (s): cpu = 00:03:23 ; elapsed = 00:03:38 . Memory (MB): peak = 770.348 ; gain = 559.301
Finished Handling Custom Attributes : Time (s): cpu = 00:03:23 ; elapsed = 00:03:39 . Memory (MB): peak = 770.348 ; gain = 559.301
Finished Renaming Generated Nets : Time (s): cpu = 00:03:23 ; elapsed = 00:03:39 . Memory (MB): peak = 770.348 ; gain = 559.301

Report Cell Usage: 
+------+-----------+------+
|      |Cell       |Count |
+------+-----------+------+
|1     |AND2B1L    |     4|
|2     |CARRY4     |     1|
|3     |LUT1       |    32|
|4     |LUT2       |    99|
|5     |LUT3       |   322|
|6     |LUT4       |   197|
|7     |LUT5       |   371|
|8     |LUT6       |   526|
|9     |LUT6_2     |    64|
|10    |MULT_AND   |     1|
|11    |MUXCY_L    |   170|
|12    |MUXF7      |   120|
|13    |RAM32M     |    16|
|14    |RAM32X1D   |    32|
|15    |RAMB36E1   |     2|
|16    |RAMB36E1_1 |     8|
|17    |SRL16E     |   162|
|18    |SRLC16E    |     8|
|19    |XORCY      |    94|
|20    |FDCE       |   143|
|21    |FDE        |    32|
|22    |FDR        |   125|
|23    |FDRE       |  1801|
|24    |FDS        |     1|
|25    |FDSE       |    60|
+------+-----------+------+
Finished Writing Synthesis Report : Time (s): cpu = 00:03:23 ; elapsed = 00:03:39 . Memory (MB): peak = 770.348 ; gain = 559.301
get_clocks: Time (s): cpu = 00:00:08 ; elapsed = 00:00:08 . Memory (MB): peak = 1171.438 ; gain = 401.090
synth_design: Time (s): cpu = 00:03:32 ; elapsed = 00:03:44 . Memory (MB): peak = 1171.441 ; gain = 931.730
