
*** Running vivado
    with args -log mb_interrupt_wrapper.vdi -applog -m64 -product Vivado -messageDb vivado.pb -mode batch -source mb_interrupt_wrapper.tcl -notrace


****** Vivado v2016.4 (64-bit)
  **** SW Build 1733598 on Wed Dec 14 22:35:39 MST 2016
  **** IP Build 1731160 on Wed Dec 14 23:47:21 MST 2016
    ** Copyright 1986-2016 Xilinx, Inc. All Rights Reserved.

source mb_interrupt_wrapper.tcl -notrace
Design is defaulting to srcset: sources_1
Design is defaulting to constrset: constrs_1
INFO: [Project 1-454] Reading design checkpoint 'c:/Prj/xilinxPrj/MicroblazePrj/Prj4Interrupt/Prj/mb_interrupt/mb_interrupt.srcs/sources_1/bd/mb_interrupt/ip/mb_interrupt_axi_gpio_0_0/mb_interrupt_axi_gpio_0_0.dcp' for cell 'mb_interrupt_i/axi_gpio_0'
INFO: [Project 1-454] Reading design checkpoint 'c:/Prj/xilinxPrj/MicroblazePrj/Prj4Interrupt/Prj/mb_interrupt/mb_interrupt.srcs/sources_1/bd/mb_interrupt/ip/mb_interrupt_axi_gpio_1_0/mb_interrupt_axi_gpio_1_0.dcp' for cell 'mb_interrupt_i/axi_gpio_1'
INFO: [Project 1-454] Reading design checkpoint 'c:/Prj/xilinxPrj/MicroblazePrj/Prj4Interrupt/Prj/mb_interrupt/mb_interrupt.srcs/sources_1/bd/mb_interrupt/ip/mb_interrupt_axi_uartlite_0_0/mb_interrupt_axi_uartlite_0_0.dcp' for cell 'mb_interrupt_i/axi_uartlite_0'
INFO: [Project 1-454] Reading design checkpoint 'c:/Prj/xilinxPrj/MicroblazePrj/Prj4Interrupt/Prj/mb_interrupt/mb_interrupt.srcs/sources_1/bd/mb_interrupt/ip/mb_interrupt_clk_wiz_1_1/mb_interrupt_clk_wiz_1_1.dcp' for cell 'mb_interrupt_i/clk_wiz_1'
INFO: [Project 1-454] Reading design checkpoint 'c:/Prj/xilinxPrj/MicroblazePrj/Prj4Interrupt/Prj/mb_interrupt/mb_interrupt.srcs/sources_1/bd/mb_interrupt/ip/mb_interrupt_mdm_1_1/mb_interrupt_mdm_1_1.dcp' for cell 'mb_interrupt_i/mdm_1'
INFO: [Project 1-454] Reading design checkpoint 'c:/Prj/xilinxPrj/MicroblazePrj/Prj4Interrupt/Prj/mb_interrupt/mb_interrupt.srcs/sources_1/bd/mb_interrupt/ip/mb_interrupt_microblaze_0_1/mb_interrupt_microblaze_0_1.dcp' for cell 'mb_interrupt_i/microblaze_0'
INFO: [Project 1-454] Reading design checkpoint 'C:/Prj/xilinxPrj/MicroblazePrj/Prj4Interrupt/Prj/mb_interrupt/mb_interrupt.srcs/sources_1/bd/mb_interrupt/ip/mb_interrupt_microblaze_0_axi_intc_1/mb_interrupt_microblaze_0_axi_intc_1.dcp' for cell 'mb_interrupt_i/microblaze_0_axi_intc'
INFO: [Project 1-454] Reading design checkpoint 'C:/Prj/xilinxPrj/MicroblazePrj/Prj4Interrupt/Prj/mb_interrupt/mb_interrupt.srcs/sources_1/bd/mb_interrupt/ip/mb_interrupt_microblaze_0_xlconcat_1/mb_interrupt_microblaze_0_xlconcat_1.dcp' for cell 'mb_interrupt_i/microblaze_0_xlconcat'
INFO: [Project 1-454] Reading design checkpoint 'c:/Prj/xilinxPrj/MicroblazePrj/Prj4Interrupt/Prj/mb_interrupt/mb_interrupt.srcs/sources_1/bd/mb_interrupt/ip/mb_interrupt_mig_7series_0_1/mb_interrupt_mig_7series_0_1.dcp' for cell 'mb_interrupt_i/mig_7series_0'
INFO: [Project 1-454] Reading design checkpoint 'c:/Prj/xilinxPrj/MicroblazePrj/Prj4Interrupt/Prj/mb_interrupt/mb_interrupt.srcs/sources_1/bd/mb_interrupt/ip/mb_interrupt_rst_clk_wiz_1_100M_1/mb_interrupt_rst_clk_wiz_1_100M_1.dcp' for cell 'mb_interrupt_i/rst_clk_wiz_1_100M'
INFO: [Project 1-454] Reading design checkpoint 'c:/Prj/xilinxPrj/MicroblazePrj/Prj4Interrupt/Prj/mb_interrupt/mb_interrupt.srcs/sources_1/bd/mb_interrupt/ip/mb_interrupt_rst_mig_7series_0_81M_1/mb_interrupt_rst_mig_7series_0_81M_1.dcp' for cell 'mb_interrupt_i/rst_mig_7series_0_81M'
INFO: [Project 1-454] Reading design checkpoint 'c:/Prj/xilinxPrj/MicroblazePrj/Prj4Interrupt/Prj/mb_interrupt/mb_interrupt.srcs/sources_1/bd/mb_interrupt/ip/mb_interrupt_xbar_2/mb_interrupt_xbar_2.dcp' for cell 'mb_interrupt_i/axi_mem_intercon/xbar'
INFO: [Project 1-454] Reading design checkpoint 'c:/Prj/xilinxPrj/MicroblazePrj/Prj4Interrupt/Prj/mb_interrupt/mb_interrupt.srcs/sources_1/bd/mb_interrupt/ip/mb_interrupt_auto_cc_0/mb_interrupt_auto_cc_0.dcp' for cell 'mb_interrupt_i/axi_mem_intercon/m00_couplers/auto_cc'
INFO: [Project 1-454] Reading design checkpoint 'c:/Prj/xilinxPrj/MicroblazePrj/Prj4Interrupt/Prj/mb_interrupt/mb_interrupt.srcs/sources_1/bd/mb_interrupt/ip/mb_interrupt_auto_us_0/mb_interrupt_auto_us_0.dcp' for cell 'mb_interrupt_i/axi_mem_intercon/s00_couplers/auto_us'
INFO: [Project 1-454] Reading design checkpoint 'c:/Prj/xilinxPrj/MicroblazePrj/Prj4Interrupt/Prj/mb_interrupt/mb_interrupt.srcs/sources_1/bd/mb_interrupt/ip/mb_interrupt_auto_us_1/mb_interrupt_auto_us_1.dcp' for cell 'mb_interrupt_i/axi_mem_intercon/s01_couplers/auto_us'
INFO: [Project 1-454] Reading design checkpoint 'C:/Prj/xilinxPrj/MicroblazePrj/Prj4Interrupt/Prj/mb_interrupt/mb_interrupt.srcs/sources_1/bd/mb_interrupt/ip/mb_interrupt_xbar_1/mb_interrupt_xbar_1.dcp' for cell 'mb_interrupt_i/microblaze_0_axi_periph/xbar'
INFO: [Project 1-454] Reading design checkpoint 'c:/Prj/xilinxPrj/MicroblazePrj/Prj4Interrupt/Prj/mb_interrupt/mb_interrupt.srcs/sources_1/bd/mb_interrupt/ip/mb_interrupt_dlmb_bram_if_cntlr_1/mb_interrupt_dlmb_bram_if_cntlr_1.dcp' for cell 'mb_interrupt_i/microblaze_0_local_memory/dlmb_bram_if_cntlr'
INFO: [Project 1-454] Reading design checkpoint 'c:/Prj/xilinxPrj/MicroblazePrj/Prj4Interrupt/Prj/mb_interrupt/mb_interrupt.srcs/sources_1/bd/mb_interrupt/ip/mb_interrupt_dlmb_v10_1/mb_interrupt_dlmb_v10_1.dcp' for cell 'mb_interrupt_i/microblaze_0_local_memory/dlmb_v10'
INFO: [Project 1-454] Reading design checkpoint 'c:/Prj/xilinxPrj/MicroblazePrj/Prj4Interrupt/Prj/mb_interrupt/mb_interrupt.srcs/sources_1/bd/mb_interrupt/ip/mb_interrupt_ilmb_bram_if_cntlr_1/mb_interrupt_ilmb_bram_if_cntlr_1.dcp' for cell 'mb_interrupt_i/microblaze_0_local_memory/ilmb_bram_if_cntlr'
INFO: [Project 1-454] Reading design checkpoint 'c:/Prj/xilinxPrj/MicroblazePrj/Prj4Interrupt/Prj/mb_interrupt/mb_interrupt.srcs/sources_1/bd/mb_interrupt/ip/mb_interrupt_ilmb_v10_1/mb_interrupt_ilmb_v10_1.dcp' for cell 'mb_interrupt_i/microblaze_0_local_memory/ilmb_v10'
INFO: [Project 1-454] Reading design checkpoint 'c:/Prj/xilinxPrj/MicroblazePrj/Prj4Interrupt/Prj/mb_interrupt/mb_interrupt.srcs/sources_1/bd/mb_interrupt/ip/mb_interrupt_lmb_bram_1/mb_interrupt_lmb_bram_1.dcp' for cell 'mb_interrupt_i/microblaze_0_local_memory/lmb_bram'
INFO: [Netlist 29-17] Analyzing 619 Unisim elements for replacement
INFO: [Netlist 29-28] Unisim Transformation completed in 0 CPU seconds
INFO: [Project 1-479] Netlist was created with Vivado 2016.4
INFO: [Device 21-403] Loading part xc7a100tcsg324-1
INFO: [Project 1-570] Preparing netlist for logic optimization
WARNING: [Constraints 18-550] Could not create 'IOSTANDARD' constraint because net 'mb_interrupt_i/axi_gpio_0/gpio_io_i[0]' is not directly connected to top level port. 'IOSTANDARD' is ignored by Vivado but preserved for implementation tool. [C:/Prj/xilinxPrj/MicroblazePrj/Prj4Interrupt/Prj/mb_interrupt/mb_interrupt.runs/impl_1/.Xil/Vivado-4708-WRFA1EF/dcp_18/mb_interrupt_axi_gpio_0_0.edf:10333]
WARNING: [Constraints 18-550] Could not create 'IOSTANDARD' constraint because net 'mb_interrupt_i/axi_gpio_0/gpio_io_i[10]' is not directly connected to top level port. 'IOSTANDARD' is ignored by Vivado but preserved for implementation tool. [C:/Prj/xilinxPrj/MicroblazePrj/Prj4Interrupt/Prj/mb_interrupt/mb_interrupt.runs/impl_1/.Xil/Vivado-4708-WRFA1EF/dcp_18/mb_interrupt_axi_gpio_0_0.edf:10403]
WARNING: [Constraints 18-550] Could not create 'IOSTANDARD' constraint because net 'mb_interrupt_i/axi_gpio_0/gpio_io_i[11]' is not directly connected to top level port. 'IOSTANDARD' is ignored by Vivado but preserved for implementation tool. [C:/Prj/xilinxPrj/MicroblazePrj/Prj4Interrupt/Prj/mb_interrupt/mb_interrupt.runs/impl_1/.Xil/Vivado-4708-WRFA1EF/dcp_18/mb_interrupt_axi_gpio_0_0.edf:10410]
WARNING: [Constraints 18-550] Could not create 'IOSTANDARD' constraint because net 'mb_interrupt_i/axi_gpio_0/gpio_io_i[12]' is not directly connected to top level port. 'IOSTANDARD' is ignored by Vivado but preserved for implementation tool. [C:/Prj/xilinxPrj/MicroblazePrj/Prj4Interrupt/Prj/mb_interrupt/mb_interrupt.runs/impl_1/.Xil/Vivado-4708-WRFA1EF/dcp_18/mb_interrupt_axi_gpio_0_0.edf:10417]
WARNING: [Constraints 18-550] Could not create 'IOSTANDARD' constraint because net 'mb_interrupt_i/axi_gpio_0/gpio_io_i[13]' is not directly connected to top level port. 'IOSTANDARD' is ignored by Vivado but preserved for implementation tool. [C:/Prj/xilinxPrj/MicroblazePrj/Prj4Interrupt/Prj/mb_interrupt/mb_interrupt.runs/impl_1/.Xil/Vivado-4708-WRFA1EF/dcp_18/mb_interrupt_axi_gpio_0_0.edf:10424]
WARNING: [Constraints 18-550] Could not create 'IOSTANDARD' constraint because net 'mb_interrupt_i/axi_gpio_0/gpio_io_i[14]' is not directly connected to top level port. 'IOSTANDARD' is ignored by Vivado but preserved for implementation tool. [C:/Prj/xilinxPrj/MicroblazePrj/Prj4Interrupt/Prj/mb_interrupt/mb_interrupt.runs/impl_1/.Xil/Vivado-4708-WRFA1EF/dcp_18/mb_interrupt_axi_gpio_0_0.edf:10431]
WARNING: [Constraints 18-550] Could not create 'IOSTANDARD' constraint because net 'mb_interrupt_i/axi_gpio_0/gpio_io_i[15]' is not directly connected to top level port. 'IOSTANDARD' is ignored by Vivado but preserved for implementation tool. [C:/Prj/xilinxPrj/MicroblazePrj/Prj4Interrupt/Prj/mb_interrupt/mb_interrupt.runs/impl_1/.Xil/Vivado-4708-WRFA1EF/dcp_18/mb_interrupt_axi_gpio_0_0.edf:10438]
WARNING: [Constraints 18-550] Could not create 'IOSTANDARD' constraint because net 'mb_interrupt_i/axi_gpio_0/gpio_io_i[1]' is not directly connected to top level port. 'IOSTANDARD' is ignored by Vivado but preserved for implementation tool. [C:/Prj/xilinxPrj/MicroblazePrj/Prj4Interrupt/Prj/mb_interrupt/mb_interrupt.runs/impl_1/.Xil/Vivado-4708-WRFA1EF/dcp_18/mb_interrupt_axi_gpio_0_0.edf:10340]
WARNING: [Constraints 18-550] Could not create 'IOSTANDARD' constraint because net 'mb_interrupt_i/axi_gpio_0/gpio_io_i[2]' is not directly connected to top level port. 'IOSTANDARD' is ignored by Vivado but preserved for implementation tool. [C:/Prj/xilinxPrj/MicroblazePrj/Prj4Interrupt/Prj/mb_interrupt/mb_interrupt.runs/impl_1/.Xil/Vivado-4708-WRFA1EF/dcp_18/mb_interrupt_axi_gpio_0_0.edf:10347]
WARNING: [Constraints 18-550] Could not create 'IOSTANDARD' constraint because net 'mb_interrupt_i/axi_gpio_0/gpio_io_i[3]' is not directly connected to top level port. 'IOSTANDARD' is ignored by Vivado but preserved for implementation tool. [C:/Prj/xilinxPrj/MicroblazePrj/Prj4Interrupt/Prj/mb_interrupt/mb_interrupt.runs/impl_1/.Xil/Vivado-4708-WRFA1EF/dcp_18/mb_interrupt_axi_gpio_0_0.edf:10354]
WARNING: [Constraints 18-550] Could not create 'IOSTANDARD' constraint because net 'mb_interrupt_i/axi_gpio_0/gpio_io_i[4]' is not directly connected to top level port. 'IOSTANDARD' is ignored by Vivado but preserved for implementation tool. [C:/Prj/xilinxPrj/MicroblazePrj/Prj4Interrupt/Prj/mb_interrupt/mb_interrupt.runs/impl_1/.Xil/Vivado-4708-WRFA1EF/dcp_18/mb_interrupt_axi_gpio_0_0.edf:10361]
WARNING: [Constraints 18-550] Could not create 'IOSTANDARD' constraint because net 'mb_interrupt_i/axi_gpio_0/gpio_io_i[5]' is not directly connected to top level port. 'IOSTANDARD' is ignored by Vivado but preserved for implementation tool. [C:/Prj/xilinxPrj/MicroblazePrj/Prj4Interrupt/Prj/mb_interrupt/mb_interrupt.runs/impl_1/.Xil/Vivado-4708-WRFA1EF/dcp_18/mb_interrupt_axi_gpio_0_0.edf:10368]
WARNING: [Constraints 18-550] Could not create 'IOSTANDARD' constraint because net 'mb_interrupt_i/axi_gpio_0/gpio_io_i[6]' is not directly connected to top level port. 'IOSTANDARD' is ignored by Vivado but preserved for implementation tool. [C:/Prj/xilinxPrj/MicroblazePrj/Prj4Interrupt/Prj/mb_interrupt/mb_interrupt.runs/impl_1/.Xil/Vivado-4708-WRFA1EF/dcp_18/mb_interrupt_axi_gpio_0_0.edf:10375]
WARNING: [Constraints 18-550] Could not create 'IOSTANDARD' constraint because net 'mb_interrupt_i/axi_gpio_0/gpio_io_i[7]' is not directly connected to top level port. 'IOSTANDARD' is ignored by Vivado but preserved for implementation tool. [C:/Prj/xilinxPrj/MicroblazePrj/Prj4Interrupt/Prj/mb_interrupt/mb_interrupt.runs/impl_1/.Xil/Vivado-4708-WRFA1EF/dcp_18/mb_interrupt_axi_gpio_0_0.edf:10382]
WARNING: [Constraints 18-550] Could not create 'IOSTANDARD' constraint because net 'mb_interrupt_i/axi_gpio_0/gpio_io_i[8]' is not directly connected to top level port. 'IOSTANDARD' is ignored by Vivado but preserved for implementation tool. [C:/Prj/xilinxPrj/MicroblazePrj/Prj4Interrupt/Prj/mb_interrupt/mb_interrupt.runs/impl_1/.Xil/Vivado-4708-WRFA1EF/dcp_18/mb_interrupt_axi_gpio_0_0.edf:10389]
WARNING: [Constraints 18-550] Could not create 'IOSTANDARD' constraint because net 'mb_interrupt_i/axi_gpio_0/gpio_io_i[9]' is not directly connected to top level port. 'IOSTANDARD' is ignored by Vivado but preserved for implementation tool. [C:/Prj/xilinxPrj/MicroblazePrj/Prj4Interrupt/Prj/mb_interrupt/mb_interrupt.runs/impl_1/.Xil/Vivado-4708-WRFA1EF/dcp_18/mb_interrupt_axi_gpio_0_0.edf:10396]
WARNING: [Constraints 18-550] Could not create 'IOSTANDARD' constraint because net 'mb_interrupt_i/axi_gpio_1/gpio_io_i[0]' is not directly connected to top level port. 'IOSTANDARD' is ignored by Vivado but preserved for implementation tool. [C:/Prj/xilinxPrj/MicroblazePrj/Prj4Interrupt/Prj/mb_interrupt/mb_interrupt.runs/impl_1/.Xil/Vivado-4708-WRFA1EF/dcp_19/mb_interrupt_axi_gpio_1_0.edf:6204]
WARNING: [Constraints 18-550] Could not create 'IOSTANDARD' constraint because net 'mb_interrupt_i/axi_gpio_1/gpio_io_i[1]' is not directly connected to top level port. 'IOSTANDARD' is ignored by Vivado but preserved for implementation tool. [C:/Prj/xilinxPrj/MicroblazePrj/Prj4Interrupt/Prj/mb_interrupt/mb_interrupt.runs/impl_1/.Xil/Vivado-4708-WRFA1EF/dcp_19/mb_interrupt_axi_gpio_1_0.edf:6211]
WARNING: [Constraints 18-550] Could not create 'IOSTANDARD' constraint because net 'mb_interrupt_i/axi_gpio_1/gpio_io_i[2]' is not directly connected to top level port. 'IOSTANDARD' is ignored by Vivado but preserved for implementation tool. [C:/Prj/xilinxPrj/MicroblazePrj/Prj4Interrupt/Prj/mb_interrupt/mb_interrupt.runs/impl_1/.Xil/Vivado-4708-WRFA1EF/dcp_19/mb_interrupt_axi_gpio_1_0.edf:6218]
WARNING: [Constraints 18-550] Could not create 'IOSTANDARD' constraint because net 'mb_interrupt_i/axi_gpio_1/gpio_io_i[3]' is not directly connected to top level port. 'IOSTANDARD' is ignored by Vivado but preserved for implementation tool. [C:/Prj/xilinxPrj/MicroblazePrj/Prj4Interrupt/Prj/mb_interrupt/mb_interrupt.runs/impl_1/.Xil/Vivado-4708-WRFA1EF/dcp_19/mb_interrupt_axi_gpio_1_0.edf:6225]
WARNING: [Constraints 18-550] Could not create 'IOSTANDARD' constraint because net 'mb_interrupt_i/axi_gpio_1/gpio_io_i[4]' is not directly connected to top level port. 'IOSTANDARD' is ignored by Vivado but preserved for implementation tool. [C:/Prj/xilinxPrj/MicroblazePrj/Prj4Interrupt/Prj/mb_interrupt/mb_interrupt.runs/impl_1/.Xil/Vivado-4708-WRFA1EF/dcp_19/mb_interrupt_axi_gpio_1_0.edf:6232]
WARNING: [Constraints 18-550] Could not create 'IOSTANDARD' constraint because net 'mb_interrupt_i/axi_uartlite_0/rx' is not directly connected to top level port. 'IOSTANDARD' is ignored by Vivado but preserved for implementation tool. [C:/Prj/xilinxPrj/MicroblazePrj/Prj4Interrupt/Prj/mb_interrupt/mb_interrupt.runs/impl_1/.Xil/Vivado-4708-WRFA1EF/dcp_13/mb_interrupt_axi_uartlite_0_0.edf:7818]
WARNING: [Constraints 18-550] Could not create 'IOSTANDARD' constraint because net 'mb_interrupt_i/axi_uartlite_0/tx' is not directly connected to top level port. 'IOSTANDARD' is ignored by Vivado but preserved for implementation tool. [C:/Prj/xilinxPrj/MicroblazePrj/Prj4Interrupt/Prj/mb_interrupt/mb_interrupt.runs/impl_1/.Xil/Vivado-4708-WRFA1EF/dcp_13/mb_interrupt_axi_uartlite_0_0.edf:7885]
WARNING: [Constraints 18-550] Could not create 'IOSTANDARD' constraint because net 'mb_interrupt_i/clk_wiz_1/resetn' is not directly connected to top level port. 'IOSTANDARD' is ignored by Vivado but preserved for implementation tool. [C:/Prj/xilinxPrj/MicroblazePrj/Prj4Interrupt/Prj/mb_interrupt/mb_interrupt.runs/impl_1/.Xil/Vivado-4708-WRFA1EF/dcp_11/mb_interrupt_clk_wiz_1_1.edf:356]
WARNING: [Constraints 18-550] Could not create 'IOSTANDARD' constraint because net 'mb_interrupt_i/mig_7series_0/sys_rst' is not directly connected to top level port. 'IOSTANDARD' is ignored by Vivado but preserved for implementation tool. [C:/Prj/xilinxPrj/MicroblazePrj/Prj4Interrupt/Prj/mb_interrupt/mb_interrupt.runs/impl_1/.Xil/Vivado-4708-WRFA1EF/dcp_15/mb_interrupt_mig_7series_0_1.edf:339698]
WARNING: [Constraints 18-550] Could not create 'IOSTANDARD' constraint because net 'mb_interrupt_i/rst_clk_wiz_1_100M/ext_reset_in' is not directly connected to top level port. 'IOSTANDARD' is ignored by Vivado but preserved for implementation tool. [C:/Prj/xilinxPrj/MicroblazePrj/Prj4Interrupt/Prj/mb_interrupt/mb_interrupt.runs/impl_1/.Xil/Vivado-4708-WRFA1EF/dcp_12/mb_interrupt_rst_clk_wiz_1_100M_1.edf:1546]
Parsing XDC File [c:/Prj/xilinxPrj/MicroblazePrj/Prj4Interrupt/Prj/mb_interrupt/mb_interrupt.srcs/sources_1/bd/mb_interrupt/ip/mb_interrupt_microblaze_0_1/mb_interrupt_microblaze_0_1.xdc] for cell 'mb_interrupt_i/microblaze_0/U0'
Finished Parsing XDC File [c:/Prj/xilinxPrj/MicroblazePrj/Prj4Interrupt/Prj/mb_interrupt/mb_interrupt.srcs/sources_1/bd/mb_interrupt/ip/mb_interrupt_microblaze_0_1/mb_interrupt_microblaze_0_1.xdc] for cell 'mb_interrupt_i/microblaze_0/U0'
Parsing XDC File [c:/Prj/xilinxPrj/MicroblazePrj/Prj4Interrupt/Prj/mb_interrupt/mb_interrupt.srcs/sources_1/bd/mb_interrupt/ip/mb_interrupt_dlmb_v10_1/mb_interrupt_dlmb_v10_1.xdc] for cell 'mb_interrupt_i/microblaze_0_local_memory/dlmb_v10/U0'
Finished Parsing XDC File [c:/Prj/xilinxPrj/MicroblazePrj/Prj4Interrupt/Prj/mb_interrupt/mb_interrupt.srcs/sources_1/bd/mb_interrupt/ip/mb_interrupt_dlmb_v10_1/mb_interrupt_dlmb_v10_1.xdc] for cell 'mb_interrupt_i/microblaze_0_local_memory/dlmb_v10/U0'
Parsing XDC File [c:/Prj/xilinxPrj/MicroblazePrj/Prj4Interrupt/Prj/mb_interrupt/mb_interrupt.srcs/sources_1/bd/mb_interrupt/ip/mb_interrupt_ilmb_v10_1/mb_interrupt_ilmb_v10_1.xdc] for cell 'mb_interrupt_i/microblaze_0_local_memory/ilmb_v10/U0'
Finished Parsing XDC File [c:/Prj/xilinxPrj/MicroblazePrj/Prj4Interrupt/Prj/mb_interrupt/mb_interrupt.srcs/sources_1/bd/mb_interrupt/ip/mb_interrupt_ilmb_v10_1/mb_interrupt_ilmb_v10_1.xdc] for cell 'mb_interrupt_i/microblaze_0_local_memory/ilmb_v10/U0'
Parsing XDC File [c:/Prj/xilinxPrj/MicroblazePrj/Prj4Interrupt/Prj/mb_interrupt/mb_interrupt.srcs/sources_1/bd/mb_interrupt/ip/mb_interrupt_microblaze_0_axi_intc_1/mb_interrupt_microblaze_0_axi_intc_1.xdc] for cell 'mb_interrupt_i/microblaze_0_axi_intc/U0'
Finished Parsing XDC File [c:/Prj/xilinxPrj/MicroblazePrj/Prj4Interrupt/Prj/mb_interrupt/mb_interrupt.srcs/sources_1/bd/mb_interrupt/ip/mb_interrupt_microblaze_0_axi_intc_1/mb_interrupt_microblaze_0_axi_intc_1.xdc] for cell 'mb_interrupt_i/microblaze_0_axi_intc/U0'
Parsing XDC File [c:/Prj/xilinxPrj/MicroblazePrj/Prj4Interrupt/Prj/mb_interrupt/mb_interrupt.srcs/sources_1/bd/mb_interrupt/ip/mb_interrupt_mdm_1_1/mb_interrupt_mdm_1_1.xdc] for cell 'mb_interrupt_i/mdm_1/U0'
INFO: [Timing 38-35] Done setting XDC timing constraints. [c:/Prj/xilinxPrj/MicroblazePrj/Prj4Interrupt/Prj/mb_interrupt/mb_interrupt.srcs/sources_1/bd/mb_interrupt/ip/mb_interrupt_mdm_1_1/mb_interrupt_mdm_1_1.xdc:50]
get_clocks: Time (s): cpu = 00:00:17 ; elapsed = 00:00:18 . Memory (MB): peak = 1113.074 ; gain = 462.672
Finished Parsing XDC File [c:/Prj/xilinxPrj/MicroblazePrj/Prj4Interrupt/Prj/mb_interrupt/mb_interrupt.srcs/sources_1/bd/mb_interrupt/ip/mb_interrupt_mdm_1_1/mb_interrupt_mdm_1_1.xdc] for cell 'mb_interrupt_i/mdm_1/U0'
Parsing XDC File [c:/Prj/xilinxPrj/MicroblazePrj/Prj4Interrupt/Prj/mb_interrupt/mb_interrupt.srcs/sources_1/bd/mb_interrupt/ip/mb_interrupt_clk_wiz_1_1/mb_interrupt_clk_wiz_1_1_board.xdc] for cell 'mb_interrupt_i/clk_wiz_1/inst'
Finished Parsing XDC File [c:/Prj/xilinxPrj/MicroblazePrj/Prj4Interrupt/Prj/mb_interrupt/mb_interrupt.srcs/sources_1/bd/mb_interrupt/ip/mb_interrupt_clk_wiz_1_1/mb_interrupt_clk_wiz_1_1_board.xdc] for cell 'mb_interrupt_i/clk_wiz_1/inst'
Parsing XDC File [c:/Prj/xilinxPrj/MicroblazePrj/Prj4Interrupt/Prj/mb_interrupt/mb_interrupt.srcs/sources_1/bd/mb_interrupt/ip/mb_interrupt_clk_wiz_1_1/mb_interrupt_clk_wiz_1_1.xdc] for cell 'mb_interrupt_i/clk_wiz_1/inst'
INFO: [Timing 38-2] Deriving generated clocks [c:/Prj/xilinxPrj/MicroblazePrj/Prj4Interrupt/Prj/mb_interrupt/mb_interrupt.srcs/sources_1/bd/mb_interrupt/ip/mb_interrupt_clk_wiz_1_1/mb_interrupt_clk_wiz_1_1.xdc:57]
Finished Parsing XDC File [c:/Prj/xilinxPrj/MicroblazePrj/Prj4Interrupt/Prj/mb_interrupt/mb_interrupt.srcs/sources_1/bd/mb_interrupt/ip/mb_interrupt_clk_wiz_1_1/mb_interrupt_clk_wiz_1_1.xdc] for cell 'mb_interrupt_i/clk_wiz_1/inst'
Parsing XDC File [c:/Prj/xilinxPrj/MicroblazePrj/Prj4Interrupt/Prj/mb_interrupt/mb_interrupt.srcs/sources_1/bd/mb_interrupt/ip/mb_interrupt_rst_clk_wiz_1_100M_1/mb_interrupt_rst_clk_wiz_1_100M_1_board.xdc] for cell 'mb_interrupt_i/rst_clk_wiz_1_100M/U0'
Finished Parsing XDC File [c:/Prj/xilinxPrj/MicroblazePrj/Prj4Interrupt/Prj/mb_interrupt/mb_interrupt.srcs/sources_1/bd/mb_interrupt/ip/mb_interrupt_rst_clk_wiz_1_100M_1/mb_interrupt_rst_clk_wiz_1_100M_1_board.xdc] for cell 'mb_interrupt_i/rst_clk_wiz_1_100M/U0'
Parsing XDC File [c:/Prj/xilinxPrj/MicroblazePrj/Prj4Interrupt/Prj/mb_interrupt/mb_interrupt.srcs/sources_1/bd/mb_interrupt/ip/mb_interrupt_rst_clk_wiz_1_100M_1/mb_interrupt_rst_clk_wiz_1_100M_1.xdc] for cell 'mb_interrupt_i/rst_clk_wiz_1_100M/U0'
Finished Parsing XDC File [c:/Prj/xilinxPrj/MicroblazePrj/Prj4Interrupt/Prj/mb_interrupt/mb_interrupt.srcs/sources_1/bd/mb_interrupt/ip/mb_interrupt_rst_clk_wiz_1_100M_1/mb_interrupt_rst_clk_wiz_1_100M_1.xdc] for cell 'mb_interrupt_i/rst_clk_wiz_1_100M/U0'
Parsing XDC File [c:/Prj/xilinxPrj/MicroblazePrj/Prj4Interrupt/Prj/mb_interrupt/mb_interrupt.srcs/sources_1/bd/mb_interrupt/ip/mb_interrupt_axi_uartlite_0_0/mb_interrupt_axi_uartlite_0_0_board.xdc] for cell 'mb_interrupt_i/axi_uartlite_0/U0'
Finished Parsing XDC File [c:/Prj/xilinxPrj/MicroblazePrj/Prj4Interrupt/Prj/mb_interrupt/mb_interrupt.srcs/sources_1/bd/mb_interrupt/ip/mb_interrupt_axi_uartlite_0_0/mb_interrupt_axi_uartlite_0_0_board.xdc] for cell 'mb_interrupt_i/axi_uartlite_0/U0'
Parsing XDC File [c:/Prj/xilinxPrj/MicroblazePrj/Prj4Interrupt/Prj/mb_interrupt/mb_interrupt.srcs/sources_1/bd/mb_interrupt/ip/mb_interrupt_axi_uartlite_0_0/mb_interrupt_axi_uartlite_0_0.xdc] for cell 'mb_interrupt_i/axi_uartlite_0/U0'
Finished Parsing XDC File [c:/Prj/xilinxPrj/MicroblazePrj/Prj4Interrupt/Prj/mb_interrupt/mb_interrupt.srcs/sources_1/bd/mb_interrupt/ip/mb_interrupt_axi_uartlite_0_0/mb_interrupt_axi_uartlite_0_0.xdc] for cell 'mb_interrupt_i/axi_uartlite_0/U0'
Parsing XDC File [c:/Prj/xilinxPrj/MicroblazePrj/Prj4Interrupt/Prj/mb_interrupt/mb_interrupt.srcs/sources_1/bd/mb_interrupt/ip/mb_interrupt_mig_7series_0_1/mb_interrupt_mig_7series_0_1/user_design/constraints/mb_interrupt_mig_7series_0_1.xdc] for cell 'mb_interrupt_i/mig_7series_0'
Finished Parsing XDC File [c:/Prj/xilinxPrj/MicroblazePrj/Prj4Interrupt/Prj/mb_interrupt/mb_interrupt.srcs/sources_1/bd/mb_interrupt/ip/mb_interrupt_mig_7series_0_1/mb_interrupt_mig_7series_0_1/user_design/constraints/mb_interrupt_mig_7series_0_1.xdc] for cell 'mb_interrupt_i/mig_7series_0'
Parsing XDC File [c:/Prj/xilinxPrj/MicroblazePrj/Prj4Interrupt/Prj/mb_interrupt/mb_interrupt.srcs/sources_1/bd/mb_interrupt/ip/mb_interrupt_mig_7series_0_1/mb_interrupt_mig_7series_0_1_board.xdc] for cell 'mb_interrupt_i/mig_7series_0'
Finished Parsing XDC File [c:/Prj/xilinxPrj/MicroblazePrj/Prj4Interrupt/Prj/mb_interrupt/mb_interrupt.srcs/sources_1/bd/mb_interrupt/ip/mb_interrupt_mig_7series_0_1/mb_interrupt_mig_7series_0_1_board.xdc] for cell 'mb_interrupt_i/mig_7series_0'
Parsing XDC File [c:/Prj/xilinxPrj/MicroblazePrj/Prj4Interrupt/Prj/mb_interrupt/mb_interrupt.srcs/sources_1/bd/mb_interrupt/ip/mb_interrupt_rst_mig_7series_0_81M_1/mb_interrupt_rst_mig_7series_0_81M_1_board.xdc] for cell 'mb_interrupt_i/rst_mig_7series_0_81M/U0'
Finished Parsing XDC File [c:/Prj/xilinxPrj/MicroblazePrj/Prj4Interrupt/Prj/mb_interrupt/mb_interrupt.srcs/sources_1/bd/mb_interrupt/ip/mb_interrupt_rst_mig_7series_0_81M_1/mb_interrupt_rst_mig_7series_0_81M_1_board.xdc] for cell 'mb_interrupt_i/rst_mig_7series_0_81M/U0'
Parsing XDC File [c:/Prj/xilinxPrj/MicroblazePrj/Prj4Interrupt/Prj/mb_interrupt/mb_interrupt.srcs/sources_1/bd/mb_interrupt/ip/mb_interrupt_rst_mig_7series_0_81M_1/mb_interrupt_rst_mig_7series_0_81M_1.xdc] for cell 'mb_interrupt_i/rst_mig_7series_0_81M/U0'
Finished Parsing XDC File [c:/Prj/xilinxPrj/MicroblazePrj/Prj4Interrupt/Prj/mb_interrupt/mb_interrupt.srcs/sources_1/bd/mb_interrupt/ip/mb_interrupt_rst_mig_7series_0_81M_1/mb_interrupt_rst_mig_7series_0_81M_1.xdc] for cell 'mb_interrupt_i/rst_mig_7series_0_81M/U0'
Parsing XDC File [c:/Prj/xilinxPrj/MicroblazePrj/Prj4Interrupt/Prj/mb_interrupt/mb_interrupt.srcs/sources_1/bd/mb_interrupt/ip/mb_interrupt_axi_gpio_0_0/mb_interrupt_axi_gpio_0_0_board.xdc] for cell 'mb_interrupt_i/axi_gpio_0/U0'
Finished Parsing XDC File [c:/Prj/xilinxPrj/MicroblazePrj/Prj4Interrupt/Prj/mb_interrupt/mb_interrupt.srcs/sources_1/bd/mb_interrupt/ip/mb_interrupt_axi_gpio_0_0/mb_interrupt_axi_gpio_0_0_board.xdc] for cell 'mb_interrupt_i/axi_gpio_0/U0'
Parsing XDC File [c:/Prj/xilinxPrj/MicroblazePrj/Prj4Interrupt/Prj/mb_interrupt/mb_interrupt.srcs/sources_1/bd/mb_interrupt/ip/mb_interrupt_axi_gpio_0_0/mb_interrupt_axi_gpio_0_0.xdc] for cell 'mb_interrupt_i/axi_gpio_0/U0'
Finished Parsing XDC File [c:/Prj/xilinxPrj/MicroblazePrj/Prj4Interrupt/Prj/mb_interrupt/mb_interrupt.srcs/sources_1/bd/mb_interrupt/ip/mb_interrupt_axi_gpio_0_0/mb_interrupt_axi_gpio_0_0.xdc] for cell 'mb_interrupt_i/axi_gpio_0/U0'
Parsing XDC File [c:/Prj/xilinxPrj/MicroblazePrj/Prj4Interrupt/Prj/mb_interrupt/mb_interrupt.srcs/sources_1/bd/mb_interrupt/ip/mb_interrupt_axi_gpio_1_0/mb_interrupt_axi_gpio_1_0_board.xdc] for cell 'mb_interrupt_i/axi_gpio_1/U0'
Finished Parsing XDC File [c:/Prj/xilinxPrj/MicroblazePrj/Prj4Interrupt/Prj/mb_interrupt/mb_interrupt.srcs/sources_1/bd/mb_interrupt/ip/mb_interrupt_axi_gpio_1_0/mb_interrupt_axi_gpio_1_0_board.xdc] for cell 'mb_interrupt_i/axi_gpio_1/U0'
Parsing XDC File [c:/Prj/xilinxPrj/MicroblazePrj/Prj4Interrupt/Prj/mb_interrupt/mb_interrupt.srcs/sources_1/bd/mb_interrupt/ip/mb_interrupt_axi_gpio_1_0/mb_interrupt_axi_gpio_1_0.xdc] for cell 'mb_interrupt_i/axi_gpio_1/U0'
Finished Parsing XDC File [c:/Prj/xilinxPrj/MicroblazePrj/Prj4Interrupt/Prj/mb_interrupt/mb_interrupt.srcs/sources_1/bd/mb_interrupt/ip/mb_interrupt_axi_gpio_1_0/mb_interrupt_axi_gpio_1_0.xdc] for cell 'mb_interrupt_i/axi_gpio_1/U0'
INFO: [Project 1-538] Using original IP XDC constraints instead of the XDC constraints in dcp 'c:/Prj/xilinxPrj/MicroblazePrj/Prj4Interrupt/Prj/mb_interrupt/mb_interrupt.srcs/sources_1/bd/mb_interrupt/ip/mb_interrupt_microblaze_0_1/mb_interrupt_microblaze_0_1.dcp'
INFO: [Project 1-538] Using original IP XDC constraints instead of the XDC constraints in dcp 'c:/Prj/xilinxPrj/MicroblazePrj/Prj4Interrupt/Prj/mb_interrupt/mb_interrupt.srcs/sources_1/bd/mb_interrupt/ip/mb_interrupt_dlmb_v10_1/mb_interrupt_dlmb_v10_1.dcp'
INFO: [Project 1-538] Using original IP XDC constraints instead of the XDC constraints in dcp 'c:/Prj/xilinxPrj/MicroblazePrj/Prj4Interrupt/Prj/mb_interrupt/mb_interrupt.srcs/sources_1/bd/mb_interrupt/ip/mb_interrupt_ilmb_v10_1/mb_interrupt_ilmb_v10_1.dcp'
INFO: [Project 1-538] Using original IP XDC constraints instead of the XDC constraints in dcp 'c:/Prj/xilinxPrj/MicroblazePrj/Prj4Interrupt/Prj/mb_interrupt/mb_interrupt.srcs/sources_1/bd/mb_interrupt/ip/mb_interrupt_dlmb_bram_if_cntlr_1/mb_interrupt_dlmb_bram_if_cntlr_1.dcp'
INFO: [Project 1-538] Using original IP XDC constraints instead of the XDC constraints in dcp 'c:/Prj/xilinxPrj/MicroblazePrj/Prj4Interrupt/Prj/mb_interrupt/mb_interrupt.srcs/sources_1/bd/mb_interrupt/ip/mb_interrupt_ilmb_bram_if_cntlr_1/mb_interrupt_ilmb_bram_if_cntlr_1.dcp'
INFO: [Project 1-538] Using original IP XDC constraints instead of the XDC constraints in dcp 'c:/Prj/xilinxPrj/MicroblazePrj/Prj4Interrupt/Prj/mb_interrupt/mb_interrupt.srcs/sources_1/bd/mb_interrupt/ip/mb_interrupt_lmb_bram_1/mb_interrupt_lmb_bram_1.dcp'
INFO: [Project 1-538] Using original IP XDC constraints instead of the XDC constraints in dcp 'C:/Prj/xilinxPrj/MicroblazePrj/Prj4Interrupt/Prj/mb_interrupt/mb_interrupt.srcs/sources_1/bd/mb_interrupt/ip/mb_interrupt_microblaze_0_axi_intc_1/mb_interrupt_microblaze_0_axi_intc_1.dcp'
INFO: [Project 1-538] Using original IP XDC constraints instead of the XDC constraints in dcp 'c:/Prj/xilinxPrj/MicroblazePrj/Prj4Interrupt/Prj/mb_interrupt/mb_interrupt.srcs/sources_1/bd/mb_interrupt/ip/mb_interrupt_mdm_1_1/mb_interrupt_mdm_1_1.dcp'
INFO: [Project 1-538] Using original IP XDC constraints instead of the XDC constraints in dcp 'c:/Prj/xilinxPrj/MicroblazePrj/Prj4Interrupt/Prj/mb_interrupt/mb_interrupt.srcs/sources_1/bd/mb_interrupt/ip/mb_interrupt_clk_wiz_1_1/mb_interrupt_clk_wiz_1_1.dcp'
INFO: [Project 1-538] Using original IP XDC constraints instead of the XDC constraints in dcp 'c:/Prj/xilinxPrj/MicroblazePrj/Prj4Interrupt/Prj/mb_interrupt/mb_interrupt.srcs/sources_1/bd/mb_interrupt/ip/mb_interrupt_rst_clk_wiz_1_100M_1/mb_interrupt_rst_clk_wiz_1_100M_1.dcp'
INFO: [Project 1-538] Using original IP XDC constraints instead of the XDC constraints in dcp 'c:/Prj/xilinxPrj/MicroblazePrj/Prj4Interrupt/Prj/mb_interrupt/mb_interrupt.srcs/sources_1/bd/mb_interrupt/ip/mb_interrupt_axi_uartlite_0_0/mb_interrupt_axi_uartlite_0_0.dcp'
INFO: [Project 1-538] Using original IP XDC constraints instead of the XDC constraints in dcp 'C:/Prj/xilinxPrj/MicroblazePrj/Prj4Interrupt/Prj/mb_interrupt/mb_interrupt.srcs/sources_1/bd/mb_interrupt/ip/mb_interrupt_xbar_1/mb_interrupt_xbar_1.dcp'
INFO: [Project 1-538] Using original IP XDC constraints instead of the XDC constraints in dcp 'c:/Prj/xilinxPrj/MicroblazePrj/Prj4Interrupt/Prj/mb_interrupt/mb_interrupt.srcs/sources_1/bd/mb_interrupt/ip/mb_interrupt_mig_7series_0_1/mb_interrupt_mig_7series_0_1.dcp'
INFO: [Project 1-538] Using original IP XDC constraints instead of the XDC constraints in dcp 'c:/Prj/xilinxPrj/MicroblazePrj/Prj4Interrupt/Prj/mb_interrupt/mb_interrupt.srcs/sources_1/bd/mb_interrupt/ip/mb_interrupt_xbar_2/mb_interrupt_xbar_2.dcp'
INFO: [Project 1-538] Using original IP XDC constraints instead of the XDC constraints in dcp 'c:/Prj/xilinxPrj/MicroblazePrj/Prj4Interrupt/Prj/mb_interrupt/mb_interrupt.srcs/sources_1/bd/mb_interrupt/ip/mb_interrupt_rst_mig_7series_0_81M_1/mb_interrupt_rst_mig_7series_0_81M_1.dcp'
INFO: [Project 1-538] Using original IP XDC constraints instead of the XDC constraints in dcp 'c:/Prj/xilinxPrj/MicroblazePrj/Prj4Interrupt/Prj/mb_interrupt/mb_interrupt.srcs/sources_1/bd/mb_interrupt/ip/mb_interrupt_axi_gpio_0_0/mb_interrupt_axi_gpio_0_0.dcp'
INFO: [Project 1-538] Using original IP XDC constraints instead of the XDC constraints in dcp 'c:/Prj/xilinxPrj/MicroblazePrj/Prj4Interrupt/Prj/mb_interrupt/mb_interrupt.srcs/sources_1/bd/mb_interrupt/ip/mb_interrupt_axi_gpio_1_0/mb_interrupt_axi_gpio_1_0.dcp'
INFO: [Project 1-538] Using original IP XDC constraints instead of the XDC constraints in dcp 'c:/Prj/xilinxPrj/MicroblazePrj/Prj4Interrupt/Prj/mb_interrupt/mb_interrupt.srcs/sources_1/bd/mb_interrupt/ip/mb_interrupt_auto_cc_0/mb_interrupt_auto_cc_0.dcp'
INFO: [Project 1-538] Using original IP XDC constraints instead of the XDC constraints in dcp 'c:/Prj/xilinxPrj/MicroblazePrj/Prj4Interrupt/Prj/mb_interrupt/mb_interrupt.srcs/sources_1/bd/mb_interrupt/ip/mb_interrupt_auto_us_0/mb_interrupt_auto_us_0.dcp'
INFO: [Project 1-538] Using original IP XDC constraints instead of the XDC constraints in dcp 'c:/Prj/xilinxPrj/MicroblazePrj/Prj4Interrupt/Prj/mb_interrupt/mb_interrupt.srcs/sources_1/bd/mb_interrupt/ip/mb_interrupt_auto_us_1/mb_interrupt_auto_us_1.dcp'
Parsing XDC File [c:/Prj/xilinxPrj/MicroblazePrj/Prj4Interrupt/Prj/mb_interrupt/mb_interrupt.srcs/sources_1/bd/mb_interrupt/ip/mb_interrupt_microblaze_0_axi_intc_1/mb_interrupt_microblaze_0_axi_intc_1_clocks.xdc] for cell 'mb_interrupt_i/microblaze_0_axi_intc/U0'
Finished Parsing XDC File [c:/Prj/xilinxPrj/MicroblazePrj/Prj4Interrupt/Prj/mb_interrupt/mb_interrupt.srcs/sources_1/bd/mb_interrupt/ip/mb_interrupt_microblaze_0_axi_intc_1/mb_interrupt_microblaze_0_axi_intc_1_clocks.xdc] for cell 'mb_interrupt_i/microblaze_0_axi_intc/U0'
Parsing XDC File [c:/Prj/xilinxPrj/MicroblazePrj/Prj4Interrupt/Prj/mb_interrupt/mb_interrupt.srcs/sources_1/bd/mb_interrupt/ip/mb_interrupt_auto_cc_0/mb_interrupt_auto_cc_0_clocks.xdc] for cell 'mb_interrupt_i/axi_mem_intercon/m00_couplers/auto_cc/inst'
Finished Parsing XDC File [c:/Prj/xilinxPrj/MicroblazePrj/Prj4Interrupt/Prj/mb_interrupt/mb_interrupt.srcs/sources_1/bd/mb_interrupt/ip/mb_interrupt_auto_cc_0/mb_interrupt_auto_cc_0_clocks.xdc] for cell 'mb_interrupt_i/axi_mem_intercon/m00_couplers/auto_cc/inst'
Parsing XDC File [c:/Prj/xilinxPrj/MicroblazePrj/Prj4Interrupt/Prj/mb_interrupt/mb_interrupt.srcs/sources_1/bd/mb_interrupt/ip/mb_interrupt_auto_us_0/mb_interrupt_auto_us_0_clocks.xdc] for cell 'mb_interrupt_i/axi_mem_intercon/s00_couplers/auto_us/inst'
Finished Parsing XDC File [c:/Prj/xilinxPrj/MicroblazePrj/Prj4Interrupt/Prj/mb_interrupt/mb_interrupt.srcs/sources_1/bd/mb_interrupt/ip/mb_interrupt_auto_us_0/mb_interrupt_auto_us_0_clocks.xdc] for cell 'mb_interrupt_i/axi_mem_intercon/s00_couplers/auto_us/inst'
Parsing XDC File [c:/Prj/xilinxPrj/MicroblazePrj/Prj4Interrupt/Prj/mb_interrupt/mb_interrupt.srcs/sources_1/bd/mb_interrupt/ip/mb_interrupt_auto_us_1/mb_interrupt_auto_us_1_clocks.xdc] for cell 'mb_interrupt_i/axi_mem_intercon/s01_couplers/auto_us/inst'
Finished Parsing XDC File [c:/Prj/xilinxPrj/MicroblazePrj/Prj4Interrupt/Prj/mb_interrupt/mb_interrupt.srcs/sources_1/bd/mb_interrupt/ip/mb_interrupt_auto_us_1/mb_interrupt_auto_us_1_clocks.xdc] for cell 'mb_interrupt_i/axi_mem_intercon/s01_couplers/auto_us/inst'
INFO: [Opt 31-138] Pushed 0 inverter(s) to 0 load pin(s).
Generating merged BMM file for the design top 'mb_interrupt_wrapper'...
INFO: [Memdata 28-144] Successfully populated the BRAM INIT strings from the following elf files: c:/Prj/xilinxPrj/MicroblazePrj/Prj4Interrupt/Prj/mb_interrupt/mb_interrupt.srcs/sources_1/bd/mb_interrupt/ip/mb_interrupt_microblaze_0_1/data/mb_bootloop_le.elf 
INFO: [Project 1-111] Unisim Transformation Summary:
  A total of 363 instances were transformed.
  IOBUFDS_INTERMDISABLE => IOBUFDS_INTERMDISABLE (IBUFDS_INTERMDISABLE_INT, IBUFDS_INTERMDISABLE_INT, INV, OBUFTDS, OBUFTDS): 2 instances
  IOBUF_INTERMDISABLE => IOBUF_INTERMDISABLE (IBUF_INTERMDISABLE, OBUFT): 16 instances
  LUT6_2 => LUT6_2 (LUT5, LUT6): 88 instances
  OBUFDS => OBUFDS_DUAL_BUF (INV, OBUFDS, OBUFDS): 1 instances
  RAM16X1D => RAM32X1D (RAMD32, RAMD32): 32 instances
  RAM32M => RAM32M (RAMD32, RAMD32, RAMD32, RAMD32, RAMD32, RAMD32, RAMS32, RAMS32): 192 instances
  RAM32X1D => RAM32X1D (RAMD32, RAMD32): 32 instances

link_design: Time (s): cpu = 00:00:45 ; elapsed = 00:00:44 . Memory (MB): peak = 1149.137 ; gain = 920.254
Command: opt_design
Attempting to get a license for feature 'Implementation' and/or device 'xc7a100t'
INFO: [Common 17-349] Got license for feature 'Implementation' and/or device 'xc7a100t'
Running DRC as a precondition to command opt_design

Starting DRC Task
INFO: [DRC 23-27] Running DRC with 2 threads
INFO: [Project 1-461] DRC finished with 0 Errors
INFO: [Project 1-462] Please refer to the DRC report (report_drc) for more information.

Time (s): cpu = 00:00:03 ; elapsed = 00:00:01 . Memory (MB): peak = 1149.137 ; gain = 0.000
INFO: [Timing 38-35] Done setting XDC timing constraints.

Starting Logic Optimization Task
Implement Debug Cores | Checksum: 18ba50b36

Phase 1 Retarget
INFO: [Opt 31-138] Pushed 8 inverter(s) to 21 load pin(s).
INFO: [Opt 31-49] Retargeted 0 cell(s).
Phase 1 Retarget | Checksum: 159f2fb51

Time (s): cpu = 00:00:03 ; elapsed = 00:00:03 . Memory (MB): peak = 1149.137 ; gain = 0.000

Phase 2 Constant propagation
INFO: [Opt 31-138] Pushed 6 inverter(s) to 15 load pin(s).
INFO: [Opt 31-10] Eliminated 634 cells.
Phase 2 Constant propagation | Checksum: 247c05049

Time (s): cpu = 00:00:07 ; elapsed = 00:00:07 . Memory (MB): peak = 1149.137 ; gain = 0.000

Phase 3 Sweep
INFO: [Opt 31-12] Eliminated 2903 unconnected nets.
INFO: [Opt 31-11] Eliminated 1449 unconnected cells.
Phase 3 Sweep | Checksum: ebd924a5

Time (s): cpu = 00:00:10 ; elapsed = 00:00:10 . Memory (MB): peak = 1149.137 ; gain = 0.000

Phase 4 BUFG optimization
INFO: [Opt 31-12] Eliminated 0 unconnected nets.
INFO: [Opt 31-11] Eliminated 0 unconnected cells.
Phase 4 BUFG optimization | Checksum: 11f1f5482

Time (s): cpu = 00:00:14 ; elapsed = 00:00:14 . Memory (MB): peak = 1149.137 ; gain = 0.000

Starting Connectivity Check Task

Time (s): cpu = 00:00:00 ; elapsed = 00:00:00.124 . Memory (MB): peak = 1149.137 ; gain = 0.000
Ending Logic Optimization Task | Checksum: 11f1f5482

Time (s): cpu = 00:00:14 ; elapsed = 00:00:14 . Memory (MB): peak = 1149.137 ; gain = 0.000

Starting Power Optimization Task
INFO: [Pwropt 34-132] Skipping clock gating for clocks with a period < 2.00 ns.
INFO: [Timing 38-35] Done setting XDC timing constraints.
INFO: [Pwropt 34-9] Applying IDT optimizations ...
INFO: [Pwropt 34-10] Applying ODC optimizations ...
Running Vector-less Activity Propagation...

Finished Running Vector-less Activity Propagation


Starting PowerOpt Patch Enables Task
INFO: [Pwropt 34-162] WRITE_MODE attribute of 0 BRAM(s) out of a total of 18 has been updated to save power. Run report_power_opt to get a complete listing of the BRAMs updated.
INFO: [Pwropt 34-201] Structural ODC has moved 4 WE to EN ports
Number of BRAM Ports augmented: 0 newly gated: 8 Total Ports: 36
Ending PowerOpt Patch Enables Task | Checksum: 19aef0e82

Time (s): cpu = 00:00:00 ; elapsed = 00:00:00.124 . Memory (MB): peak = 1434.609 ; gain = 0.000
Ending Power Optimization Task | Checksum: 19aef0e82

Time (s): cpu = 00:00:16 ; elapsed = 00:00:09 . Memory (MB): peak = 1434.609 ; gain = 285.473
INFO: [Common 17-83] Releasing license: Implementation
71 Infos, 26 Warnings, 0 Critical Warnings and 0 Errors encountered.
opt_design completed successfully
opt_design: Time (s): cpu = 00:00:38 ; elapsed = 00:00:27 . Memory (MB): peak = 1434.609 ; gain = 285.473
Writing placer database...
Writing XDEF routing.
Writing XDEF routing logical nets.
Writing XDEF routing special nets.
Write XDEF Complete: Time (s): cpu = 00:00:00 ; elapsed = 00:00:00.109 . Memory (MB): peak = 1434.609 ; gain = 0.000
INFO: [Common 17-1381] The checkpoint 'C:/Prj/xilinxPrj/MicroblazePrj/Prj4Interrupt/Prj/mb_interrupt/mb_interrupt.runs/impl_1/mb_interrupt_wrapper_opt.dcp' has been generated.
write_checkpoint: Time (s): cpu = 00:00:10 ; elapsed = 00:00:07 . Memory (MB): peak = 1434.609 ; gain = 0.000
INFO: [DRC 23-27] Running DRC with 2 threads
INFO: [Coretcl 2-168] The results of DRC are in file C:/Prj/xilinxPrj/MicroblazePrj/Prj4Interrupt/Prj/mb_interrupt/mb_interrupt.runs/impl_1/mb_interrupt_wrapper_drc_opted.rpt.
report_drc: Time (s): cpu = 00:00:10 ; elapsed = 00:00:05 . Memory (MB): peak = 1434.609 ; gain = 0.000
INFO: [Chipscope 16-241] No debug cores found in the current design.
Before running the implement_debug_core command, either use the Set Up Debug wizard (GUI mode)
or use the create_debug_core and connect_debug_core Tcl commands to insert debug cores into the design.
Command: place_design
Attempting to get a license for feature 'Implementation' and/or device 'xc7a100t'
INFO: [Common 17-349] Got license for feature 'Implementation' and/or device 'xc7a100t'
INFO: [DRC 23-27] Running DRC with 2 threads
INFO: [Vivado_Tcl 4-198] DRC finished with 0 Errors
INFO: [Vivado_Tcl 4-199] Please refer to the DRC report (report_drc) for more information.
Running DRC as a precondition to command place_design
INFO: [DRC 23-27] Running DRC with 2 threads
INFO: [Vivado_Tcl 4-198] DRC finished with 0 Errors
INFO: [Vivado_Tcl 4-199] Please refer to the DRC report (report_drc) for more information.

Starting Placer Task
INFO: [Place 30-611] Multithreading enabled for place_design using a maximum of 2 CPUs

Phase 1 Placer Initialization
Netlist sorting complete. Time (s): cpu = 00:00:00 ; elapsed = 00:00:00.094 . Memory (MB): peak = 1434.609 ; gain = 0.000
INFO: [Timing 38-35] Done setting XDC timing constraints.
INFO: [Opt 31-138] Pushed 0 inverter(s) to 0 load pin(s).
Netlist sorting complete. Time (s): cpu = 00:00:00 ; elapsed = 00:00:00.094 . Memory (MB): peak = 1434.609 ; gain = 0.000

Phase 1.1 IO Placement/ Clock Placement/ Build Placer Device
INFO: [Timing 38-35] Done setting XDC timing constraints.
Phase 1.1 IO Placement/ Clock Placement/ Build Placer Device | Checksum: 1b7cedce1

Time (s): cpu = 00:00:18 ; elapsed = 00:00:15 . Memory (MB): peak = 1434.609 ; gain = 0.000

Phase 1.2 Build Placer Netlist Model
Phase 1.2 Build Placer Netlist Model | Checksum: 28743043d

Time (s): cpu = 00:00:33 ; elapsed = 00:00:26 . Memory (MB): peak = 1434.609 ; gain = 0.000

Phase 1.3 Constrain Clocks/Macros
Phase 1.3 Constrain Clocks/Macros | Checksum: 28743043d

Time (s): cpu = 00:00:33 ; elapsed = 00:00:26 . Memory (MB): peak = 1434.609 ; gain = 0.000
Phase 1 Placer Initialization | Checksum: 28743043d

Time (s): cpu = 00:00:33 ; elapsed = 00:00:26 . Memory (MB): peak = 1434.609 ; gain = 0.000

Phase 2 Global Placement
Phase 2 Global Placement | Checksum: 173f776c5

Time (s): cpu = 00:01:15 ; elapsed = 00:00:49 . Memory (MB): peak = 1434.609 ; gain = 0.000

Phase 3 Detail Placement

Phase 3.1 Commit Multi Column Macros
Phase 3.1 Commit Multi Column Macros | Checksum: 173f776c5

Time (s): cpu = 00:01:15 ; elapsed = 00:00:49 . Memory (MB): peak = 1434.609 ; gain = 0.000

Phase 3.2 Commit Most Macros & LUTRAMs
Phase 3.2 Commit Most Macros & LUTRAMs | Checksum: 189ad790b

Time (s): cpu = 00:01:27 ; elapsed = 00:00:57 . Memory (MB): peak = 1434.609 ; gain = 0.000

Phase 3.3 Area Swap Optimization
Phase 3.3 Area Swap Optimization | Checksum: 1818f1ee1

Time (s): cpu = 00:01:27 ; elapsed = 00:00:57 . Memory (MB): peak = 1434.609 ; gain = 0.000

Phase 3.4 Pipeline Register Optimization
Phase 3.4 Pipeline Register Optimization | Checksum: 246256735

Time (s): cpu = 00:01:27 ; elapsed = 00:00:57 . Memory (MB): peak = 1434.609 ; gain = 0.000

Phase 3.5 Timing Path Optimizer
Phase 3.5 Timing Path Optimizer | Checksum: 200564c2c

Time (s): cpu = 00:01:30 ; elapsed = 00:00:59 . Memory (MB): peak = 1434.609 ; gain = 0.000

Phase 3.6 Fast Optimization
Phase 3.6 Fast Optimization | Checksum: 200564c2c

Time (s): cpu = 00:01:30 ; elapsed = 00:00:59 . Memory (MB): peak = 1434.609 ; gain = 0.000

Phase 3.7 Small Shape Detail Placement
Phase 3.7 Small Shape Detail Placement | Checksum: 1d07319d5

Time (s): cpu = 00:01:42 ; elapsed = 00:01:13 . Memory (MB): peak = 1434.609 ; gain = 0.000

Phase 3.8 Re-assign LUT pins
Phase 3.8 Re-assign LUT pins | Checksum: 175e9d673

Time (s): cpu = 00:01:43 ; elapsed = 00:01:15 . Memory (MB): peak = 1434.609 ; gain = 0.000

Phase 3.9 Pipeline Register Optimization
Phase 3.9 Pipeline Register Optimization | Checksum: 1f256c0d8

Time (s): cpu = 00:01:44 ; elapsed = 00:01:15 . Memory (MB): peak = 1434.609 ; gain = 0.000

Phase 3.10 Fast Optimization
Phase 3.10 Fast Optimization | Checksum: 1f256c0d8

Time (s): cpu = 00:01:48 ; elapsed = 00:01:18 . Memory (MB): peak = 1434.609 ; gain = 0.000
Phase 3 Detail Placement | Checksum: 1f256c0d8

Time (s): cpu = 00:01:49 ; elapsed = 00:01:18 . Memory (MB): peak = 1434.609 ; gain = 0.000

Phase 4 Post Placement Optimization and Clean-Up

Phase 4.1 Post Commit Optimization
INFO: [Timing 38-35] Done setting XDC timing constraints.

Phase 4.1.1 Post Placement Optimization
INFO: [Place 30-746] Post Placement Timing Summary WNS=1.311. For the most accurate timing information please run report_timing.
Phase 4.1.1 Post Placement Optimization | Checksum: 25bf55f3c

Time (s): cpu = 00:02:00 ; elapsed = 00:01:26 . Memory (MB): peak = 1434.609 ; gain = 0.000
Phase 4.1 Post Commit Optimization | Checksum: 25bf55f3c

Time (s): cpu = 00:02:01 ; elapsed = 00:01:26 . Memory (MB): peak = 1434.609 ; gain = 0.000

Phase 4.2 Post Placement Cleanup
Phase 4.2 Post Placement Cleanup | Checksum: 25bf55f3c

Time (s): cpu = 00:02:01 ; elapsed = 00:01:26 . Memory (MB): peak = 1434.609 ; gain = 0.000

Phase 4.3 Placer Reporting
Phase 4.3 Placer Reporting | Checksum: 25bf55f3c

Time (s): cpu = 00:02:01 ; elapsed = 00:01:27 . Memory (MB): peak = 1434.609 ; gain = 0.000

Phase 4.4 Final Placement Cleanup
Phase 4.4 Final Placement Cleanup | Checksum: 1db30603a

Time (s): cpu = 00:02:02 ; elapsed = 00:01:27 . Memory (MB): peak = 1434.609 ; gain = 0.000
Phase 4 Post Placement Optimization and Clean-Up | Checksum: 1db30603a

Time (s): cpu = 00:02:02 ; elapsed = 00:01:27 . Memory (MB): peak = 1434.609 ; gain = 0.000
Ending Placer Task | Checksum: 12d4c0114

Time (s): cpu = 00:02:02 ; elapsed = 00:01:27 . Memory (MB): peak = 1434.609 ; gain = 0.000
INFO: [Common 17-83] Releasing license: Implementation
89 Infos, 26 Warnings, 0 Critical Warnings and 0 Errors encountered.
place_design completed successfully
place_design: Time (s): cpu = 00:02:10 ; elapsed = 00:01:32 . Memory (MB): peak = 1434.609 ; gain = 0.000
Writing placer database...
Writing XDEF routing.
Writing XDEF routing logical nets.
Writing XDEF routing special nets.
Write XDEF Complete: Time (s): cpu = 00:00:09 ; elapsed = 00:00:03 . Memory (MB): peak = 1434.609 ; gain = 0.000
INFO: [Common 17-1381] The checkpoint 'C:/Prj/xilinxPrj/MicroblazePrj/Prj4Interrupt/Prj/mb_interrupt/mb_interrupt.runs/impl_1/mb_interrupt_wrapper_placed.dcp' has been generated.
write_checkpoint: Time (s): cpu = 00:00:15 ; elapsed = 00:00:08 . Memory (MB): peak = 1434.609 ; gain = 0.000
report_io: Time (s): cpu = 00:00:00 ; elapsed = 00:00:00.093 . Memory (MB): peak = 1434.609 ; gain = 0.000
report_utilization: Time (s): cpu = 00:00:00 ; elapsed = 00:00:00.359 . Memory (MB): peak = 1434.609 ; gain = 0.000
report_control_sets: Time (s): cpu = 00:00:01 ; elapsed = 00:00:00.110 . Memory (MB): peak = 1434.609 ; gain = 0.000
Command: route_design
Attempting to get a license for feature 'Implementation' and/or device 'xc7a100t'
INFO: [Common 17-349] Got license for feature 'Implementation' and/or device 'xc7a100t'
Running DRC as a precondition to command route_design
INFO: [DRC 23-27] Running DRC with 2 threads
INFO: [Vivado_Tcl 4-198] DRC finished with 0 Errors
INFO: [Vivado_Tcl 4-199] Please refer to the DRC report (report_drc) for more information.


Starting Routing Task
INFO: [Route 35-254] Multithreading enabled for route_design using a maximum of 2 CPUs
Checksum: PlaceDB: e0505a89 ConstDB: 0 ShapeSum: 4cfba68b RouteDB: 0

Phase 1 Build RT Design
Phase 1 Build RT Design | Checksum: f0a405c9

Time (s): cpu = 00:00:57 ; elapsed = 00:00:46 . Memory (MB): peak = 1434.609 ; gain = 0.000

Phase 2 Router Initialization

Phase 2.1 Create Timer
Phase 2.1 Create Timer | Checksum: f0a405c9

Time (s): cpu = 00:00:58 ; elapsed = 00:00:47 . Memory (MB): peak = 1434.609 ; gain = 0.000

Phase 2.2 Fix Topology Constraints
Phase 2.2 Fix Topology Constraints | Checksum: f0a405c9

Time (s): cpu = 00:00:58 ; elapsed = 00:00:47 . Memory (MB): peak = 1434.609 ; gain = 0.000

Phase 2.3 Pre Route Cleanup
Phase 2.3 Pre Route Cleanup | Checksum: f0a405c9

Time (s): cpu = 00:00:59 ; elapsed = 00:00:47 . Memory (MB): peak = 1434.609 ; gain = 0.000
 Number of Nodes with overlaps = 0

Phase 2.4 Update Timing
Phase 2.4 Update Timing | Checksum: 1b4420cb6

Time (s): cpu = 00:01:14 ; elapsed = 00:00:57 . Memory (MB): peak = 1434.609 ; gain = 0.000
INFO: [Route 35-416] Intermediate Timing Summary | WNS=1.308  | TNS=0.000  | WHS=-0.303 | THS=-374.409|

Phase 2 Router Initialization | Checksum: 1fa62ed27

Time (s): cpu = 00:01:22 ; elapsed = 00:01:02 . Memory (MB): peak = 1434.609 ; gain = 0.000

Phase 3 Initial Routing
Phase 3 Initial Routing | Checksum: 1e72dde70

Time (s): cpu = 00:01:35 ; elapsed = 00:01:09 . Memory (MB): peak = 1434.609 ; gain = 0.000

Phase 4 Rip-up And Reroute

Phase 4.1 Global Iteration 0
 Number of Nodes with overlaps = 1597
 Number of Nodes with overlaps = 128
 Number of Nodes with overlaps = 6
 Number of Nodes with overlaps = 4
 Number of Nodes with overlaps = 0

Phase 4.1.1 Update Timing
Phase 4.1.1 Update Timing | Checksum: 10e986616

Time (s): cpu = 00:01:57 ; elapsed = 00:01:21 . Memory (MB): peak = 1434.609 ; gain = 0.000
INFO: [Route 35-416] Intermediate Timing Summary | WNS=1.308  | TNS=0.000  | WHS=N/A    | THS=N/A    |

Phase 4.1 Global Iteration 0 | Checksum: 23ea7582b

Time (s): cpu = 00:01:57 ; elapsed = 00:01:22 . Memory (MB): peak = 1434.609 ; gain = 0.000

Phase 4.2 Global Iteration 1
 Number of Nodes with overlaps = 13
 Number of Nodes with overlaps = 0

Phase 4.2.1 Update Timing
Phase 4.2.1 Update Timing | Checksum: 20a64cac5

Time (s): cpu = 00:01:59 ; elapsed = 00:01:23 . Memory (MB): peak = 1434.609 ; gain = 0.000
INFO: [Route 35-416] Intermediate Timing Summary | WNS=1.308  | TNS=0.000  | WHS=N/A    | THS=N/A    |

Phase 4.2 Global Iteration 1 | Checksum: 2279e4bf0

Time (s): cpu = 00:01:59 ; elapsed = 00:01:23 . Memory (MB): peak = 1434.609 ; gain = 0.000
Phase 4 Rip-up And Reroute | Checksum: 2279e4bf0

Time (s): cpu = 00:01:59 ; elapsed = 00:01:23 . Memory (MB): peak = 1434.609 ; gain = 0.000

Phase 5 Delay and Skew Optimization

Phase 5.1 Delay CleanUp
Phase 5.1 Delay CleanUp | Checksum: 2279e4bf0

Time (s): cpu = 00:01:59 ; elapsed = 00:01:23 . Memory (MB): peak = 1434.609 ; gain = 0.000

Phase 5.2 Clock Skew Optimization
Phase 5.2 Clock Skew Optimization | Checksum: 2279e4bf0

Time (s): cpu = 00:01:59 ; elapsed = 00:01:23 . Memory (MB): peak = 1434.609 ; gain = 0.000
Phase 5 Delay and Skew Optimization | Checksum: 2279e4bf0

Time (s): cpu = 00:01:59 ; elapsed = 00:01:23 . Memory (MB): peak = 1434.609 ; gain = 0.000

Phase 6 Post Hold Fix

Phase 6.1 Hold Fix Iter

Phase 6.1.1 Update Timing
Phase 6.1.1 Update Timing | Checksum: 1dcfdb33c

Time (s): cpu = 00:02:02 ; elapsed = 00:01:25 . Memory (MB): peak = 1434.609 ; gain = 0.000
INFO: [Route 35-416] Intermediate Timing Summary | WNS=1.308  | TNS=0.000  | WHS=0.018  | THS=0.000  |

Phase 6.1 Hold Fix Iter | Checksum: 1ef885331

Time (s): cpu = 00:02:02 ; elapsed = 00:01:25 . Memory (MB): peak = 1434.609 ; gain = 0.000
Phase 6 Post Hold Fix | Checksum: 1ef885331

Time (s): cpu = 00:02:03 ; elapsed = 00:01:25 . Memory (MB): peak = 1434.609 ; gain = 0.000

Phase 7 Route finalize

Router Utilization Summary
  Global Vertical Routing Utilization    = 2.8196 %
  Global Horizontal Routing Utilization  = 3.59264 %
  Routable Net Status*
  *Does not include unroutable nets such as driverless and loadless.
  Run report_route_status for detailed report.
  Number of Failed Nets               = 0
  Number of Unrouted Nets             = 0
  Number of Partially Routed Nets     = 0
  Number of Node Overlaps             = 0

Phase 7 Route finalize | Checksum: 1faa3f3e3

Time (s): cpu = 00:02:03 ; elapsed = 00:01:25 . Memory (MB): peak = 1434.609 ; gain = 0.000

Phase 8 Verifying routed nets

 Verification completed successfully
Phase 8 Verifying routed nets | Checksum: 1faa3f3e3

Time (s): cpu = 00:02:03 ; elapsed = 00:01:26 . Memory (MB): peak = 1434.609 ; gain = 0.000

Phase 9 Depositing Routes
Phase 9 Depositing Routes | Checksum: 192d57ce2

Time (s): cpu = 00:02:05 ; elapsed = 00:01:28 . Memory (MB): peak = 1434.609 ; gain = 0.000

Phase 10 Post Router Timing
INFO: [Route 35-57] Estimated Timing Summary | WNS=1.308  | TNS=0.000  | WHS=0.018  | THS=0.000  |

INFO: [Route 35-327] The final timing numbers are based on the router estimated timing analysis. For a complete and accurate timing signoff, please run report_timing_summary.
Phase 10 Post Router Timing | Checksum: 192d57ce2

Time (s): cpu = 00:02:06 ; elapsed = 00:01:28 . Memory (MB): peak = 1434.609 ; gain = 0.000
INFO: [Route 35-16] Router Completed Successfully

Time (s): cpu = 00:02:08 ; elapsed = 00:01:29 . Memory (MB): peak = 1434.609 ; gain = 0.000

Routing Is Done.
INFO: [Common 17-83] Releasing license: Implementation
103 Infos, 26 Warnings, 0 Critical Warnings and 0 Errors encountered.
route_design completed successfully
route_design: Time (s): cpu = 00:02:15 ; elapsed = 00:01:33 . Memory (MB): peak = 1434.609 ; gain = 0.000
Writing placer database...
Writing XDEF routing.
Writing XDEF routing logical nets.
Writing XDEF routing special nets.
Write XDEF Complete: Time (s): cpu = 00:00:11 ; elapsed = 00:00:04 . Memory (MB): peak = 1434.609 ; gain = 0.000
INFO: [Common 17-1381] The checkpoint 'C:/Prj/xilinxPrj/MicroblazePrj/Prj4Interrupt/Prj/mb_interrupt/mb_interrupt.runs/impl_1/mb_interrupt_wrapper_routed.dcp' has been generated.
write_checkpoint: Time (s): cpu = 00:00:16 ; elapsed = 00:00:08 . Memory (MB): peak = 1434.609 ; gain = 0.000
INFO: [DRC 23-27] Running DRC with 2 threads
INFO: [Coretcl 2-168] The results of DRC are in file C:/Prj/xilinxPrj/MicroblazePrj/Prj4Interrupt/Prj/mb_interrupt/mb_interrupt.runs/impl_1/mb_interrupt_wrapper_drc_routed.rpt.
report_drc: Time (s): cpu = 00:00:15 ; elapsed = 00:00:08 . Memory (MB): peak = 1434.609 ; gain = 0.000
INFO: [Timing 38-35] Done setting XDC timing constraints.
INFO: [DRC 23-133] Running Methodology with 2 threads
INFO: [Coretcl 2-1520] The results of Report Methodology are in file C:/Prj/xilinxPrj/MicroblazePrj/Prj4Interrupt/Prj/mb_interrupt/mb_interrupt.runs/impl_1/mb_interrupt_wrapper_methodology_drc_routed.rpt.
report_methodology: Time (s): cpu = 00:00:21 ; elapsed = 00:00:13 . Memory (MB): peak = 1474.063 ; gain = 39.453
INFO: [Timing 38-35] Done setting XDC timing constraints.
INFO: [Timing 38-91] UpdateTimingParams: Speed grade: -1, Delay Type: min_max.
INFO: [Timing 38-191] Multithreading enabled for timing update using a maximum of 2 CPUs
INFO: [Timing 38-35] Done setting XDC timing constraints.
report_timing_summary: Time (s): cpu = 00:00:08 ; elapsed = 00:00:06 . Memory (MB): peak = 1483.012 ; gain = 8.949
Command: report_power -file mb_interrupt_wrapper_power_routed.rpt -pb mb_interrupt_wrapper_power_summary_routed.pb -rpx mb_interrupt_wrapper_power_routed.rpx
Running Vector-less Activity Propagation...

Finished Running Vector-less Activity Propagation
WARNING: [Power 33-332] Found switching activity that implies high-fanout reset nets being asserted for excessive periods of time which may result in inaccurate power analysis.
Resolution: To review and fix problems, please run Power Constraints Advisor in the GUI from Tools > Power Constraints Advisor or run report_power with the -advisory option to generate a text report.
113 Infos, 27 Warnings, 0 Critical Warnings and 0 Errors encountered.
report_power completed successfully
report_power: Time (s): cpu = 00:00:13 ; elapsed = 00:00:07 . Memory (MB): peak = 1546.426 ; gain = 63.414
Command: write_bitstream -force -no_partial_bitfile mb_interrupt_wrapper.bit
Attempting to get a license for feature 'Implementation' and/or device 'xc7a100t'
INFO: [Common 17-349] Got license for feature 'Implementation' and/or device 'xc7a100t'
Running DRC as a precondition to command write_bitstream
INFO: [DRC 23-27] Running DRC with 2 threads
WARNING: [DRC 23-20] Rule violation (CFGBVS-1) Missing CFGBVS and CONFIG_VOLTAGE Design Properties - Neither the CFGBVS nor CONFIG_VOLTAGE voltage property is set in the current_design.  Configuration bank voltage select (CFGBVS) must be set to VCCO or GND, and CONFIG_VOLTAGE must be set to the correct configuration voltage, in order to determine the I/O voltage support for the pins in bank 0.  It is suggested to specify these either using the 'Edit Device Properties' function in the GUI or directly in the XDC file using the following syntax:

 set_property CFGBVS value1 [current_design]
 #where value1 is either VCCO or GND

 set_property CONFIG_VOLTAGE value2 [current_design]
 #where value2 is the voltage provided to configuration bank 0

Refer to the device configuration user guide for more information.
WARNING: [DRC 23-20] Rule violation (REQP-1709) Clock output buffering - PLLE2_ADV connectivity violation. The signal mb_interrupt_i/mig_7series_0/u_mb_interrupt_mig_7series_0_1_mig/u_ddr2_infrastructure/pll_clk3_out on the mb_interrupt_i/mig_7series_0/u_mb_interrupt_mig_7series_0_1_mig/u_ddr2_infrastructure/plle2_i/CLKOUT3 pin of mb_interrupt_i/mig_7series_0/u_mb_interrupt_mig_7series_0_1_mig/u_ddr2_infrastructure/plle2_i does not drive the same kind of BUFFER load as the other CLKOUT pins. Routing from the different buffer types will not be phase aligned.
WARNING: [DRC 23-20] Rule violation (RTSTAT-10) No routable loads - 21 net(s) have no routable loads. The problem bus(es) and/or net(s) are mb_interrupt_i/axi_mem_intercon/m00_couplers/auto_cc/inst/gen_clock_conv.gen_async_conv.asyncfifo_axi/inst_fifo_gen/gaxi_full_lite.gread_ch.grach2.axi_rach/grf.rf/gntv_or_sync_fifo.gl0.rd/gr1.gr1_int.rfwft/aempty_fwft_i, mb_interrupt_i/axi_mem_intercon/m00_couplers/auto_cc/inst/gen_clock_conv.gen_async_conv.asyncfifo_axi/inst_fifo_gen/gaxi_full_lite.gread_ch.grdch2.axi_rdch/grf.rf/gntv_or_sync_fifo.gl0.rd/gr1.gr1_int.rfwft/aempty_fwft_i, mb_interrupt_i/axi_mem_intercon/m00_couplers/auto_cc/inst/gen_clock_conv.gen_async_conv.asyncfifo_axi/inst_fifo_gen/gaxi_full_lite.gwrite_ch.gwach2.axi_wach/grf.rf/gntv_or_sync_fifo.gl0.rd/gr1.gr1_int.rfwft/aempty_fwft_i, mb_interrupt_i/axi_mem_intercon/m00_couplers/auto_cc/inst/gen_clock_conv.gen_async_conv.asyncfifo_axi/inst_fifo_gen/gaxi_full_lite.gwrite_ch.gwdch2.axi_wdch/grf.rf/gntv_or_sync_fifo.gl0.rd/gr1.gr1_int.rfwft/aempty_fwft_i, mb_interrupt_i/axi_mem_intercon/m00_couplers/auto_cc/inst/gen_clock_conv.gen_async_conv.asyncfifo_axi/inst_fifo_gen/gaxi_full_lite.gwrite_ch.gwrch2.axi_wrch/grf.rf/gntv_or_sync_fifo.gl0.rd/gr1.gr1_int.rfwft/aempty_fwft_i, mb_interrupt_i/axi_mem_intercon/m00_couplers/auto_cc/inst/gen_clock_conv.gen_async_conv.asyncfifo_axi/inst_fifo_gen/gaxi_full_lite.gread_ch.grach2.axi_rach/grf.rf/gntv_or_sync_fifo.gl0.rd/gras.rsts/ram_empty_i, mb_interrupt_i/axi_mem_intercon/m00_couplers/auto_cc/inst/gen_clock_conv.gen_async_conv.asyncfifo_axi/inst_fifo_gen/gaxi_full_lite.gread_ch.grdch2.axi_rdch/grf.rf/gntv_or_sync_fifo.gl0.rd/gras.rsts/ram_empty_i, mb_interrupt_i/axi_mem_intercon/m00_couplers/auto_cc/inst/gen_clock_conv.gen_async_conv.asyncfifo_axi/inst_fifo_gen/gaxi_full_lite.gwrite_ch.gwach2.axi_wach/grf.rf/gntv_or_sync_fifo.gl0.rd/gras.rsts/ram_empty_i, mb_interrupt_i/axi_mem_intercon/m00_couplers/auto_cc/inst/gen_clock_conv.gen_async_conv.asyncfifo_axi/inst_fifo_gen/gaxi_full_lite.gwrite_ch.gwdch2.axi_wdch/grf.rf/gntv_or_sync_fifo.gl0.rd/gras.rsts/ram_empty_i, mb_interrupt_i/axi_mem_intercon/m00_couplers/auto_cc/inst/gen_clock_conv.gen_async_conv.asyncfifo_axi/inst_fifo_gen/gaxi_full_lite.gwrite_ch.gwrch2.axi_wrch/grf.rf/gntv_or_sync_fifo.gl0.rd/gras.rsts/ram_empty_i, mb_interrupt_i/axi_mem_intercon/m00_couplers/auto_cc/inst/gen_clock_conv.gen_async_conv.asyncfifo_axi/inst_fifo_gen/gaxi_full_lite.gwrite_ch.gwrch2.axi_wrch/grf.rf/rstblk/rd_rst_reg[0], mb_interrupt_i/axi_mem_intercon/m00_couplers/auto_cc/inst/gen_clock_conv.gen_async_conv.asyncfifo_axi/inst_fifo_gen/gaxi_full_lite.gread_ch.grach2.axi_rach/grf.rf/gntv_or_sync_fifo.gl0.rd/gr1.gr1_int.rfwft/user_valid, mb_interrupt_i/axi_mem_intercon/m00_couplers/auto_cc/inst/gen_clock_conv.gen_async_conv.asyncfifo_axi/inst_fifo_gen/gaxi_full_lite.gread_ch.grdch2.axi_rdch/grf.rf/gntv_or_sync_fifo.gl0.rd/gr1.gr1_int.rfwft/user_valid, mb_interrupt_i/axi_mem_intercon/m00_couplers/auto_cc/inst/gen_clock_conv.gen_async_conv.asyncfifo_axi/inst_fifo_gen/gaxi_full_lite.gwrite_ch.gwach2.axi_wach/grf.rf/gntv_or_sync_fifo.gl0.rd/gr1.gr1_int.rfwft/user_valid, mb_interrupt_i/axi_mem_intercon/m00_couplers/auto_cc/inst/gen_clock_conv.gen_async_conv.asyncfifo_axi/inst_fifo_gen/gaxi_full_lite.gwrite_ch.gwdch2.axi_wdch/grf.rf/gntv_or_sync_fifo.gl0.rd/gr1.gr1_int.rfwft/user_valid (the first 15 of 21 listed).
INFO: [Vivado 12-3199] DRC finished with 0 Errors, 3 Warnings
INFO: [Vivado 12-3200] Please refer to the DRC report (report_drc) for more information.
Generating merged BMM file for the design top 'mb_interrupt_wrapper'...
INFO: [Memdata 28-144] Successfully populated the BRAM INIT strings from the following elf files: c:/Prj/xilinxPrj/MicroblazePrj/Prj4Interrupt/Prj/mb_interrupt/mb_interrupt.srcs/sources_1/bd/mb_interrupt/ip/mb_interrupt_microblaze_0_1/data/mb_bootloop_le.elf 
Loading data files...
Loading site data...
Loading route data...
Processing options...
Creating bitmap...
Creating bitstream...
Writing bitstream ./mb_interrupt_wrapper.bit...
INFO: [Vivado 12-1842] Bitgen Completed Successfully.
INFO: [Project 1-120] WebTalk data collection is mandatory when using a WebPACK part without a full Vivado license. To see the specific WebTalk data collected for your design, open the usage_statistics_webtalk.html or usage_statistics_webtalk.xml file in the implementation directory.
INFO: [Common 17-83] Releasing license: Implementation
121 Infos, 30 Warnings, 0 Critical Warnings and 0 Errors encountered.
write_bitstream completed successfully
write_bitstream: Time (s): cpu = 00:00:47 ; elapsed = 00:00:48 . Memory (MB): peak = 1940.270 ; gain = 393.844
INFO: [Common 17-206] Exiting Vivado at Mon Aug 13 20:27:32 2018...
