
*** Running vivado
    with args -log mb_sys_gpio_ilmb_bram_if_cntlr_0.vds -m64 -product Vivado -mode batch -messageDb vivado.pb -notrace -source mb_sys_gpio_ilmb_bram_if_cntlr_0.tcl


****** Vivado v2016.4 (64-bit)
  **** SW Build 1733598 on Wed Dec 14 22:35:39 MST 2016
  **** IP Build 1731160 on Wed Dec 14 23:47:21 MST 2016
    ** Copyright 1986-2016 Xilinx, Inc. All Rights Reserved.

source mb_sys_gpio_ilmb_bram_if_cntlr_0.tcl -notrace
Starting RTL Elaboration : Time (s): cpu = 00:00:09 ; elapsed = 00:00:12 . Memory (MB): peak = 296.145 ; gain = 84.875
INFO: [Synth 8-638] synthesizing module 'mb_sys_gpio_ilmb_bram_if_cntlr_0' [c:/Prj/xilinxPrj/MicroblazePrj/Prj2AXIGpio/Prj/MBAXIGpio/MB_AXIGpio/MB_AXIGpio.srcs/sources_1/bd/mb_sys_gpio/ip/mb_sys_gpio_ilmb_bram_if_cntlr_0/synth/mb_sys_gpio_ilmb_bram_if_cntlr_0.vhd:84]
INFO: [Synth 8-638] synthesizing module 'lmb_bram_if_cntlr' [c:/Prj/xilinxPrj/MicroblazePrj/Prj2AXIGpio/Prj/MBAXIGpio/MB_AXIGpio/MB_AXIGpio.srcs/sources_1/bd/mb_sys_gpio/ipshared/f4d9/hdl/lmb_bram_if_cntlr_v4_0_vh_rfs.vhd:3106]
INFO: [Synth 8-638] synthesizing module 'lmb_mux' [c:/Prj/xilinxPrj/MicroblazePrj/Prj2AXIGpio/Prj/MBAXIGpio/MB_AXIGpio/MB_AXIGpio.srcs/sources_1/bd/mb_sys_gpio/ipshared/f4d9/hdl/lmb_bram_if_cntlr_v4_0_vh_rfs.vhd:2601]
INFO: [Synth 8-638] synthesizing module 'pselect_mask' [c:/Prj/xilinxPrj/MicroblazePrj/Prj2AXIGpio/Prj/MBAXIGpio/MB_AXIGpio/MB_AXIGpio.srcs/sources_1/bd/mb_sys_gpio/ipshared/f4d9/hdl/lmb_bram_if_cntlr_v4_0_vh_rfs.vhd:2121]
INFO: [Synth 8-256] done synthesizing module 'pselect_mask' (1#1) [c:/Prj/xilinxPrj/MicroblazePrj/Prj2AXIGpio/Prj/MBAXIGpio/MB_AXIGpio/MB_AXIGpio.srcs/sources_1/bd/mb_sys_gpio/ipshared/f4d9/hdl/lmb_bram_if_cntlr_v4_0_vh_rfs.vhd:2121]
INFO: [Synth 8-256] done synthesizing module 'lmb_mux' (2#1) [c:/Prj/xilinxPrj/MicroblazePrj/Prj2AXIGpio/Prj/MBAXIGpio/MB_AXIGpio/MB_AXIGpio.srcs/sources_1/bd/mb_sys_gpio/ipshared/f4d9/hdl/lmb_bram_if_cntlr_v4_0_vh_rfs.vhd:2601]
INFO: [Synth 8-256] done synthesizing module 'lmb_bram_if_cntlr' (3#1) [c:/Prj/xilinxPrj/MicroblazePrj/Prj2AXIGpio/Prj/MBAXIGpio/MB_AXIGpio/MB_AXIGpio.srcs/sources_1/bd/mb_sys_gpio/ipshared/f4d9/hdl/lmb_bram_if_cntlr_v4_0_vh_rfs.vhd:3106]
INFO: [Synth 8-256] done synthesizing module 'mb_sys_gpio_ilmb_bram_if_cntlr_0' (4#1) [c:/Prj/xilinxPrj/MicroblazePrj/Prj2AXIGpio/Prj/MBAXIGpio/MB_AXIGpio/MB_AXIGpio.srcs/sources_1/bd/mb_sys_gpio/ip/mb_sys_gpio_ilmb_bram_if_cntlr_0/synth/mb_sys_gpio_ilmb_bram_if_cntlr_0.vhd:84]
Finished RTL Elaboration : Time (s): cpu = 00:00:10 ; elapsed = 00:00:13 . Memory (MB): peak = 335.602 ; gain = 124.332
Finished RTL Optimization Phase 1 : Time (s): cpu = 00:00:10 ; elapsed = 00:00:14 . Memory (MB): peak = 335.602 ; gain = 124.332
INFO: [Device 21-403] Loading part xc7a100tcsg324-1
Constraint Validation Runtime : Time (s): cpu = 00:00:00 ; elapsed = 00:00:00.032 . Memory (MB): peak = 621.133 ; gain = 0.000
Finished Constraint Validation : Time (s): cpu = 00:00:26 ; elapsed = 00:00:30 . Memory (MB): peak = 621.133 ; gain = 409.863
Finished Loading Part and Timing Information : Time (s): cpu = 00:00:26 ; elapsed = 00:00:30 . Memory (MB): peak = 621.133 ; gain = 409.863
Finished applying 'set_property' XDC Constraints : Time (s): cpu = 00:00:26 ; elapsed = 00:00:30 . Memory (MB): peak = 621.133 ; gain = 409.863
Finished RTL Optimization Phase 2 : Time (s): cpu = 00:00:26 ; elapsed = 00:00:30 . Memory (MB): peak = 621.133 ; gain = 409.863
Finished Cross Boundary and Area Optimization : Time (s): cpu = 00:00:27 ; elapsed = 00:00:31 . Memory (MB): peak = 621.133 ; gain = 409.863
Finished Applying XDC Timing Constraints : Time (s): cpu = 00:00:43 ; elapsed = 00:00:48 . Memory (MB): peak = 621.133 ; gain = 409.863
Finished Timing Optimization : Time (s): cpu = 00:00:43 ; elapsed = 00:00:48 . Memory (MB): peak = 621.133 ; gain = 409.863
Finished Technology Mapping : Time (s): cpu = 00:00:43 ; elapsed = 00:00:48 . Memory (MB): peak = 621.133 ; gain = 409.863
Finished IO Insertion : Time (s): cpu = 00:00:44 ; elapsed = 00:00:49 . Memory (MB): peak = 621.133 ; gain = 409.863
Finished Renaming Generated Instances : Time (s): cpu = 00:00:44 ; elapsed = 00:00:49 . Memory (MB): peak = 621.133 ; gain = 409.863
Finished Rebuilding User Hierarchy : Time (s): cpu = 00:00:44 ; elapsed = 00:00:49 . Memory (MB): peak = 621.133 ; gain = 409.863
Finished Renaming Generated Ports : Time (s): cpu = 00:00:44 ; elapsed = 00:00:49 . Memory (MB): peak = 621.133 ; gain = 409.863
Finished Handling Custom Attributes : Time (s): cpu = 00:00:44 ; elapsed = 00:00:49 . Memory (MB): peak = 621.133 ; gain = 409.863
Finished Renaming Generated Nets : Time (s): cpu = 00:00:44 ; elapsed = 00:00:49 . Memory (MB): peak = 621.133 ; gain = 409.863

Report Cell Usage: 
+------+-----+------+
|      |Cell |Count |
+------+-----+------+
|1     |LUT1 |     1|
|2     |LUT2 |     6|
|3     |FDRE |     2|
+------+-----+------+
Finished Writing Synthesis Report : Time (s): cpu = 00:00:44 ; elapsed = 00:00:49 . Memory (MB): peak = 621.133 ; gain = 409.863
synth_design: Time (s): cpu = 00:00:44 ; elapsed = 00:00:46 . Memory (MB): peak = 633.875 ; gain = 416.570
