11:46:12 INFO  : Registering command handlers for SDK TCF services
11:46:12 INFO  : Launching XSCT server: xsct.bat -interactive C:\Prj\xilinxPrj\MicroblazePrj\Prj2AXIGpio\Prj\MBAXIGpio\Mb_GpioRead\Mb_GpioRead.sdk\temp_xsdb_launch_script.tcl
11:46:14 INFO  : XSCT server has started successfully.
11:46:14 INFO  : Successfully done setting XSCT server connection channel  
11:46:14 INFO  : Successfully done setting SDK workspace  
11:46:14 INFO  : Processing command line option -hwspec C:/Prj/xilinxPrj/MicroblazePrj/Prj2AXIGpio/Prj/MBAXIGpio/Mb_GpioRead/Mb_GpioRead.sdk/Mb_GpioRead_wrapper.hdf.
11:49:43 INFO  : Connected to target on host '127.0.0.1' and port '3121'.
11:49:43 INFO  : 'targets -set -filter {jtag_cable_name =~ "Digilent Nexys4DDR 210292645550A" && level==0} -index 0' command is executed.
11:49:45 INFO  : FPGA configured successfully with bitstream "C:/Prj/xilinxPrj/MicroblazePrj/Prj2AXIGpio/Prj/MBAXIGpio/Mb_GpioRead/Mb_GpioRead.sdk/Mb_GpioRead_wrapper_hw_platform_0/download.bit"
11:50:57 INFO  : 'targets -set -filter {jtag_cable_name =~ "Digilent Nexys4DDR 210292645550A" && level==0} -index 0' command is executed.
11:50:57 INFO  : 'fpga -state' command is executed.
11:50:57 INFO  : Connected to target on host '127.0.0.1' and port '3121'.
11:50:58 INFO  : Jtag cable 'Digilent Nexys4DDR 210292645550A' is selected.
11:50:58 INFO  : 'jtag frequency' command is executed.
11:50:58 INFO  : Context for processor 'microblaze_0' is selected.
11:50:58 INFO  : Hardware design information is loaded from 'C:/Prj/xilinxPrj/MicroblazePrj/Prj2AXIGpio/Prj/MBAXIGpio/Mb_GpioRead/Mb_GpioRead.sdk/Mb_GpioRead_wrapper_hw_platform_0/system.hdf'.
11:50:58 INFO  : Context for processor 'microblaze_0' is selected.
11:50:58 INFO  : Processor reset is completed for 'microblaze_0'.
11:50:58 INFO  : Context for processor 'microblaze_0' is selected.
11:50:58 INFO  : The application 'C:/Prj/xilinxPrj/MicroblazePrj/Prj2AXIGpio/Prj/MBAXIGpio/Mb_GpioRead/Mb_GpioRead.sdk/gpioRead/Debug/gpioRead.elf' is downloaded to processor 'microblaze_0'.
11:50:58 INFO  : ----------------XSDB Script----------------
connect -url tcp:127.0.0.1:3121
targets -set -nocase -filter {name =~ "microblaze*#0" && bscan=="USER2"  && jtag_cable_name =~ "Digilent Nexys4DDR 210292645550A"} -index 0
loadhw C:/Prj/xilinxPrj/MicroblazePrj/Prj2AXIGpio/Prj/MBAXIGpio/Mb_GpioRead/Mb_GpioRead.sdk/Mb_GpioRead_wrapper_hw_platform_0/system.hdf
targets -set -nocase -filter {name =~ "microblaze*#0" && bscan=="USER2"  && jtag_cable_name =~ "Digilent Nexys4DDR 210292645550A"} -index 0
rst -processor
targets -set -nocase -filter {name =~ "microblaze*#0" && bscan=="USER2"  && jtag_cable_name =~ "Digilent Nexys4DDR 210292645550A"} -index 0
dow C:/Prj/xilinxPrj/MicroblazePrj/Prj2AXIGpio/Prj/MBAXIGpio/Mb_GpioRead/Mb_GpioRead.sdk/gpioRead/Debug/gpioRead.elf
----------------End of Script----------------

11:50:58 INFO  : Memory regions updated for context MicroBlaze #0
11:50:58 INFO  : Memory regions updated for context MicroBlaze Debug Module at USER2
11:50:58 INFO  : Context for processor 'microblaze_0' is selected.
11:50:58 INFO  : 'con' command is executed.
11:50:58 INFO  : ----------------XSDB Script (After Launch)----------------
targets -set -nocase -filter {name =~ "microblaze*#0" && bscan=="USER2"  && jtag_cable_name =~ "Digilent Nexys4DDR 210292645550A"} -index 0
con
----------------End of Script----------------

11:50:58 INFO  : Launch script is exported to file 'C:\Prj\xilinxPrj\MicroblazePrj\Prj2AXIGpio\Prj\MBAXIGpio\Mb_GpioRead\Mb_GpioRead.sdk\.sdk\launch_scripts\xilinx_c-c++_application_(system_debugger)\system_debugger_using_debug_gpioread.elf_on_local.tcl'
11:51:36 INFO  : Disconnected from the channel tcfchan#1.
11:51:37 INFO  : 'targets -set -filter {jtag_cable_name =~ "Digilent Nexys4DDR 210292645550A" && level==0} -index 0' command is executed.
11:51:37 INFO  : 'fpga -state' command is executed.
11:51:37 INFO  : Connected to target on host '127.0.0.1' and port '3121'.
11:51:37 INFO  : Jtag cable 'Digilent Nexys4DDR 210292645550A' is selected.
11:51:37 INFO  : 'jtag frequency' command is executed.
11:51:37 INFO  : Context for processor 'microblaze_0' is selected.
11:51:37 INFO  : Hardware design information is loaded from 'C:/Prj/xilinxPrj/MicroblazePrj/Prj2AXIGpio/Prj/MBAXIGpio/Mb_GpioRead/Mb_GpioRead.sdk/Mb_GpioRead_wrapper_hw_platform_0/system.hdf'.
11:51:38 INFO  : Context for processor 'microblaze_0' is selected.
11:51:38 INFO  : Processor reset is completed for 'microblaze_0'.
11:51:38 INFO  : Context for processor 'microblaze_0' is selected.
11:51:38 INFO  : The application 'C:/Prj/xilinxPrj/MicroblazePrj/Prj2AXIGpio/Prj/MBAXIGpio/Mb_GpioRead/Mb_GpioRead.sdk/gpioRead/Debug/gpioRead.elf' is downloaded to processor 'microblaze_0'.
11:51:38 INFO  : ----------------XSDB Script----------------
connect -url tcp:127.0.0.1:3121
targets -set -nocase -filter {name =~ "microblaze*#0" && bscan=="USER2"  && jtag_cable_name =~ "Digilent Nexys4DDR 210292645550A"} -index 0
loadhw C:/Prj/xilinxPrj/MicroblazePrj/Prj2AXIGpio/Prj/MBAXIGpio/Mb_GpioRead/Mb_GpioRead.sdk/Mb_GpioRead_wrapper_hw_platform_0/system.hdf
targets -set -nocase -filter {name =~ "microblaze*#0" && bscan=="USER2"  && jtag_cable_name =~ "Digilent Nexys4DDR 210292645550A"} -index 0
rst -processor
targets -set -nocase -filter {name =~ "microblaze*#0" && bscan=="USER2"  && jtag_cable_name =~ "Digilent Nexys4DDR 210292645550A"} -index 0
dow C:/Prj/xilinxPrj/MicroblazePrj/Prj2AXIGpio/Prj/MBAXIGpio/Mb_GpioRead/Mb_GpioRead.sdk/gpioRead/Debug/gpioRead.elf
----------------End of Script----------------

11:51:38 INFO  : Memory regions updated for context MicroBlaze #0
11:51:38 INFO  : Memory regions updated for context MicroBlaze Debug Module at USER2
11:51:38 INFO  : Context for processor 'microblaze_0' is selected.
11:51:38 INFO  : 'con' command is executed.
11:51:38 INFO  : ----------------XSDB Script (After Launch)----------------
targets -set -nocase -filter {name =~ "microblaze*#0" && bscan=="USER2"  && jtag_cable_name =~ "Digilent Nexys4DDR 210292645550A"} -index 0
con
----------------End of Script----------------

11:51:38 INFO  : Launch script is exported to file 'C:\Prj\xilinxPrj\MicroblazePrj\Prj2AXIGpio\Prj\MBAXIGpio\Mb_GpioRead\Mb_GpioRead.sdk\.sdk\launch_scripts\xilinx_c-c++_application_(system_debugger)\system_debugger_using_debug_gpioread.elf_on_local.tcl'
11:52:11 INFO  : Disconnected from the channel tcfchan#2.
11:52:12 INFO  : 'targets -set -filter {jtag_cable_name =~ "Digilent Nexys4DDR 210292645550A" && level==0} -index 0' command is executed.
11:52:12 INFO  : 'fpga -state' command is executed.
11:52:12 INFO  : Connected to target on host '127.0.0.1' and port '3121'.
11:52:13 INFO  : Jtag cable 'Digilent Nexys4DDR 210292645550A' is selected.
11:52:13 INFO  : 'jtag frequency' command is executed.
11:52:13 INFO  : Context for processor 'microblaze_0' is selected.
11:52:13 INFO  : Hardware design information is loaded from 'C:/Prj/xilinxPrj/MicroblazePrj/Prj2AXIGpio/Prj/MBAXIGpio/Mb_GpioRead/Mb_GpioRead.sdk/Mb_GpioRead_wrapper_hw_platform_0/system.hdf'.
11:52:13 INFO  : Context for processor 'microblaze_0' is selected.
11:52:13 INFO  : Processor reset is completed for 'microblaze_0'.
11:52:13 INFO  : Context for processor 'microblaze_0' is selected.
11:52:13 INFO  : The application 'C:/Prj/xilinxPrj/MicroblazePrj/Prj2AXIGpio/Prj/MBAXIGpio/Mb_GpioRead/Mb_GpioRead.sdk/gpioRead/Debug/gpioRead.elf' is downloaded to processor 'microblaze_0'.
11:52:13 INFO  : ----------------XSDB Script----------------
connect -url tcp:127.0.0.1:3121
targets -set -nocase -filter {name =~ "microblaze*#0" && bscan=="USER2"  && jtag_cable_name =~ "Digilent Nexys4DDR 210292645550A"} -index 0
loadhw C:/Prj/xilinxPrj/MicroblazePrj/Prj2AXIGpio/Prj/MBAXIGpio/Mb_GpioRead/Mb_GpioRead.sdk/Mb_GpioRead_wrapper_hw_platform_0/system.hdf
targets -set -nocase -filter {name =~ "microblaze*#0" && bscan=="USER2"  && jtag_cable_name =~ "Digilent Nexys4DDR 210292645550A"} -index 0
rst -processor
targets -set -nocase -filter {name =~ "microblaze*#0" && bscan=="USER2"  && jtag_cable_name =~ "Digilent Nexys4DDR 210292645550A"} -index 0
dow C:/Prj/xilinxPrj/MicroblazePrj/Prj2AXIGpio/Prj/MBAXIGpio/Mb_GpioRead/Mb_GpioRead.sdk/gpioRead/Debug/gpioRead.elf
----------------End of Script----------------

11:52:13 INFO  : Memory regions updated for context MicroBlaze #0
11:52:13 INFO  : Memory regions updated for context MicroBlaze Debug Module at USER2
11:52:13 INFO  : Context for processor 'microblaze_0' is selected.
11:52:13 INFO  : 'con' command is executed.
11:52:13 INFO  : ----------------XSDB Script (After Launch)----------------
targets -set -nocase -filter {name =~ "microblaze*#0" && bscan=="USER2"  && jtag_cable_name =~ "Digilent Nexys4DDR 210292645550A"} -index 0
con
----------------End of Script----------------

11:52:13 INFO  : Launch script is exported to file 'C:\Prj\xilinxPrj\MicroblazePrj\Prj2AXIGpio\Prj\MBAXIGpio\Mb_GpioRead\Mb_GpioRead.sdk\.sdk\launch_scripts\xilinx_c-c++_application_(system_debugger)\system_debugger_using_debug_gpioread.elf_on_local.tcl'
11:53:38 INFO  : Disconnected from the channel tcfchan#3.
11:53:39 INFO  : 'targets -set -filter {jtag_cable_name =~ "Digilent Nexys4DDR 210292645550A" && level==0} -index 0' command is executed.
11:53:39 INFO  : 'fpga -state' command is executed.
11:53:39 INFO  : Connected to target on host '127.0.0.1' and port '3121'.
11:53:39 INFO  : Jtag cable 'Digilent Nexys4DDR 210292645550A' is selected.
11:53:39 INFO  : 'jtag frequency' command is executed.
11:53:39 INFO  : Context for processor 'microblaze_0' is selected.
11:53:39 INFO  : Hardware design information is loaded from 'C:/Prj/xilinxPrj/MicroblazePrj/Prj2AXIGpio/Prj/MBAXIGpio/Mb_GpioRead/Mb_GpioRead.sdk/Mb_GpioRead_wrapper_hw_platform_0/system.hdf'.
11:53:39 INFO  : Context for processor 'microblaze_0' is selected.
11:53:39 INFO  : Processor reset is completed for 'microblaze_0'.
11:53:39 INFO  : Context for processor 'microblaze_0' is selected.
11:53:40 INFO  : The application 'C:/Prj/xilinxPrj/MicroblazePrj/Prj2AXIGpio/Prj/MBAXIGpio/Mb_GpioRead/Mb_GpioRead.sdk/gpioRead/Debug/gpioRead.elf' is downloaded to processor 'microblaze_0'.
11:53:40 INFO  : ----------------XSDB Script----------------
connect -url tcp:127.0.0.1:3121
targets -set -nocase -filter {name =~ "microblaze*#0" && bscan=="USER2"  && jtag_cable_name =~ "Digilent Nexys4DDR 210292645550A"} -index 0
loadhw C:/Prj/xilinxPrj/MicroblazePrj/Prj2AXIGpio/Prj/MBAXIGpio/Mb_GpioRead/Mb_GpioRead.sdk/Mb_GpioRead_wrapper_hw_platform_0/system.hdf
targets -set -nocase -filter {name =~ "microblaze*#0" && bscan=="USER2"  && jtag_cable_name =~ "Digilent Nexys4DDR 210292645550A"} -index 0
rst -processor
targets -set -nocase -filter {name =~ "microblaze*#0" && bscan=="USER2"  && jtag_cable_name =~ "Digilent Nexys4DDR 210292645550A"} -index 0
dow C:/Prj/xilinxPrj/MicroblazePrj/Prj2AXIGpio/Prj/MBAXIGpio/Mb_GpioRead/Mb_GpioRead.sdk/gpioRead/Debug/gpioRead.elf
----------------End of Script----------------

11:53:40 INFO  : Memory regions updated for context MicroBlaze #0
11:53:40 INFO  : Memory regions updated for context MicroBlaze Debug Module at USER2
11:53:40 INFO  : Context for processor 'microblaze_0' is selected.
11:53:40 INFO  : 'con' command is executed.
11:53:40 INFO  : ----------------XSDB Script (After Launch)----------------
targets -set -nocase -filter {name =~ "microblaze*#0" && bscan=="USER2"  && jtag_cable_name =~ "Digilent Nexys4DDR 210292645550A"} -index 0
con
----------------End of Script----------------

11:53:40 INFO  : Launch script is exported to file 'C:\Prj\xilinxPrj\MicroblazePrj\Prj2AXIGpio\Prj\MBAXIGpio\Mb_GpioRead\Mb_GpioRead.sdk\.sdk\launch_scripts\xilinx_c-c++_application_(system_debugger)\system_debugger_using_debug_gpioread.elf_on_local.tcl'
11:54:09 INFO  : 'targets -set -filter {jtag_cable_name =~ "Digilent Nexys4DDR 210292645550A" && level==0} -index 0' command is executed.
11:54:09 INFO  : 'fpga -state' command is executed.
11:54:09 INFO  : Connected to target on host '127.0.0.1' and port '3121'.
11:54:09 INFO  : Jtag cable 'Digilent Nexys4DDR 210292645550A' is selected.
11:54:09 INFO  : 'jtag frequency' command is executed.
11:54:09 INFO  : Context for processor 'microblaze_0' is selected.
11:54:09 INFO  : Hardware design information is loaded from 'C:/Prj/xilinxPrj/MicroblazePrj/Prj2AXIGpio/Prj/MBAXIGpio/Mb_GpioRead/Mb_GpioRead.sdk/Mb_GpioRead_wrapper_hw_platform_0/system.hdf'.
11:54:09 INFO  : Context for processor 'microblaze_0' is selected.
11:54:09 INFO  : Processor reset is completed for 'microblaze_0'.
11:54:09 INFO  : Context for processor 'microblaze_0' is selected.
11:54:09 INFO  : The application 'C:/Prj/xilinxPrj/MicroblazePrj/Prj2AXIGpio/Prj/MBAXIGpio/Mb_GpioRead/Mb_GpioRead.sdk/gpioRead/Debug/gpioRead.elf' is downloaded to processor 'microblaze_0'.
11:54:09 INFO  : ----------------XSDB Script----------------
connect -url tcp:127.0.0.1:3121
targets -set -nocase -filter {name =~ "microblaze*#0" && bscan=="USER2"  && jtag_cable_name =~ "Digilent Nexys4DDR 210292645550A"} -index 0
loadhw C:/Prj/xilinxPrj/MicroblazePrj/Prj2AXIGpio/Prj/MBAXIGpio/Mb_GpioRead/Mb_GpioRead.sdk/Mb_GpioRead_wrapper_hw_platform_0/system.hdf
targets -set -nocase -filter {name =~ "microblaze*#0" && bscan=="USER2"  && jtag_cable_name =~ "Digilent Nexys4DDR 210292645550A"} -index 0
rst -processor
targets -set -nocase -filter {name =~ "microblaze*#0" && bscan=="USER2"  && jtag_cable_name =~ "Digilent Nexys4DDR 210292645550A"} -index 0
dow C:/Prj/xilinxPrj/MicroblazePrj/Prj2AXIGpio/Prj/MBAXIGpio/Mb_GpioRead/Mb_GpioRead.sdk/gpioRead/Debug/gpioRead.elf
----------------End of Script----------------

11:54:09 INFO  : Memory regions updated for context MicroBlaze #0
11:54:09 INFO  : Memory regions updated for context MicroBlaze Debug Module at USER2
11:54:09 INFO  : Context for processor 'microblaze_0' is selected.
11:54:09 INFO  : 'con' command is executed.
11:54:09 INFO  : ----------------XSDB Script (After Launch)----------------
targets -set -nocase -filter {name =~ "microblaze*#0" && bscan=="USER2"  && jtag_cable_name =~ "Digilent Nexys4DDR 210292645550A"} -index 0
con
----------------End of Script----------------

11:54:09 INFO  : Launch script is exported to file 'C:\Prj\xilinxPrj\MicroblazePrj\Prj2AXIGpio\Prj\MBAXIGpio\Mb_GpioRead\Mb_GpioRead.sdk\.sdk\launch_scripts\performance_analysis\performance_analysis_using_debug_gpioread.elf_on_local.tcl'
11:54:10 INFO  : Apm configuration has been updated and stored to 'C:\Prj\xilinxPrj\MicroblazePrj\Prj2AXIGpio\Prj\MBAXIGpio\Mb_GpioRead\Mb_GpioRead.sdk\Mb_GpioRead_wrapper_hw_platform_0\apmconfigs\apm_default.json' for the project 'Mb_GpioRead_wrapper_hw_platform_0'
11:54:10 WARN  : Processor 'microblaze_0' is not supported for performance analysis as extended debug is not enabled.
11:54:10 WARN  : Processor 'microblaze_0' is not supported for performance analysis as extended debug is not enabled.
11:54:10 WARN  : Processor 'microblaze_0' is not supported for performance analysis as extended debug is not enabled.
11:54:10 WARN  : Processor 'microblaze_0' is not supported for performance analysis as extended debug is not enabled.
11:56:07 INFO  : Disconnected from the channel tcfchan#4.
11:56:08 INFO  : 'targets -set -filter {jtag_cable_name =~ "Digilent Nexys4DDR 210292645550A" && level==0} -index 0' command is executed.
11:56:08 INFO  : 'fpga -state' command is executed.
11:56:08 INFO  : Connected to target on host '127.0.0.1' and port '3121'.
11:56:08 INFO  : Jtag cable 'Digilent Nexys4DDR 210292645550A' is selected.
11:56:08 INFO  : 'jtag frequency' command is executed.
11:56:08 INFO  : Context for processor 'microblaze_0' is selected.
11:56:08 INFO  : Hardware design information is loaded from 'C:/Prj/xilinxPrj/MicroblazePrj/Prj2AXIGpio/Prj/MBAXIGpio/Mb_GpioRead/Mb_GpioRead.sdk/Mb_GpioRead_wrapper_hw_platform_0/system.hdf'.
11:56:08 INFO  : Context for processor 'microblaze_0' is selected.
11:56:08 INFO  : Processor reset is completed for 'microblaze_0'.
11:56:08 INFO  : Context for processor 'microblaze_0' is selected.
11:56:08 INFO  : The application 'C:/Prj/xilinxPrj/MicroblazePrj/Prj2AXIGpio/Prj/MBAXIGpio/Mb_GpioRead/Mb_GpioRead.sdk/gpioRead/Debug/gpioRead.elf' is downloaded to processor 'microblaze_0'.
11:56:08 INFO  : ----------------XSDB Script----------------
connect -url tcp:127.0.0.1:3121
targets -set -nocase -filter {name =~ "microblaze*#0" && bscan=="USER2"  && jtag_cable_name =~ "Digilent Nexys4DDR 210292645550A"} -index 0
loadhw C:/Prj/xilinxPrj/MicroblazePrj/Prj2AXIGpio/Prj/MBAXIGpio/Mb_GpioRead/Mb_GpioRead.sdk/Mb_GpioRead_wrapper_hw_platform_0/system.hdf
targets -set -nocase -filter {name =~ "microblaze*#0" && bscan=="USER2"  && jtag_cable_name =~ "Digilent Nexys4DDR 210292645550A"} -index 0
rst -processor
targets -set -nocase -filter {name =~ "microblaze*#0" && bscan=="USER2"  && jtag_cable_name =~ "Digilent Nexys4DDR 210292645550A"} -index 0
dow C:/Prj/xilinxPrj/MicroblazePrj/Prj2AXIGpio/Prj/MBAXIGpio/Mb_GpioRead/Mb_GpioRead.sdk/gpioRead/Debug/gpioRead.elf
----------------End of Script----------------

11:56:08 INFO  : Memory regions updated for context MicroBlaze #0
11:56:08 INFO  : Memory regions updated for context MicroBlaze Debug Module at USER2
11:56:08 INFO  : Context for processor 'microblaze_0' is selected.
11:56:08 INFO  : 'con' command is executed.
11:56:08 INFO  : ----------------XSDB Script (After Launch)----------------
targets -set -nocase -filter {name =~ "microblaze*#0" && bscan=="USER2"  && jtag_cable_name =~ "Digilent Nexys4DDR 210292645550A"} -index 0
con
----------------End of Script----------------

11:56:08 INFO  : Launch script is exported to file 'C:\Prj\xilinxPrj\MicroblazePrj\Prj2AXIGpio\Prj\MBAXIGpio\Mb_GpioRead\Mb_GpioRead.sdk\.sdk\launch_scripts\xilinx_c-c++_application_(system_debugger)\system_debugger_using_debug_gpioread.elf_on_local.tcl'
11:56:10 WARN  : Processor 'microblaze_0' is not supported for performance analysis as extended debug is not enabled.
11:56:31 INFO  : Disconnected from the channel tcfchan#5.
11:56:32 INFO  : 'targets -set -filter {jtag_cable_name =~ "Digilent Nexys4DDR 210292645550A" && level==0} -index 0' command is executed.
11:56:32 INFO  : 'fpga -state' command is executed.
11:56:32 INFO  : Connected to target on host '127.0.0.1' and port '3121'.
11:56:32 INFO  : Jtag cable 'Digilent Nexys4DDR 210292645550A' is selected.
11:56:32 INFO  : 'jtag frequency' command is executed.
11:56:32 INFO  : Context for processor 'microblaze_0' is selected.
11:56:32 INFO  : Hardware design information is loaded from 'C:/Prj/xilinxPrj/MicroblazePrj/Prj2AXIGpio/Prj/MBAXIGpio/Mb_GpioRead/Mb_GpioRead.sdk/Mb_GpioRead_wrapper_hw_platform_0/system.hdf'.
11:56:32 INFO  : Context for processor 'microblaze_0' is selected.
11:56:33 INFO  : Processor reset is completed for 'microblaze_0'.
11:56:33 INFO  : Context for processor 'microblaze_0' is selected.
11:56:33 INFO  : The application 'C:/Prj/xilinxPrj/MicroblazePrj/Prj2AXIGpio/Prj/MBAXIGpio/Mb_GpioRead/Mb_GpioRead.sdk/gpioRead/Debug/gpioRead.elf' is downloaded to processor 'microblaze_0'.
11:56:33 INFO  : ----------------XSDB Script----------------
connect -url tcp:127.0.0.1:3121
targets -set -nocase -filter {name =~ "microblaze*#0" && bscan=="USER2"  && jtag_cable_name =~ "Digilent Nexys4DDR 210292645550A"} -index 0
loadhw C:/Prj/xilinxPrj/MicroblazePrj/Prj2AXIGpio/Prj/MBAXIGpio/Mb_GpioRead/Mb_GpioRead.sdk/Mb_GpioRead_wrapper_hw_platform_0/system.hdf
targets -set -nocase -filter {name =~ "microblaze*#0" && bscan=="USER2"  && jtag_cable_name =~ "Digilent Nexys4DDR 210292645550A"} -index 0
rst -processor
targets -set -nocase -filter {name =~ "microblaze*#0" && bscan=="USER2"  && jtag_cable_name =~ "Digilent Nexys4DDR 210292645550A"} -index 0
dow C:/Prj/xilinxPrj/MicroblazePrj/Prj2AXIGpio/Prj/MBAXIGpio/Mb_GpioRead/Mb_GpioRead.sdk/gpioRead/Debug/gpioRead.elf
----------------End of Script----------------

11:56:33 INFO  : Memory regions updated for context MicroBlaze #0
11:56:33 INFO  : Memory regions updated for context MicroBlaze Debug Module at USER2
11:56:33 INFO  : Context for processor 'microblaze_0' is selected.
11:56:33 INFO  : 'con' command is executed.
11:56:33 INFO  : ----------------XSDB Script (After Launch)----------------
targets -set -nocase -filter {name =~ "microblaze*#0" && bscan=="USER2"  && jtag_cable_name =~ "Digilent Nexys4DDR 210292645550A"} -index 0
con
----------------End of Script----------------

11:56:33 INFO  : Launch script is exported to file 'C:\Prj\xilinxPrj\MicroblazePrj\Prj2AXIGpio\Prj\MBAXIGpio\Mb_GpioRead\Mb_GpioRead.sdk\.sdk\launch_scripts\xilinx_c-c++_application_(system_debugger)\system_debugger_using_debug_gpioread.elf_on_local.tcl'
11:56:35 WARN  : Processor 'microblaze_0' is not supported for performance analysis as extended debug is not enabled.
11:57:12 WARN  : channel "tcfchan#4" closed
11:57:13 INFO  : 'targets -set -filter {jtag_cable_name =~ "Digilent Nexys4DDR 210292645550A" && level==0} -index 0' command is executed.
11:57:13 INFO  : 'fpga -state' command is executed.
11:57:13 INFO  : Connected to target on host '127.0.0.1' and port '3121'.
11:57:13 INFO  : Jtag cable 'Digilent Nexys4DDR 210292645550A' is selected.
11:57:13 INFO  : 'jtag frequency' command is executed.
11:57:13 INFO  : Context for processor 'microblaze_0' is selected.
11:57:13 INFO  : Hardware design information is loaded from 'C:/Prj/xilinxPrj/MicroblazePrj/Prj2AXIGpio/Prj/MBAXIGpio/Mb_GpioRead/Mb_GpioRead.sdk/Mb_GpioRead_wrapper_hw_platform_0/system.hdf'.
11:57:13 INFO  : Context for processor 'microblaze_0' is selected.
11:57:13 INFO  : Processor reset is completed for 'microblaze_0'.
11:57:13 INFO  : Context for processor 'microblaze_0' is selected.
11:57:13 INFO  : The application 'C:/Prj/xilinxPrj/MicroblazePrj/Prj2AXIGpio/Prj/MBAXIGpio/Mb_GpioRead/Mb_GpioRead.sdk/gpioRead/Debug/gpioRead.elf' is downloaded to processor 'microblaze_0'.
11:57:13 INFO  : ----------------XSDB Script----------------
connect -url tcp:127.0.0.1:3121
targets -set -nocase -filter {name =~ "microblaze*#0" && bscan=="USER2"  && jtag_cable_name =~ "Digilent Nexys4DDR 210292645550A"} -index 0
loadhw C:/Prj/xilinxPrj/MicroblazePrj/Prj2AXIGpio/Prj/MBAXIGpio/Mb_GpioRead/Mb_GpioRead.sdk/Mb_GpioRead_wrapper_hw_platform_0/system.hdf
targets -set -nocase -filter {name =~ "microblaze*#0" && bscan=="USER2"  && jtag_cable_name =~ "Digilent Nexys4DDR 210292645550A"} -index 0
rst -processor
targets -set -nocase -filter {name =~ "microblaze*#0" && bscan=="USER2"  && jtag_cable_name =~ "Digilent Nexys4DDR 210292645550A"} -index 0
dow C:/Prj/xilinxPrj/MicroblazePrj/Prj2AXIGpio/Prj/MBAXIGpio/Mb_GpioRead/Mb_GpioRead.sdk/gpioRead/Debug/gpioRead.elf
----------------End of Script----------------

11:57:13 INFO  : Memory regions updated for context MicroBlaze #0
11:57:13 INFO  : Memory regions updated for context MicroBlaze Debug Module at USER2
11:57:13 INFO  : Context for processor 'microblaze_0' is selected.
11:57:13 INFO  : 'con' command is executed.
11:57:13 INFO  : ----------------XSDB Script (After Launch)----------------
targets -set -nocase -filter {name =~ "microblaze*#0" && bscan=="USER2"  && jtag_cable_name =~ "Digilent Nexys4DDR 210292645550A"} -index 0
con
----------------End of Script----------------

11:57:13 INFO  : Launch script is exported to file 'C:\Prj\xilinxPrj\MicroblazePrj\Prj2AXIGpio\Prj\MBAXIGpio\Mb_GpioRead\Mb_GpioRead.sdk\.sdk\launch_scripts\xilinx_c-c++_application_(system_debugger)\system_debugger_using_debug_gpioread.elf_on_local.tcl'
11:57:15 WARN  : Processor 'microblaze_0' is not supported for performance analysis as extended debug is not enabled.
11:57:24 INFO  : Disconnected from the channel tcfchan#6.
11:57:25 INFO  : 'targets -set -filter {jtag_cable_name =~ "Digilent Nexys4DDR 210292645550A" && level==0} -index 0' command is executed.
11:57:25 INFO  : 'fpga -state' command is executed.
11:57:25 INFO  : Connected to target on host '127.0.0.1' and port '3121'.
11:57:25 INFO  : Jtag cable 'Digilent Nexys4DDR 210292645550A' is selected.
11:57:25 INFO  : 'jtag frequency' command is executed.
11:57:25 INFO  : Context for processor 'microblaze_0' is selected.
11:57:25 INFO  : Hardware design information is loaded from 'C:/Prj/xilinxPrj/MicroblazePrj/Prj2AXIGpio/Prj/MBAXIGpio/Mb_GpioRead/Mb_GpioRead.sdk/Mb_GpioRead_wrapper_hw_platform_0/system.hdf'.
11:57:25 INFO  : Context for processor 'microblaze_0' is selected.
11:57:25 INFO  : Processor reset is completed for 'microblaze_0'.
11:57:25 INFO  : Context for processor 'microblaze_0' is selected.
11:57:26 INFO  : The application 'C:/Prj/xilinxPrj/MicroblazePrj/Prj2AXIGpio/Prj/MBAXIGpio/Mb_GpioRead/Mb_GpioRead.sdk/gpioRead/Debug/gpioRead.elf' is downloaded to processor 'microblaze_0'.
11:57:26 INFO  : ----------------XSDB Script----------------
connect -url tcp:127.0.0.1:3121
targets -set -nocase -filter {name =~ "microblaze*#0" && bscan=="USER2"  && jtag_cable_name =~ "Digilent Nexys4DDR 210292645550A"} -index 0
loadhw C:/Prj/xilinxPrj/MicroblazePrj/Prj2AXIGpio/Prj/MBAXIGpio/Mb_GpioRead/Mb_GpioRead.sdk/Mb_GpioRead_wrapper_hw_platform_0/system.hdf
targets -set -nocase -filter {name =~ "microblaze*#0" && bscan=="USER2"  && jtag_cable_name =~ "Digilent Nexys4DDR 210292645550A"} -index 0
rst -processor
targets -set -nocase -filter {name =~ "microblaze*#0" && bscan=="USER2"  && jtag_cable_name =~ "Digilent Nexys4DDR 210292645550A"} -index 0
dow C:/Prj/xilinxPrj/MicroblazePrj/Prj2AXIGpio/Prj/MBAXIGpio/Mb_GpioRead/Mb_GpioRead.sdk/gpioRead/Debug/gpioRead.elf
----------------End of Script----------------

11:57:26 INFO  : Memory regions updated for context MicroBlaze #0
11:57:26 INFO  : Memory regions updated for context MicroBlaze Debug Module at USER2
11:57:26 INFO  : Context for processor 'microblaze_0' is selected.
11:57:26 INFO  : 'con' command is executed.
11:57:26 INFO  : ----------------XSDB Script (After Launch)----------------
targets -set -nocase -filter {name =~ "microblaze*#0" && bscan=="USER2"  && jtag_cable_name =~ "Digilent Nexys4DDR 210292645550A"} -index 0
con
----------------End of Script----------------

11:57:26 INFO  : Launch script is exported to file 'C:\Prj\xilinxPrj\MicroblazePrj\Prj2AXIGpio\Prj\MBAXIGpio\Mb_GpioRead\Mb_GpioRead.sdk\.sdk\launch_scripts\xilinx_c-c++_application_(system_debugger)\system_debugger_using_debug_gpioread.elf_on_local.tcl'
11:57:28 WARN  : Processor 'microblaze_0' is not supported for performance analysis as extended debug is not enabled.
11:58:45 INFO  : Disconnected from the channel tcfchan#7.
11:58:46 INFO  : 'targets -set -filter {jtag_cable_name =~ "Digilent Nexys4DDR 210292645550A" && level==0} -index 0' command is executed.
11:58:46 INFO  : 'fpga -state' command is executed.
11:58:46 INFO  : Connected to target on host '127.0.0.1' and port '3121'.
11:58:46 INFO  : Jtag cable 'Digilent Nexys4DDR 210292645550A' is selected.
11:58:46 INFO  : 'jtag frequency' command is executed.
11:58:46 INFO  : Context for processor 'microblaze_0' is selected.
11:58:47 INFO  : Hardware design information is loaded from 'C:/Prj/xilinxPrj/MicroblazePrj/Prj2AXIGpio/Prj/MBAXIGpio/Mb_GpioRead/Mb_GpioRead.sdk/Mb_GpioRead_wrapper_hw_platform_0/system.hdf'.
11:58:47 INFO  : Context for processor 'microblaze_0' is selected.
11:58:47 INFO  : Processor reset is completed for 'microblaze_0'.
11:58:47 INFO  : Context for processor 'microblaze_0' is selected.
11:58:47 INFO  : The application 'C:/Prj/xilinxPrj/MicroblazePrj/Prj2AXIGpio/Prj/MBAXIGpio/Mb_GpioRead/Mb_GpioRead.sdk/gpioRead/Debug/gpioRead.elf' is downloaded to processor 'microblaze_0'.
11:58:47 INFO  : ----------------XSDB Script----------------
connect -url tcp:127.0.0.1:3121
targets -set -nocase -filter {name =~ "microblaze*#0" && bscan=="USER2"  && jtag_cable_name =~ "Digilent Nexys4DDR 210292645550A"} -index 0
loadhw C:/Prj/xilinxPrj/MicroblazePrj/Prj2AXIGpio/Prj/MBAXIGpio/Mb_GpioRead/Mb_GpioRead.sdk/Mb_GpioRead_wrapper_hw_platform_0/system.hdf
targets -set -nocase -filter {name =~ "microblaze*#0" && bscan=="USER2"  && jtag_cable_name =~ "Digilent Nexys4DDR 210292645550A"} -index 0
rst -processor
targets -set -nocase -filter {name =~ "microblaze*#0" && bscan=="USER2"  && jtag_cable_name =~ "Digilent Nexys4DDR 210292645550A"} -index 0
dow C:/Prj/xilinxPrj/MicroblazePrj/Prj2AXIGpio/Prj/MBAXIGpio/Mb_GpioRead/Mb_GpioRead.sdk/gpioRead/Debug/gpioRead.elf
----------------End of Script----------------

11:58:47 INFO  : Memory regions updated for context MicroBlaze #0
11:58:47 INFO  : Memory regions updated for context MicroBlaze Debug Module at USER2
11:58:47 INFO  : Context for processor 'microblaze_0' is selected.
11:58:47 INFO  : 'con' command is executed.
11:58:47 INFO  : ----------------XSDB Script (After Launch)----------------
targets -set -nocase -filter {name =~ "microblaze*#0" && bscan=="USER2"  && jtag_cable_name =~ "Digilent Nexys4DDR 210292645550A"} -index 0
con
----------------End of Script----------------

11:58:47 INFO  : Launch script is exported to file 'C:\Prj\xilinxPrj\MicroblazePrj\Prj2AXIGpio\Prj\MBAXIGpio\Mb_GpioRead\Mb_GpioRead.sdk\.sdk\launch_scripts\xilinx_c-c++_application_(system_debugger)\system_debugger_using_debug_gpioread.elf_on_local.tcl'
11:58:49 WARN  : Processor 'microblaze_0' is not supported for performance analysis as extended debug is not enabled.
11:59:27 INFO  : Disconnected from the channel tcfchan#8.
11:59:28 INFO  : 'targets -set -filter {jtag_cable_name =~ "Digilent Nexys4DDR 210292645550A" && level==0} -index 0' command is executed.
11:59:28 INFO  : 'fpga -state' command is executed.
11:59:28 INFO  : Connected to target on host '127.0.0.1' and port '3121'.
11:59:28 INFO  : Jtag cable 'Digilent Nexys4DDR 210292645550A' is selected.
11:59:28 INFO  : 'jtag frequency' command is executed.
11:59:28 INFO  : Context for processor 'microblaze_0' is selected.
11:59:28 INFO  : Hardware design information is loaded from 'C:/Prj/xilinxPrj/MicroblazePrj/Prj2AXIGpio/Prj/MBAXIGpio/Mb_GpioRead/Mb_GpioRead.sdk/Mb_GpioRead_wrapper_hw_platform_0/system.hdf'.
11:59:28 INFO  : Context for processor 'microblaze_0' is selected.
11:59:28 INFO  : Processor reset is completed for 'microblaze_0'.
11:59:28 INFO  : Context for processor 'microblaze_0' is selected.
11:59:29 INFO  : The application 'C:/Prj/xilinxPrj/MicroblazePrj/Prj2AXIGpio/Prj/MBAXIGpio/Mb_GpioRead/Mb_GpioRead.sdk/gpioRead/Debug/gpioRead.elf' is downloaded to processor 'microblaze_0'.
11:59:29 INFO  : ----------------XSDB Script----------------
connect -url tcp:127.0.0.1:3121
targets -set -nocase -filter {name =~ "microblaze*#0" && bscan=="USER2"  && jtag_cable_name =~ "Digilent Nexys4DDR 210292645550A"} -index 0
loadhw C:/Prj/xilinxPrj/MicroblazePrj/Prj2AXIGpio/Prj/MBAXIGpio/Mb_GpioRead/Mb_GpioRead.sdk/Mb_GpioRead_wrapper_hw_platform_0/system.hdf
targets -set -nocase -filter {name =~ "microblaze*#0" && bscan=="USER2"  && jtag_cable_name =~ "Digilent Nexys4DDR 210292645550A"} -index 0
rst -processor
targets -set -nocase -filter {name =~ "microblaze*#0" && bscan=="USER2"  && jtag_cable_name =~ "Digilent Nexys4DDR 210292645550A"} -index 0
dow C:/Prj/xilinxPrj/MicroblazePrj/Prj2AXIGpio/Prj/MBAXIGpio/Mb_GpioRead/Mb_GpioRead.sdk/gpioRead/Debug/gpioRead.elf
----------------End of Script----------------

11:59:29 INFO  : Memory regions updated for context MicroBlaze #0
11:59:29 INFO  : Memory regions updated for context MicroBlaze Debug Module at USER2
11:59:29 INFO  : Context for processor 'microblaze_0' is selected.
11:59:29 INFO  : 'con' command is executed.
11:59:29 INFO  : ----------------XSDB Script (After Launch)----------------
targets -set -nocase -filter {name =~ "microblaze*#0" && bscan=="USER2"  && jtag_cable_name =~ "Digilent Nexys4DDR 210292645550A"} -index 0
con
----------------End of Script----------------

11:59:29 INFO  : Launch script is exported to file 'C:\Prj\xilinxPrj\MicroblazePrj\Prj2AXIGpio\Prj\MBAXIGpio\Mb_GpioRead\Mb_GpioRead.sdk\.sdk\launch_scripts\xilinx_c-c++_application_(system_debugger)\system_debugger_using_debug_gpioread.elf_on_local.tcl'
11:59:31 WARN  : Processor 'microblaze_0' is not supported for performance analysis as extended debug is not enabled.
12:03:48 INFO  : Disconnected from the channel tcfchan#9.
12:03:50 INFO  : 'targets -set -filter {jtag_cable_name =~ "Digilent Nexys4DDR 210292645550A" && level==0} -index 0' command is executed.
12:03:50 INFO  : 'fpga -state' command is executed.
12:03:50 INFO  : Connected to target on host '127.0.0.1' and port '3121'.
12:03:50 INFO  : Jtag cable 'Digilent Nexys4DDR 210292645550A' is selected.
12:03:50 INFO  : 'jtag frequency' command is executed.
12:03:50 INFO  : Context for processor 'microblaze_0' is selected.
12:03:50 INFO  : Hardware design information is loaded from 'C:/Prj/xilinxPrj/MicroblazePrj/Prj2AXIGpio/Prj/MBAXIGpio/Mb_GpioRead/Mb_GpioRead.sdk/Mb_GpioRead_wrapper_hw_platform_0/system.hdf'.
12:03:50 INFO  : Context for processor 'microblaze_0' is selected.
12:03:50 INFO  : Processor reset is completed for 'microblaze_0'.
12:03:50 INFO  : Context for processor 'microblaze_0' is selected.
12:03:50 INFO  : The application 'C:/Prj/xilinxPrj/MicroblazePrj/Prj2AXIGpio/Prj/MBAXIGpio/Mb_GpioRead/Mb_GpioRead.sdk/gpioRead/Debug/gpioRead.elf' is downloaded to processor 'microblaze_0'.
12:03:50 INFO  : ----------------XSDB Script----------------
connect -url tcp:127.0.0.1:3121
targets -set -nocase -filter {name =~ "microblaze*#0" && bscan=="USER2"  && jtag_cable_name =~ "Digilent Nexys4DDR 210292645550A"} -index 0
loadhw C:/Prj/xilinxPrj/MicroblazePrj/Prj2AXIGpio/Prj/MBAXIGpio/Mb_GpioRead/Mb_GpioRead.sdk/Mb_GpioRead_wrapper_hw_platform_0/system.hdf
targets -set -nocase -filter {name =~ "microblaze*#0" && bscan=="USER2"  && jtag_cable_name =~ "Digilent Nexys4DDR 210292645550A"} -index 0
rst -processor
targets -set -nocase -filter {name =~ "microblaze*#0" && bscan=="USER2"  && jtag_cable_name =~ "Digilent Nexys4DDR 210292645550A"} -index 0
dow C:/Prj/xilinxPrj/MicroblazePrj/Prj2AXIGpio/Prj/MBAXIGpio/Mb_GpioRead/Mb_GpioRead.sdk/gpioRead/Debug/gpioRead.elf
----------------End of Script----------------

12:03:50 INFO  : Memory regions updated for context MicroBlaze #0
12:03:50 INFO  : Memory regions updated for context MicroBlaze Debug Module at USER2
12:03:50 INFO  : Context for processor 'microblaze_0' is selected.
12:03:50 INFO  : 'con' command is executed.
12:03:50 INFO  : ----------------XSDB Script (After Launch)----------------
targets -set -nocase -filter {name =~ "microblaze*#0" && bscan=="USER2"  && jtag_cable_name =~ "Digilent Nexys4DDR 210292645550A"} -index 0
con
----------------End of Script----------------

12:03:50 INFO  : Launch script is exported to file 'C:\Prj\xilinxPrj\MicroblazePrj\Prj2AXIGpio\Prj\MBAXIGpio\Mb_GpioRead\Mb_GpioRead.sdk\.sdk\launch_scripts\xilinx_c-c++_application_(system_debugger)\system_debugger_using_debug_gpioread.elf_on_local.tcl'
12:04:17 INFO  : Disconnected from the channel tcfchan#10.
12:04:18 INFO  : 'targets -set -filter {jtag_cable_name =~ "Digilent Nexys4DDR 210292645550A" && level==0} -index 0' command is executed.
12:04:18 INFO  : 'fpga -state' command is executed.
12:04:18 INFO  : Connected to target on host '127.0.0.1' and port '3121'.
12:04:19 INFO  : Jtag cable 'Digilent Nexys4DDR 210292645550A' is selected.
12:04:19 INFO  : 'jtag frequency' command is executed.
12:04:19 INFO  : Context for processor 'microblaze_0' is selected.
12:04:19 INFO  : Hardware design information is loaded from 'C:/Prj/xilinxPrj/MicroblazePrj/Prj2AXIGpio/Prj/MBAXIGpio/Mb_GpioRead/Mb_GpioRead.sdk/Mb_GpioRead_wrapper_hw_platform_0/system.hdf'.
12:04:19 INFO  : Context for processor 'microblaze_0' is selected.
12:04:19 INFO  : Processor reset is completed for 'microblaze_0'.
12:04:19 INFO  : Context for processor 'microblaze_0' is selected.
12:04:19 INFO  : The application 'C:/Prj/xilinxPrj/MicroblazePrj/Prj2AXIGpio/Prj/MBAXIGpio/Mb_GpioRead/Mb_GpioRead.sdk/gpioRead/Debug/gpioRead.elf' is downloaded to processor 'microblaze_0'.
12:04:19 INFO  : ----------------XSDB Script----------------
connect -url tcp:127.0.0.1:3121
targets -set -nocase -filter {name =~ "microblaze*#0" && bscan=="USER2"  && jtag_cable_name =~ "Digilent Nexys4DDR 210292645550A"} -index 0
loadhw C:/Prj/xilinxPrj/MicroblazePrj/Prj2AXIGpio/Prj/MBAXIGpio/Mb_GpioRead/Mb_GpioRead.sdk/Mb_GpioRead_wrapper_hw_platform_0/system.hdf
targets -set -nocase -filter {name =~ "microblaze*#0" && bscan=="USER2"  && jtag_cable_name =~ "Digilent Nexys4DDR 210292645550A"} -index 0
rst -processor
targets -set -nocase -filter {name =~ "microblaze*#0" && bscan=="USER2"  && jtag_cable_name =~ "Digilent Nexys4DDR 210292645550A"} -index 0
dow C:/Prj/xilinxPrj/MicroblazePrj/Prj2AXIGpio/Prj/MBAXIGpio/Mb_GpioRead/Mb_GpioRead.sdk/gpioRead/Debug/gpioRead.elf
----------------End of Script----------------

12:04:19 INFO  : Memory regions updated for context MicroBlaze #0
12:04:19 INFO  : Memory regions updated for context MicroBlaze Debug Module at USER2
12:04:19 INFO  : Context for processor 'microblaze_0' is selected.
12:04:19 INFO  : 'con' command is executed.
12:04:19 INFO  : ----------------XSDB Script (After Launch)----------------
targets -set -nocase -filter {name =~ "microblaze*#0" && bscan=="USER2"  && jtag_cable_name =~ "Digilent Nexys4DDR 210292645550A"} -index 0
con
----------------End of Script----------------

12:04:19 INFO  : Launch script is exported to file 'C:\Prj\xilinxPrj\MicroblazePrj\Prj2AXIGpio\Prj\MBAXIGpio\Mb_GpioRead\Mb_GpioRead.sdk\.sdk\launch_scripts\xilinx_c-c++_application_(system_debugger)\system_debugger_using_debug_gpioread.elf_on_local.tcl'
12:10:40 INFO  : Disconnected from the channel tcfchan#11.
12:10:41 INFO  : 'targets -set -filter {jtag_cable_name =~ "Digilent Nexys4DDR 210292645550A" && level==0} -index 0' command is executed.
12:10:41 INFO  : 'fpga -state' command is executed.
12:10:41 INFO  : Connected to target on host '127.0.0.1' and port '3121'.
12:10:42 INFO  : Jtag cable 'Digilent Nexys4DDR 210292645550A' is selected.
12:10:42 INFO  : 'jtag frequency' command is executed.
12:10:42 INFO  : Context for processor 'microblaze_0' is selected.
12:10:42 INFO  : Hardware design information is loaded from 'C:/Prj/xilinxPrj/MicroblazePrj/Prj2AXIGpio/Prj/MBAXIGpio/Mb_GpioRead/Mb_GpioRead.sdk/Mb_GpioRead_wrapper_hw_platform_0/system.hdf'.
12:10:42 INFO  : Context for processor 'microblaze_0' is selected.
12:10:42 INFO  : Processor reset is completed for 'microblaze_0'.
12:10:42 INFO  : Context for processor 'microblaze_0' is selected.
12:10:42 INFO  : The application 'C:/Prj/xilinxPrj/MicroblazePrj/Prj2AXIGpio/Prj/MBAXIGpio/Mb_GpioRead/Mb_GpioRead.sdk/gpioRead/Debug/gpioRead.elf' is downloaded to processor 'microblaze_0'.
12:10:42 INFO  : ----------------XSDB Script----------------
connect -url tcp:127.0.0.1:3121
targets -set -nocase -filter {name =~ "microblaze*#0" && bscan=="USER2"  && jtag_cable_name =~ "Digilent Nexys4DDR 210292645550A"} -index 0
loadhw C:/Prj/xilinxPrj/MicroblazePrj/Prj2AXIGpio/Prj/MBAXIGpio/Mb_GpioRead/Mb_GpioRead.sdk/Mb_GpioRead_wrapper_hw_platform_0/system.hdf
targets -set -nocase -filter {name =~ "microblaze*#0" && bscan=="USER2"  && jtag_cable_name =~ "Digilent Nexys4DDR 210292645550A"} -index 0
rst -processor
targets -set -nocase -filter {name =~ "microblaze*#0" && bscan=="USER2"  && jtag_cable_name =~ "Digilent Nexys4DDR 210292645550A"} -index 0
dow C:/Prj/xilinxPrj/MicroblazePrj/Prj2AXIGpio/Prj/MBAXIGpio/Mb_GpioRead/Mb_GpioRead.sdk/gpioRead/Debug/gpioRead.elf
----------------End of Script----------------

12:10:42 INFO  : Memory regions updated for context MicroBlaze #0
12:10:42 INFO  : Memory regions updated for context MicroBlaze Debug Module at USER2
12:10:42 INFO  : Context for processor 'microblaze_0' is selected.
12:10:42 INFO  : 'con' command is executed.
12:10:42 INFO  : ----------------XSDB Script (After Launch)----------------
targets -set -nocase -filter {name =~ "microblaze*#0" && bscan=="USER2"  && jtag_cable_name =~ "Digilent Nexys4DDR 210292645550A"} -index 0
con
----------------End of Script----------------

12:10:42 INFO  : Launch script is exported to file 'C:\Prj\xilinxPrj\MicroblazePrj\Prj2AXIGpio\Prj\MBAXIGpio\Mb_GpioRead\Mb_GpioRead.sdk\.sdk\launch_scripts\xilinx_c-c++_application_(system_debugger)\system_debugger_using_debug_gpioread.elf_on_local.tcl'
13:32:43 WARN  : channel "tcfchan#6" closed
13:32:43 INFO  : Disconnected from the channel tcfchan#12.
